<html>
<head>
<title>TestNG:  AESanity</title>
<link href="../testng.css" rel="stylesheet" type="text/css" />
<link href="../my-testng.css" rel="stylesheet" type="text/css" />

<style type="text/css">
.log { display: none;} 
.stack-trace { display: none;} 
</style>
<script type="text/javascript">
<!--
function flip(e) {
  current = e.style.display;
  if (current == 'block') {
    e.style.display = 'none';
    return 0;
  }
  else {
    e.style.display = 'block';
    return 1;
  }
}

function toggleBox(szDivId, elem, msg1, msg2)
{
  var res = -1;  if (document.getElementById) {
    res = flip(document.getElementById(szDivId));
  }
  else if (document.all) {
    // this is the way old msie versions work
    res = flip(document.all[szDivId]);
  }
  if(elem) {
    if(res == 0) elem.innerHTML = msg1; else elem.innerHTML = msg2;
  }

}

function toggleAllBoxes() {
  if (document.getElementsByTagName) {
    d = document.getElementsByTagName('div');
    for (i = 0; i < d.length; i++) {
      if (d[i].className == 'log') {
        flip(d[i]);
      }
    }
  }
}

// -->
</script>

</head>
<body>
<h2 align='center'>AESanity</h2><table border='1' align="center">
<tr>
<td>Tests passed/Failed/Skipped:</td><td>104/5/6</td>
</tr><tr>
<td>Started on:</td><td>Mon Feb 06 11:47:09 IST 2023</td>
</tr>
<tr><td>Total time:</td><td>6001 seconds (6001190 ms)</td>
</tr><tr>
<td>Included groups:</td><td></td>
</tr><tr>
<td>Excluded groups:</td><td></td>
</tr>
</table><p/>
<small><i>(Hover the method name to see the test class name)</i></small><p/>
<table width='100%' border='1' class='invocation-failed'>
<tr><td colspan='4' align='center'><b>FAILED CONFIGURATIONS</b></td></tr>
<tr><td><b>Test method</b></td>
<td width="30%"><b>Exception</b></td>
<td width="10%"><b>Time (seconds)</b></td>
<td><b>Instance</b></td>
</tr>
<tr>
<td title='com.ae.qa.testcasesTenantUser.DashboardsPageTestTU.getResult()'><b>getResult</b><br>Test class: com.ae.qa.testcasesTenantUser.DashboardsPageTestTU<br>Parameters: [TestResult name=validateReportNoneMultipleWFTUTest status=FAILURE method=DashboardsPageTestTU.validateReportNoneMultipleWFTUTest(java.lang.reflect.Method)[pri:70, instance:com.ae.qa.testcasesTenantUser.DashboardsPageTestTU@4f6f416f] output=User logged in successfully]</td>
<td><div><pre>org.openqa.selenium.NoSuchWindowException: no such window: target window already closed
from unknown error: web view not found
  (Session info: chrome=109.0.5414.120)
Build info: version: &apos;3.141.59&apos;, revision: &apos;e82be7d358&apos;, time: &apos;2018-11-14T08:17:03&apos;
System info: host: &apos;DESKTOP-5VHKQUJ&apos;, ip: &apos;192.168.0.102&apos;, os.name: &apos;Windows 10&apos;, os.arch: &apos;amd64&apos;, os.version: &apos;10.0&apos;, java.version: &apos;16.0.2&apos;
Driver info: org.openqa.selenium.chrome.ChromeDriver
Capabilities {acceptInsecureCerts: false, browserName: chrome, browserVersion: 109.0.5414.120, chrome: {chromedriverVersion: 109.0.5414.74 (e7c5703604da..., userDataDir: C:\Users\DELL\AppData\Local...}, goog:chromeOptions: {debuggerAddress: localhost:50936}, javascriptEnabled: true, networkConnectionEnabled: false, pageLoadStrategy: normal, platform: WINDOWS, platformName: WINDOWS, proxy: Proxy(), setWindowRect: true, strictFileInteractability: false, timeouts: {implicit: 0, pageLoad: 300000, script: 30000}, unhandledPromptBehavior: dismiss and notify, webauthn:extension:credBlob: true, webauthn:extension:largeBlob: true, webauthn:virtualAuthenticators: true}
Session ID: 2bd888bb7973ad7e5c71fbe520788133
	at org.openqa.selenium.remote.http.W3CHttpResponseCodec.createException(W3CHttpResponseCodec.java:187)
	at org.openqa.selenium.remote.http.W3CHttpResponseCodec.decode(W3CHttpResponseCodec.java:122)
	at org.openqa.selenium.remote.http.W3CHttpResponseCodec.decode(W3CHttpResponseCodec.java:49)
	at org.openqa.selenium.remote.HttpCommandExecutor.execute(HttpCommandExecutor.java:158)
	at org.openqa.selenium.remote.service.DriverCommandExecutor.execute(DriverCommandExecutor.java:83)
	at org.openqa.selenium.remote.RemoteWebDriver.execute(RemoteWebDriver.java:552)
	at org.openqa.selenium.remote.RemoteWebDriver.execute(RemoteWebDriver.java:609)
	at org.openqa.selenium.remote.RemoteWebDriver.getScreenshotAs(RemoteWebDriver.java:295)
	at com.ae.qa.base.TestBase.getScreenShot(TestBase.java:111)
	at com.ae.qa.base.TestBase.getResult(TestBase.java:192)
	at java.base/java.util.concurrent.ThreadPoolExecutor.runWorker(ThreadPoolExecutor.java:1130)
	at java.base/java.util.concurrent.ThreadPoolExecutor$Worker.run(ThreadPoolExecutor.java:630)
	at java.base/java.lang.Thread.run(Thread.java:831)
... Removed 17 stack frames</pre></div><a href='#' onClick='toggleBox("stack-trace1444175996", this, "Click to show all stack frames", "Click to hide stack frames")'>Click to show all stack frames</a>
<div class='stack-trace' id='stack-trace1444175996'><pre>org.openqa.selenium.NoSuchWindowException: no such window: target window already closed
from unknown error: web view not found
  (Session info: chrome=109.0.5414.120)
Build info: version: &apos;3.141.59&apos;, revision: &apos;e82be7d358&apos;, time: &apos;2018-11-14T08:17:03&apos;
System info: host: &apos;DESKTOP-5VHKQUJ&apos;, ip: &apos;192.168.0.102&apos;, os.name: &apos;Windows 10&apos;, os.arch: &apos;amd64&apos;, os.version: &apos;10.0&apos;, java.version: &apos;16.0.2&apos;
Driver info: org.openqa.selenium.chrome.ChromeDriver
Capabilities {acceptInsecureCerts: false, browserName: chrome, browserVersion: 109.0.5414.120, chrome: {chromedriverVersion: 109.0.5414.74 (e7c5703604da..., userDataDir: C:\Users\DELL\AppData\Local...}, goog:chromeOptions: {debuggerAddress: localhost:50936}, javascriptEnabled: true, networkConnectionEnabled: false, pageLoadStrategy: normal, platform: WINDOWS, platformName: WINDOWS, proxy: Proxy(), setWindowRect: true, strictFileInteractability: false, timeouts: {implicit: 0, pageLoad: 300000, script: 30000}, unhandledPromptBehavior: dismiss and notify, webauthn:extension:credBlob: true, webauthn:extension:largeBlob: true, webauthn:virtualAuthenticators: true}
Session ID: 2bd888bb7973ad7e5c71fbe520788133
	at java.base/jdk.internal.reflect.NativeConstructorAccessorImpl.newInstance0(Native Method)
	at java.base/jdk.internal.reflect.NativeConstructorAccessorImpl.newInstance(NativeConstructorAccessorImpl.java:78)
	at java.base/jdk.internal.reflect.DelegatingConstructorAccessorImpl.newInstance(DelegatingConstructorAccessorImpl.java:45)
	at java.base/java.lang.reflect.Constructor.newInstanceWithCaller(Constructor.java:499)
	at java.base/java.lang.reflect.Constructor.newInstance(Constructor.java:480)
	at org.openqa.selenium.remote.http.W3CHttpResponseCodec.createException(W3CHttpResponseCodec.java:187)
	at org.openqa.selenium.remote.http.W3CHttpResponseCodec.decode(W3CHttpResponseCodec.java:122)
	at org.openqa.selenium.remote.http.W3CHttpResponseCodec.decode(W3CHttpResponseCodec.java:49)
	at org.openqa.selenium.remote.HttpCommandExecutor.execute(HttpCommandExecutor.java:158)
	at org.openqa.selenium.remote.service.DriverCommandExecutor.execute(DriverCommandExecutor.java:83)
	at org.openqa.selenium.remote.RemoteWebDriver.execute(RemoteWebDriver.java:552)
	at org.openqa.selenium.remote.RemoteWebDriver.execute(RemoteWebDriver.java:609)
	at org.openqa.selenium.remote.RemoteWebDriver.getScreenshotAs(RemoteWebDriver.java:295)
	at com.ae.qa.base.TestBase.getScreenShot(TestBase.java:111)
	at com.ae.qa.base.TestBase.getResult(TestBase.java:192)
	at jdk.internal.reflect.GeneratedMethodAccessor5.invoke(Unknown Source)
	at java.base/jdk.internal.reflect.DelegatingMethodAccessorImpl.invoke(DelegatingMethodAccessorImpl.java:43)
	at java.base/java.lang.reflect.Method.invoke(Method.java:567)
	at org.testng.internal.MethodInvocationHelper.invokeMethod(MethodInvocationHelper.java:124)
	at org.testng.internal.MethodInvocationHelper.invokeMethodConsideringTimeout(MethodInvocationHelper.java:59)
	at org.testng.internal.Invoker.invokeConfigurationMethod(Invoker.java:458)
	at org.testng.internal.Invoker.invokeConfigurations(Invoker.java:222)
	at org.testng.internal.Invoker.invokeMethod(Invoker.java:646)
	at org.testng.internal.Invoker.invokeTestMethod(Invoker.java:719)
	at org.testng.internal.Invoker.invokeTestMethods(Invoker.java:989)
	at org.testng.internal.TestMethodWorker.invokeTestMethods(TestMethodWorker.java:125)
	at org.testng.internal.TestMethodWorker.run(TestMethodWorker.java:109)
	at java.base/java.util.concurrent.ThreadPoolExecutor.runWorker(ThreadPoolExecutor.java:1130)
	at java.base/java.util.concurrent.ThreadPoolExecutor$Worker.run(ThreadPoolExecutor.java:630)
	at java.base/java.lang.Thread.run(Thread.java:831)
</pre></div></td>
<td>0</td>
<td>com.ae.qa.testcasesTenantUser.DashboardsPageTestTU@4f6f416f</td></tr>
<tr>
<td title='com.ae.qa.testcasesActivityMonitor.InformationPageTestAM.endReport()'><b>endReport</b><br>Test class: com.ae.qa.testcasesActivityMonitor.InformationPageTestAM</td>
<td><div><pre>java.lang.RuntimeException: javax.mail.AuthenticationFailedException: 535 5.7.139 Authentication unsuccessful, the user credentials were incorrect. [PN3PR01CA0044.INDPRD01.PROD.OUTLOOK.COM 2023-02-06T07:57:11.194Z 08DB072C46FCFA6F]

	at com.ae.qa.util.SendMail.sendExtentReport(SendMail.java:79)
	at com.ae.qa.base.TestBase.endReport(TestBase.java:218)
Caused by: javax.mail.AuthenticationFailedException: 535 5.7.139 Authentication unsuccessful, the user credentials were incorrect. [PN3PR01CA0044.INDPRD01.PROD.OUTLOOK.COM 2023-02-06T07:57:11.194Z 08DB072C46FCFA6F]

	at com.sun.mail.smtp.SMTPTransport$Authenticator.authenticate(SMTPTransport.java:965)
	at com.sun.mail.smtp.SMTPTransport.authenticate(SMTPTransport.java:876)
	at com.sun.mail.smtp.SMTPTransport.protocolConnect(SMTPTransport.java:780)
	at javax.mail.Service.connect(Service.java:388)
	at javax.mail.Service.connect(Service.java:246)
	at javax.mail.Service.connect(Service.java:195)
	at javax.mail.Transport.send0(Transport.java:254)
	at javax.mail.Transport.send(Transport.java:124)
	at com.ae.qa.util.SendMail.sendExtentReport(SendMail.java:76)
	... 28 more
... Removed 27 stack frames</pre></div><a href='#' onClick='toggleBox("stack-trace1862674654", this, "Click to show all stack frames", "Click to hide stack frames")'>Click to show all stack frames</a>
<div class='stack-trace' id='stack-trace1862674654'><pre>java.lang.RuntimeException: javax.mail.AuthenticationFailedException: 535 5.7.139 Authentication unsuccessful, the user credentials were incorrect. [PN3PR01CA0044.INDPRD01.PROD.OUTLOOK.COM 2023-02-06T07:57:11.194Z 08DB072C46FCFA6F]

	at com.ae.qa.util.SendMail.sendExtentReport(SendMail.java:79)
	at com.ae.qa.base.TestBase.endReport(TestBase.java:218)
	at java.base/jdk.internal.reflect.NativeMethodAccessorImpl.invoke0(Native Method)
	at java.base/jdk.internal.reflect.NativeMethodAccessorImpl.invoke(NativeMethodAccessorImpl.java:78)
	at java.base/jdk.internal.reflect.DelegatingMethodAccessorImpl.invoke(DelegatingMethodAccessorImpl.java:43)
	at java.base/java.lang.reflect.Method.invoke(Method.java:567)
	at org.testng.internal.MethodInvocationHelper.invokeMethod(MethodInvocationHelper.java:124)
	at org.testng.internal.MethodInvocationHelper.invokeMethodConsideringTimeout(MethodInvocationHelper.java:59)
	at org.testng.internal.Invoker.invokeConfigurationMethod(Invoker.java:458)
	at org.testng.internal.Invoker.invokeConfigurations(Invoker.java:222)
	at org.testng.internal.Invoker.invokeConfigurations(Invoker.java:142)
	at org.testng.TestRunner.afterRun(TestRunner.java:725)
	at org.testng.TestRunner.run(TestRunner.java:509)
	at org.testng.SuiteRunner.runTest(SuiteRunner.java:455)
	at org.testng.SuiteRunner.runSequentially(SuiteRunner.java:450)
	at org.testng.SuiteRunner.privateRun(SuiteRunner.java:415)
	at org.testng.SuiteRunner.run(SuiteRunner.java:364)
	at org.testng.SuiteRunnerWorker.runSuite(SuiteRunnerWorker.java:52)
	at org.testng.SuiteRunnerWorker.run(SuiteRunnerWorker.java:84)
	at org.testng.TestNG.runSuitesSequentially(TestNG.java:1208)
	at org.testng.TestNG.runSuitesLocally(TestNG.java:1137)
	at org.testng.TestNG.runSuites(TestNG.java:1049)
	at org.testng.TestNG.run(TestNG.java:1017)
	at org.apache.maven.surefire.testng.TestNGExecutor.run(TestNGExecutor.java:295)
	at org.apache.maven.surefire.testng.TestNGXmlTestSuite.execute(TestNGXmlTestSuite.java:84)
	at org.apache.maven.surefire.testng.TestNGProvider.invoke(TestNGProvider.java:90)
	at org.apache.maven.surefire.booter.ForkedBooter.invokeProviderInSameClassLoader(ForkedBooter.java:203)
	at org.apache.maven.surefire.booter.ForkedBooter.runSuitesInProcess(ForkedBooter.java:155)
	at org.apache.maven.surefire.booter.ForkedBooter.main(ForkedBooter.java:103)
Caused by: javax.mail.AuthenticationFailedException: 535 5.7.139 Authentication unsuccessful, the user credentials were incorrect. [PN3PR01CA0044.INDPRD01.PROD.OUTLOOK.COM 2023-02-06T07:57:11.194Z 08DB072C46FCFA6F]

	at com.sun.mail.smtp.SMTPTransport$Authenticator.authenticate(SMTPTransport.java:965)
	at com.sun.mail.smtp.SMTPTransport.authenticate(SMTPTransport.java:876)
	at com.sun.mail.smtp.SMTPTransport.protocolConnect(SMTPTransport.java:780)
	at javax.mail.Service.connect(Service.java:388)
	at javax.mail.Service.connect(Service.java:246)
	at javax.mail.Service.connect(Service.java:195)
	at javax.mail.Transport.send0(Transport.java:254)
	at javax.mail.Transport.send(Transport.java:124)
	at com.ae.qa.util.SendMail.sendExtentReport(SendMail.java:76)
	... 28 more
</pre></div></td>
<td>13</td>
<td>com.ae.qa.testcasesActivityMonitor.InformationPageTestAM@6853425f</td></tr>
</table><p>
<table width='100%' border='1' class='invocation-skipped'>
<tr><td colspan='4' align='center'><b>SKIPPED CONFIGURATIONS</b></td></tr>
<tr><td><b>Test method</b></td>
<td width="30%"><b>Exception</b></td>
<td width="10%"><b>Time (seconds)</b></td>
<td><b>Instance</b></td>
</tr>
<tr>
<td title='com.ae.qa.testcasesTenantUser.DashboardsPageTestTU.initialization()'><b>initialization</b><br>Test class: com.ae.qa.testcasesTenantUser.DashboardsPageTestTU</td>
<td></td>
<td>0</td>
<td>com.ae.qa.testcasesTenantUser.DashboardsPageTestTU@4f6f416f</td></tr>
<tr>
<td title='com.ae.qa.testcasesTenantUser.DashboardsPageTestTU.initialization()'><b>initialization</b><br>Test class: com.ae.qa.testcasesTenantUser.DashboardsPageTestTU</td>
<td></td>
<td>0</td>
<td>com.ae.qa.testcasesTenantUser.DashboardsPageTestTU@4f6f416f</td></tr>
<tr>
<td title='com.ae.qa.testcasesTenantUser.DashboardsPageTestTU.initialization()'><b>initialization</b><br>Test class: com.ae.qa.testcasesTenantUser.DashboardsPageTestTU</td>
<td></td>
<td>0</td>
<td>com.ae.qa.testcasesTenantUser.DashboardsPageTestTU@4f6f416f</td></tr>
<tr>
<td title='com.ae.qa.testcasesTenantUser.DashboardsPageTestTU.initialization()'><b>initialization</b><br>Test class: com.ae.qa.testcasesTenantUser.DashboardsPageTestTU</td>
<td></td>
<td>0</td>
<td>com.ae.qa.testcasesTenantUser.DashboardsPageTestTU@4f6f416f</td></tr>
<tr>
<td title='com.ae.qa.testcasesTenantUser.DashboardsPageTestTU.initialization()'><b>initialization</b><br>Test class: com.ae.qa.testcasesTenantUser.DashboardsPageTestTU</td>
<td></td>
<td>0</td>
<td>com.ae.qa.testcasesTenantUser.DashboardsPageTestTU@4f6f416f</td></tr>
<tr>
<td title='com.ae.qa.testcasesTenantUser.DashboardsPageTestTU.initialization()'><b>initialization</b><br>Test class: com.ae.qa.testcasesTenantUser.DashboardsPageTestTU</td>
<td></td>
<td>0</td>
<td>com.ae.qa.testcasesTenantUser.DashboardsPageTestTU@4f6f416f</td></tr>
<tr>
<td title='com.ae.qa.testcasesTenantUser.DashboardsPageTestTU.getResult()'><b>getResult</b><br>Test class: com.ae.qa.testcasesTenantUser.DashboardsPageTestTU</td>
<td></td>
<td>0</td>
<td>com.ae.qa.testcasesTenantUser.DashboardsPageTestTU@4f6f416f</td></tr>
<tr>
<td title='com.ae.qa.testcasesTenantUser.DashboardsPageTestTU.getResult()'><b>getResult</b><br>Test class: com.ae.qa.testcasesTenantUser.DashboardsPageTestTU</td>
<td></td>
<td>0</td>
<td>com.ae.qa.testcasesTenantUser.DashboardsPageTestTU@4f6f416f</td></tr>
<tr>
<td title='com.ae.qa.testcasesTenantUser.DashboardsPageTestTU.getResult()'><b>getResult</b><br>Test class: com.ae.qa.testcasesTenantUser.DashboardsPageTestTU</td>
<td></td>
<td>0</td>
<td>com.ae.qa.testcasesTenantUser.DashboardsPageTestTU@4f6f416f</td></tr>
<tr>
<td title='com.ae.qa.testcasesTenantUser.DashboardsPageTestTU.getResult()'><b>getResult</b><br>Test class: com.ae.qa.testcasesTenantUser.DashboardsPageTestTU</td>
<td></td>
<td>0</td>
<td>com.ae.qa.testcasesTenantUser.DashboardsPageTestTU@4f6f416f</td></tr>
<tr>
<td title='com.ae.qa.testcasesTenantUser.DashboardsPageTestTU.getResult()'><b>getResult</b><br>Test class: com.ae.qa.testcasesTenantUser.DashboardsPageTestTU</td>
<td></td>
<td>0</td>
<td>com.ae.qa.testcasesTenantUser.DashboardsPageTestTU@4f6f416f</td></tr>
<tr>
<td title='com.ae.qa.testcasesTenantUser.DashboardsPageTestTU.getResult()'><b>getResult</b><br>Test class: com.ae.qa.testcasesTenantUser.DashboardsPageTestTU</td>
<td></td>
<td>0</td>
<td>com.ae.qa.testcasesTenantUser.DashboardsPageTestTU@4f6f416f</td></tr>
</table><p>
<table width='100%' border='1' class='invocation-failed'>
<tr><td colspan='4' align='center'><b>FAILED TESTS</b></td></tr>
<tr><td><b>Test method</b></td>
<td width="30%"><b>Exception</b></td>
<td width="10%"><b>Time (seconds)</b></td>
<td><b>Instance</b></td>
</tr>
<tr>
<td title='com.ae.qa.testcasesWorkflowAdmin.CredentialsPageTestWA.ValidateCreateCredentialsWATest()'><b>ValidateCreateCredentialsWATest</b><br>Test class: com.ae.qa.testcasesWorkflowAdmin.CredentialsPageTestWA<br>Parameters: public void com.ae.qa.testcasesWorkflowAdmin.CredentialsPageTestWA.ValidateCreateCredentialsWATest(java.lang.reflect.Method) throws java.lang.Exception<br/>
<a href="#Output-1137241305" onClick='toggleBox("Output-1137241305", this, "Show output", "Hide output");'>Show output</a>

<a href="#Output-1137241305" onClick="toggleAllBoxes();">Show all outputs</a>
<div class='log' id="Output-1137241305">
User LogIn Succesfully<br/>
Credentials tab clicked<br/>
Add new button is clicked<br/>
Create button is clicked<br/>
</div>
</td>
<td><div><pre>org.openqa.selenium.NoSuchElementException: no such element: Unable to locate element: {&quot;method&quot;:&quot;xpath&quot;,&quot;selector&quot;:&quot;//a[@class=&apos;text-truncate&apos;]/span[@title=&apos;KG_PrivateWA&apos;]&quot;}
  (Session info: chrome=109.0.5414.120)
For documentation on this error, please visit: https://www.seleniumhq.org/exceptions/no_such_element.html
Build info: version: &apos;3.141.59&apos;, revision: &apos;e82be7d358&apos;, time: &apos;2018-11-14T08:17:03&apos;
System info: host: &apos;DESKTOP-5VHKQUJ&apos;, ip: &apos;192.168.0.102&apos;, os.name: &apos;Windows 10&apos;, os.arch: &apos;amd64&apos;, os.version: &apos;10.0&apos;, java.version: &apos;16.0.2&apos;
Driver info: org.openqa.selenium.chrome.ChromeDriver
Capabilities {acceptInsecureCerts: false, browserName: chrome, browserVersion: 109.0.5414.120, chrome: {chromedriverVersion: 109.0.5414.74 (e7c5703604da..., userDataDir: C:\Users\DELL\AppData\Local...}, goog:chromeOptions: {debuggerAddress: localhost:49331}, javascriptEnabled: true, networkConnectionEnabled: false, pageLoadStrategy: normal, platform: WINDOWS, platformName: WINDOWS, proxy: Proxy(), setWindowRect: true, strictFileInteractability: false, timeouts: {implicit: 0, pageLoad: 300000, script: 30000}, unhandledPromptBehavior: dismiss and notify, webauthn:extension:credBlob: true, webauthn:extension:largeBlob: true, webauthn:virtualAuthenticators: true}
Session ID: 1ac9a53cfcfac357819c9fc31d8dd342
*** Element info: {Using=xpath, value=//a[@class=&apos;text-truncate&apos;]/span[@title=&apos;KG_PrivateWA&apos;]}
	at org.openqa.selenium.remote.http.W3CHttpResponseCodec.createException(W3CHttpResponseCodec.java:187)
	at org.openqa.selenium.remote.http.W3CHttpResponseCodec.decode(W3CHttpResponseCodec.java:122)
	at org.openqa.selenium.remote.http.W3CHttpResponseCodec.decode(W3CHttpResponseCodec.java:49)
	at org.openqa.selenium.remote.HttpCommandExecutor.execute(HttpCommandExecutor.java:158)
	at org.openqa.selenium.remote.service.DriverCommandExecutor.execute(DriverCommandExecutor.java:83)
	at org.openqa.selenium.remote.RemoteWebDriver.execute(RemoteWebDriver.java:552)
	at org.openqa.selenium.remote.RemoteWebDriver.findElement(RemoteWebDriver.java:323)
	at org.openqa.selenium.remote.RemoteWebDriver.findElementByXPath(RemoteWebDriver.java:428)
	at org.openqa.selenium.By$ByXPath.findElement(By.java:353)
	at org.openqa.selenium.remote.RemoteWebDriver.findElement(RemoteWebDriver.java:315)
	at com.ae.qa.pages.WorkflowAdmin.CredentialsPageWA.ValidateCreateCredentialsWA(CredentialsPageWA.java:111)
	at com.ae.qa.testcasesWorkflowAdmin.CredentialsPageTestWA.ValidateCreateCredentialsWATest(CredentialsPageTestWA.java:29)
	at java.base/java.util.concurrent.ThreadPoolExecutor.runWorker(ThreadPoolExecutor.java:1130)
	at java.base/java.util.concurrent.ThreadPoolExecutor$Worker.run(ThreadPoolExecutor.java:630)
	at java.base/java.lang.Thread.run(Thread.java:831)
... Removed 15 stack frames</pre></div><a href='#' onClick='toggleBox("stack-trace1137241305", this, "Click to show all stack frames", "Click to hide stack frames")'>Click to show all stack frames</a>
<div class='stack-trace' id='stack-trace1137241305'><pre>org.openqa.selenium.NoSuchElementException: no such element: Unable to locate element: {&quot;method&quot;:&quot;xpath&quot;,&quot;selector&quot;:&quot;//a[@class=&apos;text-truncate&apos;]/span[@title=&apos;KG_PrivateWA&apos;]&quot;}
  (Session info: chrome=109.0.5414.120)
For documentation on this error, please visit: https://www.seleniumhq.org/exceptions/no_such_element.html
Build info: version: &apos;3.141.59&apos;, revision: &apos;e82be7d358&apos;, time: &apos;2018-11-14T08:17:03&apos;
System info: host: &apos;DESKTOP-5VHKQUJ&apos;, ip: &apos;192.168.0.102&apos;, os.name: &apos;Windows 10&apos;, os.arch: &apos;amd64&apos;, os.version: &apos;10.0&apos;, java.version: &apos;16.0.2&apos;
Driver info: org.openqa.selenium.chrome.ChromeDriver
Capabilities {acceptInsecureCerts: false, browserName: chrome, browserVersion: 109.0.5414.120, chrome: {chromedriverVersion: 109.0.5414.74 (e7c5703604da..., userDataDir: C:\Users\DELL\AppData\Local...}, goog:chromeOptions: {debuggerAddress: localhost:49331}, javascriptEnabled: true, networkConnectionEnabled: false, pageLoadStrategy: normal, platform: WINDOWS, platformName: WINDOWS, proxy: Proxy(), setWindowRect: true, strictFileInteractability: false, timeouts: {implicit: 0, pageLoad: 300000, script: 30000}, unhandledPromptBehavior: dismiss and notify, webauthn:extension:credBlob: true, webauthn:extension:largeBlob: true, webauthn:virtualAuthenticators: true}
Session ID: 1ac9a53cfcfac357819c9fc31d8dd342
*** Element info: {Using=xpath, value=//a[@class=&apos;text-truncate&apos;]/span[@title=&apos;KG_PrivateWA&apos;]}
	at java.base/jdk.internal.reflect.NativeConstructorAccessorImpl.newInstance0(Native Method)
	at java.base/jdk.internal.reflect.NativeConstructorAccessorImpl.newInstance(NativeConstructorAccessorImpl.java:78)
	at java.base/jdk.internal.reflect.DelegatingConstructorAccessorImpl.newInstance(DelegatingConstructorAccessorImpl.java:45)
	at java.base/java.lang.reflect.Constructor.newInstanceWithCaller(Constructor.java:499)
	at java.base/java.lang.reflect.Constructor.newInstance(Constructor.java:480)
	at org.openqa.selenium.remote.http.W3CHttpResponseCodec.createException(W3CHttpResponseCodec.java:187)
	at org.openqa.selenium.remote.http.W3CHttpResponseCodec.decode(W3CHttpResponseCodec.java:122)
	at org.openqa.selenium.remote.http.W3CHttpResponseCodec.decode(W3CHttpResponseCodec.java:49)
	at org.openqa.selenium.remote.HttpCommandExecutor.execute(HttpCommandExecutor.java:158)
	at org.openqa.selenium.remote.service.DriverCommandExecutor.execute(DriverCommandExecutor.java:83)
	at org.openqa.selenium.remote.RemoteWebDriver.execute(RemoteWebDriver.java:552)
	at org.openqa.selenium.remote.RemoteWebDriver.findElement(RemoteWebDriver.java:323)
	at org.openqa.selenium.remote.RemoteWebDriver.findElementByXPath(RemoteWebDriver.java:428)
	at org.openqa.selenium.By$ByXPath.findElement(By.java:353)
	at org.openqa.selenium.remote.RemoteWebDriver.findElement(RemoteWebDriver.java:315)
	at com.ae.qa.pages.WorkflowAdmin.CredentialsPageWA.ValidateCreateCredentialsWA(CredentialsPageWA.java:111)
	at com.ae.qa.testcasesWorkflowAdmin.CredentialsPageTestWA.ValidateCreateCredentialsWATest(CredentialsPageTestWA.java:29)
	at java.base/jdk.internal.reflect.NativeMethodAccessorImpl.invoke0(Native Method)
	at java.base/jdk.internal.reflect.NativeMethodAccessorImpl.invoke(NativeMethodAccessorImpl.java:78)
	at java.base/jdk.internal.reflect.DelegatingMethodAccessorImpl.invoke(DelegatingMethodAccessorImpl.java:43)
	at java.base/java.lang.reflect.Method.invoke(Method.java:567)
	at org.testng.internal.MethodInvocationHelper.invokeMethod(MethodInvocationHelper.java:124)
	at org.testng.internal.Invoker.invokeMethod(Invoker.java:583)
	at org.testng.internal.Invoker.invokeTestMethod(Invoker.java:719)
	at org.testng.internal.Invoker.invokeTestMethods(Invoker.java:989)
	at org.testng.internal.TestMethodWorker.invokeTestMethods(TestMethodWorker.java:125)
	at org.testng.internal.TestMethodWorker.run(TestMethodWorker.java:109)
	at java.base/java.util.concurrent.ThreadPoolExecutor.runWorker(ThreadPoolExecutor.java:1130)
	at java.base/java.util.concurrent.ThreadPoolExecutor$Worker.run(ThreadPoolExecutor.java:630)
	at java.base/java.lang.Thread.run(Thread.java:831)
</pre></div></td>
<td>46</td>
<td>com.ae.qa.testcasesWorkflowAdmin.CredentialsPageTestWA@409c54f</td></tr>
<tr>
<td title='com.ae.qa.testcasesAgentAdmin.AgentListPageTestAA.checkStatusOfAgentAATest()'><b>checkStatusOfAgentAATest</b><br>Test class: com.ae.qa.testcasesAgentAdmin.AgentListPageTestAA<br>Parameters: public void com.ae.qa.testcasesAgentAdmin.AgentListPageTestAA.checkStatusOfAgentAATest(java.lang.reflect.Method) throws java.lang.Exception<br/>
<a href="#Output-1971855553" onClick='toggleBox("Output-1971855553", this, "Show output", "Hide output");'>Show output</a>

<a href="#Output-1971855553" onClick="toggleAllBoxes();">Show all outputs</a>
<div class='log' id="Output-1971855553">
User LogIn Succesfully<br/>
User navigated to Agents Tab<br/>
</div>
</td>
<td><div><pre>org.openqa.selenium.StaleElementReferenceException: stale element reference: element is not attached to the page document
  (Session info: chrome=109.0.5414.120)
For documentation on this error, please visit: https://www.seleniumhq.org/exceptions/stale_element_reference.html
Build info: version: &apos;3.141.59&apos;, revision: &apos;e82be7d358&apos;, time: &apos;2018-11-14T08:17:03&apos;
System info: host: &apos;DESKTOP-5VHKQUJ&apos;, ip: &apos;192.168.0.102&apos;, os.name: &apos;Windows 10&apos;, os.arch: &apos;amd64&apos;, os.version: &apos;10.0&apos;, java.version: &apos;16.0.2&apos;
Driver info: org.openqa.selenium.chrome.ChromeDriver
Capabilities {acceptInsecureCerts: false, browserName: chrome, browserVersion: 109.0.5414.120, chrome: {chromedriverVersion: 109.0.5414.74 (e7c5703604da..., userDataDir: C:\Users\DELL\AppData\Local...}, goog:chromeOptions: {debuggerAddress: localhost:50121}, javascriptEnabled: true, networkConnectionEnabled: false, pageLoadStrategy: normal, platform: WINDOWS, platformName: WINDOWS, proxy: Proxy(), setWindowRect: true, strictFileInteractability: false, timeouts: {implicit: 0, pageLoad: 300000, script: 30000}, unhandledPromptBehavior: dismiss and notify, webauthn:extension:credBlob: true, webauthn:extension:largeBlob: true, webauthn:virtualAuthenticators: true}
Session ID: d876c65834fa9b7a6cb5231a92bf8b49
	at org.openqa.selenium.remote.http.W3CHttpResponseCodec.createException(W3CHttpResponseCodec.java:187)
	at org.openqa.selenium.remote.http.W3CHttpResponseCodec.decode(W3CHttpResponseCodec.java:122)
	at org.openqa.selenium.remote.http.W3CHttpResponseCodec.decode(W3CHttpResponseCodec.java:49)
	at org.openqa.selenium.remote.HttpCommandExecutor.execute(HttpCommandExecutor.java:158)
	at org.openqa.selenium.remote.service.DriverCommandExecutor.execute(DriverCommandExecutor.java:83)
	at org.openqa.selenium.remote.RemoteWebDriver.execute(RemoteWebDriver.java:552)
	at org.openqa.selenium.remote.RemoteWebElement.execute(RemoteWebElement.java:285)
	at org.openqa.selenium.remote.RemoteWebElement.getText(RemoteWebElement.java:166)
	at org.openqa.selenium.support.pagefactory.internal.LocatingElementHandler.invoke(LocatingElementHandler.java:51)
	at jdk.proxy2/jdk.proxy2.$Proxy27.getText(Unknown Source)
	at com.ae.qa.pages.AgentAdmin.AgentListPageAA.checkStatusOfAgent(AgentListPageAA.java:212)
	at com.ae.qa.testcasesAgentAdmin.AgentListPageTestAA.checkStatusOfAgentAATest(AgentListPageTestAA.java:57)
	at java.base/java.util.concurrent.ThreadPoolExecutor.runWorker(ThreadPoolExecutor.java:1130)
	at java.base/java.util.concurrent.ThreadPoolExecutor$Worker.run(ThreadPoolExecutor.java:630)
	at java.base/java.lang.Thread.run(Thread.java:831)
... Removed 18 stack frames</pre></div><a href='#' onClick='toggleBox("stack-trace1971855553", this, "Click to show all stack frames", "Click to hide stack frames")'>Click to show all stack frames</a>
<div class='stack-trace' id='stack-trace1971855553'><pre>org.openqa.selenium.StaleElementReferenceException: stale element reference: element is not attached to the page document
  (Session info: chrome=109.0.5414.120)
For documentation on this error, please visit: https://www.seleniumhq.org/exceptions/stale_element_reference.html
Build info: version: &apos;3.141.59&apos;, revision: &apos;e82be7d358&apos;, time: &apos;2018-11-14T08:17:03&apos;
System info: host: &apos;DESKTOP-5VHKQUJ&apos;, ip: &apos;192.168.0.102&apos;, os.name: &apos;Windows 10&apos;, os.arch: &apos;amd64&apos;, os.version: &apos;10.0&apos;, java.version: &apos;16.0.2&apos;
Driver info: org.openqa.selenium.chrome.ChromeDriver
Capabilities {acceptInsecureCerts: false, browserName: chrome, browserVersion: 109.0.5414.120, chrome: {chromedriverVersion: 109.0.5414.74 (e7c5703604da..., userDataDir: C:\Users\DELL\AppData\Local...}, goog:chromeOptions: {debuggerAddress: localhost:50121}, javascriptEnabled: true, networkConnectionEnabled: false, pageLoadStrategy: normal, platform: WINDOWS, platformName: WINDOWS, proxy: Proxy(), setWindowRect: true, strictFileInteractability: false, timeouts: {implicit: 0, pageLoad: 300000, script: 30000}, unhandledPromptBehavior: dismiss and notify, webauthn:extension:credBlob: true, webauthn:extension:largeBlob: true, webauthn:virtualAuthenticators: true}
Session ID: d876c65834fa9b7a6cb5231a92bf8b49
	at java.base/jdk.internal.reflect.NativeConstructorAccessorImpl.newInstance0(Native Method)
	at java.base/jdk.internal.reflect.NativeConstructorAccessorImpl.newInstance(NativeConstructorAccessorImpl.java:78)
	at java.base/jdk.internal.reflect.DelegatingConstructorAccessorImpl.newInstance(DelegatingConstructorAccessorImpl.java:45)
	at java.base/java.lang.reflect.Constructor.newInstanceWithCaller(Constructor.java:499)
	at java.base/java.lang.reflect.Constructor.newInstance(Constructor.java:480)
	at org.openqa.selenium.remote.http.W3CHttpResponseCodec.createException(W3CHttpResponseCodec.java:187)
	at org.openqa.selenium.remote.http.W3CHttpResponseCodec.decode(W3CHttpResponseCodec.java:122)
	at org.openqa.selenium.remote.http.W3CHttpResponseCodec.decode(W3CHttpResponseCodec.java:49)
	at org.openqa.selenium.remote.HttpCommandExecutor.execute(HttpCommandExecutor.java:158)
	at org.openqa.selenium.remote.service.DriverCommandExecutor.execute(DriverCommandExecutor.java:83)
	at org.openqa.selenium.remote.RemoteWebDriver.execute(RemoteWebDriver.java:552)
	at org.openqa.selenium.remote.RemoteWebElement.execute(RemoteWebElement.java:285)
	at org.openqa.selenium.remote.RemoteWebElement.getText(RemoteWebElement.java:166)
	at jdk.internal.reflect.GeneratedMethodAccessor6.invoke(Unknown Source)
	at java.base/jdk.internal.reflect.DelegatingMethodAccessorImpl.invoke(DelegatingMethodAccessorImpl.java:43)
	at java.base/java.lang.reflect.Method.invoke(Method.java:567)
	at org.openqa.selenium.support.pagefactory.internal.LocatingElementHandler.invoke(LocatingElementHandler.java:51)
	at jdk.proxy2/jdk.proxy2.$Proxy27.getText(Unknown Source)
	at com.ae.qa.pages.AgentAdmin.AgentListPageAA.checkStatusOfAgent(AgentListPageAA.java:212)
	at com.ae.qa.testcasesAgentAdmin.AgentListPageTestAA.checkStatusOfAgentAATest(AgentListPageTestAA.java:57)
	at java.base/jdk.internal.reflect.NativeMethodAccessorImpl.invoke0(Native Method)
	at java.base/jdk.internal.reflect.NativeMethodAccessorImpl.invoke(NativeMethodAccessorImpl.java:78)
	at java.base/jdk.internal.reflect.DelegatingMethodAccessorImpl.invoke(DelegatingMethodAccessorImpl.java:43)
	at java.base/java.lang.reflect.Method.invoke(Method.java:567)
	at org.testng.internal.MethodInvocationHelper.invokeMethod(MethodInvocationHelper.java:124)
	at org.testng.internal.Invoker.invokeMethod(Invoker.java:583)
	at org.testng.internal.Invoker.invokeTestMethod(Invoker.java:719)
	at org.testng.internal.Invoker.invokeTestMethods(Invoker.java:989)
	at org.testng.internal.TestMethodWorker.invokeTestMethods(TestMethodWorker.java:125)
	at org.testng.internal.TestMethodWorker.run(TestMethodWorker.java:109)
	at java.base/java.util.concurrent.ThreadPoolExecutor.runWorker(ThreadPoolExecutor.java:1130)
	at java.base/java.util.concurrent.ThreadPoolExecutor$Worker.run(ThreadPoolExecutor.java:630)
	at java.base/java.lang.Thread.run(Thread.java:831)
</pre></div></td>
<td>44</td>
<td>com.ae.qa.testcasesAgentAdmin.AgentListPageTestAA@71e693fa</td></tr>
<tr>
<td title='com.ae.qa.testcasesTenantUser.AgentListPageTestTU.validateEditAssistedAgentNameTUTest()'><b>validateEditAssistedAgentNameTUTest</b><br>Test class: com.ae.qa.testcasesTenantUser.AgentListPageTestTU<br>Parameters: public void com.ae.qa.testcasesTenantUser.AgentListPageTestTU.validateEditAssistedAgentNameTUTest(java.lang.reflect.Method) throws java.lang.Exception<br/>
<a href="#Output-1296280032" onClick='toggleBox("Output-1296280032", this, "Show output", "Hide output");'>Show output</a>

<a href="#Output-1296280032" onClick="toggleAllBoxes();">Show all outputs</a>
<div class='log' id="Output-1296280032">
User navigated to Agents Tab<br/>
User navigated to Agentslist Tab<br/>
User clicked on Edit Btn<br/>
Actual message displayed on screen is: Changes saved to the agent and Expected message is: Access Denied<br/>
</div>
</td>
<td><div><pre>java.lang.AssertionError: Assisted Agent Name did not get changed expected [Access Denied] but found [Changes saved to the agent]
	at com.ae.qa.pages.TenantUser.AgentListPageTU.validateEditAssistedAgentNameTU(AgentListPageTU.java:130)
	at com.ae.qa.testcasesTenantUser.AgentListPageTestTU.validateEditAssistedAgentNameTUTest(AgentListPageTestTU.java:43)
	at java.base/java.util.concurrent.ThreadPoolExecutor.runWorker(ThreadPoolExecutor.java:1130)
	at java.base/java.util.concurrent.ThreadPoolExecutor$Worker.run(ThreadPoolExecutor.java:630)
	at java.base/java.lang.Thread.run(Thread.java:831)
... Removed 15 stack frames</pre></div><a href='#' onClick='toggleBox("stack-trace1296280032", this, "Click to show all stack frames", "Click to hide stack frames")'>Click to show all stack frames</a>
<div class='stack-trace' id='stack-trace1296280032'><pre>java.lang.AssertionError: Assisted Agent Name did not get changed expected [Access Denied] but found [Changes saved to the agent]
	at org.testng.Assert.fail(Assert.java:96)
	at org.testng.Assert.failNotEquals(Assert.java:776)
	at org.testng.Assert.assertEqualsImpl(Assert.java:137)
	at org.testng.Assert.assertEquals(Assert.java:118)
	at org.testng.Assert.assertEquals(Assert.java:453)
	at com.ae.qa.pages.TenantUser.AgentListPageTU.validateEditAssistedAgentNameTU(AgentListPageTU.java:130)
	at com.ae.qa.testcasesTenantUser.AgentListPageTestTU.validateEditAssistedAgentNameTUTest(AgentListPageTestTU.java:43)
	at java.base/jdk.internal.reflect.NativeMethodAccessorImpl.invoke0(Native Method)
	at java.base/jdk.internal.reflect.NativeMethodAccessorImpl.invoke(NativeMethodAccessorImpl.java:78)
	at java.base/jdk.internal.reflect.DelegatingMethodAccessorImpl.invoke(DelegatingMethodAccessorImpl.java:43)
	at java.base/java.lang.reflect.Method.invoke(Method.java:567)
	at org.testng.internal.MethodInvocationHelper.invokeMethod(MethodInvocationHelper.java:124)
	at org.testng.internal.Invoker.invokeMethod(Invoker.java:583)
	at org.testng.internal.Invoker.invokeTestMethod(Invoker.java:719)
	at org.testng.internal.Invoker.invokeTestMethods(Invoker.java:989)
	at org.testng.internal.TestMethodWorker.invokeTestMethods(TestMethodWorker.java:125)
	at org.testng.internal.TestMethodWorker.run(TestMethodWorker.java:109)
	at java.base/java.util.concurrent.ThreadPoolExecutor.runWorker(ThreadPoolExecutor.java:1130)
	at java.base/java.util.concurrent.ThreadPoolExecutor$Worker.run(ThreadPoolExecutor.java:630)
	at java.base/java.lang.Thread.run(Thread.java:831)
</pre></div></td>
<td>11</td>
<td>com.ae.qa.testcasesTenantUser.AgentListPageTestTU@3eb77ea8</td></tr>
<tr>
<td title='com.ae.qa.testcasesTenantUser.DashboardsPageTestTU.validateReportNoneMultipleWFTUTest()'><b>validateReportNoneMultipleWFTUTest</b><br>Test class: com.ae.qa.testcasesTenantUser.DashboardsPageTestTU<br>Parameters: public void com.ae.qa.testcasesTenantUser.DashboardsPageTestTU.validateReportNoneMultipleWFTUTest(java.lang.reflect.Method) throws java.lang.Exception<br/>
<a href="#Output-864774004" onClick='toggleBox("Output-864774004", this, "Show output", "Hide output");'>Show output</a>

<a href="#Output-864774004" onClick="toggleAllBoxes();">Show all outputs</a>
<div class='log' id="Output-864774004">
User logged in successfully<br/>
Reports Tab is clicked<br/>
Dashboard chosed successfully<br/>
Add report is clicked<br/>
Report Type selected successfully<br/>
Generate on Worklfows radio button already selected<br/>
</div>
</td>
<td><div><pre>org.openqa.selenium.NoSuchElementException: Cannot locate an element using xpath=//*[@id=&apos;options-list&apos;]/li/label/span
For documentation on this error, please visit: https://www.seleniumhq.org/exceptions/no_such_element.html
Build info: version: &apos;3.141.59&apos;, revision: &apos;e82be7d358&apos;, time: &apos;2018-11-14T08:17:03&apos;
System info: host: &apos;DESKTOP-5VHKQUJ&apos;, ip: &apos;192.168.0.102&apos;, os.name: &apos;Windows 10&apos;, os.arch: &apos;amd64&apos;, os.version: &apos;10.0&apos;, java.version: &apos;16.0.2&apos;
Driver info: driver.version: RemoteWebDriver
	at org.openqa.selenium.remote.RemoteWebDriver.findElement(RemoteWebDriver.java:327)
	at org.openqa.selenium.remote.RemoteWebDriver.findElementByXPath(RemoteWebDriver.java:428)
	at org.openqa.selenium.By$ByXPath.findElement(By.java:353)
	at org.openqa.selenium.remote.RemoteWebDriver.findElement(RemoteWebDriver.java:315)
	at org.openqa.selenium.support.pagefactory.DefaultElementLocator.findElement(DefaultElementLocator.java:69)
	at org.openqa.selenium.support.pagefactory.internal.LocatingElementHandler.invoke(LocatingElementHandler.java:38)
	at jdk.proxy2/jdk.proxy2.$Proxy27.click(Unknown Source)
	at com.ae.qa.pages.TenantUser.DashboardsPageTU.makeReportUsingWFTU(DashboardsPageTU.java:206)
	at com.ae.qa.pages.TenantUser.DashboardsPageTU.validateReportNoneMultipleWFTU(DashboardsPageTU.java:211)
	at com.ae.qa.testcasesTenantUser.DashboardsPageTestTU.validateReportNoneMultipleWFTUTest(DashboardsPageTestTU.java:35)
	at java.base/java.util.concurrent.ThreadPoolExecutor.runWorker(ThreadPoolExecutor.java:1130)
	at java.base/java.util.concurrent.ThreadPoolExecutor$Worker.run(ThreadPoolExecutor.java:630)
	at java.base/java.lang.Thread.run(Thread.java:831)
... Removed 10 stack frames</pre></div><a href='#' onClick='toggleBox("stack-trace864774004", this, "Click to show all stack frames", "Click to hide stack frames")'>Click to show all stack frames</a>
<div class='stack-trace' id='stack-trace864774004'><pre>org.openqa.selenium.NoSuchElementException: Cannot locate an element using xpath=//*[@id=&apos;options-list&apos;]/li/label/span
For documentation on this error, please visit: https://www.seleniumhq.org/exceptions/no_such_element.html
Build info: version: &apos;3.141.59&apos;, revision: &apos;e82be7d358&apos;, time: &apos;2018-11-14T08:17:03&apos;
System info: host: &apos;DESKTOP-5VHKQUJ&apos;, ip: &apos;192.168.0.102&apos;, os.name: &apos;Windows 10&apos;, os.arch: &apos;amd64&apos;, os.version: &apos;10.0&apos;, java.version: &apos;16.0.2&apos;
Driver info: driver.version: RemoteWebDriver
	at org.openqa.selenium.remote.RemoteWebDriver.findElement(RemoteWebDriver.java:327)
	at org.openqa.selenium.remote.RemoteWebDriver.findElementByXPath(RemoteWebDriver.java:428)
	at org.openqa.selenium.By$ByXPath.findElement(By.java:353)
	at org.openqa.selenium.remote.RemoteWebDriver.findElement(RemoteWebDriver.java:315)
	at org.openqa.selenium.support.pagefactory.DefaultElementLocator.findElement(DefaultElementLocator.java:69)
	at org.openqa.selenium.support.pagefactory.internal.LocatingElementHandler.invoke(LocatingElementHandler.java:38)
	at jdk.proxy2/jdk.proxy2.$Proxy27.click(Unknown Source)
	at com.ae.qa.pages.TenantUser.DashboardsPageTU.makeReportUsingWFTU(DashboardsPageTU.java:206)
	at com.ae.qa.pages.TenantUser.DashboardsPageTU.validateReportNoneMultipleWFTU(DashboardsPageTU.java:211)
	at com.ae.qa.testcasesTenantUser.DashboardsPageTestTU.validateReportNoneMultipleWFTUTest(DashboardsPageTestTU.java:35)
	at java.base/jdk.internal.reflect.NativeMethodAccessorImpl.invoke0(Native Method)
	at java.base/jdk.internal.reflect.NativeMethodAccessorImpl.invoke(NativeMethodAccessorImpl.java:78)
	at java.base/jdk.internal.reflect.DelegatingMethodAccessorImpl.invoke(DelegatingMethodAccessorImpl.java:43)
	at java.base/java.lang.reflect.Method.invoke(Method.java:567)
	at org.testng.internal.MethodInvocationHelper.invokeMethod(MethodInvocationHelper.java:124)
	at org.testng.internal.Invoker.invokeMethod(Invoker.java:583)
	at org.testng.internal.Invoker.invokeTestMethod(Invoker.java:719)
	at org.testng.internal.Invoker.invokeTestMethods(Invoker.java:989)
	at org.testng.internal.TestMethodWorker.invokeTestMethods(TestMethodWorker.java:125)
	at org.testng.internal.TestMethodWorker.run(TestMethodWorker.java:109)
	at java.base/java.util.concurrent.ThreadPoolExecutor.runWorker(ThreadPoolExecutor.java:1130)
	at java.base/java.util.concurrent.ThreadPoolExecutor$Worker.run(ThreadPoolExecutor.java:630)
	at java.base/java.lang.Thread.run(Thread.java:831)
</pre></div></td>
<td>57</td>
<td>com.ae.qa.testcasesTenantUser.DashboardsPageTestTU@4f6f416f</td></tr>
<tr>
<td title='com.ae.qa.testcasesActivityMonitor.RequestsPageTestAM.validateRequestStatusAMTest()'><b>validateRequestStatusAMTest</b><br>Test class: com.ae.qa.testcasesActivityMonitor.RequestsPageTestAM<br>Parameters: public void com.ae.qa.testcasesActivityMonitor.RequestsPageTestAM.validateRequestStatusAMTest(java.lang.reflect.Method) throws java.lang.Exception<br/>
<a href="#Output-1153209600" onClick='toggleBox("Output-1153209600", this, "Show output", "Hide output");'>Show output</a>

<a href="#Output-1153209600" onClick="toggleAllBoxes();">Show all outputs</a>
<div class='log' id="Output-1153209600">
User logged in successfully<br/>
Requests Tab is clicked<br/>
Workflow status is neither completed nor Failure, but other than that: Terminated<br/>
</div>
</td>
<td><div><pre>java.lang.AssertionError: expected [true] but found [false]
	at com.ae.qa.pages.ActivityMonitor.RequestsPageAM.validateRequestStatusAM(RequestsPageAM.java:235)
	at com.ae.qa.testcasesActivityMonitor.RequestsPageTestAM.validateRequestStatusAMTest(RequestsPageTestAM.java:61)
	at java.base/java.util.concurrent.ThreadPoolExecutor.runWorker(ThreadPoolExecutor.java:1130)
	at java.base/java.util.concurrent.ThreadPoolExecutor$Worker.run(ThreadPoolExecutor.java:630)
	at java.base/java.lang.Thread.run(Thread.java:831)
... Removed 14 stack frames</pre></div><a href='#' onClick='toggleBox("stack-trace1153209600", this, "Click to show all stack frames", "Click to hide stack frames")'>Click to show all stack frames</a>
<div class='stack-trace' id='stack-trace1153209600'><pre>java.lang.AssertionError: expected [true] but found [false]
	at org.testng.Assert.fail(Assert.java:96)
	at org.testng.Assert.failNotEquals(Assert.java:776)
	at org.testng.Assert.assertTrue(Assert.java:44)
	at org.testng.Assert.assertTrue(Assert.java:54)
	at com.ae.qa.pages.ActivityMonitor.RequestsPageAM.validateRequestStatusAM(RequestsPageAM.java:235)
	at com.ae.qa.testcasesActivityMonitor.RequestsPageTestAM.validateRequestStatusAMTest(RequestsPageTestAM.java:61)
	at java.base/jdk.internal.reflect.NativeMethodAccessorImpl.invoke0(Native Method)
	at java.base/jdk.internal.reflect.NativeMethodAccessorImpl.invoke(NativeMethodAccessorImpl.java:78)
	at java.base/jdk.internal.reflect.DelegatingMethodAccessorImpl.invoke(DelegatingMethodAccessorImpl.java:43)
	at java.base/java.lang.reflect.Method.invoke(Method.java:567)
	at org.testng.internal.MethodInvocationHelper.invokeMethod(MethodInvocationHelper.java:124)
	at org.testng.internal.Invoker.invokeMethod(Invoker.java:583)
	at org.testng.internal.Invoker.invokeTestMethod(Invoker.java:719)
	at org.testng.internal.Invoker.invokeTestMethods(Invoker.java:989)
	at org.testng.internal.TestMethodWorker.invokeTestMethods(TestMethodWorker.java:125)
	at org.testng.internal.TestMethodWorker.run(TestMethodWorker.java:109)
	at java.base/java.util.concurrent.ThreadPoolExecutor.runWorker(ThreadPoolExecutor.java:1130)
	at java.base/java.util.concurrent.ThreadPoolExecutor$Worker.run(ThreadPoolExecutor.java:630)
	at java.base/java.lang.Thread.run(Thread.java:831)
</pre></div></td>
<td>35</td>
<td>com.ae.qa.testcasesActivityMonitor.RequestsPageTestAM@48d61b48</td></tr>
</table><p>
<table width='100%' border='1' class='invocation-passed'>
<tr><td colspan='4' align='center'><b>PASSED TESTS</b></td></tr>
<tr><td><b>Test method</b></td>
<td width="30%"><b>Exception</b></td>
<td width="10%"><b>Time (seconds)</b></td>
<td><b>Instance</b></td>
</tr>
<tr>
<td title='com.ae.qa.testcasesActivityMonitor.AgentListPageTestAM.SpecificColumnInAgentListAMTest()'><b>SpecificColumnInAgentListAMTest</b><br>Test class: com.ae.qa.testcasesActivityMonitor.AgentListPageTestAM<br>Parameters: public void com.ae.qa.testcasesActivityMonitor.AgentListPageTestAM.SpecificColumnInAgentListAMTest(java.lang.reflect.Method) throws java.lang.Exception<br/>
<a href="#Output-1962757474" onClick='toggleBox("Output-1962757474", this, "Show output", "Hide output");'>Show output</a>

<a href="#Output-1962757474" onClick="toggleAllBoxes();">Show all outputs</a>
<div class='log' id="Output-1962757474">
User logged in successfully<br/>
User navigated to AgentList tab<br/>
Select All Checkbox is not already selected, Hence selected twice to deselect it.<br/>
Field of Columns: Agent Name<br/>
Field of Columns: Execution Threads<br/>
Field of Columns: Executing Workflows<br/>
Field of Columns: Status<br/>
Field of Columns: Resource Utilization<br/>
Column Value found<br/>
All columns selected found in table.<br/>
User signed out successfully<br/>
</div>
</td>
<td></td>
<td>25</td>
<td>com.ae.qa.testcasesActivityMonitor.AgentListPageTestAM@3b8f0a79</td></tr>
<tr>
<td title='com.ae.qa.testcasesWorkflowAdmin.CategoriesPageTestWA.ValidateAssignWFToCategoryWATest()'><b>ValidateAssignWFToCategoryWATest</b><br>Test class: com.ae.qa.testcasesWorkflowAdmin.CategoriesPageTestWA<br>Parameters: public void com.ae.qa.testcasesWorkflowAdmin.CategoriesPageTestWA.ValidateAssignWFToCategoryWATest(java.lang.reflect.Method) throws java.lang.Exception<br/>
<a href="#Output-1098091720" onClick='toggleBox("Output-1098091720", this, "Show output", "Hide output");'>Show output</a>

<a href="#Output-1098091720" onClick="toggleAllBoxes();">Show all outputs</a>
<div class='log' id="Output-1098091720">
User LogIn Succesfully<br/>
Categories tab clicked<br/>
Workflow which needs to move is checked<br/>
category in which wf needs to move is selected from dropdown<br/>
Actual message is :Workflow(s) category changed successfully<br/>
Expected message is :Workflow(s) category changed successfully<br/>
Workflow assigned to category succesfully<br/>
User signed out successfully<br/>
</div>
</td>
<td></td>
<td>30</td>
<td>com.ae.qa.testcasesWorkflowAdmin.CategoriesPageTestWA@5965be2d</td></tr>
<tr>
<td title='com.ae.qa.testcasesWorkflowAdmin.CategoriesPageTestWA.ValidateCreateCategoryWATest()'><b>ValidateCreateCategoryWATest</b><br>Test class: com.ae.qa.testcasesWorkflowAdmin.CategoriesPageTestWA<br>Parameters: public void com.ae.qa.testcasesWorkflowAdmin.CategoriesPageTestWA.ValidateCreateCategoryWATest(java.lang.reflect.Method) throws java.lang.Exception<br/>
<a href="#Output-1823768984" onClick='toggleBox("Output-1823768984", this, "Show output", "Hide output");'>Show output</a>

<a href="#Output-1823768984" onClick="toggleAllBoxes();">Show all outputs</a>
<div class='log' id="Output-1823768984">
User LogIn Succesfully<br/>
Categories tab clicked<br/>
Category name is entered which is only mandatory field<br/>
Actual Category created message is :Workflow category created successfully<br/>
Expected Category created message is :Workflow category created successfully<br/>
Category created succesfully<br/>
User signed out successfully<br/>
</div>
</td>
<td></td>
<td>34</td>
<td>com.ae.qa.testcasesWorkflowAdmin.CategoriesPageTestWA@5965be2d</td></tr>
<tr>
<td title='com.ae.qa.testcasesWorkflowAdmin.CredentialsPageTestWA.ValidateDeleteCredentialPoolWATest()'><b>ValidateDeleteCredentialPoolWATest</b><br>Test class: com.ae.qa.testcasesWorkflowAdmin.CredentialsPageTestWA<br>Parameters: public void com.ae.qa.testcasesWorkflowAdmin.CredentialsPageTestWA.ValidateDeleteCredentialPoolWATest(java.lang.reflect.Method) throws java.lang.Exception<br/>
<a href="#Output-536147472" onClick='toggleBox("Output-536147472", this, "Show output", "Hide output");'>Show output</a>

<a href="#Output-536147472" onClick="toggleAllBoxes();">Show all outputs</a>
<div class='log' id="Output-536147472">
User LogIn Succesfully<br/>
Credentials tab clicked<br/>
Delete button on popup is confirmed<br/>
Actual message is :Credential pool [AE2] deleted successfully<br/>
Expected message is :Credential pool [AE2] deleted successfully<br/>
Credential pool deleted successfully<br/>
User signed out successfully<br/>
</div>
</td>
<td></td>
<td>23</td>
<td>com.ae.qa.testcasesWorkflowAdmin.CredentialsPageTestWA@409c54f</td></tr>
<tr>
<td title='com.ae.qa.testcasesWorkflowAdmin.CredentialsPageTestWA.ValidateDeleteCredentialWATest()'><b>ValidateDeleteCredentialWATest</b><br>Test class: com.ae.qa.testcasesWorkflowAdmin.CredentialsPageTestWA<br>Parameters: public void com.ae.qa.testcasesWorkflowAdmin.CredentialsPageTestWA.ValidateDeleteCredentialWATest(java.lang.reflect.Method) throws java.lang.Exception<br/>
<a href="#Output-1772715680" onClick='toggleBox("Output-1772715680", this, "Show output", "Hide output");'>Show output</a>

<a href="#Output-1772715680" onClick="toggleAllBoxes();">Show all outputs</a>
<div class='log' id="Output-1772715680">
User LogIn Succesfully<br/>
Credentials tab clicked<br/>
Delete button on popup is confirmed<br/>
Actual message is :Credential [KG_PrivateWA] deleted successfully<br/>
Expected message is :Credential [KG_PrivateWA] deleted successfully<br/>
Credential deleted successfully<br/>
User signed out successfully<br/>
</div>
</td>
<td></td>
<td>23</td>
<td>com.ae.qa.testcasesWorkflowAdmin.CredentialsPageTestWA@409c54f</td></tr>
<tr>
<td title='com.ae.qa.testcasesWorkflowAdmin.CategoriesPageTestWA.ValidateEditCategoryWATest()'><b>ValidateEditCategoryWATest</b><br>Test class: com.ae.qa.testcasesWorkflowAdmin.CategoriesPageTestWA<br>Parameters: public void com.ae.qa.testcasesWorkflowAdmin.CategoriesPageTestWA.ValidateEditCategoryWATest(java.lang.reflect.Method) throws java.lang.Exception<br/>
<a href="#Output-842066012" onClick='toggleBox("Output-842066012", this, "Show output", "Hide output");'>Show output</a>

<a href="#Output-842066012" onClick="toggleAllBoxes();">Show all outputs</a>
<div class='log' id="Output-842066012">
User LogIn Succesfully<br/>
Categories tab clicked<br/>
Edit Button corresponding to required category is clicked<br/>
Category Description is entered<br/>
Actual Category edited message is :Workflow category updated successfully<br/>
Expected Category edited message is :Workflow category updated successfully<br/>
Category edited succesfully<br/>
User signed out successfully<br/>
</div>
</td>
<td></td>
<td>39</td>
<td>com.ae.qa.testcasesWorkflowAdmin.CategoriesPageTestWA@5965be2d</td></tr>
<tr>
<td title='com.ae.qa.testcasesWorkflowAdmin.CredentialsPageTestWA.ValidateEditCredentialsWATest()'><b>ValidateEditCredentialsWATest</b><br>Test class: com.ae.qa.testcasesWorkflowAdmin.CredentialsPageTestWA<br>Parameters: public void com.ae.qa.testcasesWorkflowAdmin.CredentialsPageTestWA.ValidateEditCredentialsWATest(java.lang.reflect.Method) throws java.lang.Exception<br/>
<a href="#Output-1426217679" onClick='toggleBox("Output-1426217679", this, "Show output", "Hide output");'>Show output</a>

<a href="#Output-1426217679" onClick="toggleAllBoxes();">Show all outputs</a>
<div class='log' id="Output-1426217679">
User LogIn Succesfully<br/>
Credentials tab clicked<br/>
Edit button corresponding to credentials clicked<br/>
Year selected from Calender<br/>
Month selected from Calender<br/>
Expiry Date selected from Calender<br/>
Update button is clicked<br/>
Credentials edited succesfully with all fields<br/>
User signed out successfully<br/>
</div>
</td>
<td></td>
<td>89</td>
<td>com.ae.qa.testcasesWorkflowAdmin.CredentialsPageTestWA@409c54f</td></tr>
<tr>
<td title='com.ae.qa.testcasesWorkflowAdmin.CredentialsPageTestWA.ValidateMoveCredentialToPoolWATest()'><b>ValidateMoveCredentialToPoolWATest</b><br>Test class: com.ae.qa.testcasesWorkflowAdmin.CredentialsPageTestWA<br>Parameters: public void com.ae.qa.testcasesWorkflowAdmin.CredentialsPageTestWA.ValidateMoveCredentialToPoolWATest(java.lang.reflect.Method) throws java.lang.Exception<br/>
<a href="#Output-542325461" onClick='toggleBox("Output-542325461", this, "Show output", "Hide output");'>Show output</a>

<a href="#Output-542325461" onClick="toggleAllBoxes();">Show all outputs</a>
<div class='log' id="Output-542325461">
User LogIn Succesfully<br/>
Credentials tab clicked<br/>
Credential Pool button is clicked<br/>
Create button is clicked<br/>
Record for AE2 credential Pool found in table<br/>
Credential Pool created succesfully<br/>
User signed out successfully<br/>
User LogIn Succesfully<br/>
Credentials tab clicked<br/>
Credential which needs to add in crenetial pool is selcted<br/>
Credential pool in which redential needs to move is selected from dropdown<br/>
Move Button is clicked<br/>
Actual message is :Credential(s) moved successfully<br/>
Expected message is :Credential(s) moved successfully<br/>
Credential moved to credential pool successfully<br/>
User signed out successfully<br/>
</div>
</td>
<td></td>
<td>53</td>
<td>com.ae.qa.testcasesWorkflowAdmin.CredentialsPageTestWA@409c54f</td></tr>
<tr>
<td title='com.ae.qa.testcasesWorkflowAdmin.CategoriesPageTestWA.ValidateRemoveWFFromCategoryWATest()'><b>ValidateRemoveWFFromCategoryWATest</b><br>Test class: com.ae.qa.testcasesWorkflowAdmin.CategoriesPageTestWA<br>Parameters: public void com.ae.qa.testcasesWorkflowAdmin.CategoriesPageTestWA.ValidateRemoveWFFromCategoryWATest(java.lang.reflect.Method) throws java.lang.Exception<br/>
<a href="#Output-1486003214" onClick='toggleBox("Output-1486003214", this, "Show output", "Hide output");'>Show output</a>

<a href="#Output-1486003214" onClick="toggleAllBoxes();">Show all outputs</a>
<div class='log' id="Output-1486003214">
User LogIn Succesfully<br/>
Categories tab clicked<br/>
Category from which wf needs to remove is selected<br/>
Workflow assigned to category is removed<br/>
Actual message is :Workflow removed from this category successfully<br/>
Expected message is :Workflow removed from this category successfully<br/>
Workflow removed from category succesfully<br/>
User signed out successfully<br/>
</div>
</td>
<td></td>
<td>29</td>
<td>com.ae.qa.testcasesWorkflowAdmin.CategoriesPageTestWA@5965be2d</td></tr>
<tr>
<td title='com.ae.qa.testcasesUserAdmin.UserGroupsPageTestUA.addMultipleUserToGroupUATest()'><b>addMultipleUserToGroupUATest</b><br>Test class: com.ae.qa.testcasesUserAdmin.UserGroupsPageTestUA<br>Parameters: public void com.ae.qa.testcasesUserAdmin.UserGroupsPageTestUA.addMultipleUserToGroupUATest(java.lang.reflect.Method) throws java.lang.Exception<br/>
<a href="#Output-1005707785" onClick='toggleBox("Output-1005707785", this, "Show output", "Hide output");'>Show output</a>

<a href="#Output-1005707785" onClick="toggleAllBoxes();">Show all outputs</a>
<div class='log' id="Output-1005707785">
User logged in successfully<br/>
Users Tab clicked<br/>
UsersGroup Tab clicked<br/>
Show Member button is clicked<br/>
assigning user1<br/>
Actual Username:User(s) added to the group successfully<br/>
Expected Username:User(s) added to the group successfully<br/>
User1 assigned and validated<br/>
Validation of no.of users<br/>
Multiple user added to the group<br/>
User signed out successfully<br/>
</div>
</td>
<td></td>
<td>31</td>
<td>com.ae.qa.testcasesUserAdmin.UserGroupsPageTestUA@6c0d7c83</td></tr>
<tr>
<td title='com.ae.qa.testcasesActivityMonitor.AgentListPageTestAM.checkColumnsInAgentListAMTest()'><b>checkColumnsInAgentListAMTest</b><br>Test class: com.ae.qa.testcasesActivityMonitor.AgentListPageTestAM<br>Parameters: public void com.ae.qa.testcasesActivityMonitor.AgentListPageTestAM.checkColumnsInAgentListAMTest(java.lang.reflect.Method) throws java.lang.Exception<br/>
<a href="#Output-250875319" onClick='toggleBox("Output-250875319", this, "Show output", "Hide output");'>Show output</a>

<a href="#Output-250875319" onClick="toggleAllBoxes();">Show all outputs</a>
<div class='log' id="Output-250875319">
User logged in successfully<br/>
User navigated to AgentList tab<br/>
All Column got displayed in records after Checking select All checkbox.<br/>
User signed out successfully<br/>
</div>
</td>
<td></td>
<td>19</td>
<td>com.ae.qa.testcasesActivityMonitor.AgentListPageTestAM@3b8f0a79</td></tr>
<tr>
<td title='com.ae.qa.testcasesActivityMonitor.AgentListPageTestAM.deselectAllInAgentListAMTest()'><b>deselectAllInAgentListAMTest</b><br>Test class: com.ae.qa.testcasesActivityMonitor.AgentListPageTestAM<br>Parameters: public void com.ae.qa.testcasesActivityMonitor.AgentListPageTestAM.deselectAllInAgentListAMTest(java.lang.reflect.Method) throws java.lang.Exception<br/>
<a href="#Output-903985293" onClick='toggleBox("Output-903985293", this, "Show output", "Hide output");'>Show output</a>

<a href="#Output-903985293" onClick="toggleAllBoxes();">Show all outputs</a>
<div class='log' id="Output-903985293">
User logged in successfully<br/>
User navigated to AgentList tab<br/>
Select All Checkbox is not already selected, Hence selected twice to deselect it.<br/>
Selected count of No. of colums 3<br/>
Total No of columns in table: 3<br/>
Field of Columns: Agent Name<br/>
Field of Columns: Status<br/>
Field of Columns: Resource Utilization<br/>
Column Value found<br/>
All Options got deselected except Agent Name,Status and Resource Utilization.<br/>
User signed out successfully<br/>
</div>
</td>
<td></td>
<td>19</td>
<td>com.ae.qa.testcasesActivityMonitor.AgentListPageTestAM@3b8f0a79</td></tr>
<tr>
<td title='com.ae.qa.testcasesAgentAdmin.AgentListPageTestAA.downloadAgentAATest()'><b>downloadAgentAATest</b><br>Test class: com.ae.qa.testcasesAgentAdmin.AgentListPageTestAA<br>Parameters: public void com.ae.qa.testcasesAgentAdmin.AgentListPageTestAA.downloadAgentAATest(java.lang.reflect.Method) throws java.lang.Exception<br/>
<a href="#Output-2076979443" onClick='toggleBox("Output-2076979443", this, "Show output", "Hide output");'>Show output</a>

<a href="#Output-2076979443" onClick="toggleAllBoxes();">Show all outputs</a>
<div class='log' id="Output-2076979443">
User LogIn Succesfully<br/>
User navigated to Agents Tab<br/>
User navigated to Agent List Tab<br/>
Agent download started<br/>
File unzipped properly<br/>
User signed out successfully<br/>
</div>
</td>
<td></td>
<td>122</td>
<td>com.ae.qa.testcasesAgentAdmin.AgentListPageTestAA@71e693fa</td></tr>
<tr>
<td title='com.ae.qa.testcasesAgentAdmin.InformationPageTestAA.validateAboutTabAATest()'><b>validateAboutTabAATest</b><br>Test class: com.ae.qa.testcasesAgentAdmin.InformationPageTestAA<br>Parameters: public void com.ae.qa.testcasesAgentAdmin.InformationPageTestAA.validateAboutTabAATest(java.lang.reflect.Method) throws java.lang.Exception<br/>
<a href="#Output-662968392" onClick='toggleBox("Output-662968392", this, "Show output", "Hide output");'>Show output</a>

<a href="#Output-662968392" onClick="toggleAllBoxes();">Show all outputs</a>
<div class='log' id="Output-662968392">
User log in successfully<br/>
User signed out successfully<br/>
</div>
</td>
<td></td>
<td>25</td>
<td>com.ae.qa.testcasesAgentAdmin.InformationPageTestAA@21129f1f</td></tr>
<tr>
<td title='com.ae.qa.testcasesActivityMonitor.InformationPageTestAM.validateAboutTabAMTest()'><b>validateAboutTabAMTest</b><br>Test class: com.ae.qa.testcasesActivityMonitor.InformationPageTestAM<br>Parameters: public void com.ae.qa.testcasesActivityMonitor.InformationPageTestAM.validateAboutTabAMTest(java.lang.reflect.Method) throws java.lang.Exception<br/>
<a href="#Output-569024468" onClick='toggleBox("Output-569024468", this, "Show output", "Hide output");'>Show output</a>

<a href="#Output-569024468" onClick="toggleAllBoxes();">Show all outputs</a>
<div class='log' id="Output-569024468">
User log in successfully<br/>
User signed out successfully<br/>
</div>
</td>
<td></td>
<td>25</td>
<td>com.ae.qa.testcasesActivityMonitor.InformationPageTestAM@6853425f</td></tr>
<tr>
<td title='com.ae.qa.testcasesTenantUser.InformationPageTestTU.validateAboutTabTUTest()'><b>validateAboutTabTUTest</b><br>Test class: com.ae.qa.testcasesTenantUser.InformationPageTestTU<br>Parameters: public void com.ae.qa.testcasesTenantUser.InformationPageTestTU.validateAboutTabTUTest(java.lang.reflect.Method) throws java.lang.Exception<br/>
<a href="#Output-2135583328" onClick='toggleBox("Output-2135583328", this, "Show output", "Hide output");'>Show output</a>

<a href="#Output-2135583328" onClick="toggleAllBoxes();">Show all outputs</a>
<div class='log' id="Output-2135583328">
User log in successfully<br/>
User signed out successfully<br/>
</div>
</td>
<td></td>
<td>24</td>
<td>com.ae.qa.testcasesTenantUser.InformationPageTestTU@5a9f4771</td></tr>
<tr>
<td title='com.ae.qa.testcasesUserAdmin.InformationPageTestUA.validateAboutTabUATest()'><b>validateAboutTabUATest</b><br>Test class: com.ae.qa.testcasesUserAdmin.InformationPageTestUA<br>Parameters: public void com.ae.qa.testcasesUserAdmin.InformationPageTestUA.validateAboutTabUATest(java.lang.reflect.Method) throws java.lang.Exception<br/>
<a href="#Output-576430216" onClick='toggleBox("Output-576430216", this, "Show output", "Hide output");'>Show output</a>

<a href="#Output-576430216" onClick="toggleAllBoxes();">Show all outputs</a>
<div class='log' id="Output-576430216">
User log in successfully<br/>
User signed out successfully<br/>
</div>
</td>
<td></td>
<td>23</td>
<td>com.ae.qa.testcasesUserAdmin.InformationPageTestUA@282cb7c7</td></tr>
<tr>
<td title='com.ae.qa.testcasesWorkflowAdmin.InformationPageTestWA.validateAboutTabWATest()'><b>validateAboutTabWATest</b><br>Test class: com.ae.qa.testcasesWorkflowAdmin.InformationPageTestWA<br>Parameters: public void com.ae.qa.testcasesWorkflowAdmin.InformationPageTestWA.validateAboutTabWATest(java.lang.reflect.Method) throws java.lang.Exception<br/>
<a href="#Output-1304376541" onClick='toggleBox("Output-1304376541", this, "Show output", "Hide output");'>Show output</a>

<a href="#Output-1304376541" onClick="toggleAllBoxes();">Show all outputs</a>
<div class='log' id="Output-1304376541">
User log in successfully<br/>
User signed out successfully<br/>
</div>
</td>
<td></td>
<td>24</td>
<td>com.ae.qa.testcasesWorkflowAdmin.InformationPageTestWA@7d898981</td></tr>
<tr>
<td title='com.ae.qa.testcasesUserAdmin.UserGroupsPageTestUA.validateAddUserToGroupUATest()'><b>validateAddUserToGroupUATest</b><br>Test class: com.ae.qa.testcasesUserAdmin.UserGroupsPageTestUA<br>Parameters: public void com.ae.qa.testcasesUserAdmin.UserGroupsPageTestUA.validateAddUserToGroupUATest(java.lang.reflect.Method) throws java.lang.Exception<br/>
<a href="#Output-1416057327" onClick='toggleBox("Output-1416057327", this, "Show output", "Hide output");'>Show output</a>

<a href="#Output-1416057327" onClick="toggleAllBoxes();">Show all outputs</a>
<div class='log' id="Output-1416057327">
User logged in successfully<br/>
Users Tab clicked<br/>
UsersGroup Tab clicked<br/>
Show Member button is clicked<br/>
assigning user1<br/>
Actual Username:User(s) added to the group successfully<br/>
Expected Username:User(s) added to the group successfully<br/>
User1 assigned and validated<br/>
User signed out successfully<br/>
</div>
</td>
<td></td>
<td>28</td>
<td>com.ae.qa.testcasesUserAdmin.UserGroupsPageTestUA@6c0d7c83</td></tr>
<tr>
<td title='com.ae.qa.testcasesActivityMonitor.AgentListPageTestAM.validateAgentDetailsAMTest()'><b>validateAgentDetailsAMTest</b><br>Test class: com.ae.qa.testcasesActivityMonitor.AgentListPageTestAM<br>Parameters: public void com.ae.qa.testcasesActivityMonitor.AgentListPageTestAM.validateAgentDetailsAMTest(java.lang.reflect.Method) throws java.lang.Exception<br/>
<a href="#Output-2116443972" onClick='toggleBox("Output-2116443972", this, "Show output", "Hide output");'>Show output</a>

<a href="#Output-2116443972" onClick="toggleAllBoxes();">Show all outputs</a>
<div class='log' id="Output-2116443972">
User log in Successfully<br/>
User navigated to Agents Tab<br/>
Agent details is verified successfully.<br/>
User signed out successfully<br/>
</div>
</td>
<td></td>
<td>13</td>
<td>com.ae.qa.testcasesActivityMonitor.AgentListPageTestAM@3b8f0a79</td></tr>
<tr>
<td title='com.ae.qa.testcasesTenantUser.AgentListPageTestTU.validateAssistedAgentDeleteTUTest()'><b>validateAssistedAgentDeleteTUTest</b><br>Test class: com.ae.qa.testcasesTenantUser.AgentListPageTestTU<br>Parameters: public void com.ae.qa.testcasesTenantUser.AgentListPageTestTU.validateAssistedAgentDeleteTUTest(java.lang.reflect.Method) throws java.lang.Exception<br/>
<a href="#Output-65066886" onClick='toggleBox("Output-65066886", this, "Show output", "Hide output");'>Show output</a>

<a href="#Output-65066886" onClick="toggleAllBoxes();">Show all outputs</a>
<div class='log' id="Output-65066886">
User LogIn Succesfully<br/>
User navigated to Agents Tab<br/>
User navigated to Agentslist Tab<br/>
Current status of Assisted Agent is: Running<br/>
Assisted Agent is in running mode<br/>
Stop Button is Clicked<br/>
Confirm Stop Button is Clicked<br/>
Current status of Assisted Agent is: Running<br/>
Agent is in Stopped mode<br/>
Delete Button is Clicked<br/>
Confirm Delete Button is Clicked<br/>
Assisted Agent is deleted successfully<br/>
User signed out successfully<br/>
</div>
</td>
<td></td>
<td>46</td>
<td>com.ae.qa.testcasesTenantUser.AgentListPageTestTU@3eb77ea8</td></tr>
<tr>
<td title='com.ae.qa.testcasesActivityMonitor.AgentListPageTestAM.validateAssistedAgentDetailsAMTest()'><b>validateAssistedAgentDetailsAMTest</b><br>Test class: com.ae.qa.testcasesActivityMonitor.AgentListPageTestAM<br>Parameters: public void com.ae.qa.testcasesActivityMonitor.AgentListPageTestAM.validateAssistedAgentDetailsAMTest(java.lang.reflect.Method) throws java.lang.Exception<br/>
<a href="#Output-230004643" onClick='toggleBox("Output-230004643", this, "Show output", "Hide output");'>Show output</a>

<a href="#Output-230004643" onClick="toggleAllBoxes();">Show all outputs</a>
<div class='log' id="Output-230004643">
User log in Successfully<br/>
User navigated to Agents Tab<br/>
User navigated to Assisted Agents Tab<br/>
Assisted Agent details is verified successfully.<br/>
User signed out successfully<br/>
</div>
</td>
<td></td>
<td>17</td>
<td>com.ae.qa.testcasesActivityMonitor.AgentListPageTestAM@3b8f0a79</td></tr>
<tr>
<td title='com.ae.qa.testcasesTenantUser.AgentListPageTestTU.validateAssistedAgentDownloadTUTest()'><b>validateAssistedAgentDownloadTUTest</b><br>Test class: com.ae.qa.testcasesTenantUser.AgentListPageTestTU<br>Parameters: public void com.ae.qa.testcasesTenantUser.AgentListPageTestTU.validateAssistedAgentDownloadTUTest(java.lang.reflect.Method) throws java.lang.Exception<br/>
<a href="#Output-279612568" onClick='toggleBox("Output-279612568", this, "Show output", "Hide output");'>Show output</a>

<a href="#Output-279612568" onClick="toggleAllBoxes();">Show all outputs</a>
<div class='log' id="Output-279612568">
User LogIn Succesfully<br/>
User navigated to Agents Tab<br/>
User navigated to Assisted Agents Tab<br/>
User navigated to Assign To User Tab<br/>
User signed out successfully<br/>
User LogIn Succesfully<br/>
User navigated to Agent List Tab<br/>
Agent download started<br/>
File unzipped properly<br/>
User signed out successfully<br/>
</div>
</td>
<td></td>
<td>149</td>
<td>com.ae.qa.testcasesTenantUser.AgentListPageTestTU@3eb77ea8</td></tr>
<tr>
<td title='com.ae.qa.testcasesWorkflowAdmin.AgentListPageTestWA.validateAssistedAgentDownloadWATest()'><b>validateAssistedAgentDownloadWATest</b><br>Test class: com.ae.qa.testcasesWorkflowAdmin.AgentListPageTestWA<br>Parameters: public void com.ae.qa.testcasesWorkflowAdmin.AgentListPageTestWA.validateAssistedAgentDownloadWATest(java.lang.reflect.Method) throws java.lang.Exception<br/>
<a href="#Output-341897473" onClick='toggleBox("Output-341897473", this, "Show output", "Hide output");'>Show output</a>

<a href="#Output-341897473" onClick="toggleAllBoxes();">Show all outputs</a>
<div class='log' id="Output-341897473">
User LogIn Succesfully<br/>
User navigated to Agents Tab<br/>
User navigated to Assisted Agents Tab<br/>
User navigated to Assign To User Tab<br/>
User signed out successfully<br/>
User LogIn Succesfully<br/>
User navigated to Agent List Tab<br/>
Agent download started<br/>
File unzipped properly<br/>
User signed out successfully<br/>
</div>
</td>
<td></td>
<td>148</td>
<td>com.ae.qa.testcasesWorkflowAdmin.AgentListPageTestWA@44c73c26</td></tr>
<tr>
<td title='com.ae.qa.testcasesUserAdmin.TenantUsersPageTestUA.validateBulkUserUploadWithEmailUATest()'><b>validateBulkUserUploadWithEmailUATest</b><br>Test class: com.ae.qa.testcasesUserAdmin.TenantUsersPageTestUA<br>Parameters: public void com.ae.qa.testcasesUserAdmin.TenantUsersPageTestUA.validateBulkUserUploadWithEmailUATest(java.lang.reflect.Method) throws java.lang.Exception<br/>
<a href="#Output-1488498674" onClick='toggleBox("Output-1488498674", this, "Show output", "Hide output");'>Show output</a>

<a href="#Output-1488498674" onClick="toggleAllBoxes();">Show all outputs</a>
<div class='log' id="Output-1488498674">
Tenant Admin signed in successfully<br/>
Users tab is clicked<br/>
Tenant Users tab is clicked<br/>
Dropdown Selector button is selected<br/>
Native Users is Selected<br/>
Bulk User file is uploaded<br/>
Pune<br/>
Nashik<br/>
Bulk User file is uploaded<br/>
Users tab is clicked<br/>
User signed out successfully<br/>
User changed first time password of User Successfully<br/>
User signed out successfully<br/>
</div>
</td>
<td></td>
<td>88</td>
<td>com.ae.qa.testcasesUserAdmin.TenantUsersPageTestUA@14f9390f</td></tr>
<tr>
<td title='com.ae.qa.testcasesTenantUser.AgentListPageTestTU.validateCheckAgentStatusTUTest()'><b>validateCheckAgentStatusTUTest</b><br>Test class: com.ae.qa.testcasesTenantUser.AgentListPageTestTU<br>Parameters: public void com.ae.qa.testcasesTenantUser.AgentListPageTestTU.validateCheckAgentStatusTUTest(java.lang.reflect.Method) throws java.lang.Exception<br/>
<a href="#Output-756245690" onClick='toggleBox("Output-756245690", this, "Show output", "Hide output");'>Show output</a>

<a href="#Output-756245690" onClick="toggleAllBoxes();">Show all outputs</a>
<div class='log' id="Output-756245690">
User LogIn Succesfully<br/>
User navigated to Agents Tab<br/>
User navigated to Agent List Tab<br/>
Current status of Assisted Agent is: Running<br/>
Assisted Agent is in running mode<br/>
User signed out successfully<br/>
</div>
</td>
<td></td>
<td>21</td>
<td>com.ae.qa.testcasesTenantUser.AgentListPageTestTU@3eb77ea8</td></tr>
<tr>
<td title='com.ae.qa.testcasesWorkflowAdmin.AgentListPageTestWA.validateCheckAgentStatusWATest()'><b>validateCheckAgentStatusWATest</b><br>Test class: com.ae.qa.testcasesWorkflowAdmin.AgentListPageTestWA<br>Parameters: public void com.ae.qa.testcasesWorkflowAdmin.AgentListPageTestWA.validateCheckAgentStatusWATest(java.lang.reflect.Method) throws java.lang.Exception<br/>
<a href="#Output-963651603" onClick='toggleBox("Output-963651603", this, "Show output", "Hide output");'>Show output</a>

<a href="#Output-963651603" onClick="toggleAllBoxes();">Show all outputs</a>
<div class='log' id="Output-963651603">
User LogIn Succesfully<br/>
User navigated to Agents Tab<br/>
User navigated to Agent List Tab<br/>
Current status of Assisted Agent is: Stopped<br/>
Current status of Assisted Agent is: Updating<br/>
Current status of Assisted Agent is: Updating<br/>
Current status of Assisted Agent is: Updating<br/>
Assisted Agent is in running mode<br/>
User signed out successfully<br/>
</div>
</td>
<td></td>
<td>54</td>
<td>com.ae.qa.testcasesWorkflowAdmin.AgentListPageTestWA@44c73c26</td></tr>
<tr>
<td title='com.ae.qa.testcasesActivityMonitor.RequestsPageTestAM.validateCheckColumnInRequestAMTest()'><b>validateCheckColumnInRequestAMTest</b><br>Test class: com.ae.qa.testcasesActivityMonitor.RequestsPageTestAM<br>Parameters: public void com.ae.qa.testcasesActivityMonitor.RequestsPageTestAM.validateCheckColumnInRequestAMTest(java.lang.reflect.Method) throws java.lang.Exception<br/>
<a href="#Output-1288548099" onClick='toggleBox("Output-1288548099", this, "Show output", "Hide output");'>Show output</a>

<a href="#Output-1288548099" onClick="toggleAllBoxes();">Show all outputs</a>
<div class='log' id="Output-1288548099">
User logged in successfully<br/>
Requests Tab is clicked<br/>
All Column got displayed in records after Checking select All checkbox.<br/>
User signed out successfully<br/>
</div>
</td>
<td></td>
<td>20</td>
<td>com.ae.qa.testcasesActivityMonitor.RequestsPageTestAM@48d61b48</td></tr>
<tr>
<td title='com.ae.qa.testcasesTenantUser.RequestPageTestTU.validateCheckColumnInRequestTUTest()'><b>validateCheckColumnInRequestTUTest</b><br>Test class: com.ae.qa.testcasesTenantUser.RequestPageTestTU<br>Parameters: public void com.ae.qa.testcasesTenantUser.RequestPageTestTU.validateCheckColumnInRequestTUTest(java.lang.reflect.Method) throws java.lang.Exception<br/>
<a href="#Output-600390583" onClick='toggleBox("Output-600390583", this, "Show output", "Hide output");'>Show output</a>

<a href="#Output-600390583" onClick="toggleAllBoxes();">Show all outputs</a>
<div class='log' id="Output-600390583">
User logged in successfully<br/>
Requests Tab is clicked<br/>
All Column got displayed in records after Checking select All checkbox.<br/>
User signed out successfully<br/>
</div>
</td>
<td></td>
<td>19</td>
<td>com.ae.qa.testcasesTenantUser.RequestPageTestTU@7aaca91a</td></tr>
<tr>
<td title='com.ae.qa.testcasesUserAdmin.UserGroupsPageTestUA.validateCreateUserGroupUATest()'><b>validateCreateUserGroupUATest</b><br>Test class: com.ae.qa.testcasesUserAdmin.UserGroupsPageTestUA<br>Parameters: public void com.ae.qa.testcasesUserAdmin.UserGroupsPageTestUA.validateCreateUserGroupUATest(java.lang.reflect.Method) throws java.lang.Exception<br/>
<a href="#Output-1168086472" onClick='toggleBox("Output-1168086472", this, "Show output", "Hide output");'>Show output</a>

<a href="#Output-1168086472" onClick="toggleAllBoxes();">Show all outputs</a>
<div class='log' id="Output-1168086472">
User logged in successfully<br/>
started creating new User Group<br/>
Actual Username:User group created successfully<br/>
Expected Username:User group created successfully<br/>
New user group is created<br/>
User signed out successfully<br/>
</div>
</td>
<td></td>
<td>23</td>
<td>com.ae.qa.testcasesUserAdmin.UserGroupsPageTestUA@6c0d7c83</td></tr>
<tr>
<td title='com.ae.qa.testcasesUserAdmin.TenantUsersPageTestUA.validateCreateUserWithEmailUATest()'><b>validateCreateUserWithEmailUATest</b><br>Test class: com.ae.qa.testcasesUserAdmin.TenantUsersPageTestUA<br>Parameters: public void com.ae.qa.testcasesUserAdmin.TenantUsersPageTestUA.validateCreateUserWithEmailUATest(java.lang.reflect.Method) throws java.lang.Exception<br/>
<a href="#Output-1197541365" onClick='toggleBox("Output-1197541365", this, "Show output", "Hide output");'>Show output</a>

<a href="#Output-1197541365" onClick="toggleAllBoxes();">Show all outputs</a>
<div class='log' id="Output-1197541365">
User log in Successfully<br/>
started creating new Tenant User<br/>
Tenant User is created successfully<br/>
Tenant User created successfully<br/>
User signed out successfully<br/>
User changed first time password of User Successfully<br/>
Tenant User with Email ID is created successfully<br/>
User signed out successfully<br/>
</div>
</td>
<td></td>
<td>67</td>
<td>com.ae.qa.testcasesUserAdmin.TenantUsersPageTestUA@14f9390f</td></tr>
<tr>
<td title='com.ae.qa.testcasesUserAdmin.TenantUsersPageTestUA.validateCreateUserWithoutEmailUATest()'><b>validateCreateUserWithoutEmailUATest</b><br>Test class: com.ae.qa.testcasesUserAdmin.TenantUsersPageTestUA<br>Parameters: public void com.ae.qa.testcasesUserAdmin.TenantUsersPageTestUA.validateCreateUserWithoutEmailUATest(java.lang.reflect.Method) throws java.lang.Exception<br/>
<a href="#Output-296303273" onClick='toggleBox("Output-296303273", this, "Show output", "Hide output");'>Show output</a>

<a href="#Output-296303273" onClick="toggleAllBoxes();">Show all outputs</a>
<div class='log' id="Output-296303273">
User log in Successfully<br/>
started creating new User Admin<br/>
User Admin is created successfully<br/>
User Admin created successfully<br/>
User signed out successfully<br/>
User changed first time password of User Successfully<br/>
User admin without Email ID is created successfully<br/>
User signed out successfully<br/>
</div>
</td>
<td></td>
<td>67</td>
<td>com.ae.qa.testcasesUserAdmin.TenantUsersPageTestUA@14f9390f</td></tr>
<tr>
<td title='com.ae.qa.testcasesTenantUser.SchedulerPageTestTU.validateDailyScheduleTUTest()'><b>validateDailyScheduleTUTest</b><br>Test class: com.ae.qa.testcasesTenantUser.SchedulerPageTestTU<br>Parameters: public void com.ae.qa.testcasesTenantUser.SchedulerPageTestTU.validateDailyScheduleTUTest(java.lang.reflect.Method) throws java.lang.Exception<br/>
<a href="#Output-1980724059" onClick='toggleBox("Output-1980724059", this, "Show output", "Hide output");'>Show output</a>

<a href="#Output-1980724059" onClick="toggleAllBoxes();">Show all outputs</a>
<div class='log' id="Output-1980724059">
Tenant Admin signed in successfully<br/>
Agents tab is clicked<br/>
Workflow Assignment tab is clicked<br/>
Edit button is selected<br/>
Workflow is searched<br/>
Required wf is selected<br/>
Saved the operation<br/>
Assignment confirmed<br/>
Actual Wf Assignment Msg:Assignment saved successfully.<br/>
Expected Wf Assignment Msg:Assignment saved successfully.<br/>
Single workflow is successfully assigned to default agent<br/>
User signed out successfully<br/>
User logged in successfully<br/>
Workflows Tab is clicked<br/>
Scheduler tab clicked<br/>
Add new Button clicked<br/>
Schedule form details started<br/>
Schedule submitted<br/>
Actual Success Msg:Schedule created successfully<br/>
Expected Success Msg:Schedule created successfully<br/>
Daily Schedule created successfully<br/>
User signed out successfully<br/>
</div>
</td>
<td></td>
<td>98</td>
<td>com.ae.qa.testcasesTenantUser.SchedulerPageTestTU@7d286fb6</td></tr>
<tr>
<td title='com.ae.qa.testcasesWorkflowAdmin.SchedulerPageTestWA.validateDailyScheduleWATest()'><b>validateDailyScheduleWATest</b><br>Test class: com.ae.qa.testcasesWorkflowAdmin.SchedulerPageTestWA<br>Parameters: public void com.ae.qa.testcasesWorkflowAdmin.SchedulerPageTestWA.validateDailyScheduleWATest(java.lang.reflect.Method) throws java.lang.Exception<br/>
<a href="#Output-166814881" onClick='toggleBox("Output-166814881", this, "Show output", "Hide output");'>Show output</a>

<a href="#Output-166814881" onClick="toggleAllBoxes();">Show all outputs</a>
<div class='log' id="Output-166814881">
Tenant Admin signed in successfully<br/>
Agents tab is clicked<br/>
Workflow Assignment tab is clicked<br/>
Edit button is selected<br/>
Workflow is searched<br/>
Required wf is selected<br/>
Saved the operation<br/>
Assignment confirmed<br/>
Actual Wf Assignment Msg:Assignment saved successfully.<br/>
Expected Wf Assignment Msg:Assignment saved successfully.<br/>
Single workflow is successfully assigned to default agent<br/>
User signed out successfully<br/>
User logged in successfully<br/>
Workflows Tab is clicked<br/>
Scheduler tab clicked<br/>
Add new Button clicked<br/>
Schedule form details started<br/>
Schedule submitted<br/>
Actual Success Msg:Schedule created successfully<br/>
Expected Success Msg:Schedule created successfully<br/>
Daily Schedule created successfully<br/>
User signed out successfully<br/>
</div>
</td>
<td></td>
<td>89</td>
<td>com.ae.qa.testcasesWorkflowAdmin.SchedulerPageTestWA@7fcf2fc1</td></tr>
<tr>
<td title='com.ae.qa.testcasesActivityMonitor.DashboardsPageTestAM.validateDashboardNoneAMTest()'><b>validateDashboardNoneAMTest</b><br>Test class: com.ae.qa.testcasesActivityMonitor.DashboardsPageTestAM<br>Parameters: public void com.ae.qa.testcasesActivityMonitor.DashboardsPageTestAM.validateDashboardNoneAMTest(java.lang.reflect.Method) throws java.lang.Exception<br/>
<a href="#Output-666804651" onClick='toggleBox("Output-666804651", this, "Show output", "Hide output");'>Show output</a>

<a href="#Output-666804651" onClick="toggleAllBoxes();">Show all outputs</a>
<div class='log' id="Output-666804651">
User logged in successfully<br/>
Reports Tab is clicked<br/>
New Dashboard button is clicked<br/>
Dashboard level is already selcted<br/>
Dashboard duration None selected<br/>
Actual Success Msg:Dashboard created successfully<br/>
Expected Success Msg:Dashboard created successfully<br/>
Dashboard at None level created successfully<br/>
User signed out successfully<br/>
</div>
</td>
<td></td>
<td>35</td>
<td>com.ae.qa.testcasesActivityMonitor.DashboardsPageTestAM@68d279ec</td></tr>
<tr>
<td title='com.ae.qa.testcasesTenantUser.DashboardsPageTestTU.validateDashboardNoneTUTest()'><b>validateDashboardNoneTUTest</b><br>Test class: com.ae.qa.testcasesTenantUser.DashboardsPageTestTU<br>Parameters: public void com.ae.qa.testcasesTenantUser.DashboardsPageTestTU.validateDashboardNoneTUTest(java.lang.reflect.Method) throws java.lang.Exception<br/>
<a href="#Output-2061556994" onClick='toggleBox("Output-2061556994", this, "Show output", "Hide output");'>Show output</a>

<a href="#Output-2061556994" onClick="toggleAllBoxes();">Show all outputs</a>
<div class='log' id="Output-2061556994">
User logged in successfully<br/>
Reports Tab is clicked<br/>
New Dashboard button is clicked<br/>
Dashboard level is already selcted<br/>
Dashboard duration None selected<br/>
Actual Success Msg:Dashboard created successfully<br/>
Expected Success Msg:Dashboard created successfully<br/>
Dashboard at None level created successfully<br/>
User signed out successfully<br/>
</div>
</td>
<td></td>
<td>35</td>
<td>com.ae.qa.testcasesTenantUser.DashboardsPageTestTU@4f6f416f</td></tr>
<tr>
<td title='com.ae.qa.testcasesWorkflowAdmin.DashboardsPageTestWA.validateDashboardNoneWATest()'><b>validateDashboardNoneWATest</b><br>Test class: com.ae.qa.testcasesWorkflowAdmin.DashboardsPageTestWA<br>Parameters: public void com.ae.qa.testcasesWorkflowAdmin.DashboardsPageTestWA.validateDashboardNoneWATest(java.lang.reflect.Method) throws java.lang.Exception<br/>
<a href="#Output-766795166" onClick='toggleBox("Output-766795166", this, "Show output", "Hide output");'>Show output</a>

<a href="#Output-766795166" onClick="toggleAllBoxes();">Show all outputs</a>
<div class='log' id="Output-766795166">
User logged in successfully<br/>
Reports Tab is clicked<br/>
New Dashboard button is clicked<br/>
Dashboard level is already selcted<br/>
Dashboard duration None selected<br/>
Actual Success Msg:Dashboard created successfully<br/>
Expected Success Msg:Dashboard created successfully<br/>
Dashboard at None level created successfully<br/>
User signed out successfully<br/>
</div>
</td>
<td></td>
<td>34</td>
<td>com.ae.qa.testcasesWorkflowAdmin.DashboardsPageTestWA@3e74829</td></tr>
<tr>
<td title='com.ae.qa.testcasesActivityMonitor.DashboardsPageTestAM.validateDashboardRelativeAMTest()'><b>validateDashboardRelativeAMTest</b><br>Test class: com.ae.qa.testcasesActivityMonitor.DashboardsPageTestAM<br>Parameters: public void com.ae.qa.testcasesActivityMonitor.DashboardsPageTestAM.validateDashboardRelativeAMTest(java.lang.reflect.Method) throws java.lang.Exception<br/>
<a href="#Output-1989459094" onClick='toggleBox("Output-1989459094", this, "Show output", "Hide output");'>Show output</a>

<a href="#Output-1989459094" onClick="toggleAllBoxes();">Show all outputs</a>
<div class='log' id="Output-1989459094">
User logged in successfully<br/>
Reports Tab is clicked<br/>
New Dashboard button is clicked<br/>
Dashboard level is already selcted<br/>
Dashboard duration Relative selected<br/>
Create Button clicked successfully<br/>
Actual Success Msg:Dashboard created successfully<br/>
Expected Success Msg:Dashboard created successfully<br/>
Dashboard at None level created successfully<br/>
User signed out successfully<br/>
</div>
</td>
<td></td>
<td>40</td>
<td>com.ae.qa.testcasesActivityMonitor.DashboardsPageTestAM@68d279ec</td></tr>
<tr>
<td title='com.ae.qa.testcasesWorkflowAdmin.DashboardsPageTestWA.validateDashboardRelativeWATest()'><b>validateDashboardRelativeWATest</b><br>Test class: com.ae.qa.testcasesWorkflowAdmin.DashboardsPageTestWA<br>Parameters: public void com.ae.qa.testcasesWorkflowAdmin.DashboardsPageTestWA.validateDashboardRelativeWATest(java.lang.reflect.Method) throws java.lang.Exception<br/>
<a href="#Output-1782826826" onClick='toggleBox("Output-1782826826", this, "Show output", "Hide output");'>Show output</a>

<a href="#Output-1782826826" onClick="toggleAllBoxes();">Show all outputs</a>
<div class='log' id="Output-1782826826">
User logged in successfully<br/>
Reports Tab is clicked<br/>
New Dashboard button is clicked<br/>
Dashboard level is already selcted<br/>
Dashboard duration Relative selected<br/>
Create Button clicked successfully<br/>
Actual Success Msg:Dashboard created successfully<br/>
Expected Success Msg:Dashboard created successfully<br/>
Dashboard at None level created successfully<br/>
User signed out successfully<br/>
</div>
</td>
<td></td>
<td>40</td>
<td>com.ae.qa.testcasesWorkflowAdmin.DashboardsPageTestWA@3e74829</td></tr>
<tr>
<td title='com.ae.qa.testcasesActivityMonitor.DashboardsPageTestAM.validateDashboardTodayAMTest()'><b>validateDashboardTodayAMTest</b><br>Test class: com.ae.qa.testcasesActivityMonitor.DashboardsPageTestAM<br>Parameters: public void com.ae.qa.testcasesActivityMonitor.DashboardsPageTestAM.validateDashboardTodayAMTest(java.lang.reflect.Method) throws java.lang.Exception<br/>
<a href="#Output-1829154231" onClick='toggleBox("Output-1829154231", this, "Show output", "Hide output");'>Show output</a>

<a href="#Output-1829154231" onClick="toggleAllBoxes();">Show all outputs</a>
<div class='log' id="Output-1829154231">
User logged in successfully<br/>
Reports Tab is clicked<br/>
New Dashboard button is clicked<br/>
Dashboard level is already selcted<br/>
Dashboard duration Today selected<br/>
Actual Success Msg:Dashboard created successfully<br/>
Expected Success Msg:Dashboard created successfully<br/>
Dashboard at None level created successfully<br/>
User signed out successfully<br/>
</div>
</td>
<td></td>
<td>49</td>
<td>com.ae.qa.testcasesActivityMonitor.DashboardsPageTestAM@68d279ec</td></tr>
<tr>
<td title='com.ae.qa.testcasesWorkflowAdmin.DashboardsPageTestWA.validateDashboardTodayWATest()'><b>validateDashboardTodayWATest</b><br>Test class: com.ae.qa.testcasesWorkflowAdmin.DashboardsPageTestWA<br>Parameters: public void com.ae.qa.testcasesWorkflowAdmin.DashboardsPageTestWA.validateDashboardTodayWATest(java.lang.reflect.Method) throws java.lang.Exception<br/>
<a href="#Output-1052379039" onClick='toggleBox("Output-1052379039", this, "Show output", "Hide output");'>Show output</a>

<a href="#Output-1052379039" onClick="toggleAllBoxes();">Show all outputs</a>
<div class='log' id="Output-1052379039">
User logged in successfully<br/>
Reports Tab is clicked<br/>
New Dashboard button is clicked<br/>
Dashboard level is already selcted<br/>
Dashboard duration Today selected<br/>
Actual Success Msg:Dashboard created successfully<br/>
Expected Success Msg:Dashboard created successfully<br/>
Dashboard at None level created successfully<br/>
User signed out successfully<br/>
</div>
</td>
<td></td>
<td>50</td>
<td>com.ae.qa.testcasesWorkflowAdmin.DashboardsPageTestWA@3e74829</td></tr>
<tr>
<td title='com.ae.qa.testcasesAgentAdmin.AgentListPageTestAA.validateDeleteAgentAATest()'><b>validateDeleteAgentAATest</b><br>Test class: com.ae.qa.testcasesAgentAdmin.AgentListPageTestAA<br>Parameters: public void com.ae.qa.testcasesAgentAdmin.AgentListPageTestAA.validateDeleteAgentAATest(java.lang.reflect.Method) throws java.lang.Exception<br/>
<a href="#Output-1069425774" onClick='toggleBox("Output-1069425774", this, "Show output", "Hide output");'>Show output</a>

<a href="#Output-1069425774" onClick="toggleAllBoxes();">Show all outputs</a>
<div class='log' id="Output-1069425774">
User LogIn Succesfully<br/>
User navigated to Agents Tab<br/>
Current status of Agent is: Stopped<br/>
Agent is in Stopped mode<br/>
Delete Button is Clicked<br/>
Confirm Delete Button is Clicked<br/>
Agent is deleted successfully<br/>
User signed out successfully<br/>
</div>
</td>
<td></td>
<td>25</td>
<td>com.ae.qa.testcasesAgentAdmin.AgentListPageTestAA@71e693fa</td></tr>
<tr>
<td title='com.ae.qa.testcasesAgentAdmin.AgentListPageTestAA.validateDeleteAssistedAgentAATest()'><b>validateDeleteAssistedAgentAATest</b><br>Test class: com.ae.qa.testcasesAgentAdmin.AgentListPageTestAA<br>Parameters: public void com.ae.qa.testcasesAgentAdmin.AgentListPageTestAA.validateDeleteAssistedAgentAATest(java.lang.reflect.Method) throws java.lang.Exception<br/>
<a href="#Output-1027397258" onClick='toggleBox("Output-1027397258", this, "Show output", "Hide output");'>Show output</a>

<a href="#Output-1027397258" onClick="toggleAllBoxes();">Show all outputs</a>
<div class='log' id="Output-1027397258">
User LogIn Succesfully<br/>
User navigated to Agents Tab<br/>
User navigated to Assisted Agents Tab<br/>
Current status of Assisted Agent is: Running<br/>
Assisted Agent is in running mode<br/>
Stop Button is Clicked<br/>
Confirm Stop Button is Clicked<br/>
Current status of Assisted Agent is: Running<br/>
Current status of Assisted Agent is: Stopped<br/>
Agent is in Stopped mode<br/>
Delete Button is Clicked<br/>
Confirm Delete Button is Clicked<br/>
Assisted Agent is deleted successfully<br/>
User signed out successfully<br/>
</div>
</td>
<td></td>
<td>58</td>
<td>com.ae.qa.testcasesAgentAdmin.AgentListPageTestAA@71e693fa</td></tr>
<tr>
<td title='com.ae.qa.testcasesWorkflowAdmin.DashboardsPageTestWA.validateDeleteDashboardWithReportWATest()'><b>validateDeleteDashboardWithReportWATest</b><br>Test class: com.ae.qa.testcasesWorkflowAdmin.DashboardsPageTestWA<br>Parameters: public void com.ae.qa.testcasesWorkflowAdmin.DashboardsPageTestWA.validateDeleteDashboardWithReportWATest(java.lang.reflect.Method) throws java.lang.Exception<br/>
<a href="#Output-531405900" onClick='toggleBox("Output-531405900", this, "Show output", "Hide output");'>Show output</a>

<a href="#Output-531405900" onClick="toggleAllBoxes();">Show all outputs</a>
<div class='log' id="Output-531405900">
User logged in successfully<br/>
Reports Tab is clicked<br/>
Dashboard chosed successfully<br/>
Delete Dashboard option clicked<br/>
Delete button clicked on popup<br/>
After deleting dashboard with report, actual message get is: Dashboard Deleted successfully<br/>
Dashboard with report deleted successfully<br/>
User signed out successfully<br/>
</div>
</td>
<td></td>
<td>20</td>
<td>com.ae.qa.testcasesWorkflowAdmin.DashboardsPageTestWA@3e74829</td></tr>
<tr>
<td title='com.ae.qa.testcasesWorkflowAdmin.SchedulerPageTestWA.validateDeleteScheduleWATest()'><b>validateDeleteScheduleWATest</b><br>Test class: com.ae.qa.testcasesWorkflowAdmin.SchedulerPageTestWA<br>Parameters: public void com.ae.qa.testcasesWorkflowAdmin.SchedulerPageTestWA.validateDeleteScheduleWATest(java.lang.reflect.Method) throws java.lang.Exception<br/>
<a href="#Output-380545793" onClick='toggleBox("Output-380545793", this, "Show output", "Hide output");'>Show output</a>

<a href="#Output-380545793" onClick="toggleAllBoxes();">Show all outputs</a>
<div class='log' id="Output-380545793">
User logged in successfully<br/>
Workflows Tab is clicked<br/>
Scheduler tab clicked<br/>
Schedule got disable<br/>
Delete schedule button clicked<br/>
Actual Success Msg:For automation deleted successfully<br/>
Expected Success Msg:For automation deleted successfully<br/>
Schedule deleted successfully<br/>
User signed out successfully<br/>
</div>
</td>
<td></td>
<td>21</td>
<td>com.ae.qa.testcasesWorkflowAdmin.SchedulerPageTestWA@7fcf2fc1</td></tr>
<tr>
<td title='com.ae.qa.testcasesUserAdmin.UserGroupsPageTestUA.validateDeleteUserGroupUATest()'><b>validateDeleteUserGroupUATest</b><br>Test class: com.ae.qa.testcasesUserAdmin.UserGroupsPageTestUA<br>Parameters: public void com.ae.qa.testcasesUserAdmin.UserGroupsPageTestUA.validateDeleteUserGroupUATest(java.lang.reflect.Method) throws java.lang.Exception<br/>
<a href="#Output-1000312181" onClick='toggleBox("Output-1000312181", this, "Show output", "Hide output");'>Show output</a>

<a href="#Output-1000312181" onClick="toggleAllBoxes();">Show all outputs</a>
<div class='log' id="Output-1000312181">
User logged in successfully<br/>
Users tab clicked<br/>
Users group tab clicked<br/>
Delete button is clicked<br/>
Actual Username:User group deleted successfully<br/>
Expected Username:User group deleted successfully<br/>
User group deleted<br/>
User signed out successfully<br/>
</div>
</td>
<td></td>
<td>19</td>
<td>com.ae.qa.testcasesUserAdmin.UserGroupsPageTestUA@6c0d7c83</td></tr>
<tr>
<td title='com.ae.qa.testcasesActivityMonitor.RequestsPageTestAM.validateDownloadRequestAMTest()'><b>validateDownloadRequestAMTest</b><br>Test class: com.ae.qa.testcasesActivityMonitor.RequestsPageTestAM<br>Parameters: public void com.ae.qa.testcasesActivityMonitor.RequestsPageTestAM.validateDownloadRequestAMTest(java.lang.reflect.Method) throws java.lang.Exception<br/>
<a href="#Output-1551895201" onClick='toggleBox("Output-1551895201", this, "Show output", "Hide output");'>Show output</a>

<a href="#Output-1551895201" onClick="toggleAllBoxes();">Show all outputs</a>
<div class='log' id="Output-1551895201">
User logged in successfully<br/>
Requests Tab is clicked<br/>
Download button is clicked & request download started<br/>
User signed out successfully<br/>
</div>
</td>
<td></td>
<td>20</td>
<td>com.ae.qa.testcasesActivityMonitor.RequestsPageTestAM@48d61b48</td></tr>
<tr>
<td title='com.ae.qa.testcasesTenantUser.RequestPageTestTU.validateDownloadRequestTUTest()'><b>validateDownloadRequestTUTest</b><br>Test class: com.ae.qa.testcasesTenantUser.RequestPageTestTU<br>Parameters: public void com.ae.qa.testcasesTenantUser.RequestPageTestTU.validateDownloadRequestTUTest(java.lang.reflect.Method) throws java.lang.Exception<br/>
<a href="#Output-1650294806" onClick='toggleBox("Output-1650294806", this, "Show output", "Hide output");'>Show output</a>

<a href="#Output-1650294806" onClick="toggleAllBoxes();">Show all outputs</a>
<div class='log' id="Output-1650294806">
User logged in successfully<br/>
Requests Tab is clicked<br/>
Download button is clicked & request download started<br/>
User signed out successfully<br/>
</div>
</td>
<td></td>
<td>20</td>
<td>com.ae.qa.testcasesTenantUser.RequestPageTestTU@7aaca91a</td></tr>
<tr>
<td title='com.ae.qa.testcasesWorkflowAdmin.RequestsPageTestWA.validateDownloadRequestWATest()'><b>validateDownloadRequestWATest</b><br>Test class: com.ae.qa.testcasesWorkflowAdmin.RequestsPageTestWA<br>Parameters: public void com.ae.qa.testcasesWorkflowAdmin.RequestsPageTestWA.validateDownloadRequestWATest(java.lang.reflect.Method) throws java.lang.Exception<br/>
<a href="#Output-1923276909" onClick='toggleBox("Output-1923276909", this, "Show output", "Hide output");'>Show output</a>

<a href="#Output-1923276909" onClick="toggleAllBoxes();">Show all outputs</a>
<div class='log' id="Output-1923276909">
User logged in successfully<br/>
Requests Tab is clicked<br/>
Download button is clicked & request download started<br/>
User signed out successfully<br/>
</div>
</td>
<td></td>
<td>19</td>
<td>com.ae.qa.testcasesWorkflowAdmin.RequestsPageTestWA@60b4beb4</td></tr>
<tr>
<td title='com.ae.qa.testcasesAgentAdmin.AgentListPageTestAA.validateEditAgentNameAATest()'><b>validateEditAgentNameAATest</b><br>Test class: com.ae.qa.testcasesAgentAdmin.AgentListPageTestAA<br>Parameters: public void com.ae.qa.testcasesAgentAdmin.AgentListPageTestAA.validateEditAgentNameAATest(java.lang.reflect.Method) throws java.lang.Exception<br/>
<a href="#Output-1929463715" onClick='toggleBox("Output-1929463715", this, "Show output", "Hide output");'>Show output</a>

<a href="#Output-1929463715" onClick="toggleAllBoxes();">Show all outputs</a>
<div class='log' id="Output-1929463715">
User navigated to Agents Tab<br/>
User navigated to Agentslist Tab<br/>
User clicked on Edit Btn<br/>
Actual message displayed on screen is: Changes saved to the agent and Expected message is: Changes saved to the agent<br/>
Edit button is clicked and Assisted agent name is changed successfully<br/>
Agent Name Changed successfully.<br/>
User signed out successfully<br/>
</div>
</td>
<td></td>
<td>25</td>
<td>com.ae.qa.testcasesAgentAdmin.AgentListPageTestAA@71e693fa</td></tr>
<tr>
<td title='com.ae.qa.testcasesAgentAdmin.AgentListPageTestAA.validateEditAssistedAgentNameAATest()'><b>validateEditAssistedAgentNameAATest</b><br>Test class: com.ae.qa.testcasesAgentAdmin.AgentListPageTestAA<br>Parameters: public void com.ae.qa.testcasesAgentAdmin.AgentListPageTestAA.validateEditAssistedAgentNameAATest(java.lang.reflect.Method) throws java.lang.Exception<br/>
<a href="#Output-1513584309" onClick='toggleBox("Output-1513584309", this, "Show output", "Hide output");'>Show output</a>

<a href="#Output-1513584309" onClick="toggleAllBoxes();">Show all outputs</a>
<div class='log' id="Output-1513584309">
User navigated to Agents Tab<br/>
User navigated to Assisted Agents Tab<br/>
User clicked on Edit Btn<br/>
Actual message displayed on screen is: Changes saved to the agent and Expected message is: Changes saved to the agent<br/>
Edit button is clicked and Assisted agent name is changed successfully<br/>
Agent Name Changed successfully.<br/>
User signed out successfully<br/>
</div>
</td>
<td></td>
<td>24</td>
<td>com.ae.qa.testcasesAgentAdmin.AgentListPageTestAA@71e693fa</td></tr>
<tr>
<td title='com.ae.qa.testcasesWorkflowAdmin.SchedulerPageTestWA.validateEditDailyScheduleWATest()'><b>validateEditDailyScheduleWATest</b><br>Test class: com.ae.qa.testcasesWorkflowAdmin.SchedulerPageTestWA<br>Parameters: public void com.ae.qa.testcasesWorkflowAdmin.SchedulerPageTestWA.validateEditDailyScheduleWATest(java.lang.reflect.Method) throws java.lang.Exception<br/>
<a href="#Output-454384720" onClick='toggleBox("Output-454384720", this, "Show output", "Hide output");'>Show output</a>

<a href="#Output-454384720" onClick="toggleAllBoxes();">Show all outputs</a>
<div class='log' id="Output-454384720">
User logged in successfully<br/>
Workflows Tab is clicked<br/>
Scheduler tab clicked<br/>
End date changed<br/>
Repeat Every checkbox is selected<br/>
Repeat time is selcted<br/>
End Time is selected<br/>
Submit button clicked<br/>
Actual Success Msg:Schedule Edited successfully<br/>
Expected Success Msg:Schedule Edited successfully<br/>
Schedule edited successfully<br/>
User signed out successfully<br/>
</div>
</td>
<td></td>
<td>46</td>
<td>com.ae.qa.testcasesWorkflowAdmin.SchedulerPageTestWA@7fcf2fc1</td></tr>
<tr>
<td title='com.ae.qa.testcasesActivityMonitor.DashboardsPageTestAM.validateEditDashboardToCustomAMTest()'><b>validateEditDashboardToCustomAMTest</b><br>Test class: com.ae.qa.testcasesActivityMonitor.DashboardsPageTestAM<br>Parameters: public void com.ae.qa.testcasesActivityMonitor.DashboardsPageTestAM.validateEditDashboardToCustomAMTest(java.lang.reflect.Method) throws java.lang.Exception<br/>
<a href="#Output-50792945" onClick='toggleBox("Output-50792945", this, "Show output", "Hide output");'>Show output</a>

<a href="#Output-50792945" onClick="toggleAllBoxes();">Show all outputs</a>
<div class='log' id="Output-50792945">
User logged in successfully<br/>
Reports Tab is clicked<br/>
Dashboard chosed successfully<br/>
Edit report is clicked<br/>
Dashboard duration Custom selected<br/>
Update Button clicked successfully<br/>
Actual Success Msg:Dashboard Saved Successfully<br/>
Expected Success Msg:Dashboard Saved Successfully<br/>
Dashboard at Custom level updated successfully<br/>
User signed out successfully<br/>
</div>
</td>
<td></td>
<td>65</td>
<td>com.ae.qa.testcasesActivityMonitor.DashboardsPageTestAM@68d279ec</td></tr>
<tr>
<td title='com.ae.qa.testcasesWorkflowAdmin.DashboardsPageTestWA.validateEditDashboardToCustomWATest()'><b>validateEditDashboardToCustomWATest</b><br>Test class: com.ae.qa.testcasesWorkflowAdmin.DashboardsPageTestWA<br>Parameters: public void com.ae.qa.testcasesWorkflowAdmin.DashboardsPageTestWA.validateEditDashboardToCustomWATest(java.lang.reflect.Method) throws java.lang.Exception<br/>
<a href="#Output-2145322439" onClick='toggleBox("Output-2145322439", this, "Show output", "Hide output");'>Show output</a>

<a href="#Output-2145322439" onClick="toggleAllBoxes();">Show all outputs</a>
<div class='log' id="Output-2145322439">
User logged in successfully<br/>
Reports Tab is clicked<br/>
Dashboard chosed successfully<br/>
Edit report is clicked<br/>
Dashboard duration Custom selected<br/>
Update Button clicked successfully<br/>
Actual Success Msg:Dashboard Saved Successfully<br/>
Expected Success Msg:Dashboard Saved Successfully<br/>
Dashboard at Custom level updated successfully<br/>
User signed out successfully<br/>
</div>
</td>
<td></td>
<td>64</td>
<td>com.ae.qa.testcasesWorkflowAdmin.DashboardsPageTestWA@3e74829</td></tr>
<tr>
<td title='com.ae.qa.testcasesWorkflowAdmin.SchedulerPageTestWA.validateEditMonthlyScheduleWATest()'><b>validateEditMonthlyScheduleWATest</b><br>Test class: com.ae.qa.testcasesWorkflowAdmin.SchedulerPageTestWA<br>Parameters: public void com.ae.qa.testcasesWorkflowAdmin.SchedulerPageTestWA.validateEditMonthlyScheduleWATest(java.lang.reflect.Method) throws java.lang.Exception<br/>
<a href="#Output-1742815795" onClick='toggleBox("Output-1742815795", this, "Show output", "Hide output");'>Show output</a>

<a href="#Output-1742815795" onClick="toggleAllBoxes();">Show all outputs</a>
<div class='log' id="Output-1742815795">
User logged in successfully<br/>
Workflows Tab is clicked<br/>
Scheduler tab clicked<br/>
Edit button is clicked<br/>
Submit button clicked<br/>
Actual Success Msg:Schedule Edited successfully<br/>
Expected Success Msg:Schedule Edited successfully<br/>
Schedule edited successfully<br/>
User signed out successfully<br/>
</div>
</td>
<td></td>
<td>27</td>
<td>com.ae.qa.testcasesWorkflowAdmin.SchedulerPageTestWA@7fcf2fc1</td></tr>
<tr>
<td title='com.ae.qa.testcasesWorkflowAdmin.SchedulerPageTestWA.validateEditScheduleCreateTATest()'><b>validateEditScheduleCreateTATest</b><br>Test class: com.ae.qa.testcasesWorkflowAdmin.SchedulerPageTestWA<br>Parameters: public void com.ae.qa.testcasesWorkflowAdmin.SchedulerPageTestWA.validateEditScheduleCreateTATest(java.lang.reflect.Method) throws java.lang.Exception<br/>
<a href="#Output-415727472" onClick='toggleBox("Output-415727472", this, "Show output", "Hide output");'>Show output</a>

<a href="#Output-415727472" onClick="toggleAllBoxes();">Show all outputs</a>
<div class='log' id="Output-415727472">
User logged in successfully<br/>
Workflows Tab is clicked<br/>
Scheduler tab clicked<br/>
Add new Button clicked<br/>
Schedule form details started<br/>
Schedule submitted<br/>
Actual Success Msg:Schedule created successfully<br/>
Expected Success Msg:Schedule created successfully<br/>
Daily Schedule created successfully<br/>
User signed out successfully<br/>
User logged in successfully<br/>
Workflows Tab is clicked<br/>
Scheduler tab clicked<br/>
End date changed<br/>
Repeat Every checkbox is selected<br/>
Repeat time is selcted<br/>
End Time is selected<br/>
Submit button clicked<br/>
Actual Success Msg:Schedule Edited successfully<br/>
Expected Success Msg:Schedule Edited successfully<br/>
Schedule edited successfully<br/>
User signed out successfully<br/>
</div>
</td>
<td></td>
<td>108</td>
<td>com.ae.qa.testcasesWorkflowAdmin.SchedulerPageTestWA@7fcf2fc1</td></tr>
<tr>
<td title='com.ae.qa.testcasesUserAdmin.UserGroupsPageTestUA.validateEditUserGroupUATest()'><b>validateEditUserGroupUATest</b><br>Test class: com.ae.qa.testcasesUserAdmin.UserGroupsPageTestUA<br>Parameters: public void com.ae.qa.testcasesUserAdmin.UserGroupsPageTestUA.validateEditUserGroupUATest(java.lang.reflect.Method) throws java.lang.Exception<br/>
<a href="#Output-402053057" onClick='toggleBox("Output-402053057", this, "Show output", "Hide output");'>Show output</a>

<a href="#Output-402053057" onClick="toggleAllBoxes();">Show all outputs</a>
<div class='log' id="Output-402053057">
User logged in successfully<br/>
Edit button is clicked<br/>
Description of user group updated<br/>
Actual Username:Changes saved to user group<br/>
Expected Username:Changes saved to user group<br/>
User group got edited successfully<br/>
User signed out successfully<br/>
</div>
</td>
<td></td>
<td>19</td>
<td>com.ae.qa.testcasesUserAdmin.UserGroupsPageTestUA@6c0d7c83</td></tr>
<tr>
<td title='com.ae.qa.testcasesUserAdmin.TenantUsersPageTestUA.validateEditUserUATest()'><b>validateEditUserUATest</b><br>Test class: com.ae.qa.testcasesUserAdmin.TenantUsersPageTestUA<br>Parameters: public void com.ae.qa.testcasesUserAdmin.TenantUsersPageTestUA.validateEditUserUATest(java.lang.reflect.Method) throws java.lang.Exception<br/>
<a href="#Output-10578402" onClick='toggleBox("Output-10578402", this, "Show output", "Hide output");'>Show output</a>

<a href="#Output-10578402" onClick="toggleAllBoxes();">Show all outputs</a>
<div class='log' id="Output-10578402">
User Admin signed in successfully<br/>
Users tab is clicked<br/>
Tenant Users tab is clicked<br/>
Save Button is clicked<br/>
Tenant User details got edited.<br/>
User signed out successfully<br/>
User admin role is changed to Tenant user role successfully<br/>
User signed out successfully<br/>
</div>
</td>
<td></td>
<td>36</td>
<td>com.ae.qa.testcasesUserAdmin.TenantUsersPageTestUA@14f9390f</td></tr>
<tr>
<td title='com.ae.qa.testcasesWorkflowAdmin.WorkflowListPageTestWA.validateEditWFWATest()'><b>validateEditWFWATest</b><br>Test class: com.ae.qa.testcasesWorkflowAdmin.WorkflowListPageTestWA<br>Parameters: public void com.ae.qa.testcasesWorkflowAdmin.WorkflowListPageTestWA.validateEditWFWATest(java.lang.reflect.Method) throws java.lang.Exception<br/>
<a href="#Output-338832673" onClick='toggleBox("Output-338832673", this, "Show output", "Hide output");'>Show output</a>

<a href="#Output-338832673" onClick="toggleAllBoxes();">Show all outputs</a>
<div class='log' id="Output-338832673">
User LogIn Succesfully<br/>
workflowList  tab clicked<br/>
Edit button is clicked<br/>
Priority is set<br/>
Cleanup Requests older than Hours fields is set<br/>
Save button is clicked<br/>
Workflow updated<br/>
User signed out successfully<br/>
</div>
</td>
<td></td>
<td>21</td>
<td>com.ae.qa.testcasesWorkflowAdmin.WorkflowListPageTestWA@2141a12</td></tr>
<tr>
<td title='com.ae.qa.testcasesWorkflowAdmin.SchedulerPageTestWA.validateEditWeeklyScheduleWATest()'><b>validateEditWeeklyScheduleWATest</b><br>Test class: com.ae.qa.testcasesWorkflowAdmin.SchedulerPageTestWA<br>Parameters: public void com.ae.qa.testcasesWorkflowAdmin.SchedulerPageTestWA.validateEditWeeklyScheduleWATest(java.lang.reflect.Method) throws java.lang.Exception<br/>
<a href="#Output-1225223381" onClick='toggleBox("Output-1225223381", this, "Show output", "Hide output");'>Show output</a>

<a href="#Output-1225223381" onClick="toggleAllBoxes();">Show all outputs</a>
<div class='log' id="Output-1225223381">
User logged in successfully<br/>
Workflows Tab is clicked<br/>
Scheduler tab clicked<br/>
Repeat time is selcted<br/>
Submit button clicked<br/>
Actual Success Msg:Schedule Edited successfully<br/>
Expected Success Msg:Schedule Edited successfully<br/>
Schedule edited successfully<br/>
User signed out successfully<br/>
</div>
</td>
<td></td>
<td>25</td>
<td>com.ae.qa.testcasesWorkflowAdmin.SchedulerPageTestWA@7fcf2fc1</td></tr>
<tr>
<td title='com.ae.qa.testcasesTenantUser.WorkflowListPageTestTU.validateEditWorkflowTUTest()'><b>validateEditWorkflowTUTest</b><br>Test class: com.ae.qa.testcasesTenantUser.WorkflowListPageTestTU<br>Parameters: public void com.ae.qa.testcasesTenantUser.WorkflowListPageTestTU.validateEditWorkflowTUTest(java.lang.reflect.Method) throws java.lang.Exception<br/>
<a href="#Output-1421573844" onClick='toggleBox("Output-1421573844", this, "Show output", "Hide output");'>Show output</a>

<a href="#Output-1421573844" onClick="toggleAllBoxes();">Show all outputs</a>
<div class='log' id="Output-1421573844">
User logged in successfully<br/>
Workflows Tab is clicked<br/>
Import button clicked<br/>
Is Assisted Workflow checkbox is unselected<br/>
Create Button is clicked<br/>
Priority is set<br/>
Expected Completion Time in Seconds is set<br/>
Maximum Completion Time in Seconds is set<br/>
Cleanup Requests older than Hours fields is set<br/>
Manual Execution Time is set<br/>
Manual Execution time unit is set<br/>
Config Parameter is clicked<br/>
Config Parameter is entered<br/>
Save button is clicked<br/>
Workflow updated<br/>
Workflow is enabled successfully<br/>
User signed out successfully<br/>
User LogIn Succesfully<br/>
Permissions tab clicked<br/>
Workflow view button is clicked<br/>
Right Search Bar is clicked<br/>
View Permission for Tenant user is Selected<br/>
Run Permission for Tenant user is Selected<br/>
Modify Permission for Tenant user is Selected<br/>
Save button is clicked<br/>
User signed out successfully<br/>
User LogIn Succesfully<br/>
Categories tab clicked<br/>
User view button is clicked<br/>
Left Search Bar is clicked<br/>
Search Bar is clicked<br/>
View Permission for Workflow is Selected<br/>
Run Permission for Workflow is Selected<br/>
Modify Permission for Workflow is Selected<br/>
Save button is clicked<br/>
User signed out successfully<br/>
User LogIn Succesfully<br/>
Workflow tab is clicked<br/>
Workflow is present in table.<br/>
Edit button is Clicked<br/>
Config Parameter is clicked<br/>
Config Parameter is entered<br/>
Save button is clicked<br/>
Workflow edited successfully<br/>
User signed out successfully<br/>
</div>
</td>
<td></td>
<td>187</td>
<td>com.ae.qa.testcasesTenantUser.WorkflowListPageTestTU@48793bef</td></tr>
<tr>
<td title='com.ae.qa.testcasesWorkflowAdmin.WorkflowListPageTestWA.validateExportWFVerifiedWATest()'><b>validateExportWFVerifiedWATest</b><br>Test class: com.ae.qa.testcasesWorkflowAdmin.WorkflowListPageTestWA<br>Parameters: public void com.ae.qa.testcasesWorkflowAdmin.WorkflowListPageTestWA.validateExportWFVerifiedWATest(java.lang.reflect.Method) throws java.lang.Exception<br/>
<a href="#Output-769523520" onClick='toggleBox("Output-769523520", this, "Show output", "Hide output");'>Show output</a>

<a href="#Output-769523520" onClick="toggleAllBoxes();">Show all outputs</a>
<div class='log' id="Output-769523520">
User LogIn Succesfully<br/>
workflowList  tab clicked<br/>
Clicked the Dropdown button<br/>
Clicked the Export option from dropdown<br/>
Clicked the Workflows dropdown <br/>
Clicked on search bar<br/>
Multiple Workflow are exported successfully<br/>
User signed out successfully<br/>
</div>
</td>
<td></td>
<td>43</td>
<td>com.ae.qa.testcasesWorkflowAdmin.WorkflowListPageTestWA@2141a12</td></tr>
<tr>
<td title='com.ae.qa.testcasesWorkflowAdmin.WorkflowListPageTestWA.validateImportWFConfigParamWATest()'><b>validateImportWFConfigParamWATest</b><br>Test class: com.ae.qa.testcasesWorkflowAdmin.WorkflowListPageTestWA<br>Parameters: public void com.ae.qa.testcasesWorkflowAdmin.WorkflowListPageTestWA.validateImportWFConfigParamWATest(java.lang.reflect.Method) throws java.lang.Exception<br/>
<a href="#Output-584258036" onClick='toggleBox("Output-584258036", this, "Show output", "Hide output");'>Show output</a>

<a href="#Output-584258036" onClick="toggleAllBoxes();">Show all outputs</a>
<div class='log' id="Output-584258036">
User logged in successfully<br/>
Workflows Tab is clicked<br/>
Import button clicked<br/>
Is Assisted Workflow checkbox is unselected<br/>
Create Button is clicked<br/>
Priority is set<br/>
Expected Completion Time in Seconds is set<br/>
Maximum Completion Time in Seconds is set<br/>
Cleanup Requests older than Hours fields is set<br/>
Manual Execution Time is set<br/>
Manual Execution time unit is set<br/>
Config Parameter is clicked<br/>
Config Parameter is entered<br/>
Save button is clicked<br/>
Workflow updated<br/>
Workflow is enabled successfully<br/>
User signed out successfully<br/>
</div>
</td>
<td></td>
<td>61</td>
<td>com.ae.qa.testcasesWorkflowAdmin.WorkflowListPageTestWA@2141a12</td></tr>
<tr>
<td title='com.ae.qa.testcasesWorkflowAdmin.SchedulerPageTestWA.validateInactiveScheduleCreateTATest()'><b>validateInactiveScheduleCreateTATest</b><br>Test class: com.ae.qa.testcasesWorkflowAdmin.SchedulerPageTestWA<br>Parameters: public void com.ae.qa.testcasesWorkflowAdmin.SchedulerPageTestWA.validateInactiveScheduleCreateTATest(java.lang.reflect.Method) throws java.lang.Exception<br/>
<a href="#Output-1878018545" onClick='toggleBox("Output-1878018545", this, "Show output", "Hide output");'>Show output</a>

<a href="#Output-1878018545" onClick="toggleAllBoxes();">Show all outputs</a>
<div class='log' id="Output-1878018545">
User logged in successfully<br/>
Workflows Tab is clicked<br/>
Scheduler tab clicked<br/>
Status Slider bar is clicked<br/>
Schedule created by Tenant admin is made Inactive successfully<br/>
User signed out successfully<br/>
</div>
</td>
<td></td>
<td>15</td>
<td>com.ae.qa.testcasesWorkflowAdmin.SchedulerPageTestWA@7fcf2fc1</td></tr>
<tr>
<td title='com.ae.qa.testcasesWorkflowAdmin.SchedulerPageTestWA.validateInfineScheduleWATest()'><b>validateInfineScheduleWATest</b><br>Test class: com.ae.qa.testcasesWorkflowAdmin.SchedulerPageTestWA<br>Parameters: public void com.ae.qa.testcasesWorkflowAdmin.SchedulerPageTestWA.validateInfineScheduleWATest(java.lang.reflect.Method) throws java.lang.Exception<br/>
<a href="#Output-2003552190" onClick='toggleBox("Output-2003552190", this, "Show output", "Hide output");'>Show output</a>

<a href="#Output-2003552190" onClick="toggleAllBoxes();">Show all outputs</a>
<div class='log' id="Output-2003552190">
User logged in successfully<br/>
Workflows Tab is clicked<br/>
Scheduler tab clicked<br/>
Add new Button clicked<br/>
Schedule form details started<br/>
Run Schedule Infinitely checbox selected<br/>
Repeat Every checkbox is selected<br/>
Repeat time is selcted<br/>
Schedule submitted<br/>
Actual Success Msg:Schedule created successfully<br/>
Expected Success Msg:Schedule created successfully<br/>
Infinite Weekly Schedule created successfully<br/>
User signed out successfully<br/>
</div>
</td>
<td></td>
<td>69</td>
<td>com.ae.qa.testcasesWorkflowAdmin.SchedulerPageTestWA@7fcf2fc1</td></tr>
<tr>
<td title='com.ae.qa.testcasesAgentAdmin.InformationPageTestAA.validateLastLoginAATest()'><b>validateLastLoginAATest</b><br>Test class: com.ae.qa.testcasesAgentAdmin.InformationPageTestAA<br>Parameters: public void com.ae.qa.testcasesAgentAdmin.InformationPageTestAA.validateLastLoginAATest(java.lang.reflect.Method) throws java.lang.Exception<br/>
<a href="#Output-960545328" onClick='toggleBox("Output-960545328", this, "Show output", "Hide output");'>Show output</a>

<a href="#Output-960545328" onClick="toggleAllBoxes();">Show all outputs</a>
<div class='log' id="Output-960545328">
User log in Successfully<br/>
started creating new Tenant<br/>
User is created successfully<br/>
Agent Admin created successfully<br/>
User signed out successfully<br/>
User changed first time password of User Successfully<br/>
User log in Successfully<br/>
Last login time displayed successfully<br/>
User signed out successfully<br/>
</div>
</td>
<td></td>
<td>75</td>
<td>com.ae.qa.testcasesAgentAdmin.InformationPageTestAA@21129f1f</td></tr>
<tr>
<td title='com.ae.qa.testcasesActivityMonitor.InformationPageTestAM.validateLastLoginAMTest()'><b>validateLastLoginAMTest</b><br>Test class: com.ae.qa.testcasesActivityMonitor.InformationPageTestAM<br>Parameters: public void com.ae.qa.testcasesActivityMonitor.InformationPageTestAM.validateLastLoginAMTest(java.lang.reflect.Method) throws java.lang.Exception<br/>
<a href="#Output-1738433277" onClick='toggleBox("Output-1738433277", this, "Show output", "Hide output");'>Show output</a>

<a href="#Output-1738433277" onClick="toggleAllBoxes();">Show all outputs</a>
<div class='log' id="Output-1738433277">
User log in Successfully<br/>
started creating new Tenant<br/>
User is created successfully<br/>
Activity Monitor created successfully<br/>
User signed out successfully<br/>
User changed first time password of User Successfully<br/>
User log in Successfully<br/>
Last login time displayed successfully<br/>
User signed out successfully<br/>
</div>
</td>
<td></td>
<td>78</td>
<td>com.ae.qa.testcasesActivityMonitor.InformationPageTestAM@6853425f</td></tr>
<tr>
<td title='com.ae.qa.testcasesTenantUser.InformationPageTestTU.validateLastLoginTUTest()'><b>validateLastLoginTUTest</b><br>Test class: com.ae.qa.testcasesTenantUser.InformationPageTestTU<br>Parameters: public void com.ae.qa.testcasesTenantUser.InformationPageTestTU.validateLastLoginTUTest(java.lang.reflect.Method) throws java.lang.Exception<br/>
<a href="#Output-1213094552" onClick='toggleBox("Output-1213094552", this, "Show output", "Hide output");'>Show output</a>

<a href="#Output-1213094552" onClick="toggleAllBoxes();">Show all outputs</a>
<div class='log' id="Output-1213094552">
User changed first time password of User Successfully<br/>
User log in Successfully<br/>
Last login time displayed successfully<br/>
User signed out successfully<br/>
</div>
</td>
<td></td>
<td>25</td>
<td>com.ae.qa.testcasesTenantUser.InformationPageTestTU@5a9f4771</td></tr>
<tr>
<td title='com.ae.qa.testcasesUserAdmin.InformationPageTestUA.validateLastLoginUATest()'><b>validateLastLoginUATest</b><br>Test class: com.ae.qa.testcasesUserAdmin.InformationPageTestUA<br>Parameters: public void com.ae.qa.testcasesUserAdmin.InformationPageTestUA.validateLastLoginUATest(java.lang.reflect.Method) throws java.lang.Exception<br/>
<a href="#Output-381969609" onClick='toggleBox("Output-381969609", this, "Show output", "Hide output");'>Show output</a>

<a href="#Output-381969609" onClick="toggleAllBoxes();">Show all outputs</a>
<div class='log' id="Output-381969609">
User changed first time password of User Successfully<br/>
User log in Successfully<br/>
Last login time displayed successfully<br/>
User signed out successfully<br/>
</div>
</td>
<td></td>
<td>24</td>
<td>com.ae.qa.testcasesUserAdmin.InformationPageTestUA@282cb7c7</td></tr>
<tr>
<td title='com.ae.qa.testcasesWorkflowAdmin.InformationPageTestWA.validateLastLoginWATest()'><b>validateLastLoginWATest</b><br>Test class: com.ae.qa.testcasesWorkflowAdmin.InformationPageTestWA<br>Parameters: public void com.ae.qa.testcasesWorkflowAdmin.InformationPageTestWA.validateLastLoginWATest(java.lang.reflect.Method) throws java.lang.Exception<br/>
<a href="#Output-867172988" onClick='toggleBox("Output-867172988", this, "Show output", "Hide output");'>Show output</a>

<a href="#Output-867172988" onClick="toggleAllBoxes();">Show all outputs</a>
<div class='log' id="Output-867172988">
User changed first time password of User Successfully<br/>
User log in Successfully<br/>
Last login time displayed successfully<br/>
User signed out successfully<br/>
</div>
</td>
<td></td>
<td>24</td>
<td>com.ae.qa.testcasesWorkflowAdmin.InformationPageTestWA@7d898981</td></tr>
<tr>
<td title='com.ae.qa.testcasesWorkflowAdmin.SchedulerPageTestWA.validateMonthlyScheduleWATest()'><b>validateMonthlyScheduleWATest</b><br>Test class: com.ae.qa.testcasesWorkflowAdmin.SchedulerPageTestWA<br>Parameters: public void com.ae.qa.testcasesWorkflowAdmin.SchedulerPageTestWA.validateMonthlyScheduleWATest(java.lang.reflect.Method) throws java.lang.Exception<br/>
<a href="#Output-508243351" onClick='toggleBox("Output-508243351", this, "Show output", "Hide output");'>Show output</a>

<a href="#Output-508243351" onClick="toggleAllBoxes();">Show all outputs</a>
<div class='log' id="Output-508243351">
User logged in successfully<br/>
Workflows Tab is clicked<br/>
Scheduler tab clicked<br/>
Add new Button clicked<br/>
Schedule form details started<br/>
Repeat Every checkbox is selected<br/>
Repeat time is selcted<br/>
End Time is selected<br/>
Schedule submitted<br/>
Actual Success Msg:Schedule created successfully<br/>
Expected Success Msg:Schedule created successfully<br/>
Weekly Schedule created successfully<br/>
User signed out successfully<br/>
</div>
</td>
<td></td>
<td>78</td>
<td>com.ae.qa.testcasesWorkflowAdmin.SchedulerPageTestWA@7fcf2fc1</td></tr>
<tr>
<td title='com.ae.qa.testcasesAgentAdmin.PluginsPageTestAA.validatePluginStepsAATest()'><b>validatePluginStepsAATest</b><br>Test class: com.ae.qa.testcasesAgentAdmin.PluginsPageTestAA<br>Parameters: public void com.ae.qa.testcasesAgentAdmin.PluginsPageTestAA.validatePluginStepsAATest(java.lang.reflect.Method) throws java.lang.Exception<br/>
<a href="#Output-439006276" onClick='toggleBox("Output-439006276", this, "Show output", "Hide output");'>Show output</a>

<a href="#Output-439006276" onClick="toggleAllBoxes();">Show all outputs</a>
<div class='log' id="Output-439006276">
User log in Successfully<br/>
Plugins Tab is selected<br/>
Advanced Search is Clicked<br/>
OOTB-Plugin Plugin is searched<br/>
Plugin step button is clicked<br/>
Plugin Step is displayed<br/>
</div>
</td>
<td></td>
<td>33</td>
<td>com.ae.qa.testcasesAgentAdmin.PluginsPageTestAA@258d79be</td></tr>
<tr>
<td title='com.ae.qa.testcasesWorkflowAdmin.PluginsPageTestWA.validatePluginStepsWATest()'><b>validatePluginStepsWATest</b><br>Test class: com.ae.qa.testcasesWorkflowAdmin.PluginsPageTestWA<br>Parameters: public void com.ae.qa.testcasesWorkflowAdmin.PluginsPageTestWA.validatePluginStepsWATest(java.lang.reflect.Method) throws java.lang.Exception<br/>
<a href="#Output-1792686065" onClick='toggleBox("Output-1792686065", this, "Show output", "Hide output");'>Show output</a>

<a href="#Output-1792686065" onClick="toggleAllBoxes();">Show all outputs</a>
<div class='log' id="Output-1792686065">
User log in Successfully<br/>
Plugins Tab is selected<br/>
Advanced Search is Clicked<br/>
OOTB-Plugin Plugin is searched<br/>
Plugin step button is clicked<br/>
Plugin Step is displayed<br/>
</div>
</td>
<td></td>
<td>27</td>
<td>com.ae.qa.testcasesWorkflowAdmin.PluginsPageTestWA@176b75f7</td></tr>
<tr>
<td title='com.ae.qa.testcasesUserAdmin.UserGroupsPageTestUA.validateRemoveUserFromGroupUATest()'><b>validateRemoveUserFromGroupUATest</b><br>Test class: com.ae.qa.testcasesUserAdmin.UserGroupsPageTestUA<br>Parameters: public void com.ae.qa.testcasesUserAdmin.UserGroupsPageTestUA.validateRemoveUserFromGroupUATest(java.lang.reflect.Method) throws java.lang.Exception<br/>
<a href="#Output-1752641735" onClick='toggleBox("Output-1752641735", this, "Show output", "Hide output");'>Show output</a>

<a href="#Output-1752641735" onClick="toggleAllBoxes();">Show all outputs</a>
<div class='log' id="Output-1752641735">
User logged in successfully<br/>
Users tab clicked<br/>
Users group tab clicked<br/>
Show Member button is clicked<br/>
Removing user1<br/>
Actual Username:User(s) removed from the group successfully<br/>
Expected Username:User(s) removed from the group successfully<br/>
User1 removed<br/>
User signed out successfully<br/>
</div>
</td>
<td></td>
<td>26</td>
<td>com.ae.qa.testcasesUserAdmin.UserGroupsPageTestUA@6c0d7c83</td></tr>
<tr>
<td title='com.ae.qa.testcasesActivityMonitor.DashboardsPageTestAM.validateReportCustomAMTest()'><b>validateReportCustomAMTest</b><br>Test class: com.ae.qa.testcasesActivityMonitor.DashboardsPageTestAM<br>Parameters: public void com.ae.qa.testcasesActivityMonitor.DashboardsPageTestAM.validateReportCustomAMTest(java.lang.reflect.Method) throws java.lang.Exception<br/>
<a href="#Output-191054738" onClick='toggleBox("Output-191054738", this, "Show output", "Hide output");'>Show output</a>

<a href="#Output-191054738" onClick="toggleAllBoxes();">Show all outputs</a>
<div class='log' id="Output-191054738">
User logged in successfully<br/>
Reports Tab is clicked<br/>
Dashboard chosed successfully<br/>
Add report is clicked<br/>
Report Type selected successfully<br/>
Generate on Worklfows radio button already selected<br/>
one workflow is selected<br/>
Generate button selected successfully<br/>
Report added as a Table<br/>
Report saved on screen<br/>
Report Custom Report KG displayed on screen successfully<br/>
User signed out successfully<br/>
</div>
</td>
<td></td>
<td>64</td>
<td>com.ae.qa.testcasesActivityMonitor.DashboardsPageTestAM@68d279ec</td></tr>
<tr>
<td title='com.ae.qa.testcasesWorkflowAdmin.DashboardsPageTestWA.validateReportCustomWATest()'><b>validateReportCustomWATest</b><br>Test class: com.ae.qa.testcasesWorkflowAdmin.DashboardsPageTestWA<br>Parameters: public void com.ae.qa.testcasesWorkflowAdmin.DashboardsPageTestWA.validateReportCustomWATest(java.lang.reflect.Method) throws java.lang.Exception<br/>
<a href="#Output-254834934" onClick='toggleBox("Output-254834934", this, "Show output", "Hide output");'>Show output</a>

<a href="#Output-254834934" onClick="toggleAllBoxes();">Show all outputs</a>
<div class='log' id="Output-254834934">
User logged in successfully<br/>
Reports Tab is clicked<br/>
Dashboard chosed successfully<br/>
Add report is clicked<br/>
Report Type selected successfully<br/>
Generate on Worklfows radio button already selected<br/>
one workflow is selected<br/>
Generate button selected successfully<br/>
Report added as a Table<br/>
Report saved on screen<br/>
Report Custom Report KG displayed on screen successfully<br/>
User signed out successfully<br/>
</div>
</td>
<td></td>
<td>63</td>
<td>com.ae.qa.testcasesWorkflowAdmin.DashboardsPageTestWA@3e74829</td></tr>
<tr>
<td title='com.ae.qa.testcasesActivityMonitor.DashboardsPageTestAM.validateReportNoneMultipleWFAMTest()'><b>validateReportNoneMultipleWFAMTest</b><br>Test class: com.ae.qa.testcasesActivityMonitor.DashboardsPageTestAM<br>Parameters: public void com.ae.qa.testcasesActivityMonitor.DashboardsPageTestAM.validateReportNoneMultipleWFAMTest(java.lang.reflect.Method) throws java.lang.Exception<br/>
<a href="#Output-1185626252" onClick='toggleBox("Output-1185626252", this, "Show output", "Hide output");'>Show output</a>

<a href="#Output-1185626252" onClick="toggleAllBoxes();">Show all outputs</a>
<div class='log' id="Output-1185626252">
User logged in successfully<br/>
Reports Tab is clicked<br/>
Dashboard chosed successfully<br/>
Add report is clicked<br/>
Report Type selected successfully<br/>
Generate on Worklfows radio button already selected<br/>
one workflow is selected<br/>
Second workflow is selected<br/>
Generate button selected successfully<br/>
Report added as a chart<br/>
Report saved on screen<br/>
Report Workflow Execution Summary KG displayed on screen successfully<br/>
User signed out successfully<br/>
</div>
</td>
<td></td>
<td>68</td>
<td>com.ae.qa.testcasesActivityMonitor.DashboardsPageTestAM@68d279ec</td></tr>
<tr>
<td title='com.ae.qa.testcasesWorkflowAdmin.DashboardsPageTestWA.validateReportNoneMultipleWFWATest()'><b>validateReportNoneMultipleWFWATest</b><br>Test class: com.ae.qa.testcasesWorkflowAdmin.DashboardsPageTestWA<br>Parameters: public void com.ae.qa.testcasesWorkflowAdmin.DashboardsPageTestWA.validateReportNoneMultipleWFWATest(java.lang.reflect.Method) throws java.lang.Exception<br/>
<a href="#Output-70988896" onClick='toggleBox("Output-70988896", this, "Show output", "Hide output");'>Show output</a>

<a href="#Output-70988896" onClick="toggleAllBoxes();">Show all outputs</a>
<div class='log' id="Output-70988896">
User logged in successfully<br/>
Reports Tab is clicked<br/>
Dashboard chosed successfully<br/>
Add report is clicked<br/>
Report Type selected successfully<br/>
Generate on Worklfows radio button already selected<br/>
one workflow is selected<br/>
Second workflow is selected<br/>
Generate button selected successfully<br/>
Report added as a chart<br/>
Report saved on screen<br/>
Report Workflow Execution Summary KG displayed on screen successfully<br/>
User signed out successfully<br/>
</div>
</td>
<td></td>
<td>67</td>
<td>com.ae.qa.testcasesWorkflowAdmin.DashboardsPageTestWA@3e74829</td></tr>
<tr>
<td title='com.ae.qa.testcasesWorkflowAdmin.RequestsPageTestWA.validateRequestFailureReasonWATest()'><b>validateRequestFailureReasonWATest</b><br>Test class: com.ae.qa.testcasesWorkflowAdmin.RequestsPageTestWA<br>Parameters: public void com.ae.qa.testcasesWorkflowAdmin.RequestsPageTestWA.validateRequestFailureReasonWATest(java.lang.reflect.Method) throws java.lang.Exception<br/>
<a href="#Output-481950237" onClick='toggleBox("Output-481950237", this, "Show output", "Hide output");'>Show output</a>

<a href="#Output-481950237" onClick="toggleAllBoxes();">Show all outputs</a>
<div class='log' id="Output-481950237">
User logged in successfully<br/>
Workflows Tab is clicked<br/>
Import button clicked<br/>
Is Assisted Workflow checkbox is unselected<br/>
Create Button is clicked<br/>
Priority is set<br/>
Expected Completion Time in Seconds is set<br/>
Maximum Completion Time in Seconds is set<br/>
Cleanup Requests older than Hours fields is set<br/>
Manual Execution Time is set<br/>
Manual Execution time unit is set<br/>
Save button is clicked<br/>
Workflow updated<br/>
Workflow is enabled successfully<br/>
User signed out successfully<br/>
Tenant Admin signed in successfully<br/>
Agents tab is clicked<br/>
Workflow Assignment tab is clicked<br/>
Edit button is selected<br/>
Workflow is searched<br/>
Required wf is selected<br/>
Saved the operation<br/>
Assignment confirmed<br/>
Actual Wf Assignment Msg:Assignment saved successfully.<br/>
Expected Wf Assignment Msg:Assignment saved successfully.<br/>
Single workflow is successfully assigned to default agent<br/>
User signed out successfully<br/>
User logged in successfully<br/>
Catalogue Tab is clicked<br/>
Workflow whose request needs to be send is selected<br/>
Submit request button is clicked<br/>
OK button is clicked<br/>
User signed out successfully<br/>
User logged in successfully<br/>
Requests Tab is clicked<br/>
Additional status details is clicked<br/>
Message after execution of wf:Error! : Could not prepare output file H:\Users\DELL\Downloads\OTF_UniqueRecords.xlsx<br/>
Workflow status is:Failure<br/>
User signed out successfully<br/>
</div>
</td>
<td></td>
<td>149</td>
<td>com.ae.qa.testcasesWorkflowAdmin.RequestsPageTestWA@60b4beb4</td></tr>
<tr>
<td title='com.ae.qa.testcasesWorkflowAdmin.RequestsPageTestWA.validateRequestStatusWATest()'><b>validateRequestStatusWATest</b><br>Test class: com.ae.qa.testcasesWorkflowAdmin.RequestsPageTestWA<br>Parameters: public void com.ae.qa.testcasesWorkflowAdmin.RequestsPageTestWA.validateRequestStatusWATest(java.lang.reflect.Method) throws java.lang.Exception<br/>
<a href="#Output-781880845" onClick='toggleBox("Output-781880845", this, "Show output", "Hide output");'>Show output</a>

<a href="#Output-781880845" onClick="toggleAllBoxes();">Show all outputs</a>
<div class='log' id="Output-781880845">
User logged in successfully<br/>
Requests Tab is clicked<br/>
Workflow status is:Failure<br/>
User signed out successfully<br/>
</div>
</td>
<td></td>
<td>42</td>
<td>com.ae.qa.testcasesWorkflowAdmin.RequestsPageTestWA@60b4beb4</td></tr>
<tr>
<td title='com.ae.qa.testcasesWorkflowAdmin.RequestsPageTestWA.validateRestartRequestWATest()'><b>validateRestartRequestWATest</b><br>Test class: com.ae.qa.testcasesWorkflowAdmin.RequestsPageTestWA<br>Parameters: public void com.ae.qa.testcasesWorkflowAdmin.RequestsPageTestWA.validateRestartRequestWATest(java.lang.reflect.Method) throws java.lang.Exception<br/>
<a href="#Output-993717641" onClick='toggleBox("Output-993717641", this, "Show output", "Hide output");'>Show output</a>

<a href="#Output-993717641" onClick="toggleAllBoxes();">Show all outputs</a>
<div class='log' id="Output-993717641">
User logged in successfully<br/>
Requests Tab is clicked<br/>
Restart icon is clicked<br/>
Request Status is Failure So Restart button is visible and clicked<br/>
Request [2099] has been restarted<br/>
User signed out successfully<br/>
</div>
</td>
<td></td>
<td>15</td>
<td>com.ae.qa.testcasesWorkflowAdmin.RequestsPageTestWA@60b4beb4</td></tr>
<tr>
<td title='com.ae.qa.testcasesActivityMonitor.DashboardsPageTestAM.validateSetAsDefaultReportAMTest()'><b>validateSetAsDefaultReportAMTest</b><br>Test class: com.ae.qa.testcasesActivityMonitor.DashboardsPageTestAM<br>Parameters: public void com.ae.qa.testcasesActivityMonitor.DashboardsPageTestAM.validateSetAsDefaultReportAMTest(java.lang.reflect.Method) throws java.lang.Exception<br/>
<a href="#Output-2074445202" onClick='toggleBox("Output-2074445202", this, "Show output", "Hide output");'>Show output</a>

<a href="#Output-2074445202" onClick="toggleAllBoxes();">Show all outputs</a>
<div class='log' id="Output-2074445202">
User logged in successfully<br/>
Reports Tab is clicked<br/>
Dashboard chosed successfully<br/>
Set as Default option clicked<br/>
Report set as a default successfully<br/>
User signed out successfully<br/>
</div>
</td>
<td></td>
<td>21</td>
<td>com.ae.qa.testcasesActivityMonitor.DashboardsPageTestAM@68d279ec</td></tr>
<tr>
<td title='com.ae.qa.testcasesWorkflowAdmin.DashboardsPageTestWA.validateSetAsDefaultReportWATest()'><b>validateSetAsDefaultReportWATest</b><br>Test class: com.ae.qa.testcasesWorkflowAdmin.DashboardsPageTestWA<br>Parameters: public void com.ae.qa.testcasesWorkflowAdmin.DashboardsPageTestWA.validateSetAsDefaultReportWATest(java.lang.reflect.Method) throws java.lang.Exception<br/>
<a href="#Output-1950426453" onClick='toggleBox("Output-1950426453", this, "Show output", "Hide output");'>Show output</a>

<a href="#Output-1950426453" onClick="toggleAllBoxes();">Show all outputs</a>
<div class='log' id="Output-1950426453">
User logged in successfully<br/>
Reports Tab is clicked<br/>
Dashboard chosed successfully<br/>
Set as Default option clicked<br/>
Report set as a default successfully<br/>
User signed out successfully<br/>
</div>
</td>
<td></td>
<td>21</td>
<td>com.ae.qa.testcasesWorkflowAdmin.DashboardsPageTestWA@3e74829</td></tr>
<tr>
<td title='com.ae.qa.testcasesActivityMonitor.RequestsPageTestAM.validateSpecificColumnInRequestAMTest()'><b>validateSpecificColumnInRequestAMTest</b><br>Test class: com.ae.qa.testcasesActivityMonitor.RequestsPageTestAM<br>Parameters: public void com.ae.qa.testcasesActivityMonitor.RequestsPageTestAM.validateSpecificColumnInRequestAMTest(java.lang.reflect.Method) throws java.lang.Exception<br/>
<a href="#Output-1750255667" onClick='toggleBox("Output-1750255667", this, "Show output", "Hide output");'>Show output</a>

<a href="#Output-1750255667" onClick="toggleAllBoxes();">Show all outputs</a>
<div class='log' id="Output-1750255667">
User logged in successfully<br/>
Requests Tab is clicked<br/>
Select All Checkbox is not already selected, Hence selected twice to deselect it.<br/>
Field of Columns: Id<br/>
Field of Columns: Workflow Name<br/>
Field of Columns: Priority<br/>
Field of Columns: Status<br/>
Field of Columns: Completed<br/>
Column Value found<br/>
All columns selected found in table.<br/>
User signed out successfully<br/>
</div>
</td>
<td></td>
<td>25</td>
<td>com.ae.qa.testcasesActivityMonitor.RequestsPageTestAM@48d61b48</td></tr>
<tr>
<td title='com.ae.qa.testcasesTenantUser.RequestPageTestTU.validateSpecificColumnInRequestTUTest()'><b>validateSpecificColumnInRequestTUTest</b><br>Test class: com.ae.qa.testcasesTenantUser.RequestPageTestTU<br>Parameters: public void com.ae.qa.testcasesTenantUser.RequestPageTestTU.validateSpecificColumnInRequestTUTest(java.lang.reflect.Method) throws java.lang.Exception<br/>
<a href="#Output-1833804968" onClick='toggleBox("Output-1833804968", this, "Show output", "Hide output");'>Show output</a>

<a href="#Output-1833804968" onClick="toggleAllBoxes();">Show all outputs</a>
<div class='log' id="Output-1833804968">
User logged in successfully<br/>
Requests Tab is clicked<br/>
Select All Checkbox is not already selected, Hence selected twice to deselect it.<br/>
Field of Columns: Id<br/>
Field of Columns: Workflow Name<br/>
Field of Columns: Priority<br/>
Field of Columns: Status<br/>
Field of Columns: Completed<br/>
Column Value found<br/>
All columns selected found in table.<br/>
User signed out successfully<br/>
</div>
</td>
<td></td>
<td>25</td>
<td>com.ae.qa.testcasesTenantUser.RequestPageTestTU@7aaca91a</td></tr>
<tr>
<td title='com.ae.qa.testcasesWorkflowAdmin.RequestsPageTestWA.validateSpecificColumnInRequestsWATest()'><b>validateSpecificColumnInRequestsWATest</b><br>Test class: com.ae.qa.testcasesWorkflowAdmin.RequestsPageTestWA<br>Parameters: public void com.ae.qa.testcasesWorkflowAdmin.RequestsPageTestWA.validateSpecificColumnInRequestsWATest(java.lang.reflect.Method) throws java.lang.Exception<br/>
<a href="#Output-405027912" onClick='toggleBox("Output-405027912", this, "Show output", "Hide output");'>Show output</a>

<a href="#Output-405027912" onClick="toggleAllBoxes();">Show all outputs</a>
<div class='log' id="Output-405027912">
User logged in successfully<br/>
Requests Tab is clicked<br/>
Select All Checkbox is not already selected, Hence selected twice to deselect it.<br/>
Field of Columns: Id<br/>
Field of Columns: Workflow Name<br/>
Field of Columns: Priority<br/>
Field of Columns: Status<br/>
Field of Columns: Completed<br/>
Column Value found<br/>
All columns selected found in table.<br/>
User signed out successfully<br/>
</div>
</td>
<td></td>
<td>24</td>
<td>com.ae.qa.testcasesWorkflowAdmin.RequestsPageTestWA@60b4beb4</td></tr>
<tr>
<td title='com.ae.qa.testcasesAgentAdmin.AgentListPageTestAA.validateStopAgentAATest()'><b>validateStopAgentAATest</b><br>Test class: com.ae.qa.testcasesAgentAdmin.AgentListPageTestAA<br>Parameters: public void com.ae.qa.testcasesAgentAdmin.AgentListPageTestAA.validateStopAgentAATest(java.lang.reflect.Method) throws java.lang.Exception<br/>
<a href="#Output-763817669" onClick='toggleBox("Output-763817669", this, "Show output", "Hide output");'>Show output</a>

<a href="#Output-763817669" onClick="toggleAllBoxes();">Show all outputs</a>
<div class='log' id="Output-763817669">
User LogIn Succesfully<br/>
User navigated to Agents Tab<br/>
Current status of Assisted Agent is: Running<br/>
Assisted Agent is in running mode<br/>
Stop Button is Clicked<br/>
Confirm Stop Button is Clicked<br/>
Current status of Assisted Agent is: Running<br/>
Agent is in Stopped mode<br/>
Agent is stopped successfully<br/>
User signed out successfully<br/>
</div>
</td>
<td></td>
<td>46</td>
<td>com.ae.qa.testcasesAgentAdmin.AgentListPageTestAA@71e693fa</td></tr>
<tr>
<td title='com.ae.qa.testcasesWorkflowAdmin.CataloguePageTestWA.validateSubmitReqCustomCategoryWATest()'><b>validateSubmitReqCustomCategoryWATest</b><br>Test class: com.ae.qa.testcasesWorkflowAdmin.CataloguePageTestWA<br>Parameters: public void com.ae.qa.testcasesWorkflowAdmin.CataloguePageTestWA.validateSubmitReqCustomCategoryWATest(java.lang.reflect.Method) throws java.lang.Exception<br/>
<a href="#Output-1743732394" onClick='toggleBox("Output-1743732394", this, "Show output", "Hide output");'>Show output</a>

<a href="#Output-1743732394" onClick="toggleAllBoxes();">Show all outputs</a>
<div class='log' id="Output-1743732394">
User logged in successfully<br/>
Workflows Tab is clicked<br/>
Import button clicked<br/>
assisted Workflow is selected<br/>
assisted Workflow is unselected<br/>
Create Button is clicked<br/>
Priority is set<br/>
Expected Completion Time in Seconds is set<br/>
Maximum Completion Time in Seconds is set<br/>
Cleanup Requests older than Hours fields is set<br/>
Manual Execution Time is set<br/>
Manual Execution time unit is set<br/>
Save button is clicked<br/>
Workflow updated<br/>
Workflow is enabled successfully<br/>
User signed out successfully<br/>
User logged in successfully<br/>
Catalogue Tab is clicked<br/>
Workflow whose request needs to be send is selected<br/>
Submit request button is clicked<br/>
Actual Popup Box:- Success!<br/>
Expected Popup Box:- Success!<br/>
OK button is clicked<br/>
Request is submitted successfully<br/>
User signed out successfully<br/>
</div>
</td>
<td></td>
<td>77</td>
<td>com.ae.qa.testcasesWorkflowAdmin.CataloguePageTestWA@41005828</td></tr>
<tr>
<td title='com.ae.qa.testcasesTenantUser.CataloguePageTestTU.validateSubmitReqDefaultCategoryTUTest()'><b>validateSubmitReqDefaultCategoryTUTest</b><br>Test class: com.ae.qa.testcasesTenantUser.CataloguePageTestTU<br>Parameters: public void com.ae.qa.testcasesTenantUser.CataloguePageTestTU.validateSubmitReqDefaultCategoryTUTest(java.lang.reflect.Method) throws java.lang.Exception<br/>
<a href="#Output-642819137" onClick='toggleBox("Output-642819137", this, "Show output", "Hide output");'>Show output</a>

<a href="#Output-642819137" onClick="toggleAllBoxes();">Show all outputs</a>
<div class='log' id="Output-642819137">
User logged in successfully<br/>
Workflows Tab is clicked<br/>
Import button clicked<br/>
assisted Workflow is selected<br/>
Create Button is clicked<br/>
Priority is set<br/>
Expected Completion Time in Seconds is set<br/>
Maximum Completion Time in Seconds is set<br/>
Cleanup Requests older than Hours fields is set<br/>
Manual Execution Time is set<br/>
Manual Execution time unit is set<br/>
Save button is clicked<br/>
Workflow updated<br/>
Workflow is enabled successfully<br/>
User signed out successfully<br/>
User logged in successfully<br/>
Workflows Tab is clicked<br/>
Permissions Tab is clicked<br/>
Workflows button is clicked<br/>
Workflow is been selected<br/>
Users button is clicked<br/>
Permission is selected successfully<br/>
Save button is clicked<br/>
Actual Success Message:- Permissions updated successfully<br/>
Expected Success Message:- Permissions updated successfully<br/>
Permission is updated successfully<br/>
User signed out successfully<br/>
User logged in successfully<br/>
Catalogue Tab is clicked<br/>
Workflow whose request needs to be send is selected<br/>
Submit request button is clicked<br/>
Actual Popup Box:- Success!<br/>
Expected Popup Box:- Success!<br/>
OK button is clicked<br/>
Request is submitted successfully<br/>
User signed out successfully<br/>
</div>
</td>
<td></td>
<td>97</td>
<td>com.ae.qa.testcasesTenantUser.CataloguePageTestTU@7b8b43c7</td></tr>
<tr>
<td title='com.ae.qa.testcasesWorkflowAdmin.CataloguePageTestWA.validateSubmitReqDefaultCategoryWATest()'><b>validateSubmitReqDefaultCategoryWATest</b><br>Test class: com.ae.qa.testcasesWorkflowAdmin.CataloguePageTestWA<br>Parameters: public void com.ae.qa.testcasesWorkflowAdmin.CataloguePageTestWA.validateSubmitReqDefaultCategoryWATest(java.lang.reflect.Method) throws java.lang.Exception<br/>
<a href="#Output-1697816158" onClick='toggleBox("Output-1697816158", this, "Show output", "Hide output");'>Show output</a>

<a href="#Output-1697816158" onClick="toggleAllBoxes();">Show all outputs</a>
<div class='log' id="Output-1697816158">
User logged in successfully<br/>
Catalogue Tab is clicked<br/>
Workflow whose request needs to be send is selected<br/>
Submit request button is clicked<br/>
Actual Popup Box:- Success!<br/>
Expected Popup Box:- Success!<br/>
OK button is clicked<br/>
Request is submitted successfully<br/>
User signed out successfully<br/>
</div>
</td>
<td></td>
<td>23</td>
<td>com.ae.qa.testcasesWorkflowAdmin.CataloguePageTestWA@41005828</td></tr>
<tr>
<td title='com.ae.qa.testcasesWorkflowAdmin.RequestsPageTestWA.validateTerminateRequestWATest()'><b>validateTerminateRequestWATest</b><br>Test class: com.ae.qa.testcasesWorkflowAdmin.RequestsPageTestWA<br>Parameters: public void com.ae.qa.testcasesWorkflowAdmin.RequestsPageTestWA.validateTerminateRequestWATest(java.lang.reflect.Method) throws java.lang.Exception<br/>
<a href="#Output-1491568842" onClick='toggleBox("Output-1491568842", this, "Show output", "Hide output");'>Show output</a>

<a href="#Output-1491568842" onClick="toggleAllBoxes();">Show all outputs</a>
<div class='log' id="Output-1491568842">
User logged in successfully<br/>
Workflows Tab is clicked<br/>
Import button clicked<br/>
Is Assisted Workflow checkbox is unselected<br/>
Create Button is clicked<br/>
Priority is set<br/>
Expected Completion Time in Seconds is set<br/>
Maximum Completion Time in Seconds is set<br/>
Cleanup Requests older than Hours fields is set<br/>
Manual Execution Time is set<br/>
Manual Execution time unit is set<br/>
Config Parameter is clicked<br/>
Config Parameter is entered<br/>
Save button is clicked<br/>
Workflow updated<br/>
Workflow is enabled successfully<br/>
User signed out successfully<br/>
Tenant Admin signed in successfully<br/>
Agents tab is clicked<br/>
Workflow Assignment tab is clicked<br/>
Edit button is selected<br/>
Workflow is searched<br/>
Required wf is selected<br/>
Saved the operation<br/>
Assignment confirmed<br/>
Actual Wf Assignment Msg:Assignment saved successfully.<br/>
Expected Wf Assignment Msg:Assignment saved successfully.<br/>
Single workflow is successfully assigned to default agent<br/>
User signed out successfully<br/>
User logged in successfully<br/>
Catalogue Tab is clicked<br/>
Workflow whose request needs to be send is selected<br/>
Submit request button is clicked<br/>
OK button is clicked<br/>
Requests Tab is clicked<br/>
Request Status is ExecutionStarted So Terminate button is visible and clicked<br/>
Request [2100] termination has been initiated<br/>
User signed out successfully<br/>
</div>
</td>
<td></td>
<td>137</td>
<td>com.ae.qa.testcasesWorkflowAdmin.RequestsPageTestWA@60b4beb4</td></tr>
<tr>
<td title='com.ae.qa.testcasesActivityMonitor.RequestsPageTestAM.validateUncheckColumnInRequestAMTest()'><b>validateUncheckColumnInRequestAMTest</b><br>Test class: com.ae.qa.testcasesActivityMonitor.RequestsPageTestAM<br>Parameters: public void com.ae.qa.testcasesActivityMonitor.RequestsPageTestAM.validateUncheckColumnInRequestAMTest(java.lang.reflect.Method) throws java.lang.Exception<br/>
<a href="#Output-1600307214" onClick='toggleBox("Output-1600307214", this, "Show output", "Hide output");'>Show output</a>

<a href="#Output-1600307214" onClick="toggleAllBoxes();">Show all outputs</a>
<div class='log' id="Output-1600307214">
User logged in successfully<br/>
Requests Tab is clicked<br/>
Select All Checkbox is not already selected, Hence selected twice to deselect it.<br/>
Selected count of No. of colums 3<br/>
Total No of columns in table: 3<br/>
Field of Columns: Id<br/>
Field of Columns: Workflow Name<br/>
Field of Columns: Status<br/>
Column Value found<br/>
All Options got deselected except Id,Workflow Name,Status.<br/>
User signed out successfully<br/>
</div>
</td>
<td></td>
<td>19</td>
<td>com.ae.qa.testcasesActivityMonitor.RequestsPageTestAM@48d61b48</td></tr>
<tr>
<td title='com.ae.qa.testcasesTenantUser.RequestPageTestTU.validateUncheckColumnInRequestTUTest()'><b>validateUncheckColumnInRequestTUTest</b><br>Test class: com.ae.qa.testcasesTenantUser.RequestPageTestTU<br>Parameters: public void com.ae.qa.testcasesTenantUser.RequestPageTestTU.validateUncheckColumnInRequestTUTest(java.lang.reflect.Method) throws java.lang.Exception<br/>
<a href="#Output-58016489" onClick='toggleBox("Output-58016489", this, "Show output", "Hide output");'>Show output</a>

<a href="#Output-58016489" onClick="toggleAllBoxes();">Show all outputs</a>
<div class='log' id="Output-58016489">
User logged in successfully<br/>
Requests Tab is clicked<br/>
Select All Checkbox is not already selected, Hence selected twice to deselect it.<br/>
Selected count of No. of colums 3<br/>
Total No of columns in table: 3<br/>
Field of Columns: Id<br/>
Field of Columns: Workflow Name<br/>
Field of Columns: Status<br/>
Column Value found<br/>
All Options got deselected except Id,Workflow Name,Status.<br/>
User signed out successfully<br/>
</div>
</td>
<td></td>
<td>19</td>
<td>com.ae.qa.testcasesTenantUser.RequestPageTestTU@7aaca91a</td></tr>
<tr>
<td title='com.ae.qa.testcasesWorkflowAdmin.WorkflowListPageTestWA.validateUpdateWFConfigParamCreatedByTAdminWATest()'><b>validateUpdateWFConfigParamCreatedByTAdminWATest</b><br>Test class: com.ae.qa.testcasesWorkflowAdmin.WorkflowListPageTestWA<br>Parameters: public void com.ae.qa.testcasesWorkflowAdmin.WorkflowListPageTestWA.validateUpdateWFConfigParamCreatedByTAdminWATest(java.lang.reflect.Method) throws java.lang.Exception<br/>
<a href="#Output-665010715" onClick='toggleBox("Output-665010715", this, "Show output", "Hide output");'>Show output</a>

<a href="#Output-665010715" onClick="toggleAllBoxes();">Show all outputs</a>
<div class='log' id="Output-665010715">
User logged in successfully<br/>
Workflows Tab is clicked<br/>
Import button clicked<br/>
Is Assisted Workflow checkbox is unselected<br/>
Create Button is clicked<br/>
Priority is set<br/>
Expected Completion Time in Seconds is set<br/>
Maximum Completion Time in Seconds is set<br/>
Cleanup Requests older than Hours fields is set<br/>
Manual Execution Time is set<br/>
Manual Execution time unit is set<br/>
Save button is clicked<br/>
Workflow updated<br/>
Workflow is enabled successfully<br/>
User signed out successfully<br/>
Workflows Tab is clicked<br/>
Import Dropdown is clicked<br/>
Update Button is Clicked<br/>
Workflow is been selected<br/>
Updated workflow file is choosed<br/>
Save button is clicked<br/>
Configuration Parameters dropdown is clicked<br/>
Save button is clicked<br/>
Workflow updated<br/>
Workflow is enabled successfully<br/>
User signed out successfully<br/>
Tenant Admin signed in successfully<br/>
Agents tab is clicked<br/>
Workflow Assignment tab is clicked<br/>
Edit button is selected<br/>
Workflow is searched<br/>
Required wf is selected<br/>
Saved the operation<br/>
Assignment confirmed<br/>
Actual Wf Assignment Msg:Assignment saved successfully.<br/>
Expected Wf Assignment Msg:Assignment saved successfully.<br/>
Single workflow is successfully assigned to default agent<br/>
User signed out successfully<br/>
Catalogue Tab is clicked<br/>
Workflow whose request needs to be send is selected<br/>
Run Parameter are displayed and entered<br/>
Submit request button is clicked<br/>
OK button is clicked<br/>
User signed out successfully<br/>
</div>
</td>
<td></td>
<td>133</td>
<td>com.ae.qa.testcasesWorkflowAdmin.WorkflowListPageTestWA@2141a12</td></tr>
<tr>
<td title='com.ae.qa.testcasesAgentAdmin.InformationPageTestAA.validateViewProfileAATest()'><b>validateViewProfileAATest</b><br>Test class: com.ae.qa.testcasesAgentAdmin.InformationPageTestAA<br>Parameters: public void com.ae.qa.testcasesAgentAdmin.InformationPageTestAA.validateViewProfileAATest(java.lang.reflect.Method) throws java.lang.Exception<br/>
<a href="#Output-1859670293" onClick='toggleBox("Output-1859670293", this, "Show output", "Hide output");'>Show output</a>

<a href="#Output-1859670293" onClick="toggleAllBoxes();">Show all outputs</a>
<div class='log' id="Output-1859670293">
User logged in successfully<br/>
Profile details validation successfully.<br/>
User signed out successfully<br/>
</div>
</td>
<td></td>
<td>44</td>
<td>com.ae.qa.testcasesAgentAdmin.InformationPageTestAA@21129f1f</td></tr>
<tr>
<td title='com.ae.qa.testcasesActivityMonitor.InformationPageTestAM.validateViewProfileAMTest()'><b>validateViewProfileAMTest</b><br>Test class: com.ae.qa.testcasesActivityMonitor.InformationPageTestAM<br>Parameters: public void com.ae.qa.testcasesActivityMonitor.InformationPageTestAM.validateViewProfileAMTest(java.lang.reflect.Method) throws java.lang.Exception<br/>
<a href="#Output-1468425143" onClick='toggleBox("Output-1468425143", this, "Show output", "Hide output");'>Show output</a>

<a href="#Output-1468425143" onClick="toggleAllBoxes();">Show all outputs</a>
<div class='log' id="Output-1468425143">
User logged in successfully<br/>
Profile details validation successfully.<br/>
User signed out successfully<br/>
</div>
</td>
<td></td>
<td>44</td>
<td>com.ae.qa.testcasesActivityMonitor.InformationPageTestAM@6853425f</td></tr>
<tr>
<td title='com.ae.qa.testcasesTenantUser.InformationPageTestTU.validateViewProfileTUTest()'><b>validateViewProfileTUTest</b><br>Test class: com.ae.qa.testcasesTenantUser.InformationPageTestTU<br>Parameters: public void com.ae.qa.testcasesTenantUser.InformationPageTestTU.validateViewProfileTUTest(java.lang.reflect.Method) throws java.lang.Exception<br/>
<a href="#Output-1965233495" onClick='toggleBox("Output-1965233495", this, "Show output", "Hide output");'>Show output</a>

<a href="#Output-1965233495" onClick="toggleAllBoxes();">Show all outputs</a>
<div class='log' id="Output-1965233495">
User logged in successfully<br/>
Profile details validation successfully.<br/>
User signed out successfully<br/>
</div>
</td>
<td></td>
<td>43</td>
<td>com.ae.qa.testcasesTenantUser.InformationPageTestTU@5a9f4771</td></tr>
<tr>
<td title='com.ae.qa.testcasesUserAdmin.InformationPageTestUA.validateViewProfileUATest()'><b>validateViewProfileUATest</b><br>Test class: com.ae.qa.testcasesUserAdmin.InformationPageTestUA<br>Parameters: public void com.ae.qa.testcasesUserAdmin.InformationPageTestUA.validateViewProfileUATest(java.lang.reflect.Method) throws java.lang.Exception<br/>
<a href="#Output-640880496" onClick='toggleBox("Output-640880496", this, "Show output", "Hide output");'>Show output</a>

<a href="#Output-640880496" onClick="toggleAllBoxes();">Show all outputs</a>
<div class='log' id="Output-640880496">
User logged in successfully<br/>
Profile details validation successfully.<br/>
User signed out successfully<br/>
</div>
</td>
<td></td>
<td>42</td>
<td>com.ae.qa.testcasesUserAdmin.InformationPageTestUA@282cb7c7</td></tr>
<tr>
<td title='com.ae.qa.testcasesWorkflowAdmin.InformationPageTestWA.validateViewProfileWATest()'><b>validateViewProfileWATest</b><br>Test class: com.ae.qa.testcasesWorkflowAdmin.InformationPageTestWA<br>Parameters: public void com.ae.qa.testcasesWorkflowAdmin.InformationPageTestWA.validateViewProfileWATest(java.lang.reflect.Method) throws java.lang.Exception<br/>
<a href="#Output-1732181078" onClick='toggleBox("Output-1732181078", this, "Show output", "Hide output");'>Show output</a>

<a href="#Output-1732181078" onClick="toggleAllBoxes();">Show all outputs</a>
<div class='log' id="Output-1732181078">
User logged in successfully<br/>
Profile details validation successfully.<br/>
User signed out successfully<br/>
</div>
</td>
<td></td>
<td>45</td>
<td>com.ae.qa.testcasesWorkflowAdmin.InformationPageTestWA@7d898981</td></tr>
<tr>
<td title='com.ae.qa.testcasesAgentAdmin.PluginsPageTestAA.validateWFPluginUtilizationAATest()'><b>validateWFPluginUtilizationAATest</b><br>Test class: com.ae.qa.testcasesAgentAdmin.PluginsPageTestAA<br>Parameters: public void com.ae.qa.testcasesAgentAdmin.PluginsPageTestAA.validateWFPluginUtilizationAATest(java.lang.reflect.Method) throws java.lang.Exception<br/>
<a href="#Output-1406396063" onClick='toggleBox("Output-1406396063", this, "Show output", "Hide output");'>Show output</a>

<a href="#Output-1406396063" onClick="toggleAllBoxes();">Show all outputs</a>
<div class='log' id="Output-1406396063">
User log in Successfully<br/>
Plugins Tab is selected<br/>
Advanced Search is Clicked<br/>
OOTB-Plugin Plugin is searched<br/>
Plugin Utlization button is clicked<br/>
Plugin Native Utilization is displayed<br/>
</div>
</td>
<td></td>
<td>35</td>
<td>com.ae.qa.testcasesAgentAdmin.PluginsPageTestAA@258d79be</td></tr>
<tr>
<td title='com.ae.qa.testcasesWorkflowAdmin.PluginsPageTestWA.validateWFPluginUtilizationWATest()'><b>validateWFPluginUtilizationWATest</b><br>Test class: com.ae.qa.testcasesWorkflowAdmin.PluginsPageTestWA<br>Parameters: public void com.ae.qa.testcasesWorkflowAdmin.PluginsPageTestWA.validateWFPluginUtilizationWATest(java.lang.reflect.Method) throws java.lang.Exception<br/>
<a href="#Output-49037931" onClick='toggleBox("Output-49037931", this, "Show output", "Hide output");'>Show output</a>

<a href="#Output-49037931" onClick="toggleAllBoxes();">Show all outputs</a>
<div class='log' id="Output-49037931">
User log in Successfully<br/>
Plugins Tab is selected<br/>
Advanced Search is Clicked<br/>
OOTB-Plugin Plugin is searched<br/>
Plugin Utlization button is clicked<br/>
Plugin Native Utilization is displayed<br/>
</div>
</td>
<td></td>
<td>28</td>
<td>com.ae.qa.testcasesWorkflowAdmin.PluginsPageTestWA@176b75f7</td></tr>
<tr>
<td title='com.ae.qa.testcasesWorkflowAdmin.SchedulerPageTestWA.validateWeeklyScheduleWATest()'><b>validateWeeklyScheduleWATest</b><br>Test class: com.ae.qa.testcasesWorkflowAdmin.SchedulerPageTestWA<br>Parameters: public void com.ae.qa.testcasesWorkflowAdmin.SchedulerPageTestWA.validateWeeklyScheduleWATest(java.lang.reflect.Method) throws java.lang.Exception<br/>
<a href="#Output-1489121493" onClick='toggleBox("Output-1489121493", this, "Show output", "Hide output");'>Show output</a>

<a href="#Output-1489121493" onClick="toggleAllBoxes();">Show all outputs</a>
<div class='log' id="Output-1489121493">
User logged in successfully<br/>
Workflows Tab is clicked<br/>
Scheduler tab clicked<br/>
Add new Button clicked<br/>
Schedule form details started<br/>
Start day selected<br/>
End day selected<br/>
Schedule type selected<br/>
Repeat Every checkbox is selected<br/>
Repeat time is selcted<br/>
End Time is selected<br/>
Schedule submitted<br/>
Actual Success Msg:Schedule created successfully<br/>
Expected Success Msg:Schedule created successfully<br/>
Weekly Schedule created successfully<br/>
User signed out successfully<br/>
</div>
</td>
<td></td>
<td>80</td>
<td>com.ae.qa.testcasesWorkflowAdmin.SchedulerPageTestWA@7fcf2fc1</td></tr>
<tr>
<td title='com.ae.qa.testcasesWorkflowAdmin.RequestsPageTestWA.validatecheckColumnsInRequestsWATest()'><b>validatecheckColumnsInRequestsWATest</b><br>Test class: com.ae.qa.testcasesWorkflowAdmin.RequestsPageTestWA<br>Parameters: public void com.ae.qa.testcasesWorkflowAdmin.RequestsPageTestWA.validatecheckColumnsInRequestsWATest(java.lang.reflect.Method) throws java.lang.Exception<br/>
<a href="#Output-1518731305" onClick='toggleBox("Output-1518731305", this, "Show output", "Hide output");'>Show output</a>

<a href="#Output-1518731305" onClick="toggleAllBoxes();">Show all outputs</a>
<div class='log' id="Output-1518731305">
User logged in successfully<br/>
Requests Tab is clicked<br/>
All Column got displayed in records after Checking select All checkbox.<br/>
User signed out successfully<br/>
</div>
</td>
<td></td>
<td>18</td>
<td>com.ae.qa.testcasesWorkflowAdmin.RequestsPageTestWA@60b4beb4</td></tr>
<tr>
<td title='com.ae.qa.testcasesWorkflowAdmin.RequestsPageTestWA.validatedeselectAllInRequestsWATest()'><b>validatedeselectAllInRequestsWATest</b><br>Test class: com.ae.qa.testcasesWorkflowAdmin.RequestsPageTestWA<br>Parameters: public void com.ae.qa.testcasesWorkflowAdmin.RequestsPageTestWA.validatedeselectAllInRequestsWATest(java.lang.reflect.Method) throws java.lang.Exception<br/>
<a href="#Output-787778168" onClick='toggleBox("Output-787778168", this, "Show output", "Hide output");'>Show output</a>

<a href="#Output-787778168" onClick="toggleAllBoxes();">Show all outputs</a>
<div class='log' id="Output-787778168">
User logged in successfully<br/>
Requests Tab is clicked<br/>
Select All Checkbox is not already selected, Hence selected twice to deselect it.<br/>
Selected count of No. of colums 3<br/>
Total No of columns in table: 3<br/>
Field of Columns: Id<br/>
Field of Columns: Workflow Name<br/>
Field of Columns: Status<br/>
Column Value found<br/>
All Options got deselected except Id,Workflow Name,Status.<br/>
User signed out successfully<br/>
</div>
</td>
<td></td>
<td>18</td>
<td>com.ae.qa.testcasesWorkflowAdmin.RequestsPageTestWA@60b4beb4</td></tr>
</table><p>
<table width='100%' border='1' class='invocation-skipped'>
<tr><td colspan='4' align='center'><b>SKIPPED TESTS</b></td></tr>
<tr><td><b>Test method</b></td>
<td width="30%"><b>Exception</b></td>
<td width="10%"><b>Time (seconds)</b></td>
<td><b>Instance</b></td>
</tr>
<tr>
<td title='com.ae.qa.testcasesTenantUser.DashboardsPageTestTU.validateDashboardRelativeTUTest()'><b>validateDashboardRelativeTUTest</b><br>Test class: com.ae.qa.testcasesTenantUser.DashboardsPageTestTU</td>
<td><div><pre>org.openqa.selenium.NoSuchWindowException: no such window: target window already closed
from unknown error: web view not found
  (Session info: chrome=109.0.5414.120)
Build info: version: &apos;3.141.59&apos;, revision: &apos;e82be7d358&apos;, time: &apos;2018-11-14T08:17:03&apos;
System info: host: &apos;DESKTOP-5VHKQUJ&apos;, ip: &apos;192.168.0.102&apos;, os.name: &apos;Windows 10&apos;, os.arch: &apos;amd64&apos;, os.version: &apos;10.0&apos;, java.version: &apos;16.0.2&apos;
Driver info: org.openqa.selenium.chrome.ChromeDriver
Capabilities {acceptInsecureCerts: false, browserName: chrome, browserVersion: 109.0.5414.120, chrome: {chromedriverVersion: 109.0.5414.74 (e7c5703604da..., userDataDir: C:\Users\DELL\AppData\Local...}, goog:chromeOptions: {debuggerAddress: localhost:50936}, javascriptEnabled: true, networkConnectionEnabled: false, pageLoadStrategy: normal, platform: WINDOWS, platformName: WINDOWS, proxy: Proxy(), setWindowRect: true, strictFileInteractability: false, timeouts: {implicit: 0, pageLoad: 300000, script: 30000}, unhandledPromptBehavior: dismiss and notify, webauthn:extension:credBlob: true, webauthn:extension:largeBlob: true, webauthn:virtualAuthenticators: true}
Session ID: 2bd888bb7973ad7e5c71fbe520788133
	at org.openqa.selenium.remote.http.W3CHttpResponseCodec.createException(W3CHttpResponseCodec.java:187)
	at org.openqa.selenium.remote.http.W3CHttpResponseCodec.decode(W3CHttpResponseCodec.java:122)
	at org.openqa.selenium.remote.http.W3CHttpResponseCodec.decode(W3CHttpResponseCodec.java:49)
	at org.openqa.selenium.remote.HttpCommandExecutor.execute(HttpCommandExecutor.java:158)
	at org.openqa.selenium.remote.service.DriverCommandExecutor.execute(DriverCommandExecutor.java:83)
	at org.openqa.selenium.remote.RemoteWebDriver.execute(RemoteWebDriver.java:552)
	at org.openqa.selenium.remote.RemoteWebDriver.execute(RemoteWebDriver.java:609)
	at org.openqa.selenium.remote.RemoteWebDriver.getScreenshotAs(RemoteWebDriver.java:295)
	at com.ae.qa.base.TestBase.getScreenShot(TestBase.java:111)
	at com.ae.qa.base.TestBase.getResult(TestBase.java:192)
	at java.base/java.util.concurrent.ThreadPoolExecutor.runWorker(ThreadPoolExecutor.java:1130)
	at java.base/java.util.concurrent.ThreadPoolExecutor$Worker.run(ThreadPoolExecutor.java:630)
	at java.base/java.lang.Thread.run(Thread.java:831)
... Removed 17 stack frames</pre></div><a href='#' onClick='toggleBox("stack-trace2126213184", this, "Click to show all stack frames", "Click to hide stack frames")'>Click to show all stack frames</a>
<div class='stack-trace' id='stack-trace2126213184'><pre>org.openqa.selenium.NoSuchWindowException: no such window: target window already closed
from unknown error: web view not found
  (Session info: chrome=109.0.5414.120)
Build info: version: &apos;3.141.59&apos;, revision: &apos;e82be7d358&apos;, time: &apos;2018-11-14T08:17:03&apos;
System info: host: &apos;DESKTOP-5VHKQUJ&apos;, ip: &apos;192.168.0.102&apos;, os.name: &apos;Windows 10&apos;, os.arch: &apos;amd64&apos;, os.version: &apos;10.0&apos;, java.version: &apos;16.0.2&apos;
Driver info: org.openqa.selenium.chrome.ChromeDriver
Capabilities {acceptInsecureCerts: false, browserName: chrome, browserVersion: 109.0.5414.120, chrome: {chromedriverVersion: 109.0.5414.74 (e7c5703604da..., userDataDir: C:\Users\DELL\AppData\Local...}, goog:chromeOptions: {debuggerAddress: localhost:50936}, javascriptEnabled: true, networkConnectionEnabled: false, pageLoadStrategy: normal, platform: WINDOWS, platformName: WINDOWS, proxy: Proxy(), setWindowRect: true, strictFileInteractability: false, timeouts: {implicit: 0, pageLoad: 300000, script: 30000}, unhandledPromptBehavior: dismiss and notify, webauthn:extension:credBlob: true, webauthn:extension:largeBlob: true, webauthn:virtualAuthenticators: true}
Session ID: 2bd888bb7973ad7e5c71fbe520788133
	at java.base/jdk.internal.reflect.NativeConstructorAccessorImpl.newInstance0(Native Method)
	at java.base/jdk.internal.reflect.NativeConstructorAccessorImpl.newInstance(NativeConstructorAccessorImpl.java:78)
	at java.base/jdk.internal.reflect.DelegatingConstructorAccessorImpl.newInstance(DelegatingConstructorAccessorImpl.java:45)
	at java.base/java.lang.reflect.Constructor.newInstanceWithCaller(Constructor.java:499)
	at java.base/java.lang.reflect.Constructor.newInstance(Constructor.java:480)
	at org.openqa.selenium.remote.http.W3CHttpResponseCodec.createException(W3CHttpResponseCodec.java:187)
	at org.openqa.selenium.remote.http.W3CHttpResponseCodec.decode(W3CHttpResponseCodec.java:122)
	at org.openqa.selenium.remote.http.W3CHttpResponseCodec.decode(W3CHttpResponseCodec.java:49)
	at org.openqa.selenium.remote.HttpCommandExecutor.execute(HttpCommandExecutor.java:158)
	at org.openqa.selenium.remote.service.DriverCommandExecutor.execute(DriverCommandExecutor.java:83)
	at org.openqa.selenium.remote.RemoteWebDriver.execute(RemoteWebDriver.java:552)
	at org.openqa.selenium.remote.RemoteWebDriver.execute(RemoteWebDriver.java:609)
	at org.openqa.selenium.remote.RemoteWebDriver.getScreenshotAs(RemoteWebDriver.java:295)
	at com.ae.qa.base.TestBase.getScreenShot(TestBase.java:111)
	at com.ae.qa.base.TestBase.getResult(TestBase.java:192)
	at jdk.internal.reflect.GeneratedMethodAccessor5.invoke(Unknown Source)
	at java.base/jdk.internal.reflect.DelegatingMethodAccessorImpl.invoke(DelegatingMethodAccessorImpl.java:43)
	at java.base/java.lang.reflect.Method.invoke(Method.java:567)
	at org.testng.internal.MethodInvocationHelper.invokeMethod(MethodInvocationHelper.java:124)
	at org.testng.internal.MethodInvocationHelper.invokeMethodConsideringTimeout(MethodInvocationHelper.java:59)
	at org.testng.internal.Invoker.invokeConfigurationMethod(Invoker.java:458)
	at org.testng.internal.Invoker.invokeConfigurations(Invoker.java:222)
	at org.testng.internal.Invoker.invokeMethod(Invoker.java:646)
	at org.testng.internal.Invoker.invokeTestMethod(Invoker.java:719)
	at org.testng.internal.Invoker.invokeTestMethods(Invoker.java:989)
	at org.testng.internal.TestMethodWorker.invokeTestMethods(TestMethodWorker.java:125)
	at org.testng.internal.TestMethodWorker.run(TestMethodWorker.java:109)
	at java.base/java.util.concurrent.ThreadPoolExecutor.runWorker(ThreadPoolExecutor.java:1130)
	at java.base/java.util.concurrent.ThreadPoolExecutor$Worker.run(ThreadPoolExecutor.java:630)
	at java.base/java.lang.Thread.run(Thread.java:831)
</pre></div></td>
<td>0</td>
<td>com.ae.qa.testcasesTenantUser.DashboardsPageTestTU@4f6f416f</td></tr>
<tr>
<td title='com.ae.qa.testcasesTenantUser.DashboardsPageTestTU.validateDashboardTodayTUTest()'><b>validateDashboardTodayTUTest</b><br>Test class: com.ae.qa.testcasesTenantUser.DashboardsPageTestTU</td>
<td><div><pre>org.openqa.selenium.NoSuchWindowException: no such window: target window already closed
from unknown error: web view not found
  (Session info: chrome=109.0.5414.120)
Build info: version: &apos;3.141.59&apos;, revision: &apos;e82be7d358&apos;, time: &apos;2018-11-14T08:17:03&apos;
System info: host: &apos;DESKTOP-5VHKQUJ&apos;, ip: &apos;192.168.0.102&apos;, os.name: &apos;Windows 10&apos;, os.arch: &apos;amd64&apos;, os.version: &apos;10.0&apos;, java.version: &apos;16.0.2&apos;
Driver info: org.openqa.selenium.chrome.ChromeDriver
Capabilities {acceptInsecureCerts: false, browserName: chrome, browserVersion: 109.0.5414.120, chrome: {chromedriverVersion: 109.0.5414.74 (e7c5703604da..., userDataDir: C:\Users\DELL\AppData\Local...}, goog:chromeOptions: {debuggerAddress: localhost:50936}, javascriptEnabled: true, networkConnectionEnabled: false, pageLoadStrategy: normal, platform: WINDOWS, platformName: WINDOWS, proxy: Proxy(), setWindowRect: true, strictFileInteractability: false, timeouts: {implicit: 0, pageLoad: 300000, script: 30000}, unhandledPromptBehavior: dismiss and notify, webauthn:extension:credBlob: true, webauthn:extension:largeBlob: true, webauthn:virtualAuthenticators: true}
Session ID: 2bd888bb7973ad7e5c71fbe520788133
	at org.openqa.selenium.remote.http.W3CHttpResponseCodec.createException(W3CHttpResponseCodec.java:187)
	at org.openqa.selenium.remote.http.W3CHttpResponseCodec.decode(W3CHttpResponseCodec.java:122)
	at org.openqa.selenium.remote.http.W3CHttpResponseCodec.decode(W3CHttpResponseCodec.java:49)
	at org.openqa.selenium.remote.HttpCommandExecutor.execute(HttpCommandExecutor.java:158)
	at org.openqa.selenium.remote.service.DriverCommandExecutor.execute(DriverCommandExecutor.java:83)
	at org.openqa.selenium.remote.RemoteWebDriver.execute(RemoteWebDriver.java:552)
	at org.openqa.selenium.remote.RemoteWebDriver.execute(RemoteWebDriver.java:609)
	at org.openqa.selenium.remote.RemoteWebDriver.getScreenshotAs(RemoteWebDriver.java:295)
	at com.ae.qa.base.TestBase.getScreenShot(TestBase.java:111)
	at com.ae.qa.base.TestBase.getResult(TestBase.java:192)
	at java.base/java.util.concurrent.ThreadPoolExecutor.runWorker(ThreadPoolExecutor.java:1130)
	at java.base/java.util.concurrent.ThreadPoolExecutor$Worker.run(ThreadPoolExecutor.java:630)
	at java.base/java.lang.Thread.run(Thread.java:831)
... Removed 17 stack frames</pre></div><a href='#' onClick='toggleBox("stack-trace1949291445", this, "Click to show all stack frames", "Click to hide stack frames")'>Click to show all stack frames</a>
<div class='stack-trace' id='stack-trace1949291445'><pre>org.openqa.selenium.NoSuchWindowException: no such window: target window already closed
from unknown error: web view not found
  (Session info: chrome=109.0.5414.120)
Build info: version: &apos;3.141.59&apos;, revision: &apos;e82be7d358&apos;, time: &apos;2018-11-14T08:17:03&apos;
System info: host: &apos;DESKTOP-5VHKQUJ&apos;, ip: &apos;192.168.0.102&apos;, os.name: &apos;Windows 10&apos;, os.arch: &apos;amd64&apos;, os.version: &apos;10.0&apos;, java.version: &apos;16.0.2&apos;
Driver info: org.openqa.selenium.chrome.ChromeDriver
Capabilities {acceptInsecureCerts: false, browserName: chrome, browserVersion: 109.0.5414.120, chrome: {chromedriverVersion: 109.0.5414.74 (e7c5703604da..., userDataDir: C:\Users\DELL\AppData\Local...}, goog:chromeOptions: {debuggerAddress: localhost:50936}, javascriptEnabled: true, networkConnectionEnabled: false, pageLoadStrategy: normal, platform: WINDOWS, platformName: WINDOWS, proxy: Proxy(), setWindowRect: true, strictFileInteractability: false, timeouts: {implicit: 0, pageLoad: 300000, script: 30000}, unhandledPromptBehavior: dismiss and notify, webauthn:extension:credBlob: true, webauthn:extension:largeBlob: true, webauthn:virtualAuthenticators: true}
Session ID: 2bd888bb7973ad7e5c71fbe520788133
	at java.base/jdk.internal.reflect.NativeConstructorAccessorImpl.newInstance0(Native Method)
	at java.base/jdk.internal.reflect.NativeConstructorAccessorImpl.newInstance(NativeConstructorAccessorImpl.java:78)
	at java.base/jdk.internal.reflect.DelegatingConstructorAccessorImpl.newInstance(DelegatingConstructorAccessorImpl.java:45)
	at java.base/java.lang.reflect.Constructor.newInstanceWithCaller(Constructor.java:499)
	at java.base/java.lang.reflect.Constructor.newInstance(Constructor.java:480)
	at org.openqa.selenium.remote.http.W3CHttpResponseCodec.createException(W3CHttpResponseCodec.java:187)
	at org.openqa.selenium.remote.http.W3CHttpResponseCodec.decode(W3CHttpResponseCodec.java:122)
	at org.openqa.selenium.remote.http.W3CHttpResponseCodec.decode(W3CHttpResponseCodec.java:49)
	at org.openqa.selenium.remote.HttpCommandExecutor.execute(HttpCommandExecutor.java:158)
	at org.openqa.selenium.remote.service.DriverCommandExecutor.execute(DriverCommandExecutor.java:83)
	at org.openqa.selenium.remote.RemoteWebDriver.execute(RemoteWebDriver.java:552)
	at org.openqa.selenium.remote.RemoteWebDriver.execute(RemoteWebDriver.java:609)
	at org.openqa.selenium.remote.RemoteWebDriver.getScreenshotAs(RemoteWebDriver.java:295)
	at com.ae.qa.base.TestBase.getScreenShot(TestBase.java:111)
	at com.ae.qa.base.TestBase.getResult(TestBase.java:192)
	at jdk.internal.reflect.GeneratedMethodAccessor5.invoke(Unknown Source)
	at java.base/jdk.internal.reflect.DelegatingMethodAccessorImpl.invoke(DelegatingMethodAccessorImpl.java:43)
	at java.base/java.lang.reflect.Method.invoke(Method.java:567)
	at org.testng.internal.MethodInvocationHelper.invokeMethod(MethodInvocationHelper.java:124)
	at org.testng.internal.MethodInvocationHelper.invokeMethodConsideringTimeout(MethodInvocationHelper.java:59)
	at org.testng.internal.Invoker.invokeConfigurationMethod(Invoker.java:458)
	at org.testng.internal.Invoker.invokeConfigurations(Invoker.java:222)
	at org.testng.internal.Invoker.invokeMethod(Invoker.java:646)
	at org.testng.internal.Invoker.invokeTestMethod(Invoker.java:719)
	at org.testng.internal.Invoker.invokeTestMethods(Invoker.java:989)
	at org.testng.internal.TestMethodWorker.invokeTestMethods(TestMethodWorker.java:125)
	at org.testng.internal.TestMethodWorker.run(TestMethodWorker.java:109)
	at java.base/java.util.concurrent.ThreadPoolExecutor.runWorker(ThreadPoolExecutor.java:1130)
	at java.base/java.util.concurrent.ThreadPoolExecutor$Worker.run(ThreadPoolExecutor.java:630)
	at java.base/java.lang.Thread.run(Thread.java:831)
</pre></div></td>
<td>0</td>
<td>com.ae.qa.testcasesTenantUser.DashboardsPageTestTU@4f6f416f</td></tr>
<tr>
<td title='com.ae.qa.testcasesTenantUser.DashboardsPageTestTU.validateDeleteDashboardWithReportTUTest()'><b>validateDeleteDashboardWithReportTUTest</b><br>Test class: com.ae.qa.testcasesTenantUser.DashboardsPageTestTU</td>
<td><div><pre>org.openqa.selenium.NoSuchWindowException: no such window: target window already closed
from unknown error: web view not found
  (Session info: chrome=109.0.5414.120)
Build info: version: &apos;3.141.59&apos;, revision: &apos;e82be7d358&apos;, time: &apos;2018-11-14T08:17:03&apos;
System info: host: &apos;DESKTOP-5VHKQUJ&apos;, ip: &apos;192.168.0.102&apos;, os.name: &apos;Windows 10&apos;, os.arch: &apos;amd64&apos;, os.version: &apos;10.0&apos;, java.version: &apos;16.0.2&apos;
Driver info: org.openqa.selenium.chrome.ChromeDriver
Capabilities {acceptInsecureCerts: false, browserName: chrome, browserVersion: 109.0.5414.120, chrome: {chromedriverVersion: 109.0.5414.74 (e7c5703604da..., userDataDir: C:\Users\DELL\AppData\Local...}, goog:chromeOptions: {debuggerAddress: localhost:50936}, javascriptEnabled: true, networkConnectionEnabled: false, pageLoadStrategy: normal, platform: WINDOWS, platformName: WINDOWS, proxy: Proxy(), setWindowRect: true, strictFileInteractability: false, timeouts: {implicit: 0, pageLoad: 300000, script: 30000}, unhandledPromptBehavior: dismiss and notify, webauthn:extension:credBlob: true, webauthn:extension:largeBlob: true, webauthn:virtualAuthenticators: true}
Session ID: 2bd888bb7973ad7e5c71fbe520788133
	at org.openqa.selenium.remote.http.W3CHttpResponseCodec.createException(W3CHttpResponseCodec.java:187)
	at org.openqa.selenium.remote.http.W3CHttpResponseCodec.decode(W3CHttpResponseCodec.java:122)
	at org.openqa.selenium.remote.http.W3CHttpResponseCodec.decode(W3CHttpResponseCodec.java:49)
	at org.openqa.selenium.remote.HttpCommandExecutor.execute(HttpCommandExecutor.java:158)
	at org.openqa.selenium.remote.service.DriverCommandExecutor.execute(DriverCommandExecutor.java:83)
	at org.openqa.selenium.remote.RemoteWebDriver.execute(RemoteWebDriver.java:552)
	at org.openqa.selenium.remote.RemoteWebDriver.execute(RemoteWebDriver.java:609)
	at org.openqa.selenium.remote.RemoteWebDriver.getScreenshotAs(RemoteWebDriver.java:295)
	at com.ae.qa.base.TestBase.getScreenShot(TestBase.java:111)
	at com.ae.qa.base.TestBase.getResult(TestBase.java:192)
	at java.base/java.util.concurrent.ThreadPoolExecutor.runWorker(ThreadPoolExecutor.java:1130)
	at java.base/java.util.concurrent.ThreadPoolExecutor$Worker.run(ThreadPoolExecutor.java:630)
	at java.base/java.lang.Thread.run(Thread.java:831)
... Removed 17 stack frames</pre></div><a href='#' onClick='toggleBox("stack-trace262062199", this, "Click to show all stack frames", "Click to hide stack frames")'>Click to show all stack frames</a>
<div class='stack-trace' id='stack-trace262062199'><pre>org.openqa.selenium.NoSuchWindowException: no such window: target window already closed
from unknown error: web view not found
  (Session info: chrome=109.0.5414.120)
Build info: version: &apos;3.141.59&apos;, revision: &apos;e82be7d358&apos;, time: &apos;2018-11-14T08:17:03&apos;
System info: host: &apos;DESKTOP-5VHKQUJ&apos;, ip: &apos;192.168.0.102&apos;, os.name: &apos;Windows 10&apos;, os.arch: &apos;amd64&apos;, os.version: &apos;10.0&apos;, java.version: &apos;16.0.2&apos;
Driver info: org.openqa.selenium.chrome.ChromeDriver
Capabilities {acceptInsecureCerts: false, browserName: chrome, browserVersion: 109.0.5414.120, chrome: {chromedriverVersion: 109.0.5414.74 (e7c5703604da..., userDataDir: C:\Users\DELL\AppData\Local...}, goog:chromeOptions: {debuggerAddress: localhost:50936}, javascriptEnabled: true, networkConnectionEnabled: false, pageLoadStrategy: normal, platform: WINDOWS, platformName: WINDOWS, proxy: Proxy(), setWindowRect: true, strictFileInteractability: false, timeouts: {implicit: 0, pageLoad: 300000, script: 30000}, unhandledPromptBehavior: dismiss and notify, webauthn:extension:credBlob: true, webauthn:extension:largeBlob: true, webauthn:virtualAuthenticators: true}
Session ID: 2bd888bb7973ad7e5c71fbe520788133
	at java.base/jdk.internal.reflect.NativeConstructorAccessorImpl.newInstance0(Native Method)
	at java.base/jdk.internal.reflect.NativeConstructorAccessorImpl.newInstance(NativeConstructorAccessorImpl.java:78)
	at java.base/jdk.internal.reflect.DelegatingConstructorAccessorImpl.newInstance(DelegatingConstructorAccessorImpl.java:45)
	at java.base/java.lang.reflect.Constructor.newInstanceWithCaller(Constructor.java:499)
	at java.base/java.lang.reflect.Constructor.newInstance(Constructor.java:480)
	at org.openqa.selenium.remote.http.W3CHttpResponseCodec.createException(W3CHttpResponseCodec.java:187)
	at org.openqa.selenium.remote.http.W3CHttpResponseCodec.decode(W3CHttpResponseCodec.java:122)
	at org.openqa.selenium.remote.http.W3CHttpResponseCodec.decode(W3CHttpResponseCodec.java:49)
	at org.openqa.selenium.remote.HttpCommandExecutor.execute(HttpCommandExecutor.java:158)
	at org.openqa.selenium.remote.service.DriverCommandExecutor.execute(DriverCommandExecutor.java:83)
	at org.openqa.selenium.remote.RemoteWebDriver.execute(RemoteWebDriver.java:552)
	at org.openqa.selenium.remote.RemoteWebDriver.execute(RemoteWebDriver.java:609)
	at org.openqa.selenium.remote.RemoteWebDriver.getScreenshotAs(RemoteWebDriver.java:295)
	at com.ae.qa.base.TestBase.getScreenShot(TestBase.java:111)
	at com.ae.qa.base.TestBase.getResult(TestBase.java:192)
	at jdk.internal.reflect.GeneratedMethodAccessor5.invoke(Unknown Source)
	at java.base/jdk.internal.reflect.DelegatingMethodAccessorImpl.invoke(DelegatingMethodAccessorImpl.java:43)
	at java.base/java.lang.reflect.Method.invoke(Method.java:567)
	at org.testng.internal.MethodInvocationHelper.invokeMethod(MethodInvocationHelper.java:124)
	at org.testng.internal.MethodInvocationHelper.invokeMethodConsideringTimeout(MethodInvocationHelper.java:59)
	at org.testng.internal.Invoker.invokeConfigurationMethod(Invoker.java:458)
	at org.testng.internal.Invoker.invokeConfigurations(Invoker.java:222)
	at org.testng.internal.Invoker.invokeMethod(Invoker.java:646)
	at org.testng.internal.Invoker.invokeTestMethod(Invoker.java:719)
	at org.testng.internal.Invoker.invokeTestMethods(Invoker.java:989)
	at org.testng.internal.TestMethodWorker.invokeTestMethods(TestMethodWorker.java:125)
	at org.testng.internal.TestMethodWorker.run(TestMethodWorker.java:109)
	at java.base/java.util.concurrent.ThreadPoolExecutor.runWorker(ThreadPoolExecutor.java:1130)
	at java.base/java.util.concurrent.ThreadPoolExecutor$Worker.run(ThreadPoolExecutor.java:630)
	at java.base/java.lang.Thread.run(Thread.java:831)
</pre></div></td>
<td>0</td>
<td>com.ae.qa.testcasesTenantUser.DashboardsPageTestTU@4f6f416f</td></tr>
<tr>
<td title='com.ae.qa.testcasesTenantUser.DashboardsPageTestTU.validateEditDashboardToCustomTUTest()'><b>validateEditDashboardToCustomTUTest</b><br>Test class: com.ae.qa.testcasesTenantUser.DashboardsPageTestTU</td>
<td><div><pre>org.openqa.selenium.NoSuchWindowException: no such window: target window already closed
from unknown error: web view not found
  (Session info: chrome=109.0.5414.120)
Build info: version: &apos;3.141.59&apos;, revision: &apos;e82be7d358&apos;, time: &apos;2018-11-14T08:17:03&apos;
System info: host: &apos;DESKTOP-5VHKQUJ&apos;, ip: &apos;192.168.0.102&apos;, os.name: &apos;Windows 10&apos;, os.arch: &apos;amd64&apos;, os.version: &apos;10.0&apos;, java.version: &apos;16.0.2&apos;
Driver info: org.openqa.selenium.chrome.ChromeDriver
Capabilities {acceptInsecureCerts: false, browserName: chrome, browserVersion: 109.0.5414.120, chrome: {chromedriverVersion: 109.0.5414.74 (e7c5703604da..., userDataDir: C:\Users\DELL\AppData\Local...}, goog:chromeOptions: {debuggerAddress: localhost:50936}, javascriptEnabled: true, networkConnectionEnabled: false, pageLoadStrategy: normal, platform: WINDOWS, platformName: WINDOWS, proxy: Proxy(), setWindowRect: true, strictFileInteractability: false, timeouts: {implicit: 0, pageLoad: 300000, script: 30000}, unhandledPromptBehavior: dismiss and notify, webauthn:extension:credBlob: true, webauthn:extension:largeBlob: true, webauthn:virtualAuthenticators: true}
Session ID: 2bd888bb7973ad7e5c71fbe520788133
	at org.openqa.selenium.remote.http.W3CHttpResponseCodec.createException(W3CHttpResponseCodec.java:187)
	at org.openqa.selenium.remote.http.W3CHttpResponseCodec.decode(W3CHttpResponseCodec.java:122)
	at org.openqa.selenium.remote.http.W3CHttpResponseCodec.decode(W3CHttpResponseCodec.java:49)
	at org.openqa.selenium.remote.HttpCommandExecutor.execute(HttpCommandExecutor.java:158)
	at org.openqa.selenium.remote.service.DriverCommandExecutor.execute(DriverCommandExecutor.java:83)
	at org.openqa.selenium.remote.RemoteWebDriver.execute(RemoteWebDriver.java:552)
	at org.openqa.selenium.remote.RemoteWebDriver.execute(RemoteWebDriver.java:609)
	at org.openqa.selenium.remote.RemoteWebDriver.getScreenshotAs(RemoteWebDriver.java:295)
	at com.ae.qa.base.TestBase.getScreenShot(TestBase.java:111)
	at com.ae.qa.base.TestBase.getResult(TestBase.java:192)
	at java.base/java.util.concurrent.ThreadPoolExecutor.runWorker(ThreadPoolExecutor.java:1130)
	at java.base/java.util.concurrent.ThreadPoolExecutor$Worker.run(ThreadPoolExecutor.java:630)
	at java.base/java.lang.Thread.run(Thread.java:831)
... Removed 17 stack frames</pre></div><a href='#' onClick='toggleBox("stack-trace1363896122", this, "Click to show all stack frames", "Click to hide stack frames")'>Click to show all stack frames</a>
<div class='stack-trace' id='stack-trace1363896122'><pre>org.openqa.selenium.NoSuchWindowException: no such window: target window already closed
from unknown error: web view not found
  (Session info: chrome=109.0.5414.120)
Build info: version: &apos;3.141.59&apos;, revision: &apos;e82be7d358&apos;, time: &apos;2018-11-14T08:17:03&apos;
System info: host: &apos;DESKTOP-5VHKQUJ&apos;, ip: &apos;192.168.0.102&apos;, os.name: &apos;Windows 10&apos;, os.arch: &apos;amd64&apos;, os.version: &apos;10.0&apos;, java.version: &apos;16.0.2&apos;
Driver info: org.openqa.selenium.chrome.ChromeDriver
Capabilities {acceptInsecureCerts: false, browserName: chrome, browserVersion: 109.0.5414.120, chrome: {chromedriverVersion: 109.0.5414.74 (e7c5703604da..., userDataDir: C:\Users\DELL\AppData\Local...}, goog:chromeOptions: {debuggerAddress: localhost:50936}, javascriptEnabled: true, networkConnectionEnabled: false, pageLoadStrategy: normal, platform: WINDOWS, platformName: WINDOWS, proxy: Proxy(), setWindowRect: true, strictFileInteractability: false, timeouts: {implicit: 0, pageLoad: 300000, script: 30000}, unhandledPromptBehavior: dismiss and notify, webauthn:extension:credBlob: true, webauthn:extension:largeBlob: true, webauthn:virtualAuthenticators: true}
Session ID: 2bd888bb7973ad7e5c71fbe520788133
	at java.base/jdk.internal.reflect.NativeConstructorAccessorImpl.newInstance0(Native Method)
	at java.base/jdk.internal.reflect.NativeConstructorAccessorImpl.newInstance(NativeConstructorAccessorImpl.java:78)
	at java.base/jdk.internal.reflect.DelegatingConstructorAccessorImpl.newInstance(DelegatingConstructorAccessorImpl.java:45)
	at java.base/java.lang.reflect.Constructor.newInstanceWithCaller(Constructor.java:499)
	at java.base/java.lang.reflect.Constructor.newInstance(Constructor.java:480)
	at org.openqa.selenium.remote.http.W3CHttpResponseCodec.createException(W3CHttpResponseCodec.java:187)
	at org.openqa.selenium.remote.http.W3CHttpResponseCodec.decode(W3CHttpResponseCodec.java:122)
	at org.openqa.selenium.remote.http.W3CHttpResponseCodec.decode(W3CHttpResponseCodec.java:49)
	at org.openqa.selenium.remote.HttpCommandExecutor.execute(HttpCommandExecutor.java:158)
	at org.openqa.selenium.remote.service.DriverCommandExecutor.execute(DriverCommandExecutor.java:83)
	at org.openqa.selenium.remote.RemoteWebDriver.execute(RemoteWebDriver.java:552)
	at org.openqa.selenium.remote.RemoteWebDriver.execute(RemoteWebDriver.java:609)
	at org.openqa.selenium.remote.RemoteWebDriver.getScreenshotAs(RemoteWebDriver.java:295)
	at com.ae.qa.base.TestBase.getScreenShot(TestBase.java:111)
	at com.ae.qa.base.TestBase.getResult(TestBase.java:192)
	at jdk.internal.reflect.GeneratedMethodAccessor5.invoke(Unknown Source)
	at java.base/jdk.internal.reflect.DelegatingMethodAccessorImpl.invoke(DelegatingMethodAccessorImpl.java:43)
	at java.base/java.lang.reflect.Method.invoke(Method.java:567)
	at org.testng.internal.MethodInvocationHelper.invokeMethod(MethodInvocationHelper.java:124)
	at org.testng.internal.MethodInvocationHelper.invokeMethodConsideringTimeout(MethodInvocationHelper.java:59)
	at org.testng.internal.Invoker.invokeConfigurationMethod(Invoker.java:458)
	at org.testng.internal.Invoker.invokeConfigurations(Invoker.java:222)
	at org.testng.internal.Invoker.invokeMethod(Invoker.java:646)
	at org.testng.internal.Invoker.invokeTestMethod(Invoker.java:719)
	at org.testng.internal.Invoker.invokeTestMethods(Invoker.java:989)
	at org.testng.internal.TestMethodWorker.invokeTestMethods(TestMethodWorker.java:125)
	at org.testng.internal.TestMethodWorker.run(TestMethodWorker.java:109)
	at java.base/java.util.concurrent.ThreadPoolExecutor.runWorker(ThreadPoolExecutor.java:1130)
	at java.base/java.util.concurrent.ThreadPoolExecutor$Worker.run(ThreadPoolExecutor.java:630)
	at java.base/java.lang.Thread.run(Thread.java:831)
</pre></div></td>
<td>0</td>
<td>com.ae.qa.testcasesTenantUser.DashboardsPageTestTU@4f6f416f</td></tr>
<tr>
<td title='com.ae.qa.testcasesTenantUser.DashboardsPageTestTU.validateReportCustomTUTest()'><b>validateReportCustomTUTest</b><br>Test class: com.ae.qa.testcasesTenantUser.DashboardsPageTestTU</td>
<td><div><pre>org.openqa.selenium.NoSuchWindowException: no such window: target window already closed
from unknown error: web view not found
  (Session info: chrome=109.0.5414.120)
Build info: version: &apos;3.141.59&apos;, revision: &apos;e82be7d358&apos;, time: &apos;2018-11-14T08:17:03&apos;
System info: host: &apos;DESKTOP-5VHKQUJ&apos;, ip: &apos;192.168.0.102&apos;, os.name: &apos;Windows 10&apos;, os.arch: &apos;amd64&apos;, os.version: &apos;10.0&apos;, java.version: &apos;16.0.2&apos;
Driver info: org.openqa.selenium.chrome.ChromeDriver
Capabilities {acceptInsecureCerts: false, browserName: chrome, browserVersion: 109.0.5414.120, chrome: {chromedriverVersion: 109.0.5414.74 (e7c5703604da..., userDataDir: C:\Users\DELL\AppData\Local...}, goog:chromeOptions: {debuggerAddress: localhost:50936}, javascriptEnabled: true, networkConnectionEnabled: false, pageLoadStrategy: normal, platform: WINDOWS, platformName: WINDOWS, proxy: Proxy(), setWindowRect: true, strictFileInteractability: false, timeouts: {implicit: 0, pageLoad: 300000, script: 30000}, unhandledPromptBehavior: dismiss and notify, webauthn:extension:credBlob: true, webauthn:extension:largeBlob: true, webauthn:virtualAuthenticators: true}
Session ID: 2bd888bb7973ad7e5c71fbe520788133
	at org.openqa.selenium.remote.http.W3CHttpResponseCodec.createException(W3CHttpResponseCodec.java:187)
	at org.openqa.selenium.remote.http.W3CHttpResponseCodec.decode(W3CHttpResponseCodec.java:122)
	at org.openqa.selenium.remote.http.W3CHttpResponseCodec.decode(W3CHttpResponseCodec.java:49)
	at org.openqa.selenium.remote.HttpCommandExecutor.execute(HttpCommandExecutor.java:158)
	at org.openqa.selenium.remote.service.DriverCommandExecutor.execute(DriverCommandExecutor.java:83)
	at org.openqa.selenium.remote.RemoteWebDriver.execute(RemoteWebDriver.java:552)
	at org.openqa.selenium.remote.RemoteWebDriver.execute(RemoteWebDriver.java:609)
	at org.openqa.selenium.remote.RemoteWebDriver.getScreenshotAs(RemoteWebDriver.java:295)
	at com.ae.qa.base.TestBase.getScreenShot(TestBase.java:111)
	at com.ae.qa.base.TestBase.getResult(TestBase.java:192)
	at java.base/java.util.concurrent.ThreadPoolExecutor.runWorker(ThreadPoolExecutor.java:1130)
	at java.base/java.util.concurrent.ThreadPoolExecutor$Worker.run(ThreadPoolExecutor.java:630)
	at java.base/java.lang.Thread.run(Thread.java:831)
... Removed 17 stack frames</pre></div><a href='#' onClick='toggleBox("stack-trace117699018", this, "Click to show all stack frames", "Click to hide stack frames")'>Click to show all stack frames</a>
<div class='stack-trace' id='stack-trace117699018'><pre>org.openqa.selenium.NoSuchWindowException: no such window: target window already closed
from unknown error: web view not found
  (Session info: chrome=109.0.5414.120)
Build info: version: &apos;3.141.59&apos;, revision: &apos;e82be7d358&apos;, time: &apos;2018-11-14T08:17:03&apos;
System info: host: &apos;DESKTOP-5VHKQUJ&apos;, ip: &apos;192.168.0.102&apos;, os.name: &apos;Windows 10&apos;, os.arch: &apos;amd64&apos;, os.version: &apos;10.0&apos;, java.version: &apos;16.0.2&apos;
Driver info: org.openqa.selenium.chrome.ChromeDriver
Capabilities {acceptInsecureCerts: false, browserName: chrome, browserVersion: 109.0.5414.120, chrome: {chromedriverVersion: 109.0.5414.74 (e7c5703604da..., userDataDir: C:\Users\DELL\AppData\Local...}, goog:chromeOptions: {debuggerAddress: localhost:50936}, javascriptEnabled: true, networkConnectionEnabled: false, pageLoadStrategy: normal, platform: WINDOWS, platformName: WINDOWS, proxy: Proxy(), setWindowRect: true, strictFileInteractability: false, timeouts: {implicit: 0, pageLoad: 300000, script: 30000}, unhandledPromptBehavior: dismiss and notify, webauthn:extension:credBlob: true, webauthn:extension:largeBlob: true, webauthn:virtualAuthenticators: true}
Session ID: 2bd888bb7973ad7e5c71fbe520788133
	at java.base/jdk.internal.reflect.NativeConstructorAccessorImpl.newInstance0(Native Method)
	at java.base/jdk.internal.reflect.NativeConstructorAccessorImpl.newInstance(NativeConstructorAccessorImpl.java:78)
	at java.base/jdk.internal.reflect.DelegatingConstructorAccessorImpl.newInstance(DelegatingConstructorAccessorImpl.java:45)
	at java.base/java.lang.reflect.Constructor.newInstanceWithCaller(Constructor.java:499)
	at java.base/java.lang.reflect.Constructor.newInstance(Constructor.java:480)
	at org.openqa.selenium.remote.http.W3CHttpResponseCodec.createException(W3CHttpResponseCodec.java:187)
	at org.openqa.selenium.remote.http.W3CHttpResponseCodec.decode(W3CHttpResponseCodec.java:122)
	at org.openqa.selenium.remote.http.W3CHttpResponseCodec.decode(W3CHttpResponseCodec.java:49)
	at org.openqa.selenium.remote.HttpCommandExecutor.execute(HttpCommandExecutor.java:158)
	at org.openqa.selenium.remote.service.DriverCommandExecutor.execute(DriverCommandExecutor.java:83)
	at org.openqa.selenium.remote.RemoteWebDriver.execute(RemoteWebDriver.java:552)
	at org.openqa.selenium.remote.RemoteWebDriver.execute(RemoteWebDriver.java:609)
	at org.openqa.selenium.remote.RemoteWebDriver.getScreenshotAs(RemoteWebDriver.java:295)
	at com.ae.qa.base.TestBase.getScreenShot(TestBase.java:111)
	at com.ae.qa.base.TestBase.getResult(TestBase.java:192)
	at jdk.internal.reflect.GeneratedMethodAccessor5.invoke(Unknown Source)
	at java.base/jdk.internal.reflect.DelegatingMethodAccessorImpl.invoke(DelegatingMethodAccessorImpl.java:43)
	at java.base/java.lang.reflect.Method.invoke(Method.java:567)
	at org.testng.internal.MethodInvocationHelper.invokeMethod(MethodInvocationHelper.java:124)
	at org.testng.internal.MethodInvocationHelper.invokeMethodConsideringTimeout(MethodInvocationHelper.java:59)
	at org.testng.internal.Invoker.invokeConfigurationMethod(Invoker.java:458)
	at org.testng.internal.Invoker.invokeConfigurations(Invoker.java:222)
	at org.testng.internal.Invoker.invokeMethod(Invoker.java:646)
	at org.testng.internal.Invoker.invokeTestMethod(Invoker.java:719)
	at org.testng.internal.Invoker.invokeTestMethods(Invoker.java:989)
	at org.testng.internal.TestMethodWorker.invokeTestMethods(TestMethodWorker.java:125)
	at org.testng.internal.TestMethodWorker.run(TestMethodWorker.java:109)
	at java.base/java.util.concurrent.ThreadPoolExecutor.runWorker(ThreadPoolExecutor.java:1130)
	at java.base/java.util.concurrent.ThreadPoolExecutor$Worker.run(ThreadPoolExecutor.java:630)
	at java.base/java.lang.Thread.run(Thread.java:831)
</pre></div></td>
<td>0</td>
<td>com.ae.qa.testcasesTenantUser.DashboardsPageTestTU@4f6f416f</td></tr>
<tr>
<td title='com.ae.qa.testcasesTenantUser.DashboardsPageTestTU.validateSetAsDefaultReportTUTest()'><b>validateSetAsDefaultReportTUTest</b><br>Test class: com.ae.qa.testcasesTenantUser.DashboardsPageTestTU</td>
<td><div><pre>org.openqa.selenium.NoSuchWindowException: no such window: target window already closed
from unknown error: web view not found
  (Session info: chrome=109.0.5414.120)
Build info: version: &apos;3.141.59&apos;, revision: &apos;e82be7d358&apos;, time: &apos;2018-11-14T08:17:03&apos;
System info: host: &apos;DESKTOP-5VHKQUJ&apos;, ip: &apos;192.168.0.102&apos;, os.name: &apos;Windows 10&apos;, os.arch: &apos;amd64&apos;, os.version: &apos;10.0&apos;, java.version: &apos;16.0.2&apos;
Driver info: org.openqa.selenium.chrome.ChromeDriver
Capabilities {acceptInsecureCerts: false, browserName: chrome, browserVersion: 109.0.5414.120, chrome: {chromedriverVersion: 109.0.5414.74 (e7c5703604da..., userDataDir: C:\Users\DELL\AppData\Local...}, goog:chromeOptions: {debuggerAddress: localhost:50936}, javascriptEnabled: true, networkConnectionEnabled: false, pageLoadStrategy: normal, platform: WINDOWS, platformName: WINDOWS, proxy: Proxy(), setWindowRect: true, strictFileInteractability: false, timeouts: {implicit: 0, pageLoad: 300000, script: 30000}, unhandledPromptBehavior: dismiss and notify, webauthn:extension:credBlob: true, webauthn:extension:largeBlob: true, webauthn:virtualAuthenticators: true}
Session ID: 2bd888bb7973ad7e5c71fbe520788133
	at org.openqa.selenium.remote.http.W3CHttpResponseCodec.createException(W3CHttpResponseCodec.java:187)
	at org.openqa.selenium.remote.http.W3CHttpResponseCodec.decode(W3CHttpResponseCodec.java:122)
	at org.openqa.selenium.remote.http.W3CHttpResponseCodec.decode(W3CHttpResponseCodec.java:49)
	at org.openqa.selenium.remote.HttpCommandExecutor.execute(HttpCommandExecutor.java:158)
	at org.openqa.selenium.remote.service.DriverCommandExecutor.execute(DriverCommandExecutor.java:83)
	at org.openqa.selenium.remote.RemoteWebDriver.execute(RemoteWebDriver.java:552)
	at org.openqa.selenium.remote.RemoteWebDriver.execute(RemoteWebDriver.java:609)
	at org.openqa.selenium.remote.RemoteWebDriver.getScreenshotAs(RemoteWebDriver.java:295)
	at com.ae.qa.base.TestBase.getScreenShot(TestBase.java:111)
	at com.ae.qa.base.TestBase.getResult(TestBase.java:192)
	at java.base/java.util.concurrent.ThreadPoolExecutor.runWorker(ThreadPoolExecutor.java:1130)
	at java.base/java.util.concurrent.ThreadPoolExecutor$Worker.run(ThreadPoolExecutor.java:630)
	at java.base/java.lang.Thread.run(Thread.java:831)
... Removed 17 stack frames</pre></div><a href='#' onClick='toggleBox("stack-trace1045665353", this, "Click to show all stack frames", "Click to hide stack frames")'>Click to show all stack frames</a>
<div class='stack-trace' id='stack-trace1045665353'><pre>org.openqa.selenium.NoSuchWindowException: no such window: target window already closed
from unknown error: web view not found
  (Session info: chrome=109.0.5414.120)
Build info: version: &apos;3.141.59&apos;, revision: &apos;e82be7d358&apos;, time: &apos;2018-11-14T08:17:03&apos;
System info: host: &apos;DESKTOP-5VHKQUJ&apos;, ip: &apos;192.168.0.102&apos;, os.name: &apos;Windows 10&apos;, os.arch: &apos;amd64&apos;, os.version: &apos;10.0&apos;, java.version: &apos;16.0.2&apos;
Driver info: org.openqa.selenium.chrome.ChromeDriver
Capabilities {acceptInsecureCerts: false, browserName: chrome, browserVersion: 109.0.5414.120, chrome: {chromedriverVersion: 109.0.5414.74 (e7c5703604da..., userDataDir: C:\Users\DELL\AppData\Local...}, goog:chromeOptions: {debuggerAddress: localhost:50936}, javascriptEnabled: true, networkConnectionEnabled: false, pageLoadStrategy: normal, platform: WINDOWS, platformName: WINDOWS, proxy: Proxy(), setWindowRect: true, strictFileInteractability: false, timeouts: {implicit: 0, pageLoad: 300000, script: 30000}, unhandledPromptBehavior: dismiss and notify, webauthn:extension:credBlob: true, webauthn:extension:largeBlob: true, webauthn:virtualAuthenticators: true}
Session ID: 2bd888bb7973ad7e5c71fbe520788133
	at java.base/jdk.internal.reflect.NativeConstructorAccessorImpl.newInstance0(Native Method)
	at java.base/jdk.internal.reflect.NativeConstructorAccessorImpl.newInstance(NativeConstructorAccessorImpl.java:78)
	at java.base/jdk.internal.reflect.DelegatingConstructorAccessorImpl.newInstance(DelegatingConstructorAccessorImpl.java:45)
	at java.base/java.lang.reflect.Constructor.newInstanceWithCaller(Constructor.java:499)
	at java.base/java.lang.reflect.Constructor.newInstance(Constructor.java:480)
	at org.openqa.selenium.remote.http.W3CHttpResponseCodec.createException(W3CHttpResponseCodec.java:187)
	at org.openqa.selenium.remote.http.W3CHttpResponseCodec.decode(W3CHttpResponseCodec.java:122)
	at org.openqa.selenium.remote.http.W3CHttpResponseCodec.decode(W3CHttpResponseCodec.java:49)
	at org.openqa.selenium.remote.HttpCommandExecutor.execute(HttpCommandExecutor.java:158)
	at org.openqa.selenium.remote.service.DriverCommandExecutor.execute(DriverCommandExecutor.java:83)
	at org.openqa.selenium.remote.RemoteWebDriver.execute(RemoteWebDriver.java:552)
	at org.openqa.selenium.remote.RemoteWebDriver.execute(RemoteWebDriver.java:609)
	at org.openqa.selenium.remote.RemoteWebDriver.getScreenshotAs(RemoteWebDriver.java:295)
	at com.ae.qa.base.TestBase.getScreenShot(TestBase.java:111)
	at com.ae.qa.base.TestBase.getResult(TestBase.java:192)
	at jdk.internal.reflect.GeneratedMethodAccessor5.invoke(Unknown Source)
	at java.base/jdk.internal.reflect.DelegatingMethodAccessorImpl.invoke(DelegatingMethodAccessorImpl.java:43)
	at java.base/java.lang.reflect.Method.invoke(Method.java:567)
	at org.testng.internal.MethodInvocationHelper.invokeMethod(MethodInvocationHelper.java:124)
	at org.testng.internal.MethodInvocationHelper.invokeMethodConsideringTimeout(MethodInvocationHelper.java:59)
	at org.testng.internal.Invoker.invokeConfigurationMethod(Invoker.java:458)
	at org.testng.internal.Invoker.invokeConfigurations(Invoker.java:222)
	at org.testng.internal.Invoker.invokeMethod(Invoker.java:646)
	at org.testng.internal.Invoker.invokeTestMethod(Invoker.java:719)
	at org.testng.internal.Invoker.invokeTestMethods(Invoker.java:989)
	at org.testng.internal.TestMethodWorker.invokeTestMethods(TestMethodWorker.java:125)
	at org.testng.internal.TestMethodWorker.run(TestMethodWorker.java:109)
	at java.base/java.util.concurrent.ThreadPoolExecutor.runWorker(ThreadPoolExecutor.java:1130)
	at java.base/java.util.concurrent.ThreadPoolExecutor$Worker.run(ThreadPoolExecutor.java:630)
	at java.base/java.lang.Thread.run(Thread.java:831)
</pre></div></td>
<td>0</td>
<td>com.ae.qa.testcasesTenantUser.DashboardsPageTestTU@4f6f416f</td></tr>
</table><p>
</body>
</html>