<!DOCTYPE html PUBLIC "-//W3C//DTD XHTML 1.1//EN" "http://www.w3.org/TR/xhtml11/DTD/xhtml11.dtd">
<html xmlns="http://www.w3.org/1999/xhtml">
<head>
<meta http-equiv="content-type" content="text/html; charset=UTF-8"/>
<title>TestNG Report</title>
<style type="text/css">table {margin-bottom:10px;border-collapse:collapse;empty-cells:show}th,td {border:1px solid #009;padding:.25em .5em}th {vertical-align:bottom}td {vertical-align:top}table a {font-weight:bold}.stripe td {background-color: #E6EBF9}.num {text-align:right}.passedodd td {background-color: #3F3}.passedeven td {background-color: #0A0}.skippedodd td {background-color: #DDD}.skippedeven td {background-color: #CCC}.failedodd td,.attn {background-color: #F33}.failedeven td,.stripe .attn {background-color: #D00}.stacktrace {white-space:pre;font-family:monospace}.totop {font-size:85%;text-align:center;border-bottom:2px solid #000}.invisible {display:none}</style>
</head>
<body>
<table>
<tr><th>Test</th><th># Passed</th><th># Skipped</th><th># Failed</th><th>Time (ms)</th><th>Included Groups</th><th>Excluded Groups</th></tr>
<tr><th colspan="7">TestSuite</th></tr>
<tr><td><a href="#t0">AESanity</a></td><td class="num">104</td><td class="num attn">6</td><td class="num attn">5</td><td class="num">6,001,190</td><td></td><td></td></tr>
</table>
<table id='summary'><thead><tr><th>Class</th><th>Method</th><th>Start</th><th>Time (ms)</th></tr></thead><tbody><tr><th colspan="4">TestSuite</th></tr></tbody><tbody id="t0"><tr><th colspan="4">AESanity &#8212; failed (configuration methods)</th></tr><tr class="failedeven"><td rowspan="1">com.ae.qa.testcasesActivityMonitor.InformationPageTestAM</td><td><a href="#m0">endReport</a></td><td rowspan="1">1675670217483</td><td rowspan="1">13476</td></tr><tr class="failedodd"><td rowspan="1">com.ae.qa.testcasesTenantUser.DashboardsPageTestTU</td><td><a href="#m1">getResult</a></td><td rowspan="1">1675667710108</td><td rowspan="1">16</td></tr><tr><th colspan="4">AESanity &#8212; failed</th></tr><tr class="failedeven"><td rowspan="1">com.ae.qa.testcasesActivityMonitor.RequestsPageTestAM</td><td><a href="#m2">validateRequestStatusAMTest</a></td><td rowspan="1">1675665017976</td><td rowspan="1">35789</td></tr><tr class="failedodd"><td rowspan="1">com.ae.qa.testcasesAgentAdmin.AgentListPageTestAA</td><td><a href="#m3">checkStatusOfAgentAATest</a></td><td rowspan="1">1675666990170</td><td rowspan="1">44450</td></tr><tr class="failedeven"><td rowspan="1">com.ae.qa.testcasesTenantUser.AgentListPageTestTU</td><td><a href="#m4">validateEditAssistedAgentNameTUTest</a></td><td rowspan="1">1675669339536</td><td rowspan="1">11589</td></tr><tr class="failedodd"><td rowspan="1">com.ae.qa.testcasesTenantUser.DashboardsPageTestTU</td><td><a href="#m5">validateReportNoneMultipleWFTUTest</a></td><td rowspan="1">1675667652340</td><td rowspan="1">57767</td></tr><tr class="failedeven"><td rowspan="1">com.ae.qa.testcasesWorkflowAdmin.CredentialsPageTestWA</td><td><a href="#m6">ValidateCreateCredentialsWATest</a></td><td rowspan="1">1675666170335</td><td rowspan="1">46900</td></tr><tr><th colspan="4">AESanity &#8212; skipped (configuration methods)</th></tr><tr class="skippedeven"><td rowspan="12">com.ae.qa.testcasesTenantUser.DashboardsPageTestTU</td><td><a href="#m7">getResult</a></td><td rowspan="6">1675670112872</td><td rowspan="6">0</td></tr><tr class="skippedeven"><td><a href="#m8">getResult</a></td></tr><tr class="skippedeven"><td><a href="#m9">getResult</a></td></tr><tr class="skippedeven"><td><a href="#m10">getResult</a></td></tr><tr class="skippedeven"><td><a href="#m11">getResult</a></td></tr><tr class="skippedeven"><td><a href="#m12">getResult</a></td></tr><tr class="skippedeven"><td><a href="#m13">initialization</a></td><td rowspan="6">1675667761861</td><td rowspan="6">0</td></tr><tr class="skippedeven"><td><a href="#m14">initialization</a></td></tr><tr class="skippedeven"><td><a href="#m15">initialization</a></td></tr><tr class="skippedeven"><td><a href="#m16">initialization</a></td></tr><tr class="skippedeven"><td><a href="#m17">initialization</a></td></tr><tr class="skippedeven"><td><a href="#m18">initialization</a></td></tr><tr><th colspan="4">AESanity &#8212; skipped</th></tr><tr class="skippedeven"><td rowspan="6">com.ae.qa.testcasesTenantUser.DashboardsPageTestTU</td><td><a href="#m19">validateDashboardRelativeTUTest</a></td><td rowspan="1">1675667761876</td><td rowspan="1">0</td></tr><tr class="skippedeven"><td><a href="#m20">validateDashboardTodayTUTest</a></td><td rowspan="1">1675667963011</td><td rowspan="1">0</td></tr><tr class="skippedeven"><td><a href="#m21">validateDeleteDashboardWithReportTUTest</a></td><td rowspan="1">1675670112872</td><td rowspan="1">0</td></tr><tr class="skippedeven"><td><a href="#m22">validateEditDashboardToCustomTUTest</a></td><td rowspan="1">1675667846862</td><td rowspan="1">0</td></tr><tr class="skippedeven"><td><a href="#m23">validateReportCustomTUTest</a></td><td rowspan="1">1675670112872</td><td rowspan="1">0</td></tr><tr class="skippedeven"><td><a href="#m24">validateSetAsDefaultReportTUTest</a></td><td rowspan="1">1675667877546</td><td rowspan="1">0</td></tr><tr><th colspan="4">AESanity &#8212; passed</th></tr><tr class="passedeven"><td rowspan="5">com.ae.qa.testcasesActivityMonitor.AgentListPageTestAM</td><td><a href="#m25">SpecificColumnInAgentListAMTest</a></td><td rowspan="1">1675667154312</td><td rowspan="1">25688</td></tr><tr class="passedeven"><td><a href="#m26">checkColumnsInAgentListAMTest</a></td><td rowspan="1">1675667099000</td><td rowspan="1">19274</td></tr><tr class="passedeven"><td><a href="#m27">deselectAllInAgentListAMTest</a></td><td rowspan="1">1675667125338</td><td rowspan="1">19580</td></tr><tr class="passedeven"><td><a href="#m28">validateAgentDetailsAMTest</a></td><td rowspan="1">1675667075337</td><td rowspan="1">13947</td></tr><tr class="passedeven"><td><a href="#m29">validateAssistedAgentDetailsAMTest</a></td><td rowspan="1">1675666736853</td><td rowspan="1">17911</td></tr><tr class="passedodd"><td rowspan="7">com.ae.qa.testcasesActivityMonitor.DashboardsPageTestAM</td><td><a href="#m30">validateDashboardNoneAMTest</a></td><td rowspan="1">1675665058421</td><td rowspan="1">35580</td></tr><tr class="passedodd"><td><a href="#m31">validateDashboardRelativeAMTest</a></td><td rowspan="1">1675665175051</td><td rowspan="1">40868</td></tr><tr class="passedodd"><td><a href="#m32">validateDashboardTodayAMTest</a></td><td rowspan="1">1675665324657</td><td rowspan="1">49617</td></tr><tr class="passedodd"><td><a href="#m33">validateEditDashboardToCustomAMTest</a></td><td rowspan="1">1675665221831</td><td rowspan="1">65260</td></tr><tr class="passedodd"><td><a href="#m34">validateReportCustomAMTest</a></td><td rowspan="1">1675670048089</td><td rowspan="1">64589</td></tr><tr class="passedodd"><td><a href="#m35">validateReportNoneMultipleWFAMTest</a></td><td rowspan="1">1675665098564</td><td rowspan="1">68773</td></tr><tr class="passedodd"><td><a href="#m36">validateSetAsDefaultReportAMTest</a></td><td rowspan="1">1675665295542</td><td rowspan="1">21162</td></tr><tr class="passedeven"><td rowspan="3">com.ae.qa.testcasesActivityMonitor.InformationPageTestAM</td><td><a href="#m37">validateAboutTabAMTest</a></td><td rowspan="1">1675664369331</td><td rowspan="1">25552</td></tr><tr class="passedeven"><td><a href="#m38">validateLastLoginAMTest</a></td><td rowspan="1">1675664235376</td><td rowspan="1">78537</td></tr><tr class="passedeven"><td><a href="#m39">validateViewProfileAMTest</a></td><td rowspan="1">1675664319783</td><td rowspan="1">44718</td></tr><tr class="passedodd"><td rowspan="4">com.ae.qa.testcasesActivityMonitor.RequestsPageTestAM</td><td><a href="#m40">validateCheckColumnInRequestAMTest</a></td><td rowspan="1">1675664904859</td><td rowspan="1">20136</td></tr><tr class="passedodd"><td><a href="#m41">validateDownloadRequestAMTest</a></td><td rowspan="1">1675664990209</td><td rowspan="1">20742</td></tr><tr class="passedodd"><td><a href="#m42">validateSpecificColumnInRequestAMTest</a></td><td rowspan="1">1675664958639</td><td rowspan="1">25582</td></tr><tr class="passedodd"><td><a href="#m43">validateUncheckColumnInRequestAMTest</a></td><td rowspan="1">1675664930612</td><td rowspan="1">19468</td></tr><tr class="passedeven"><td rowspan="6">com.ae.qa.testcasesAgentAdmin.AgentListPageTestAA</td><td><a href="#m44">downloadAgentAATest</a></td><td rowspan="1">1675666860819</td><td rowspan="1">122236</td></tr><tr class="passedeven"><td><a href="#m45">validateDeleteAgentAATest</a></td><td rowspan="1">1675669110691</td><td rowspan="1">25229</td></tr><tr class="passedeven"><td><a href="#m46">validateDeleteAssistedAgentAATest</a></td><td rowspan="1">1675666795873</td><td rowspan="1">58713</td></tr><tr class="passedeven"><td><a href="#m47">validateEditAgentNameAATest</a></td><td rowspan="1">1675667044383</td><td rowspan="1">25234</td></tr><tr class="passedeven"><td><a href="#m48">validateEditAssistedAgentNameAATest</a></td><td rowspan="1">1675666761837</td><td rowspan="1">24180</td></tr><tr class="passedeven"><td><a href="#m49">validateStopAgentAATest</a></td><td rowspan="1">1675669052768</td><td rowspan="1">46460</td></tr><tr class="passedodd"><td rowspan="3">com.ae.qa.testcasesAgentAdmin.InformationPageTestAA</td><td><a href="#m50">validateAboutTabAATest</a></td><td rowspan="1">1675664526453</td><td rowspan="1">25159</td></tr><tr class="passedodd"><td><a href="#m51">validateLastLoginAATest</a></td><td rowspan="1">1675664399337</td><td rowspan="1">75133</td></tr><tr class="passedodd"><td><a href="#m52">validateViewProfileAATest</a></td><td rowspan="1">1675664478774</td><td rowspan="1">44121</td></tr><tr class="passedeven"><td rowspan="2">com.ae.qa.testcasesAgentAdmin.PluginsPageTestAA</td><td><a href="#m53">validatePluginStepsAATest</a></td><td rowspan="1">1675665384165</td><td rowspan="1">33778</td></tr><tr class="passedeven"><td><a href="#m54">validateWFPluginUtilizationAATest</a></td><td rowspan="1">1675665427949</td><td rowspan="1">35114</td></tr><tr class="passedodd"><td rowspan="3">com.ae.qa.testcasesTenantUser.AgentListPageTestTU</td><td><a href="#m55">validateAssistedAgentDeleteTUTest</a></td><td rowspan="1">1675669580368</td><td rowspan="1">46725</td></tr><tr class="passedodd"><td><a href="#m56">validateAssistedAgentDownloadTUTest</a></td><td rowspan="1">1675669141155</td><td rowspan="1">149211</td></tr><tr class="passedodd"><td><a href="#m57">validateCheckAgentStatusTUTest</a></td><td rowspan="1">1675669296050</td><td rowspan="1">21618</td></tr><tr class="passedeven"><td rowspan="1">com.ae.qa.testcasesTenantUser.CataloguePageTestTU</td><td><a href="#m58">validateSubmitReqDefaultCategoryTUTest</a></td><td rowspan="1">1675669356298</td><td rowspan="1">97373</td></tr><tr class="passedodd"><td rowspan="1">com.ae.qa.testcasesTenantUser.DashboardsPageTestTU</td><td><a href="#m59">validateDashboardNoneTUTest</a></td><td rowspan="1">1675667512790</td><td rowspan="1">35050</td></tr><tr class="passedeven"><td rowspan="3">com.ae.qa.testcasesTenantUser.InformationPageTestTU</td><td><a href="#m60">validateAboutTabTUTest</a></td><td rowspan="1">1675664640231</td><td rowspan="1">24941</td></tr><tr class="passedeven"><td><a href="#m61">validateLastLoginTUTest</a></td><td rowspan="1">1675664557261</td><td rowspan="1">25604</td></tr><tr class="passedeven"><td><a href="#m62">validateViewProfileTUTest</a></td><td rowspan="1">1675664588950</td><td rowspan="1">43541</td></tr><tr class="passedodd"><td rowspan="4">com.ae.qa.testcasesTenantUser.RequestPageTestTU</td><td><a href="#m63">validateCheckColumnInRequestTUTest</a></td><td rowspan="1">1675669477028</td><td rowspan="1">19102</td></tr><tr class="passedodd"><td><a href="#m64">validateDownloadRequestTUTest</a></td><td rowspan="1">1675669555479</td><td rowspan="1">20131</td></tr><tr class="passedodd"><td><a href="#m65">validateSpecificColumnInRequestTUTest</a></td><td rowspan="1">1675669525041</td><td rowspan="1">25447</td></tr><tr class="passedodd"><td><a href="#m66">validateUncheckColumnInRequestTUTest</a></td><td rowspan="1">1675669500607</td><td rowspan="1">19208</td></tr><tr class="passedeven"><td rowspan="1">com.ae.qa.testcasesTenantUser.SchedulerPageTestTU</td><td><a href="#m67">validateDailyScheduleTUTest</a></td><td rowspan="1">1675667402781</td><td rowspan="1">98109</td></tr><tr class="passedodd"><td rowspan="1">com.ae.qa.testcasesTenantUser.WorkflowListPageTestTU</td><td><a href="#m68">validateEditWorkflowTUTest</a></td><td rowspan="1">1675667201931</td><td rowspan="1">187656</td></tr><tr class="passedeven"><td rowspan="3">com.ae.qa.testcasesUserAdmin.InformationPageTestUA</td><td><a href="#m69">validateAboutTabUATest</a></td><td rowspan="1">1675664766142</td><td rowspan="1">23992</td></tr><tr class="passedeven"><td><a href="#m70">validateLastLoginUATest</a></td><td rowspan="1">1675664669825</td><td rowspan="1">24557</td></tr><tr class="passedeven"><td><a href="#m71">validateViewProfileUATest</a></td><td rowspan="1">1675664701133</td><td rowspan="1">42827</td></tr><tr class="passedodd"><td rowspan="4">com.ae.qa.testcasesUserAdmin.TenantUsersPageTestUA</td><td><a href="#m72">validateBulkUserUploadWithEmailUATest</a></td><td rowspan="1">1675665680562</td><td rowspan="1">88823</td></tr><tr class="passedodd"><td><a href="#m73">validateCreateUserWithEmailUATest</a></td><td rowspan="1">1675665550326</td><td rowspan="1">67810</td></tr><tr class="passedodd"><td><a href="#m74">validateCreateUserWithoutEmailUATest</a></td><td rowspan="1">1675665473720</td><td rowspan="1">67067</td></tr><tr class="passedodd"><td><a href="#m75">validateEditUserUATest</a></td><td rowspan="1">1675665631576</td><td rowspan="1">36694</td></tr><tr class="passedeven"><td rowspan="6">com.ae.qa.testcasesUserAdmin.UserGroupsPageTestUA</td><td><a href="#m76">addMultipleUserToGroupUATest</a></td><td rowspan="1">1675665900166</td><td rowspan="1">31260</td></tr><tr class="passedeven"><td><a href="#m77">validateAddUserToGroupUATest</a></td><td rowspan="1">1675665832447</td><td rowspan="1">28664</td></tr><tr class="passedeven"><td><a href="#m78">validateCreateUserGroupUATest</a></td><td rowspan="1">1675665776472</td><td rowspan="1">23096</td></tr><tr class="passedeven"><td><a href="#m79">validateDeleteUserGroupUATest</a></td><td rowspan="1">1675669991460</td><td rowspan="1">19536</td></tr><tr class="passedeven"><td><a href="#m80">validateEditUserGroupUATest</a></td><td rowspan="1">1675665805914</td><td rowspan="1">19443</td></tr><tr class="passedeven"><td><a href="#m81">validateRemoveUserFromGroupUATest</a></td><td rowspan="1">1675665868078</td><td rowspan="1">26445</td></tr><tr class="passedodd"><td rowspan="2">com.ae.qa.testcasesWorkflowAdmin.AgentListPageTestWA</td><td><a href="#m82">validateAssistedAgentDownloadWATest</a></td><td rowspan="1">1675669631417</td><td rowspan="1">148031</td></tr><tr class="passedodd"><td><a href="#m83">validateCheckAgentStatusWATest</a></td><td rowspan="1">1675669789102</td><td rowspan="1">54885</td></tr><tr class="passedeven"><td rowspan="2">com.ae.qa.testcasesWorkflowAdmin.CataloguePageTestWA</td><td><a href="#m84">validateSubmitReqCustomCategoryWATest</a></td><td rowspan="1">1675669881175</td><td rowspan="1">77118</td></tr><tr class="passedeven"><td><a href="#m85">validateSubmitReqDefaultCategoryWATest</a></td><td rowspan="1">1675669853196</td><td rowspan="1">23467</td></tr><tr class="passedodd"><td rowspan="4">com.ae.qa.testcasesWorkflowAdmin.CategoriesPageTestWA</td><td><a href="#m86">ValidateAssignWFToCategoryWATest</a></td><td rowspan="1">1675666099234</td><td rowspan="1">30036</td></tr><tr class="passedodd"><td><a href="#m87">ValidateCreateCategoryWATest</a></td><td rowspan="1">1675666013986</td><td rowspan="1">34450</td></tr><tr class="passedodd"><td><a href="#m88">ValidateEditCategoryWATest</a></td><td rowspan="1">1675666054340</td><td rowspan="1">39016</td></tr><tr class="passedodd"><td><a href="#m89">ValidateRemoveWFFromCategoryWATest</a></td><td rowspan="1">1675666135182</td><td rowspan="1">29356</td></tr><tr class="passedeven"><td rowspan="4">com.ae.qa.testcasesWorkflowAdmin.CredentialsPageTestWA</td><td><a href="#m90">ValidateDeleteCredentialPoolWATest</a></td><td rowspan="1">1675669962916</td><td rowspan="1">23205</td></tr><tr class="passedeven"><td><a href="#m91">ValidateDeleteCredentialWATest</a></td><td rowspan="1">1675670018871</td><td rowspan="1">23093</td></tr><tr class="passedeven"><td><a href="#m92">ValidateEditCredentialsWATest</a></td><td rowspan="1">1675666241621</td><td rowspan="1">89254</td></tr><tr class="passedeven"><td><a href="#m93">ValidateMoveCredentialToPoolWATest</a></td><td rowspan="1">1675666339346</td><td rowspan="1">53435</td></tr><tr class="passedodd"><td rowspan="8">com.ae.qa.testcasesWorkflowAdmin.DashboardsPageTestWA</td><td><a href="#m94">validateDashboardNoneWATest</a></td><td rowspan="1">1675666397930</td><td rowspan="1">34140</td></tr><tr class="passedodd"><td><a href="#m95">validateDashboardRelativeWATest</a></td><td rowspan="1">1675666514406</td><td rowspan="1">40748</td></tr><tr class="passedodd"><td><a href="#m96">validateDashboardTodayWATest</a></td><td rowspan="1">1675666675226</td><td rowspan="1">50620</td></tr><tr class="passedodd"><td><a href="#m97">validateDeleteDashboardWithReportWATest</a></td><td rowspan="1">1675670196007</td><td rowspan="1">20930</td></tr><tr class="passedodd"><td><a href="#m98">validateEditDashboardToCustomWATest</a></td><td rowspan="1">1675666560846</td><td rowspan="1">64847</td></tr><tr class="passedodd"><td><a href="#m99">validateReportCustomWATest</a></td><td rowspan="1">1675670119452</td><td rowspan="1">63407</td></tr><tr class="passedodd"><td><a href="#m100">validateReportNoneMultipleWFWATest</a></td><td rowspan="1">1675666440773</td><td rowspan="1">67628</td></tr><tr class="passedodd"><td><a href="#m101">validateSetAsDefaultReportWATest</a></td><td rowspan="1">1675666637859</td><td rowspan="1">21320</td></tr><tr class="passedeven"><td rowspan="3">com.ae.qa.testcasesWorkflowAdmin.InformationPageTestWA</td><td><a href="#m102">validateAboutTabWATest</a></td><td rowspan="1">1675664874721</td><td rowspan="1">24229</td></tr><tr class="passedeven"><td><a href="#m103">validateLastLoginWATest</a></td><td rowspan="1">1675664796395</td><td rowspan="1">24819</td></tr><tr class="passedeven"><td><a href="#m104">validateViewProfileWATest</a></td><td rowspan="1">1675664824988</td><td rowspan="1">45405</td></tr><tr class="passedodd"><td rowspan="2">com.ae.qa.testcasesWorkflowAdmin.PluginsPageTestWA</td><td><a href="#m105">validatePluginStepsWATest</a></td><td rowspan="1">1675665940054</td><td rowspan="1">27414</td></tr><tr class="passedodd"><td><a href="#m106">validateWFPluginUtilizationWATest</a></td><td rowspan="1">1675665981597</td><td rowspan="1">28053</td></tr><tr class="passedeven"><td rowspan="8">com.ae.qa.testcasesWorkflowAdmin.RequestsPageTestWA</td><td><a href="#m107">validateDownloadRequestWATest</a></td><td rowspan="1">1675668793876</td><td rowspan="1">19884</td></tr><tr class="passedeven"><td><a href="#m108">validateRequestFailureReasonWATest</a></td><td rowspan="1">1675668636921</td><td rowspan="1">149292</td></tr><tr class="passedeven"><td><a href="#m109">validateRequestStatusWATest</a></td><td rowspan="1">1675668824404</td><td rowspan="1">42128</td></tr><tr class="passedeven"><td><a href="#m110">validateRestartRequestWATest</a></td><td rowspan="1">1675668877693</td><td rowspan="1">15758</td></tr><tr class="passedeven"><td><a href="#m111">validateSpecificColumnInRequestsWATest</a></td><td rowspan="1">1675668594693</td><td rowspan="1">24697</td></tr><tr class="passedeven"><td><a href="#m112">validateTerminateRequestWATest</a></td><td rowspan="1">1675668905029</td><td rowspan="1">137374</td></tr><tr class="passedeven"><td><a href="#m113">validatecheckColumnsInRequestsWATest</a></td><td rowspan="1">1675668538695</td><td rowspan="1">18651</td></tr><tr class="passedeven"><td><a href="#m114">validatedeselectAllInRequestsWATest</a></td><td rowspan="1">1675668566240</td><td rowspan="1">18851</td></tr><tr class="passedodd"><td rowspan="10">com.ae.qa.testcasesWorkflowAdmin.SchedulerPageTestWA</td><td><a href="#m115">validateDailyScheduleWATest</a></td><td rowspan="1">1675667553129</td><td rowspan="1">89937</td></tr><tr class="passedodd"><td><a href="#m116">validateDeleteScheduleWATest</a></td><td rowspan="1">1675668074780</td><td rowspan="1">21640</td></tr><tr class="passedodd"><td><a href="#m117">validateEditDailyScheduleWATest</a></td><td rowspan="1">1675667715229</td><td rowspan="1">46351</td></tr><tr class="passedodd"><td><a href="#m118">validateEditMonthlyScheduleWATest</a></td><td rowspan="1">1675667968535</td><td rowspan="1">27205</td></tr><tr class="passedodd"><td><a href="#m119">validateEditScheduleCreateTATest</a></td><td rowspan="1">1675668100574</td><td rowspan="1">108495</td></tr><tr class="passedodd"><td><a href="#m120">validateEditWeeklyScheduleWATest</a></td><td rowspan="1">1675667852078</td><td rowspan="1">25268</td></tr><tr class="passedodd"><td><a href="#m121">validateInactiveScheduleCreateTATest</a></td><td rowspan="1">1675668218366</td><td rowspan="1">15374</td></tr><tr class="passedodd"><td><a href="#m122">validateInfineScheduleWATest</a></td><td rowspan="1">1675668000195</td><td rowspan="1">69167</td></tr><tr class="passedodd"><td><a href="#m123">validateMonthlyScheduleWATest</a></td><td rowspan="1">1675667883840</td><td rowspan="1">78640</td></tr><tr class="passedodd"><td><a href="#m124">validateWeeklyScheduleWATest</a></td><td rowspan="1">1675667766185</td><td rowspan="1">80420</td></tr><tr class="passedeven"><td rowspan="4">com.ae.qa.testcasesWorkflowAdmin.WorkflowListPageTestWA</td><td><a href="#m125">validateEditWFWATest</a></td><td rowspan="1">1675668507438</td><td rowspan="1">21932</td></tr><tr class="passedeven"><td><a href="#m126">validateExportWFVerifiedWATest</a></td><td rowspan="1">1675668455754</td><td rowspan="1">43932</td></tr><tr class="passedeven"><td><a href="#m127">validateImportWFConfigParamWATest</a></td><td rowspan="1">1675668240416</td><td rowspan="1">61963</td></tr><tr class="passedeven"><td><a href="#m128">validateUpdateWFConfigParamCreatedByTAdminWATest</a></td><td rowspan="1">1675668309137</td><td rowspan="1">133320</td></tr></tbody>
</table>
<h2>AESanity</h2><h3 id="m0">com.ae.qa.testcasesActivityMonitor.InformationPageTestAM#endReport</h3><table class="result"><tr><th>Exception</th></tr><tr><td><div class="stacktrace">java.lang.RuntimeException: javax.mail.AuthenticationFailedException: 535 5.7.139 Authentication unsuccessful, the user credentials were incorrect. [PN3PR01CA0044.INDPRD01.PROD.OUTLOOK.COM 2023-02-06T07:57:11.194Z 08DB072C46FCFA6F]

	at com.ae.qa.util.SendMail.sendExtentReport(SendMail.java:79)
	at com.ae.qa.base.TestBase.endReport(TestBase.java:218)
Caused by: javax.mail.AuthenticationFailedException: 535 5.7.139 Authentication unsuccessful, the user credentials were incorrect. [PN3PR01CA0044.INDPRD01.PROD.OUTLOOK.COM 2023-02-06T07:57:11.194Z 08DB072C46FCFA6F]

	at com.sun.mail.smtp.SMTPTransport$Authenticator.authenticate(SMTPTransport.java:965)
	at com.sun.mail.smtp.SMTPTransport.authenticate(SMTPTransport.java:876)
	at com.sun.mail.smtp.SMTPTransport.protocolConnect(SMTPTransport.java:780)
	at javax.mail.Service.connect(Service.java:388)
	at javax.mail.Service.connect(Service.java:246)
	at javax.mail.Service.connect(Service.java:195)
	at javax.mail.Transport.send0(Transport.java:254)
	at javax.mail.Transport.send(Transport.java:124)
	at com.ae.qa.util.SendMail.sendExtentReport(SendMail.java:76)
	... 28 more
... Removed 27 stack frames</div></td></tr></table><p class="totop"><a href="#summary">back to summary</a></p>
<h3 id="m1">com.ae.qa.testcasesTenantUser.DashboardsPageTestTU#getResult</h3><table class="result"><tr class="param"><th>Parameter #1</th></tr><tr class="param stripe"><td>[TestResult name=validateReportNoneMultipleWFTUTest status=FAILURE method=DashboardsPageTestTU.validateReportNoneMultipleWFTUTest(java.lang.reflect.Method)[pri:70, instance:com.ae.qa.testcasesTenantUser.DashboardsPageTestTU@4f6f416f] output=User logged in successfully]</td></tr><tr><th>Exception</th></tr><tr><td><div class="stacktrace">org.openqa.selenium.NoSuchWindowException: no such window: target window already closed
from unknown error: web view not found
  (Session info: chrome=109.0.5414.120)
Build info: version: &apos;3.141.59&apos;, revision: &apos;e82be7d358&apos;, time: &apos;2018-11-14T08:17:03&apos;
System info: host: &apos;DESKTOP-5VHKQUJ&apos;, ip: &apos;192.168.0.102&apos;, os.name: &apos;Windows 10&apos;, os.arch: &apos;amd64&apos;, os.version: &apos;10.0&apos;, java.version: &apos;16.0.2&apos;
Driver info: org.openqa.selenium.chrome.ChromeDriver
Capabilities {acceptInsecureCerts: false, browserName: chrome, browserVersion: 109.0.5414.120, chrome: {chromedriverVersion: 109.0.5414.74 (e7c5703604da..., userDataDir: C:\Users\DELL\AppData\Local...}, goog:chromeOptions: {debuggerAddress: localhost:50936}, javascriptEnabled: true, networkConnectionEnabled: false, pageLoadStrategy: normal, platform: WINDOWS, platformName: WINDOWS, proxy: Proxy(), setWindowRect: true, strictFileInteractability: false, timeouts: {implicit: 0, pageLoad: 300000, script: 30000}, unhandledPromptBehavior: dismiss and notify, webauthn:extension:credBlob: true, webauthn:extension:largeBlob: true, webauthn:virtualAuthenticators: true}
Session ID: 2bd888bb7973ad7e5c71fbe520788133
	at org.openqa.selenium.remote.http.W3CHttpResponseCodec.createException(W3CHttpResponseCodec.java:187)
	at org.openqa.selenium.remote.http.W3CHttpResponseCodec.decode(W3CHttpResponseCodec.java:122)
	at org.openqa.selenium.remote.http.W3CHttpResponseCodec.decode(W3CHttpResponseCodec.java:49)
	at org.openqa.selenium.remote.HttpCommandExecutor.execute(HttpCommandExecutor.java:158)
	at org.openqa.selenium.remote.service.DriverCommandExecutor.execute(DriverCommandExecutor.java:83)
	at org.openqa.selenium.remote.RemoteWebDriver.execute(RemoteWebDriver.java:552)
	at org.openqa.selenium.remote.RemoteWebDriver.execute(RemoteWebDriver.java:609)
	at org.openqa.selenium.remote.RemoteWebDriver.getScreenshotAs(RemoteWebDriver.java:295)
	at com.ae.qa.base.TestBase.getScreenShot(TestBase.java:111)
	at com.ae.qa.base.TestBase.getResult(TestBase.java:192)
	at java.base/java.util.concurrent.ThreadPoolExecutor.runWorker(ThreadPoolExecutor.java:1130)
	at java.base/java.util.concurrent.ThreadPoolExecutor$Worker.run(ThreadPoolExecutor.java:630)
	at java.base/java.lang.Thread.run(Thread.java:831)
... Removed 17 stack frames</div></td></tr></table><p class="totop"><a href="#summary">back to summary</a></p>
<h3 id="m2">com.ae.qa.testcasesActivityMonitor.RequestsPageTestAM#validateRequestStatusAMTest</h3><table class="result"><tr class="param"><th>Parameter #1</th></tr><tr class="param stripe"><td>public void com.ae.qa.testcasesActivityMonitor.RequestsPageTestAM.validateRequestStatusAMTest(java.lang.reflect.Method) throws java.lang.Exception</td></tr><tr><th>Messages</th></tr><tr><td><div class="messages">User logged in successfully<br/>Requests Tab is clicked<br/>Workflow status is neither completed nor Failure, but other than that: Terminated</div></td></tr><tr><th>Exception</th></tr><tr><td><div class="stacktrace">java.lang.AssertionError: expected [true] but found [false]
	at com.ae.qa.pages.ActivityMonitor.RequestsPageAM.validateRequestStatusAM(RequestsPageAM.java:235)
	at com.ae.qa.testcasesActivityMonitor.RequestsPageTestAM.validateRequestStatusAMTest(RequestsPageTestAM.java:61)
	at java.base/java.util.concurrent.ThreadPoolExecutor.runWorker(ThreadPoolExecutor.java:1130)
	at java.base/java.util.concurrent.ThreadPoolExecutor$Worker.run(ThreadPoolExecutor.java:630)
	at java.base/java.lang.Thread.run(Thread.java:831)
... Removed 14 stack frames</div></td></tr></table><p class="totop"><a href="#summary">back to summary</a></p>
<h3 id="m3">com.ae.qa.testcasesAgentAdmin.AgentListPageTestAA#checkStatusOfAgentAATest</h3><table class="result"><tr class="param"><th>Parameter #1</th></tr><tr class="param stripe"><td>public void com.ae.qa.testcasesAgentAdmin.AgentListPageTestAA.checkStatusOfAgentAATest(java.lang.reflect.Method) throws java.lang.Exception</td></tr><tr><th>Messages</th></tr><tr><td><div class="messages">User LogIn Succesfully<br/>User navigated to Agents Tab</div></td></tr><tr><th>Exception</th></tr><tr><td><div class="stacktrace">org.openqa.selenium.StaleElementReferenceException: stale element reference: element is not attached to the page document
  (Session info: chrome=109.0.5414.120)
For documentation on this error, please visit: https://www.seleniumhq.org/exceptions/stale_element_reference.html
Build info: version: &apos;3.141.59&apos;, revision: &apos;e82be7d358&apos;, time: &apos;2018-11-14T08:17:03&apos;
System info: host: &apos;DESKTOP-5VHKQUJ&apos;, ip: &apos;192.168.0.102&apos;, os.name: &apos;Windows 10&apos;, os.arch: &apos;amd64&apos;, os.version: &apos;10.0&apos;, java.version: &apos;16.0.2&apos;
Driver info: org.openqa.selenium.chrome.ChromeDriver
Capabilities {acceptInsecureCerts: false, browserName: chrome, browserVersion: 109.0.5414.120, chrome: {chromedriverVersion: 109.0.5414.74 (e7c5703604da..., userDataDir: C:\Users\DELL\AppData\Local...}, goog:chromeOptions: {debuggerAddress: localhost:50121}, javascriptEnabled: true, networkConnectionEnabled: false, pageLoadStrategy: normal, platform: WINDOWS, platformName: WINDOWS, proxy: Proxy(), setWindowRect: true, strictFileInteractability: false, timeouts: {implicit: 0, pageLoad: 300000, script: 30000}, unhandledPromptBehavior: dismiss and notify, webauthn:extension:credBlob: true, webauthn:extension:largeBlob: true, webauthn:virtualAuthenticators: true}
Session ID: d876c65834fa9b7a6cb5231a92bf8b49
	at org.openqa.selenium.remote.http.W3CHttpResponseCodec.createException(W3CHttpResponseCodec.java:187)
	at org.openqa.selenium.remote.http.W3CHttpResponseCodec.decode(W3CHttpResponseCodec.java:122)
	at org.openqa.selenium.remote.http.W3CHttpResponseCodec.decode(W3CHttpResponseCodec.java:49)
	at org.openqa.selenium.remote.HttpCommandExecutor.execute(HttpCommandExecutor.java:158)
	at org.openqa.selenium.remote.service.DriverCommandExecutor.execute(DriverCommandExecutor.java:83)
	at org.openqa.selenium.remote.RemoteWebDriver.execute(RemoteWebDriver.java:552)
	at org.openqa.selenium.remote.RemoteWebElement.execute(RemoteWebElement.java:285)
	at org.openqa.selenium.remote.RemoteWebElement.getText(RemoteWebElement.java:166)
	at org.openqa.selenium.support.pagefactory.internal.LocatingElementHandler.invoke(LocatingElementHandler.java:51)
	at jdk.proxy2/jdk.proxy2.$Proxy27.getText(Unknown Source)
	at com.ae.qa.pages.AgentAdmin.AgentListPageAA.checkStatusOfAgent(AgentListPageAA.java:212)
	at com.ae.qa.testcasesAgentAdmin.AgentListPageTestAA.checkStatusOfAgentAATest(AgentListPageTestAA.java:57)
	at java.base/java.util.concurrent.ThreadPoolExecutor.runWorker(ThreadPoolExecutor.java:1130)
	at java.base/java.util.concurrent.ThreadPoolExecutor$Worker.run(ThreadPoolExecutor.java:630)
	at java.base/java.lang.Thread.run(Thread.java:831)
... Removed 18 stack frames</div></td></tr></table><p class="totop"><a href="#summary">back to summary</a></p>
<h3 id="m4">com.ae.qa.testcasesTenantUser.AgentListPageTestTU#validateEditAssistedAgentNameTUTest</h3><table class="result"><tr class="param"><th>Parameter #1</th></tr><tr class="param stripe"><td>public void com.ae.qa.testcasesTenantUser.AgentListPageTestTU.validateEditAssistedAgentNameTUTest(java.lang.reflect.Method) throws java.lang.Exception</td></tr><tr><th>Messages</th></tr><tr><td><div class="messages">User navigated to Agents Tab<br/>User navigated to Agentslist Tab<br/>User clicked on Edit Btn<br/>Actual message displayed on screen is: Changes saved to the agent and Expected message is: Access Denied</div></td></tr><tr><th>Exception</th></tr><tr><td><div class="stacktrace">java.lang.AssertionError: Assisted Agent Name did not get changed expected [Access Denied] but found [Changes saved to the agent]
	at com.ae.qa.pages.TenantUser.AgentListPageTU.validateEditAssistedAgentNameTU(AgentListPageTU.java:130)
	at com.ae.qa.testcasesTenantUser.AgentListPageTestTU.validateEditAssistedAgentNameTUTest(AgentListPageTestTU.java:43)
	at java.base/java.util.concurrent.ThreadPoolExecutor.runWorker(ThreadPoolExecutor.java:1130)
	at java.base/java.util.concurrent.ThreadPoolExecutor$Worker.run(ThreadPoolExecutor.java:630)
	at java.base/java.lang.Thread.run(Thread.java:831)
... Removed 15 stack frames</div></td></tr></table><p class="totop"><a href="#summary">back to summary</a></p>
<h3 id="m5">com.ae.qa.testcasesTenantUser.DashboardsPageTestTU#validateReportNoneMultipleWFTUTest</h3><table class="result"><tr class="param"><th>Parameter #1</th></tr><tr class="param stripe"><td>public void com.ae.qa.testcasesTenantUser.DashboardsPageTestTU.validateReportNoneMultipleWFTUTest(java.lang.reflect.Method) throws java.lang.Exception</td></tr><tr><th>Messages</th></tr><tr><td><div class="messages">User logged in successfully<br/>Reports Tab is clicked<br/>Dashboard chosed successfully<br/>Add report is clicked<br/>Report Type selected successfully<br/>Generate on Worklfows radio button already selected</div></td></tr><tr><th>Exception</th></tr><tr><td><div class="stacktrace">org.openqa.selenium.NoSuchElementException: Cannot locate an element using xpath=//*[@id=&apos;options-list&apos;]/li/label/span
For documentation on this error, please visit: https://www.seleniumhq.org/exceptions/no_such_element.html
Build info: version: &apos;3.141.59&apos;, revision: &apos;e82be7d358&apos;, time: &apos;2018-11-14T08:17:03&apos;
System info: host: &apos;DESKTOP-5VHKQUJ&apos;, ip: &apos;192.168.0.102&apos;, os.name: &apos;Windows 10&apos;, os.arch: &apos;amd64&apos;, os.version: &apos;10.0&apos;, java.version: &apos;16.0.2&apos;
Driver info: driver.version: RemoteWebDriver
	at org.openqa.selenium.remote.RemoteWebDriver.findElement(RemoteWebDriver.java:327)
	at org.openqa.selenium.remote.RemoteWebDriver.findElementByXPath(RemoteWebDriver.java:428)
	at org.openqa.selenium.By$ByXPath.findElement(By.java:353)
	at org.openqa.selenium.remote.RemoteWebDriver.findElement(RemoteWebDriver.java:315)
	at org.openqa.selenium.support.pagefactory.DefaultElementLocator.findElement(DefaultElementLocator.java:69)
	at org.openqa.selenium.support.pagefactory.internal.LocatingElementHandler.invoke(LocatingElementHandler.java:38)
	at jdk.proxy2/jdk.proxy2.$Proxy27.click(Unknown Source)
	at com.ae.qa.pages.TenantUser.DashboardsPageTU.makeReportUsingWFTU(DashboardsPageTU.java:206)
	at com.ae.qa.pages.TenantUser.DashboardsPageTU.validateReportNoneMultipleWFTU(DashboardsPageTU.java:211)
	at com.ae.qa.testcasesTenantUser.DashboardsPageTestTU.validateReportNoneMultipleWFTUTest(DashboardsPageTestTU.java:35)
	at java.base/java.util.concurrent.ThreadPoolExecutor.runWorker(ThreadPoolExecutor.java:1130)
	at java.base/java.util.concurrent.ThreadPoolExecutor$Worker.run(ThreadPoolExecutor.java:630)
	at java.base/java.lang.Thread.run(Thread.java:831)
... Removed 10 stack frames</div></td></tr></table><p class="totop"><a href="#summary">back to summary</a></p>
<h3 id="m6">com.ae.qa.testcasesWorkflowAdmin.CredentialsPageTestWA#ValidateCreateCredentialsWATest</h3><table class="result"><tr class="param"><th>Parameter #1</th></tr><tr class="param stripe"><td>public void com.ae.qa.testcasesWorkflowAdmin.CredentialsPageTestWA.ValidateCreateCredentialsWATest(java.lang.reflect.Method) throws java.lang.Exception</td></tr><tr><th>Messages</th></tr><tr><td><div class="messages">User LogIn Succesfully<br/>Credentials tab clicked<br/>Add new button is clicked<br/>Create button is clicked</div></td></tr><tr><th>Exception</th></tr><tr><td><div class="stacktrace">org.openqa.selenium.NoSuchElementException: no such element: Unable to locate element: {&quot;method&quot;:&quot;xpath&quot;,&quot;selector&quot;:&quot;//a[@class=&apos;text-truncate&apos;]/span[@title=&apos;KG_PrivateWA&apos;]&quot;}
  (Session info: chrome=109.0.5414.120)
For documentation on this error, please visit: https://www.seleniumhq.org/exceptions/no_such_element.html
Build info: version: &apos;3.141.59&apos;, revision: &apos;e82be7d358&apos;, time: &apos;2018-11-14T08:17:03&apos;
System info: host: &apos;DESKTOP-5VHKQUJ&apos;, ip: &apos;192.168.0.102&apos;, os.name: &apos;Windows 10&apos;, os.arch: &apos;amd64&apos;, os.version: &apos;10.0&apos;, java.version: &apos;16.0.2&apos;
Driver info: org.openqa.selenium.chrome.ChromeDriver
Capabilities {acceptInsecureCerts: false, browserName: chrome, browserVersion: 109.0.5414.120, chrome: {chromedriverVersion: 109.0.5414.74 (e7c5703604da..., userDataDir: C:\Users\DELL\AppData\Local...}, goog:chromeOptions: {debuggerAddress: localhost:49331}, javascriptEnabled: true, networkConnectionEnabled: false, pageLoadStrategy: normal, platform: WINDOWS, platformName: WINDOWS, proxy: Proxy(), setWindowRect: true, strictFileInteractability: false, timeouts: {implicit: 0, pageLoad: 300000, script: 30000}, unhandledPromptBehavior: dismiss and notify, webauthn:extension:credBlob: true, webauthn:extension:largeBlob: true, webauthn:virtualAuthenticators: true}
Session ID: 1ac9a53cfcfac357819c9fc31d8dd342
*** Element info: {Using=xpath, value=//a[@class=&apos;text-truncate&apos;]/span[@title=&apos;KG_PrivateWA&apos;]}
	at org.openqa.selenium.remote.http.W3CHttpResponseCodec.createException(W3CHttpResponseCodec.java:187)
	at org.openqa.selenium.remote.http.W3CHttpResponseCodec.decode(W3CHttpResponseCodec.java:122)
	at org.openqa.selenium.remote.http.W3CHttpResponseCodec.decode(W3CHttpResponseCodec.java:49)
	at org.openqa.selenium.remote.HttpCommandExecutor.execute(HttpCommandExecutor.java:158)
	at org.openqa.selenium.remote.service.DriverCommandExecutor.execute(DriverCommandExecutor.java:83)
	at org.openqa.selenium.remote.RemoteWebDriver.execute(RemoteWebDriver.java:552)
	at org.openqa.selenium.remote.RemoteWebDriver.findElement(RemoteWebDriver.java:323)
	at org.openqa.selenium.remote.RemoteWebDriver.findElementByXPath(RemoteWebDriver.java:428)
	at org.openqa.selenium.By$ByXPath.findElement(By.java:353)
	at org.openqa.selenium.remote.RemoteWebDriver.findElement(RemoteWebDriver.java:315)
	at com.ae.qa.pages.WorkflowAdmin.CredentialsPageWA.ValidateCreateCredentialsWA(CredentialsPageWA.java:111)
	at com.ae.qa.testcasesWorkflowAdmin.CredentialsPageTestWA.ValidateCreateCredentialsWATest(CredentialsPageTestWA.java:29)
	at java.base/java.util.concurrent.ThreadPoolExecutor.runWorker(ThreadPoolExecutor.java:1130)
	at java.base/java.util.concurrent.ThreadPoolExecutor$Worker.run(ThreadPoolExecutor.java:630)
	at java.base/java.lang.Thread.run(Thread.java:831)
... Removed 15 stack frames</div></td></tr></table><p class="totop"><a href="#summary">back to summary</a></p>
<h3 id="m7">com.ae.qa.testcasesTenantUser.DashboardsPageTestTU#getResult</h3><table class="result"><tr><th class="invisible"/></tr></table><p class="totop"><a href="#summary">back to summary</a></p>
<h3 id="m8">com.ae.qa.testcasesTenantUser.DashboardsPageTestTU#getResult</h3><table class="result"><tr><th class="invisible"/></tr></table><p class="totop"><a href="#summary">back to summary</a></p>
<h3 id="m9">com.ae.qa.testcasesTenantUser.DashboardsPageTestTU#getResult</h3><table class="result"><tr><th class="invisible"/></tr></table><p class="totop"><a href="#summary">back to summary</a></p>
<h3 id="m10">com.ae.qa.testcasesTenantUser.DashboardsPageTestTU#getResult</h3><table class="result"><tr><th class="invisible"/></tr></table><p class="totop"><a href="#summary">back to summary</a></p>
<h3 id="m11">com.ae.qa.testcasesTenantUser.DashboardsPageTestTU#getResult</h3><table class="result"><tr><th class="invisible"/></tr></table><p class="totop"><a href="#summary">back to summary</a></p>
<h3 id="m12">com.ae.qa.testcasesTenantUser.DashboardsPageTestTU#getResult</h3><table class="result"><tr><th class="invisible"/></tr></table><p class="totop"><a href="#summary">back to summary</a></p>
<h3 id="m13">com.ae.qa.testcasesTenantUser.DashboardsPageTestTU#initialization</h3><table class="result"><tr><th class="invisible"/></tr></table><p class="totop"><a href="#summary">back to summary</a></p>
<h3 id="m14">com.ae.qa.testcasesTenantUser.DashboardsPageTestTU#initialization</h3><table class="result"><tr><th class="invisible"/></tr></table><p class="totop"><a href="#summary">back to summary</a></p>
<h3 id="m15">com.ae.qa.testcasesTenantUser.DashboardsPageTestTU#initialization</h3><table class="result"><tr><th class="invisible"/></tr></table><p class="totop"><a href="#summary">back to summary</a></p>
<h3 id="m16">com.ae.qa.testcasesTenantUser.DashboardsPageTestTU#initialization</h3><table class="result"><tr><th class="invisible"/></tr></table><p class="totop"><a href="#summary">back to summary</a></p>
<h3 id="m17">com.ae.qa.testcasesTenantUser.DashboardsPageTestTU#initialization</h3><table class="result"><tr><th class="invisible"/></tr></table><p class="totop"><a href="#summary">back to summary</a></p>
<h3 id="m18">com.ae.qa.testcasesTenantUser.DashboardsPageTestTU#initialization</h3><table class="result"><tr><th class="invisible"/></tr></table><p class="totop"><a href="#summary">back to summary</a></p>
<h3 id="m19">com.ae.qa.testcasesTenantUser.DashboardsPageTestTU#validateDashboardRelativeTUTest</h3><table class="result"><tr><th>Exception</th></tr><tr><td><div class="stacktrace">org.openqa.selenium.NoSuchWindowException: no such window: target window already closed
from unknown error: web view not found
  (Session info: chrome=109.0.5414.120)
Build info: version: &apos;3.141.59&apos;, revision: &apos;e82be7d358&apos;, time: &apos;2018-11-14T08:17:03&apos;
System info: host: &apos;DESKTOP-5VHKQUJ&apos;, ip: &apos;192.168.0.102&apos;, os.name: &apos;Windows 10&apos;, os.arch: &apos;amd64&apos;, os.version: &apos;10.0&apos;, java.version: &apos;16.0.2&apos;
Driver info: org.openqa.selenium.chrome.ChromeDriver
Capabilities {acceptInsecureCerts: false, browserName: chrome, browserVersion: 109.0.5414.120, chrome: {chromedriverVersion: 109.0.5414.74 (e7c5703604da..., userDataDir: C:\Users\DELL\AppData\Local...}, goog:chromeOptions: {debuggerAddress: localhost:50936}, javascriptEnabled: true, networkConnectionEnabled: false, pageLoadStrategy: normal, platform: WINDOWS, platformName: WINDOWS, proxy: Proxy(), setWindowRect: true, strictFileInteractability: false, timeouts: {implicit: 0, pageLoad: 300000, script: 30000}, unhandledPromptBehavior: dismiss and notify, webauthn:extension:credBlob: true, webauthn:extension:largeBlob: true, webauthn:virtualAuthenticators: true}
Session ID: 2bd888bb7973ad7e5c71fbe520788133
	at org.openqa.selenium.remote.http.W3CHttpResponseCodec.createException(W3CHttpResponseCodec.java:187)
	at org.openqa.selenium.remote.http.W3CHttpResponseCodec.decode(W3CHttpResponseCodec.java:122)
	at org.openqa.selenium.remote.http.W3CHttpResponseCodec.decode(W3CHttpResponseCodec.java:49)
	at org.openqa.selenium.remote.HttpCommandExecutor.execute(HttpCommandExecutor.java:158)
	at org.openqa.selenium.remote.service.DriverCommandExecutor.execute(DriverCommandExecutor.java:83)
	at org.openqa.selenium.remote.RemoteWebDriver.execute(RemoteWebDriver.java:552)
	at org.openqa.selenium.remote.RemoteWebDriver.execute(RemoteWebDriver.java:609)
	at org.openqa.selenium.remote.RemoteWebDriver.getScreenshotAs(RemoteWebDriver.java:295)
	at com.ae.qa.base.TestBase.getScreenShot(TestBase.java:111)
	at com.ae.qa.base.TestBase.getResult(TestBase.java:192)
	at java.base/java.util.concurrent.ThreadPoolExecutor.runWorker(ThreadPoolExecutor.java:1130)
	at java.base/java.util.concurrent.ThreadPoolExecutor$Worker.run(ThreadPoolExecutor.java:630)
	at java.base/java.lang.Thread.run(Thread.java:831)
... Removed 17 stack frames</div></td></tr></table><p class="totop"><a href="#summary">back to summary</a></p>
<h3 id="m20">com.ae.qa.testcasesTenantUser.DashboardsPageTestTU#validateDashboardTodayTUTest</h3><table class="result"><tr><th>Exception</th></tr><tr><td><div class="stacktrace">org.openqa.selenium.NoSuchWindowException: no such window: target window already closed
from unknown error: web view not found
  (Session info: chrome=109.0.5414.120)
Build info: version: &apos;3.141.59&apos;, revision: &apos;e82be7d358&apos;, time: &apos;2018-11-14T08:17:03&apos;
System info: host: &apos;DESKTOP-5VHKQUJ&apos;, ip: &apos;192.168.0.102&apos;, os.name: &apos;Windows 10&apos;, os.arch: &apos;amd64&apos;, os.version: &apos;10.0&apos;, java.version: &apos;16.0.2&apos;
Driver info: org.openqa.selenium.chrome.ChromeDriver
Capabilities {acceptInsecureCerts: false, browserName: chrome, browserVersion: 109.0.5414.120, chrome: {chromedriverVersion: 109.0.5414.74 (e7c5703604da..., userDataDir: C:\Users\DELL\AppData\Local...}, goog:chromeOptions: {debuggerAddress: localhost:50936}, javascriptEnabled: true, networkConnectionEnabled: false, pageLoadStrategy: normal, platform: WINDOWS, platformName: WINDOWS, proxy: Proxy(), setWindowRect: true, strictFileInteractability: false, timeouts: {implicit: 0, pageLoad: 300000, script: 30000}, unhandledPromptBehavior: dismiss and notify, webauthn:extension:credBlob: true, webauthn:extension:largeBlob: true, webauthn:virtualAuthenticators: true}
Session ID: 2bd888bb7973ad7e5c71fbe520788133
	at org.openqa.selenium.remote.http.W3CHttpResponseCodec.createException(W3CHttpResponseCodec.java:187)
	at org.openqa.selenium.remote.http.W3CHttpResponseCodec.decode(W3CHttpResponseCodec.java:122)
	at org.openqa.selenium.remote.http.W3CHttpResponseCodec.decode(W3CHttpResponseCodec.java:49)
	at org.openqa.selenium.remote.HttpCommandExecutor.execute(HttpCommandExecutor.java:158)
	at org.openqa.selenium.remote.service.DriverCommandExecutor.execute(DriverCommandExecutor.java:83)
	at org.openqa.selenium.remote.RemoteWebDriver.execute(RemoteWebDriver.java:552)
	at org.openqa.selenium.remote.RemoteWebDriver.execute(RemoteWebDriver.java:609)
	at org.openqa.selenium.remote.RemoteWebDriver.getScreenshotAs(RemoteWebDriver.java:295)
	at com.ae.qa.base.TestBase.getScreenShot(TestBase.java:111)
	at com.ae.qa.base.TestBase.getResult(TestBase.java:192)
	at java.base/java.util.concurrent.ThreadPoolExecutor.runWorker(ThreadPoolExecutor.java:1130)
	at java.base/java.util.concurrent.ThreadPoolExecutor$Worker.run(ThreadPoolExecutor.java:630)
	at java.base/java.lang.Thread.run(Thread.java:831)
... Removed 17 stack frames</div></td></tr></table><p class="totop"><a href="#summary">back to summary</a></p>
<h3 id="m21">com.ae.qa.testcasesTenantUser.DashboardsPageTestTU#validateDeleteDashboardWithReportTUTest</h3><table class="result"><tr><th>Exception</th></tr><tr><td><div class="stacktrace">org.openqa.selenium.NoSuchWindowException: no such window: target window already closed
from unknown error: web view not found
  (Session info: chrome=109.0.5414.120)
Build info: version: &apos;3.141.59&apos;, revision: &apos;e82be7d358&apos;, time: &apos;2018-11-14T08:17:03&apos;
System info: host: &apos;DESKTOP-5VHKQUJ&apos;, ip: &apos;192.168.0.102&apos;, os.name: &apos;Windows 10&apos;, os.arch: &apos;amd64&apos;, os.version: &apos;10.0&apos;, java.version: &apos;16.0.2&apos;
Driver info: org.openqa.selenium.chrome.ChromeDriver
Capabilities {acceptInsecureCerts: false, browserName: chrome, browserVersion: 109.0.5414.120, chrome: {chromedriverVersion: 109.0.5414.74 (e7c5703604da..., userDataDir: C:\Users\DELL\AppData\Local...}, goog:chromeOptions: {debuggerAddress: localhost:50936}, javascriptEnabled: true, networkConnectionEnabled: false, pageLoadStrategy: normal, platform: WINDOWS, platformName: WINDOWS, proxy: Proxy(), setWindowRect: true, strictFileInteractability: false, timeouts: {implicit: 0, pageLoad: 300000, script: 30000}, unhandledPromptBehavior: dismiss and notify, webauthn:extension:credBlob: true, webauthn:extension:largeBlob: true, webauthn:virtualAuthenticators: true}
Session ID: 2bd888bb7973ad7e5c71fbe520788133
	at org.openqa.selenium.remote.http.W3CHttpResponseCodec.createException(W3CHttpResponseCodec.java:187)
	at org.openqa.selenium.remote.http.W3CHttpResponseCodec.decode(W3CHttpResponseCodec.java:122)
	at org.openqa.selenium.remote.http.W3CHttpResponseCodec.decode(W3CHttpResponseCodec.java:49)
	at org.openqa.selenium.remote.HttpCommandExecutor.execute(HttpCommandExecutor.java:158)
	at org.openqa.selenium.remote.service.DriverCommandExecutor.execute(DriverCommandExecutor.java:83)
	at org.openqa.selenium.remote.RemoteWebDriver.execute(RemoteWebDriver.java:552)
	at org.openqa.selenium.remote.RemoteWebDriver.execute(RemoteWebDriver.java:609)
	at org.openqa.selenium.remote.RemoteWebDriver.getScreenshotAs(RemoteWebDriver.java:295)
	at com.ae.qa.base.TestBase.getScreenShot(TestBase.java:111)
	at com.ae.qa.base.TestBase.getResult(TestBase.java:192)
	at java.base/java.util.concurrent.ThreadPoolExecutor.runWorker(ThreadPoolExecutor.java:1130)
	at java.base/java.util.concurrent.ThreadPoolExecutor$Worker.run(ThreadPoolExecutor.java:630)
	at java.base/java.lang.Thread.run(Thread.java:831)
... Removed 17 stack frames</div></td></tr></table><p class="totop"><a href="#summary">back to summary</a></p>
<h3 id="m22">com.ae.qa.testcasesTenantUser.DashboardsPageTestTU#validateEditDashboardToCustomTUTest</h3><table class="result"><tr><th>Exception</th></tr><tr><td><div class="stacktrace">org.openqa.selenium.NoSuchWindowException: no such window: target window already closed
from unknown error: web view not found
  (Session info: chrome=109.0.5414.120)
Build info: version: &apos;3.141.59&apos;, revision: &apos;e82be7d358&apos;, time: &apos;2018-11-14T08:17:03&apos;
System info: host: &apos;DESKTOP-5VHKQUJ&apos;, ip: &apos;192.168.0.102&apos;, os.name: &apos;Windows 10&apos;, os.arch: &apos;amd64&apos;, os.version: &apos;10.0&apos;, java.version: &apos;16.0.2&apos;
Driver info: org.openqa.selenium.chrome.ChromeDriver
Capabilities {acceptInsecureCerts: false, browserName: chrome, browserVersion: 109.0.5414.120, chrome: {chromedriverVersion: 109.0.5414.74 (e7c5703604da..., userDataDir: C:\Users\DELL\AppData\Local...}, goog:chromeOptions: {debuggerAddress: localhost:50936}, javascriptEnabled: true, networkConnectionEnabled: false, pageLoadStrategy: normal, platform: WINDOWS, platformName: WINDOWS, proxy: Proxy(), setWindowRect: true, strictFileInteractability: false, timeouts: {implicit: 0, pageLoad: 300000, script: 30000}, unhandledPromptBehavior: dismiss and notify, webauthn:extension:credBlob: true, webauthn:extension:largeBlob: true, webauthn:virtualAuthenticators: true}
Session ID: 2bd888bb7973ad7e5c71fbe520788133
	at org.openqa.selenium.remote.http.W3CHttpResponseCodec.createException(W3CHttpResponseCodec.java:187)
	at org.openqa.selenium.remote.http.W3CHttpResponseCodec.decode(W3CHttpResponseCodec.java:122)
	at org.openqa.selenium.remote.http.W3CHttpResponseCodec.decode(W3CHttpResponseCodec.java:49)
	at org.openqa.selenium.remote.HttpCommandExecutor.execute(HttpCommandExecutor.java:158)
	at org.openqa.selenium.remote.service.DriverCommandExecutor.execute(DriverCommandExecutor.java:83)
	at org.openqa.selenium.remote.RemoteWebDriver.execute(RemoteWebDriver.java:552)
	at org.openqa.selenium.remote.RemoteWebDriver.execute(RemoteWebDriver.java:609)
	at org.openqa.selenium.remote.RemoteWebDriver.getScreenshotAs(RemoteWebDriver.java:295)
	at com.ae.qa.base.TestBase.getScreenShot(TestBase.java:111)
	at com.ae.qa.base.TestBase.getResult(TestBase.java:192)
	at java.base/java.util.concurrent.ThreadPoolExecutor.runWorker(ThreadPoolExecutor.java:1130)
	at java.base/java.util.concurrent.ThreadPoolExecutor$Worker.run(ThreadPoolExecutor.java:630)
	at java.base/java.lang.Thread.run(Thread.java:831)
... Removed 17 stack frames</div></td></tr></table><p class="totop"><a href="#summary">back to summary</a></p>
<h3 id="m23">com.ae.qa.testcasesTenantUser.DashboardsPageTestTU#validateReportCustomTUTest</h3><table class="result"><tr><th>Exception</th></tr><tr><td><div class="stacktrace">org.openqa.selenium.NoSuchWindowException: no such window: target window already closed
from unknown error: web view not found
  (Session info: chrome=109.0.5414.120)
Build info: version: &apos;3.141.59&apos;, revision: &apos;e82be7d358&apos;, time: &apos;2018-11-14T08:17:03&apos;
System info: host: &apos;DESKTOP-5VHKQUJ&apos;, ip: &apos;192.168.0.102&apos;, os.name: &apos;Windows 10&apos;, os.arch: &apos;amd64&apos;, os.version: &apos;10.0&apos;, java.version: &apos;16.0.2&apos;
Driver info: org.openqa.selenium.chrome.ChromeDriver
Capabilities {acceptInsecureCerts: false, browserName: chrome, browserVersion: 109.0.5414.120, chrome: {chromedriverVersion: 109.0.5414.74 (e7c5703604da..., userDataDir: C:\Users\DELL\AppData\Local...}, goog:chromeOptions: {debuggerAddress: localhost:50936}, javascriptEnabled: true, networkConnectionEnabled: false, pageLoadStrategy: normal, platform: WINDOWS, platformName: WINDOWS, proxy: Proxy(), setWindowRect: true, strictFileInteractability: false, timeouts: {implicit: 0, pageLoad: 300000, script: 30000}, unhandledPromptBehavior: dismiss and notify, webauthn:extension:credBlob: true, webauthn:extension:largeBlob: true, webauthn:virtualAuthenticators: true}
Session ID: 2bd888bb7973ad7e5c71fbe520788133
	at org.openqa.selenium.remote.http.W3CHttpResponseCodec.createException(W3CHttpResponseCodec.java:187)
	at org.openqa.selenium.remote.http.W3CHttpResponseCodec.decode(W3CHttpResponseCodec.java:122)
	at org.openqa.selenium.remote.http.W3CHttpResponseCodec.decode(W3CHttpResponseCodec.java:49)
	at org.openqa.selenium.remote.HttpCommandExecutor.execute(HttpCommandExecutor.java:158)
	at org.openqa.selenium.remote.service.DriverCommandExecutor.execute(DriverCommandExecutor.java:83)
	at org.openqa.selenium.remote.RemoteWebDriver.execute(RemoteWebDriver.java:552)
	at org.openqa.selenium.remote.RemoteWebDriver.execute(RemoteWebDriver.java:609)
	at org.openqa.selenium.remote.RemoteWebDriver.getScreenshotAs(RemoteWebDriver.java:295)
	at com.ae.qa.base.TestBase.getScreenShot(TestBase.java:111)
	at com.ae.qa.base.TestBase.getResult(TestBase.java:192)
	at java.base/java.util.concurrent.ThreadPoolExecutor.runWorker(ThreadPoolExecutor.java:1130)
	at java.base/java.util.concurrent.ThreadPoolExecutor$Worker.run(ThreadPoolExecutor.java:630)
	at java.base/java.lang.Thread.run(Thread.java:831)
... Removed 17 stack frames</div></td></tr></table><p class="totop"><a href="#summary">back to summary</a></p>
<h3 id="m24">com.ae.qa.testcasesTenantUser.DashboardsPageTestTU#validateSetAsDefaultReportTUTest</h3><table class="result"><tr><th>Exception</th></tr><tr><td><div class="stacktrace">org.openqa.selenium.NoSuchWindowException: no such window: target window already closed
from unknown error: web view not found
  (Session info: chrome=109.0.5414.120)
Build info: version: &apos;3.141.59&apos;, revision: &apos;e82be7d358&apos;, time: &apos;2018-11-14T08:17:03&apos;
System info: host: &apos;DESKTOP-5VHKQUJ&apos;, ip: &apos;192.168.0.102&apos;, os.name: &apos;Windows 10&apos;, os.arch: &apos;amd64&apos;, os.version: &apos;10.0&apos;, java.version: &apos;16.0.2&apos;
Driver info: org.openqa.selenium.chrome.ChromeDriver
Capabilities {acceptInsecureCerts: false, browserName: chrome, browserVersion: 109.0.5414.120, chrome: {chromedriverVersion: 109.0.5414.74 (e7c5703604da..., userDataDir: C:\Users\DELL\AppData\Local...}, goog:chromeOptions: {debuggerAddress: localhost:50936}, javascriptEnabled: true, networkConnectionEnabled: false, pageLoadStrategy: normal, platform: WINDOWS, platformName: WINDOWS, proxy: Proxy(), setWindowRect: true, strictFileInteractability: false, timeouts: {implicit: 0, pageLoad: 300000, script: 30000}, unhandledPromptBehavior: dismiss and notify, webauthn:extension:credBlob: true, webauthn:extension:largeBlob: true, webauthn:virtualAuthenticators: true}
Session ID: 2bd888bb7973ad7e5c71fbe520788133
	at org.openqa.selenium.remote.http.W3CHttpResponseCodec.createException(W3CHttpResponseCodec.java:187)
	at org.openqa.selenium.remote.http.W3CHttpResponseCodec.decode(W3CHttpResponseCodec.java:122)
	at org.openqa.selenium.remote.http.W3CHttpResponseCodec.decode(W3CHttpResponseCodec.java:49)
	at org.openqa.selenium.remote.HttpCommandExecutor.execute(HttpCommandExecutor.java:158)
	at org.openqa.selenium.remote.service.DriverCommandExecutor.execute(DriverCommandExecutor.java:83)
	at org.openqa.selenium.remote.RemoteWebDriver.execute(RemoteWebDriver.java:552)
	at org.openqa.selenium.remote.RemoteWebDriver.execute(RemoteWebDriver.java:609)
	at org.openqa.selenium.remote.RemoteWebDriver.getScreenshotAs(RemoteWebDriver.java:295)
	at com.ae.qa.base.TestBase.getScreenShot(TestBase.java:111)
	at com.ae.qa.base.TestBase.getResult(TestBase.java:192)
	at java.base/java.util.concurrent.ThreadPoolExecutor.runWorker(ThreadPoolExecutor.java:1130)
	at java.base/java.util.concurrent.ThreadPoolExecutor$Worker.run(ThreadPoolExecutor.java:630)
	at java.base/java.lang.Thread.run(Thread.java:831)
... Removed 17 stack frames</div></td></tr></table><p class="totop"><a href="#summary">back to summary</a></p>
<h3 id="m25">com.ae.qa.testcasesActivityMonitor.AgentListPageTestAM#SpecificColumnInAgentListAMTest</h3><table class="result"><tr class="param"><th>Parameter #1</th></tr><tr class="param stripe"><td>public void com.ae.qa.testcasesActivityMonitor.AgentListPageTestAM.SpecificColumnInAgentListAMTest(java.lang.reflect.Method) throws java.lang.Exception</td></tr><tr><th>Messages</th></tr><tr><td><div class="messages">User logged in successfully<br/>User navigated to AgentList tab<br/>Select All Checkbox is not already selected, Hence selected twice to deselect it.<br/>Field of Columns: Agent Name<br/>Field of Columns: Execution Threads<br/>Field of Columns: Executing Workflows<br/>Field of Columns: Status<br/>Field of Columns: Resource Utilization<br/>Column Value found<br/>All columns selected found in table.<br/>User signed out successfully</div></td></tr></table><p class="totop"><a href="#summary">back to summary</a></p>
<h3 id="m26">com.ae.qa.testcasesActivityMonitor.AgentListPageTestAM#checkColumnsInAgentListAMTest</h3><table class="result"><tr class="param"><th>Parameter #1</th></tr><tr class="param stripe"><td>public void com.ae.qa.testcasesActivityMonitor.AgentListPageTestAM.checkColumnsInAgentListAMTest(java.lang.reflect.Method) throws java.lang.Exception</td></tr><tr><th>Messages</th></tr><tr><td><div class="messages">User logged in successfully<br/>User navigated to AgentList tab<br/>All Column got displayed in records after Checking select All checkbox.<br/>User signed out successfully</div></td></tr></table><p class="totop"><a href="#summary">back to summary</a></p>
<h3 id="m27">com.ae.qa.testcasesActivityMonitor.AgentListPageTestAM#deselectAllInAgentListAMTest</h3><table class="result"><tr class="param"><th>Parameter #1</th></tr><tr class="param stripe"><td>public void com.ae.qa.testcasesActivityMonitor.AgentListPageTestAM.deselectAllInAgentListAMTest(java.lang.reflect.Method) throws java.lang.Exception</td></tr><tr><th>Messages</th></tr><tr><td><div class="messages">User logged in successfully<br/>User navigated to AgentList tab<br/>Select All Checkbox is not already selected, Hence selected twice to deselect it.<br/>Selected count of No. of colums 3<br/>Total No of columns in table: 3<br/>Field of Columns: Agent Name<br/>Field of Columns: Status<br/>Field of Columns: Resource Utilization<br/>Column Value found<br/>All Options got deselected except Agent Name,Status and Resource Utilization.<br/>User signed out successfully</div></td></tr></table><p class="totop"><a href="#summary">back to summary</a></p>
<h3 id="m28">com.ae.qa.testcasesActivityMonitor.AgentListPageTestAM#validateAgentDetailsAMTest</h3><table class="result"><tr class="param"><th>Parameter #1</th></tr><tr class="param stripe"><td>public void com.ae.qa.testcasesActivityMonitor.AgentListPageTestAM.validateAgentDetailsAMTest(java.lang.reflect.Method) throws java.lang.Exception</td></tr><tr><th>Messages</th></tr><tr><td><div class="messages">User log in Successfully<br/>User navigated to Agents Tab<br/>Agent details is verified successfully.<br/>User signed out successfully</div></td></tr></table><p class="totop"><a href="#summary">back to summary</a></p>
<h3 id="m29">com.ae.qa.testcasesActivityMonitor.AgentListPageTestAM#validateAssistedAgentDetailsAMTest</h3><table class="result"><tr class="param"><th>Parameter #1</th></tr><tr class="param stripe"><td>public void com.ae.qa.testcasesActivityMonitor.AgentListPageTestAM.validateAssistedAgentDetailsAMTest(java.lang.reflect.Method) throws java.lang.Exception</td></tr><tr><th>Messages</th></tr><tr><td><div class="messages">User log in Successfully<br/>User navigated to Agents Tab<br/>User navigated to Assisted Agents Tab<br/>Assisted Agent details is verified successfully.<br/>User signed out successfully</div></td></tr></table><p class="totop"><a href="#summary">back to summary</a></p>
<h3 id="m30">com.ae.qa.testcasesActivityMonitor.DashboardsPageTestAM#validateDashboardNoneAMTest</h3><table class="result"><tr class="param"><th>Parameter #1</th></tr><tr class="param stripe"><td>public void com.ae.qa.testcasesActivityMonitor.DashboardsPageTestAM.validateDashboardNoneAMTest(java.lang.reflect.Method) throws java.lang.Exception</td></tr><tr><th>Messages</th></tr><tr><td><div class="messages">User logged in successfully<br/>Reports Tab is clicked<br/>New Dashboard button is clicked<br/>Dashboard level is already selcted<br/>Dashboard duration None selected<br/>Actual Success Msg:Dashboard created successfully<br/>Expected Success Msg:Dashboard created successfully<br/>Dashboard at None level created successfully<br/>User signed out successfully</div></td></tr></table><p class="totop"><a href="#summary">back to summary</a></p>
<h3 id="m31">com.ae.qa.testcasesActivityMonitor.DashboardsPageTestAM#validateDashboardRelativeAMTest</h3><table class="result"><tr class="param"><th>Parameter #1</th></tr><tr class="param stripe"><td>public void com.ae.qa.testcasesActivityMonitor.DashboardsPageTestAM.validateDashboardRelativeAMTest(java.lang.reflect.Method) throws java.lang.Exception</td></tr><tr><th>Messages</th></tr><tr><td><div class="messages">User logged in successfully<br/>Reports Tab is clicked<br/>New Dashboard button is clicked<br/>Dashboard level is already selcted<br/>Dashboard duration Relative selected<br/>Create Button clicked successfully<br/>Actual Success Msg:Dashboard created successfully<br/>Expected Success Msg:Dashboard created successfully<br/>Dashboard at None level created successfully<br/>User signed out successfully</div></td></tr></table><p class="totop"><a href="#summary">back to summary</a></p>
<h3 id="m32">com.ae.qa.testcasesActivityMonitor.DashboardsPageTestAM#validateDashboardTodayAMTest</h3><table class="result"><tr class="param"><th>Parameter #1</th></tr><tr class="param stripe"><td>public void com.ae.qa.testcasesActivityMonitor.DashboardsPageTestAM.validateDashboardTodayAMTest(java.lang.reflect.Method) throws java.lang.Exception</td></tr><tr><th>Messages</th></tr><tr><td><div class="messages">User logged in successfully<br/>Reports Tab is clicked<br/>New Dashboard button is clicked<br/>Dashboard level is already selcted<br/>Dashboard duration Today selected<br/>Actual Success Msg:Dashboard created successfully<br/>Expected Success Msg:Dashboard created successfully<br/>Dashboard at None level created successfully<br/>User signed out successfully</div></td></tr></table><p class="totop"><a href="#summary">back to summary</a></p>
<h3 id="m33">com.ae.qa.testcasesActivityMonitor.DashboardsPageTestAM#validateEditDashboardToCustomAMTest</h3><table class="result"><tr class="param"><th>Parameter #1</th></tr><tr class="param stripe"><td>public void com.ae.qa.testcasesActivityMonitor.DashboardsPageTestAM.validateEditDashboardToCustomAMTest(java.lang.reflect.Method) throws java.lang.Exception</td></tr><tr><th>Messages</th></tr><tr><td><div class="messages">User logged in successfully<br/>Reports Tab is clicked<br/>Dashboard chosed successfully<br/>Edit report is clicked<br/>Dashboard duration Custom selected<br/>Update Button clicked successfully<br/>Actual Success Msg:Dashboard Saved Successfully<br/>Expected Success Msg:Dashboard Saved Successfully<br/>Dashboard at Custom level updated successfully<br/>User signed out successfully</div></td></tr></table><p class="totop"><a href="#summary">back to summary</a></p>
<h3 id="m34">com.ae.qa.testcasesActivityMonitor.DashboardsPageTestAM#validateReportCustomAMTest</h3><table class="result"><tr class="param"><th>Parameter #1</th></tr><tr class="param stripe"><td>public void com.ae.qa.testcasesActivityMonitor.DashboardsPageTestAM.validateReportCustomAMTest(java.lang.reflect.Method) throws java.lang.Exception</td></tr><tr><th>Messages</th></tr><tr><td><div class="messages">User logged in successfully<br/>Reports Tab is clicked<br/>Dashboard chosed successfully<br/>Add report is clicked<br/>Report Type selected successfully<br/>Generate on Worklfows radio button already selected<br/>one workflow is selected<br/>Generate button selected successfully<br/>Report added as a Table<br/>Report saved on screen<br/>Report Custom Report KG displayed on screen successfully<br/>User signed out successfully</div></td></tr></table><p class="totop"><a href="#summary">back to summary</a></p>
<h3 id="m35">com.ae.qa.testcasesActivityMonitor.DashboardsPageTestAM#validateReportNoneMultipleWFAMTest</h3><table class="result"><tr class="param"><th>Parameter #1</th></tr><tr class="param stripe"><td>public void com.ae.qa.testcasesActivityMonitor.DashboardsPageTestAM.validateReportNoneMultipleWFAMTest(java.lang.reflect.Method) throws java.lang.Exception</td></tr><tr><th>Messages</th></tr><tr><td><div class="messages">User logged in successfully<br/>Reports Tab is clicked<br/>Dashboard chosed successfully<br/>Add report is clicked<br/>Report Type selected successfully<br/>Generate on Worklfows radio button already selected<br/>one workflow is selected<br/>Second workflow is selected<br/>Generate button selected successfully<br/>Report added as a chart<br/>Report saved on screen<br/>Report Workflow Execution Summary KG displayed on screen successfully<br/>User signed out successfully</div></td></tr></table><p class="totop"><a href="#summary">back to summary</a></p>
<h3 id="m36">com.ae.qa.testcasesActivityMonitor.DashboardsPageTestAM#validateSetAsDefaultReportAMTest</h3><table class="result"><tr class="param"><th>Parameter #1</th></tr><tr class="param stripe"><td>public void com.ae.qa.testcasesActivityMonitor.DashboardsPageTestAM.validateSetAsDefaultReportAMTest(java.lang.reflect.Method) throws java.lang.Exception</td></tr><tr><th>Messages</th></tr><tr><td><div class="messages">User logged in successfully<br/>Reports Tab is clicked<br/>Dashboard chosed successfully<br/>Set as Default option clicked<br/>Report set as a default successfully<br/>User signed out successfully</div></td></tr></table><p class="totop"><a href="#summary">back to summary</a></p>
<h3 id="m37">com.ae.qa.testcasesActivityMonitor.InformationPageTestAM#validateAboutTabAMTest</h3><table class="result"><tr class="param"><th>Parameter #1</th></tr><tr class="param stripe"><td>public void com.ae.qa.testcasesActivityMonitor.InformationPageTestAM.validateAboutTabAMTest(java.lang.reflect.Method) throws java.lang.Exception</td></tr><tr><th>Messages</th></tr><tr><td><div class="messages">User log in successfully<br/>User signed out successfully</div></td></tr></table><p class="totop"><a href="#summary">back to summary</a></p>
<h3 id="m38">com.ae.qa.testcasesActivityMonitor.InformationPageTestAM#validateLastLoginAMTest</h3><table class="result"><tr class="param"><th>Parameter #1</th></tr><tr class="param stripe"><td>public void com.ae.qa.testcasesActivityMonitor.InformationPageTestAM.validateLastLoginAMTest(java.lang.reflect.Method) throws java.lang.Exception</td></tr><tr><th>Messages</th></tr><tr><td><div class="messages">User log in Successfully<br/>started creating new Tenant<br/>User is created successfully<br/>Activity Monitor created successfully<br/>User signed out successfully<br/>User changed first time password of User Successfully<br/>User log in Successfully<br/>Last login time displayed successfully<br/>User signed out successfully</div></td></tr></table><p class="totop"><a href="#summary">back to summary</a></p>
<h3 id="m39">com.ae.qa.testcasesActivityMonitor.InformationPageTestAM#validateViewProfileAMTest</h3><table class="result"><tr class="param"><th>Parameter #1</th></tr><tr class="param stripe"><td>public void com.ae.qa.testcasesActivityMonitor.InformationPageTestAM.validateViewProfileAMTest(java.lang.reflect.Method) throws java.lang.Exception</td></tr><tr><th>Messages</th></tr><tr><td><div class="messages">User logged in successfully<br/>Profile details validation successfully.<br/>User signed out successfully</div></td></tr></table><p class="totop"><a href="#summary">back to summary</a></p>
<h3 id="m40">com.ae.qa.testcasesActivityMonitor.RequestsPageTestAM#validateCheckColumnInRequestAMTest</h3><table class="result"><tr class="param"><th>Parameter #1</th></tr><tr class="param stripe"><td>public void com.ae.qa.testcasesActivityMonitor.RequestsPageTestAM.validateCheckColumnInRequestAMTest(java.lang.reflect.Method) throws java.lang.Exception</td></tr><tr><th>Messages</th></tr><tr><td><div class="messages">User logged in successfully<br/>Requests Tab is clicked<br/>All Column got displayed in records after Checking select All checkbox.<br/>User signed out successfully</div></td></tr></table><p class="totop"><a href="#summary">back to summary</a></p>
<h3 id="m41">com.ae.qa.testcasesActivityMonitor.RequestsPageTestAM#validateDownloadRequestAMTest</h3><table class="result"><tr class="param"><th>Parameter #1</th></tr><tr class="param stripe"><td>public void com.ae.qa.testcasesActivityMonitor.RequestsPageTestAM.validateDownloadRequestAMTest(java.lang.reflect.Method) throws java.lang.Exception</td></tr><tr><th>Messages</th></tr><tr><td><div class="messages">User logged in successfully<br/>Requests Tab is clicked<br/>Download button is clicked & request download started<br/>User signed out successfully</div></td></tr></table><p class="totop"><a href="#summary">back to summary</a></p>
<h3 id="m42">com.ae.qa.testcasesActivityMonitor.RequestsPageTestAM#validateSpecificColumnInRequestAMTest</h3><table class="result"><tr class="param"><th>Parameter #1</th></tr><tr class="param stripe"><td>public void com.ae.qa.testcasesActivityMonitor.RequestsPageTestAM.validateSpecificColumnInRequestAMTest(java.lang.reflect.Method) throws java.lang.Exception</td></tr><tr><th>Messages</th></tr><tr><td><div class="messages">User logged in successfully<br/>Requests Tab is clicked<br/>Select All Checkbox is not already selected, Hence selected twice to deselect it.<br/>Field of Columns: Id<br/>Field of Columns: Workflow Name<br/>Field of Columns: Priority<br/>Field of Columns: Status<br/>Field of Columns: Completed<br/>Column Value found<br/>All columns selected found in table.<br/>User signed out successfully</div></td></tr></table><p class="totop"><a href="#summary">back to summary</a></p>
<h3 id="m43">com.ae.qa.testcasesActivityMonitor.RequestsPageTestAM#validateUncheckColumnInRequestAMTest</h3><table class="result"><tr class="param"><th>Parameter #1</th></tr><tr class="param stripe"><td>public void com.ae.qa.testcasesActivityMonitor.RequestsPageTestAM.validateUncheckColumnInRequestAMTest(java.lang.reflect.Method) throws java.lang.Exception</td></tr><tr><th>Messages</th></tr><tr><td><div class="messages">User logged in successfully<br/>Requests Tab is clicked<br/>Select All Checkbox is not already selected, Hence selected twice to deselect it.<br/>Selected count of No. of colums 3<br/>Total No of columns in table: 3<br/>Field of Columns: Id<br/>Field of Columns: Workflow Name<br/>Field of Columns: Status<br/>Column Value found<br/>All Options got deselected except Id,Workflow Name,Status.<br/>User signed out successfully</div></td></tr></table><p class="totop"><a href="#summary">back to summary</a></p>
<h3 id="m44">com.ae.qa.testcasesAgentAdmin.AgentListPageTestAA#downloadAgentAATest</h3><table class="result"><tr class="param"><th>Parameter #1</th></tr><tr class="param stripe"><td>public void com.ae.qa.testcasesAgentAdmin.AgentListPageTestAA.downloadAgentAATest(java.lang.reflect.Method) throws java.lang.Exception</td></tr><tr><th>Messages</th></tr><tr><td><div class="messages">User LogIn Succesfully<br/>User navigated to Agents Tab<br/>User navigated to Agent List Tab<br/>Agent download started<br/>File unzipped properly<br/>User signed out successfully</div></td></tr></table><p class="totop"><a href="#summary">back to summary</a></p>
<h3 id="m45">com.ae.qa.testcasesAgentAdmin.AgentListPageTestAA#validateDeleteAgentAATest</h3><table class="result"><tr class="param"><th>Parameter #1</th></tr><tr class="param stripe"><td>public void com.ae.qa.testcasesAgentAdmin.AgentListPageTestAA.validateDeleteAgentAATest(java.lang.reflect.Method) throws java.lang.Exception</td></tr><tr><th>Messages</th></tr><tr><td><div class="messages">User LogIn Succesfully<br/>User navigated to Agents Tab<br/>Current status of Agent is: Stopped<br/>Agent is in Stopped mode<br/>Delete Button is Clicked<br/>Confirm Delete Button is Clicked<br/>Agent is deleted successfully<br/>User signed out successfully</div></td></tr></table><p class="totop"><a href="#summary">back to summary</a></p>
<h3 id="m46">com.ae.qa.testcasesAgentAdmin.AgentListPageTestAA#validateDeleteAssistedAgentAATest</h3><table class="result"><tr class="param"><th>Parameter #1</th></tr><tr class="param stripe"><td>public void com.ae.qa.testcasesAgentAdmin.AgentListPageTestAA.validateDeleteAssistedAgentAATest(java.lang.reflect.Method) throws java.lang.Exception</td></tr><tr><th>Messages</th></tr><tr><td><div class="messages">User LogIn Succesfully<br/>User navigated to Agents Tab<br/>User navigated to Assisted Agents Tab<br/>Current status of Assisted Agent is: Running<br/>Assisted Agent is in running mode<br/>Stop Button is Clicked<br/>Confirm Stop Button is Clicked<br/>Current status of Assisted Agent is: Running<br/>Current status of Assisted Agent is: Stopped<br/>Agent is in Stopped mode<br/>Delete Button is Clicked<br/>Confirm Delete Button is Clicked<br/>Assisted Agent is deleted successfully<br/>User signed out successfully</div></td></tr></table><p class="totop"><a href="#summary">back to summary</a></p>
<h3 id="m47">com.ae.qa.testcasesAgentAdmin.AgentListPageTestAA#validateEditAgentNameAATest</h3><table class="result"><tr class="param"><th>Parameter #1</th></tr><tr class="param stripe"><td>public void com.ae.qa.testcasesAgentAdmin.AgentListPageTestAA.validateEditAgentNameAATest(java.lang.reflect.Method) throws java.lang.Exception</td></tr><tr><th>Messages</th></tr><tr><td><div class="messages">User navigated to Agents Tab<br/>User navigated to Agentslist Tab<br/>User clicked on Edit Btn<br/>Actual message displayed on screen is: Changes saved to the agent and Expected message is: Changes saved to the agent<br/>Edit button is clicked and Assisted agent name is changed successfully<br/>Agent Name Changed successfully.<br/>User signed out successfully</div></td></tr></table><p class="totop"><a href="#summary">back to summary</a></p>
<h3 id="m48">com.ae.qa.testcasesAgentAdmin.AgentListPageTestAA#validateEditAssistedAgentNameAATest</h3><table class="result"><tr class="param"><th>Parameter #1</th></tr><tr class="param stripe"><td>public void com.ae.qa.testcasesAgentAdmin.AgentListPageTestAA.validateEditAssistedAgentNameAATest(java.lang.reflect.Method) throws java.lang.Exception</td></tr><tr><th>Messages</th></tr><tr><td><div class="messages">User navigated to Agents Tab<br/>User navigated to Assisted Agents Tab<br/>User clicked on Edit Btn<br/>Actual message displayed on screen is: Changes saved to the agent and Expected message is: Changes saved to the agent<br/>Edit button is clicked and Assisted agent name is changed successfully<br/>Agent Name Changed successfully.<br/>User signed out successfully</div></td></tr></table><p class="totop"><a href="#summary">back to summary</a></p>
<h3 id="m49">com.ae.qa.testcasesAgentAdmin.AgentListPageTestAA#validateStopAgentAATest</h3><table class="result"><tr class="param"><th>Parameter #1</th></tr><tr class="param stripe"><td>public void com.ae.qa.testcasesAgentAdmin.AgentListPageTestAA.validateStopAgentAATest(java.lang.reflect.Method) throws java.lang.Exception</td></tr><tr><th>Messages</th></tr><tr><td><div class="messages">User LogIn Succesfully<br/>User navigated to Agents Tab<br/>Current status of Assisted Agent is: Running<br/>Assisted Agent is in running mode<br/>Stop Button is Clicked<br/>Confirm Stop Button is Clicked<br/>Current status of Assisted Agent is: Running<br/>Agent is in Stopped mode<br/>Agent is stopped successfully<br/>User signed out successfully</div></td></tr></table><p class="totop"><a href="#summary">back to summary</a></p>
<h3 id="m50">com.ae.qa.testcasesAgentAdmin.InformationPageTestAA#validateAboutTabAATest</h3><table class="result"><tr class="param"><th>Parameter #1</th></tr><tr class="param stripe"><td>public void com.ae.qa.testcasesAgentAdmin.InformationPageTestAA.validateAboutTabAATest(java.lang.reflect.Method) throws java.lang.Exception</td></tr><tr><th>Messages</th></tr><tr><td><div class="messages">User log in successfully<br/>User signed out successfully</div></td></tr></table><p class="totop"><a href="#summary">back to summary</a></p>
<h3 id="m51">com.ae.qa.testcasesAgentAdmin.InformationPageTestAA#validateLastLoginAATest</h3><table class="result"><tr class="param"><th>Parameter #1</th></tr><tr class="param stripe"><td>public void com.ae.qa.testcasesAgentAdmin.InformationPageTestAA.validateLastLoginAATest(java.lang.reflect.Method) throws java.lang.Exception</td></tr><tr><th>Messages</th></tr><tr><td><div class="messages">User log in Successfully<br/>started creating new Tenant<br/>User is created successfully<br/>Agent Admin created successfully<br/>User signed out successfully<br/>User changed first time password of User Successfully<br/>User log in Successfully<br/>Last login time displayed successfully<br/>User signed out successfully</div></td></tr></table><p class="totop"><a href="#summary">back to summary</a></p>
<h3 id="m52">com.ae.qa.testcasesAgentAdmin.InformationPageTestAA#validateViewProfileAATest</h3><table class="result"><tr class="param"><th>Parameter #1</th></tr><tr class="param stripe"><td>public void com.ae.qa.testcasesAgentAdmin.InformationPageTestAA.validateViewProfileAATest(java.lang.reflect.Method) throws java.lang.Exception</td></tr><tr><th>Messages</th></tr><tr><td><div class="messages">User logged in successfully<br/>Profile details validation successfully.<br/>User signed out successfully</div></td></tr></table><p class="totop"><a href="#summary">back to summary</a></p>
<h3 id="m53">com.ae.qa.testcasesAgentAdmin.PluginsPageTestAA#validatePluginStepsAATest</h3><table class="result"><tr class="param"><th>Parameter #1</th></tr><tr class="param stripe"><td>public void com.ae.qa.testcasesAgentAdmin.PluginsPageTestAA.validatePluginStepsAATest(java.lang.reflect.Method) throws java.lang.Exception</td></tr><tr><th>Messages</th></tr><tr><td><div class="messages">User log in Successfully<br/>Plugins Tab is selected<br/>Advanced Search is Clicked<br/>OOTB-Plugin Plugin is searched<br/>Plugin step button is clicked<br/>Plugin Step is displayed</div></td></tr></table><p class="totop"><a href="#summary">back to summary</a></p>
<h3 id="m54">com.ae.qa.testcasesAgentAdmin.PluginsPageTestAA#validateWFPluginUtilizationAATest</h3><table class="result"><tr class="param"><th>Parameter #1</th></tr><tr class="param stripe"><td>public void com.ae.qa.testcasesAgentAdmin.PluginsPageTestAA.validateWFPluginUtilizationAATest(java.lang.reflect.Method) throws java.lang.Exception</td></tr><tr><th>Messages</th></tr><tr><td><div class="messages">User log in Successfully<br/>Plugins Tab is selected<br/>Advanced Search is Clicked<br/>OOTB-Plugin Plugin is searched<br/>Plugin Utlization button is clicked<br/>Plugin Native Utilization is displayed</div></td></tr></table><p class="totop"><a href="#summary">back to summary</a></p>
<h3 id="m55">com.ae.qa.testcasesTenantUser.AgentListPageTestTU#validateAssistedAgentDeleteTUTest</h3><table class="result"><tr class="param"><th>Parameter #1</th></tr><tr class="param stripe"><td>public void com.ae.qa.testcasesTenantUser.AgentListPageTestTU.validateAssistedAgentDeleteTUTest(java.lang.reflect.Method) throws java.lang.Exception</td></tr><tr><th>Messages</th></tr><tr><td><div class="messages">User LogIn Succesfully<br/>User navigated to Agents Tab<br/>User navigated to Agentslist Tab<br/>Current status of Assisted Agent is: Running<br/>Assisted Agent is in running mode<br/>Stop Button is Clicked<br/>Confirm Stop Button is Clicked<br/>Current status of Assisted Agent is: Running<br/>Agent is in Stopped mode<br/>Delete Button is Clicked<br/>Confirm Delete Button is Clicked<br/>Assisted Agent is deleted successfully<br/>User signed out successfully</div></td></tr></table><p class="totop"><a href="#summary">back to summary</a></p>
<h3 id="m56">com.ae.qa.testcasesTenantUser.AgentListPageTestTU#validateAssistedAgentDownloadTUTest</h3><table class="result"><tr class="param"><th>Parameter #1</th></tr><tr class="param stripe"><td>public void com.ae.qa.testcasesTenantUser.AgentListPageTestTU.validateAssistedAgentDownloadTUTest(java.lang.reflect.Method) throws java.lang.Exception</td></tr><tr><th>Messages</th></tr><tr><td><div class="messages">User LogIn Succesfully<br/>User navigated to Agents Tab<br/>User navigated to Assisted Agents Tab<br/>User navigated to Assign To User Tab<br/>User signed out successfully<br/>User LogIn Succesfully<br/>User navigated to Agent List Tab<br/>Agent download started<br/>File unzipped properly<br/>User signed out successfully</div></td></tr></table><p class="totop"><a href="#summary">back to summary</a></p>
<h3 id="m57">com.ae.qa.testcasesTenantUser.AgentListPageTestTU#validateCheckAgentStatusTUTest</h3><table class="result"><tr class="param"><th>Parameter #1</th></tr><tr class="param stripe"><td>public void com.ae.qa.testcasesTenantUser.AgentListPageTestTU.validateCheckAgentStatusTUTest(java.lang.reflect.Method) throws java.lang.Exception</td></tr><tr><th>Messages</th></tr><tr><td><div class="messages">User LogIn Succesfully<br/>User navigated to Agents Tab<br/>User navigated to Agent List Tab<br/>Current status of Assisted Agent is: Running<br/>Assisted Agent is in running mode<br/>User signed out successfully</div></td></tr></table><p class="totop"><a href="#summary">back to summary</a></p>
<h3 id="m58">com.ae.qa.testcasesTenantUser.CataloguePageTestTU#validateSubmitReqDefaultCategoryTUTest</h3><table class="result"><tr class="param"><th>Parameter #1</th></tr><tr class="param stripe"><td>public void com.ae.qa.testcasesTenantUser.CataloguePageTestTU.validateSubmitReqDefaultCategoryTUTest(java.lang.reflect.Method) throws java.lang.Exception</td></tr><tr><th>Messages</th></tr><tr><td><div class="messages">User logged in successfully<br/>Workflows Tab is clicked<br/>Import button clicked<br/>assisted Workflow is selected<br/>Create Button is clicked<br/>Priority is set<br/>Expected Completion Time in Seconds is set<br/>Maximum Completion Time in Seconds is set<br/>Cleanup Requests older than Hours fields is set<br/>Manual Execution Time is set<br/>Manual Execution time unit is set<br/>Save button is clicked<br/>Workflow updated<br/>Workflow is enabled successfully<br/>User signed out successfully<br/>User logged in successfully<br/>Workflows Tab is clicked<br/>Permissions Tab is clicked<br/>Workflows button is clicked<br/>Workflow is been selected<br/>Users button is clicked<br/>Permission is selected successfully<br/>Save button is clicked<br/>Actual Success Message:- Permissions updated successfully<br/>Expected Success Message:- Permissions updated successfully<br/>Permission is updated successfully<br/>User signed out successfully<br/>User logged in successfully<br/>Catalogue Tab is clicked<br/>Workflow whose request needs to be send is selected<br/>Submit request button is clicked<br/>Actual Popup Box:- Success!<br/>Expected Popup Box:- Success!<br/>OK button is clicked<br/>Request is submitted successfully<br/>User signed out successfully</div></td></tr></table><p class="totop"><a href="#summary">back to summary</a></p>
<h3 id="m59">com.ae.qa.testcasesTenantUser.DashboardsPageTestTU#validateDashboardNoneTUTest</h3><table class="result"><tr class="param"><th>Parameter #1</th></tr><tr class="param stripe"><td>public void com.ae.qa.testcasesTenantUser.DashboardsPageTestTU.validateDashboardNoneTUTest(java.lang.reflect.Method) throws java.lang.Exception</td></tr><tr><th>Messages</th></tr><tr><td><div class="messages">User logged in successfully<br/>Reports Tab is clicked<br/>New Dashboard button is clicked<br/>Dashboard level is already selcted<br/>Dashboard duration None selected<br/>Actual Success Msg:Dashboard created successfully<br/>Expected Success Msg:Dashboard created successfully<br/>Dashboard at None level created successfully<br/>User signed out successfully</div></td></tr></table><p class="totop"><a href="#summary">back to summary</a></p>
<h3 id="m60">com.ae.qa.testcasesTenantUser.InformationPageTestTU#validateAboutTabTUTest</h3><table class="result"><tr class="param"><th>Parameter #1</th></tr><tr class="param stripe"><td>public void com.ae.qa.testcasesTenantUser.InformationPageTestTU.validateAboutTabTUTest(java.lang.reflect.Method) throws java.lang.Exception</td></tr><tr><th>Messages</th></tr><tr><td><div class="messages">User log in successfully<br/>User signed out successfully</div></td></tr></table><p class="totop"><a href="#summary">back to summary</a></p>
<h3 id="m61">com.ae.qa.testcasesTenantUser.InformationPageTestTU#validateLastLoginTUTest</h3><table class="result"><tr class="param"><th>Parameter #1</th></tr><tr class="param stripe"><td>public void com.ae.qa.testcasesTenantUser.InformationPageTestTU.validateLastLoginTUTest(java.lang.reflect.Method) throws java.lang.Exception</td></tr><tr><th>Messages</th></tr><tr><td><div class="messages">User changed first time password of User Successfully<br/>User log in Successfully<br/>Last login time displayed successfully<br/>User signed out successfully</div></td></tr></table><p class="totop"><a href="#summary">back to summary</a></p>
<h3 id="m62">com.ae.qa.testcasesTenantUser.InformationPageTestTU#validateViewProfileTUTest</h3><table class="result"><tr class="param"><th>Parameter #1</th></tr><tr class="param stripe"><td>public void com.ae.qa.testcasesTenantUser.InformationPageTestTU.validateViewProfileTUTest(java.lang.reflect.Method) throws java.lang.Exception</td></tr><tr><th>Messages</th></tr><tr><td><div class="messages">User logged in successfully<br/>Profile details validation successfully.<br/>User signed out successfully</div></td></tr></table><p class="totop"><a href="#summary">back to summary</a></p>
<h3 id="m63">com.ae.qa.testcasesTenantUser.RequestPageTestTU#validateCheckColumnInRequestTUTest</h3><table class="result"><tr class="param"><th>Parameter #1</th></tr><tr class="param stripe"><td>public void com.ae.qa.testcasesTenantUser.RequestPageTestTU.validateCheckColumnInRequestTUTest(java.lang.reflect.Method) throws java.lang.Exception</td></tr><tr><th>Messages</th></tr><tr><td><div class="messages">User logged in successfully<br/>Requests Tab is clicked<br/>All Column got displayed in records after Checking select All checkbox.<br/>User signed out successfully</div></td></tr></table><p class="totop"><a href="#summary">back to summary</a></p>
<h3 id="m64">com.ae.qa.testcasesTenantUser.RequestPageTestTU#validateDownloadRequestTUTest</h3><table class="result"><tr class="param"><th>Parameter #1</th></tr><tr class="param stripe"><td>public void com.ae.qa.testcasesTenantUser.RequestPageTestTU.validateDownloadRequestTUTest(java.lang.reflect.Method) throws java.lang.Exception</td></tr><tr><th>Messages</th></tr><tr><td><div class="messages">User logged in successfully<br/>Requests Tab is clicked<br/>Download button is clicked & request download started<br/>User signed out successfully</div></td></tr></table><p class="totop"><a href="#summary">back to summary</a></p>
<h3 id="m65">com.ae.qa.testcasesTenantUser.RequestPageTestTU#validateSpecificColumnInRequestTUTest</h3><table class="result"><tr class="param"><th>Parameter #1</th></tr><tr class="param stripe"><td>public void com.ae.qa.testcasesTenantUser.RequestPageTestTU.validateSpecificColumnInRequestTUTest(java.lang.reflect.Method) throws java.lang.Exception</td></tr><tr><th>Messages</th></tr><tr><td><div class="messages">User logged in successfully<br/>Requests Tab is clicked<br/>Select All Checkbox is not already selected, Hence selected twice to deselect it.<br/>Field of Columns: Id<br/>Field of Columns: Workflow Name<br/>Field of Columns: Priority<br/>Field of Columns: Status<br/>Field of Columns: Completed<br/>Column Value found<br/>All columns selected found in table.<br/>User signed out successfully</div></td></tr></table><p class="totop"><a href="#summary">back to summary</a></p>
<h3 id="m66">com.ae.qa.testcasesTenantUser.RequestPageTestTU#validateUncheckColumnInRequestTUTest</h3><table class="result"><tr class="param"><th>Parameter #1</th></tr><tr class="param stripe"><td>public void com.ae.qa.testcasesTenantUser.RequestPageTestTU.validateUncheckColumnInRequestTUTest(java.lang.reflect.Method) throws java.lang.Exception</td></tr><tr><th>Messages</th></tr><tr><td><div class="messages">User logged in successfully<br/>Requests Tab is clicked<br/>Select All Checkbox is not already selected, Hence selected twice to deselect it.<br/>Selected count of No. of colums 3<br/>Total No of columns in table: 3<br/>Field of Columns: Id<br/>Field of Columns: Workflow Name<br/>Field of Columns: Status<br/>Column Value found<br/>All Options got deselected except Id,Workflow Name,Status.<br/>User signed out successfully</div></td></tr></table><p class="totop"><a href="#summary">back to summary</a></p>
<h3 id="m67">com.ae.qa.testcasesTenantUser.SchedulerPageTestTU#validateDailyScheduleTUTest</h3><table class="result"><tr class="param"><th>Parameter #1</th></tr><tr class="param stripe"><td>public void com.ae.qa.testcasesTenantUser.SchedulerPageTestTU.validateDailyScheduleTUTest(java.lang.reflect.Method) throws java.lang.Exception</td></tr><tr><th>Messages</th></tr><tr><td><div class="messages">Tenant Admin signed in successfully<br/>Agents tab is clicked<br/>Workflow Assignment tab is clicked<br/>Edit button is selected<br/>Workflow is searched<br/>Required wf is selected<br/>Saved the operation<br/>Assignment confirmed<br/>Actual Wf Assignment Msg:Assignment saved successfully.<br/>Expected Wf Assignment Msg:Assignment saved successfully.<br/>Single workflow is successfully assigned to default agent<br/>User signed out successfully<br/>User logged in successfully<br/>Workflows Tab is clicked<br/>Scheduler tab clicked<br/>Add new Button clicked<br/>Schedule form details started<br/>Schedule submitted<br/>Actual Success Msg:Schedule created successfully<br/>Expected Success Msg:Schedule created successfully<br/>Daily Schedule created successfully<br/>User signed out successfully</div></td></tr></table><p class="totop"><a href="#summary">back to summary</a></p>
<h3 id="m68">com.ae.qa.testcasesTenantUser.WorkflowListPageTestTU#validateEditWorkflowTUTest</h3><table class="result"><tr class="param"><th>Parameter #1</th></tr><tr class="param stripe"><td>public void com.ae.qa.testcasesTenantUser.WorkflowListPageTestTU.validateEditWorkflowTUTest(java.lang.reflect.Method) throws java.lang.Exception</td></tr><tr><th>Messages</th></tr><tr><td><div class="messages">User logged in successfully<br/>Workflows Tab is clicked<br/>Import button clicked<br/>Is Assisted Workflow checkbox is unselected<br/>Create Button is clicked<br/>Priority is set<br/>Expected Completion Time in Seconds is set<br/>Maximum Completion Time in Seconds is set<br/>Cleanup Requests older than Hours fields is set<br/>Manual Execution Time is set<br/>Manual Execution time unit is set<br/>Config Parameter is clicked<br/>Config Parameter is entered<br/>Save button is clicked<br/>Workflow updated<br/>Workflow is enabled successfully<br/>User signed out successfully<br/>User LogIn Succesfully<br/>Permissions tab clicked<br/>Workflow view button is clicked<br/>Right Search Bar is clicked<br/>View Permission for Tenant user is Selected<br/>Run Permission for Tenant user is Selected<br/>Modify Permission for Tenant user is Selected<br/>Save button is clicked<br/>User signed out successfully<br/>User LogIn Succesfully<br/>Categories tab clicked<br/>User view button is clicked<br/>Left Search Bar is clicked<br/>Search Bar is clicked<br/>View Permission for Workflow is Selected<br/>Run Permission for Workflow is Selected<br/>Modify Permission for Workflow is Selected<br/>Save button is clicked<br/>User signed out successfully<br/>User LogIn Succesfully<br/>Workflow tab is clicked<br/>Workflow is present in table.<br/>Edit button is Clicked<br/>Config Parameter is clicked<br/>Config Parameter is entered<br/>Save button is clicked<br/>Workflow edited successfully<br/>User signed out successfully</div></td></tr></table><p class="totop"><a href="#summary">back to summary</a></p>
<h3 id="m69">com.ae.qa.testcasesUserAdmin.InformationPageTestUA#validateAboutTabUATest</h3><table class="result"><tr class="param"><th>Parameter #1</th></tr><tr class="param stripe"><td>public void com.ae.qa.testcasesUserAdmin.InformationPageTestUA.validateAboutTabUATest(java.lang.reflect.Method) throws java.lang.Exception</td></tr><tr><th>Messages</th></tr><tr><td><div class="messages">User log in successfully<br/>User signed out successfully</div></td></tr></table><p class="totop"><a href="#summary">back to summary</a></p>
<h3 id="m70">com.ae.qa.testcasesUserAdmin.InformationPageTestUA#validateLastLoginUATest</h3><table class="result"><tr class="param"><th>Parameter #1</th></tr><tr class="param stripe"><td>public void com.ae.qa.testcasesUserAdmin.InformationPageTestUA.validateLastLoginUATest(java.lang.reflect.Method) throws java.lang.Exception</td></tr><tr><th>Messages</th></tr><tr><td><div class="messages">User changed first time password of User Successfully<br/>User log in Successfully<br/>Last login time displayed successfully<br/>User signed out successfully</div></td></tr></table><p class="totop"><a href="#summary">back to summary</a></p>
<h3 id="m71">com.ae.qa.testcasesUserAdmin.InformationPageTestUA#validateViewProfileUATest</h3><table class="result"><tr class="param"><th>Parameter #1</th></tr><tr class="param stripe"><td>public void com.ae.qa.testcasesUserAdmin.InformationPageTestUA.validateViewProfileUATest(java.lang.reflect.Method) throws java.lang.Exception</td></tr><tr><th>Messages</th></tr><tr><td><div class="messages">User logged in successfully<br/>Profile details validation successfully.<br/>User signed out successfully</div></td></tr></table><p class="totop"><a href="#summary">back to summary</a></p>
<h3 id="m72">com.ae.qa.testcasesUserAdmin.TenantUsersPageTestUA#validateBulkUserUploadWithEmailUATest</h3><table class="result"><tr class="param"><th>Parameter #1</th></tr><tr class="param stripe"><td>public void com.ae.qa.testcasesUserAdmin.TenantUsersPageTestUA.validateBulkUserUploadWithEmailUATest(java.lang.reflect.Method) throws java.lang.Exception</td></tr><tr><th>Messages</th></tr><tr><td><div class="messages">Tenant Admin signed in successfully<br/>Users tab is clicked<br/>Tenant Users tab is clicked<br/>Dropdown Selector button is selected<br/>Native Users is Selected<br/>Bulk User file is uploaded<br/>Pune<br/>Nashik<br/>Bulk User file is uploaded<br/>Users tab is clicked<br/>User signed out successfully<br/>User changed first time password of User Successfully<br/>User signed out successfully</div></td></tr></table><p class="totop"><a href="#summary">back to summary</a></p>
<h3 id="m73">com.ae.qa.testcasesUserAdmin.TenantUsersPageTestUA#validateCreateUserWithEmailUATest</h3><table class="result"><tr class="param"><th>Parameter #1</th></tr><tr class="param stripe"><td>public void com.ae.qa.testcasesUserAdmin.TenantUsersPageTestUA.validateCreateUserWithEmailUATest(java.lang.reflect.Method) throws java.lang.Exception</td></tr><tr><th>Messages</th></tr><tr><td><div class="messages">User log in Successfully<br/>started creating new Tenant User<br/>Tenant User is created successfully<br/>Tenant User created successfully<br/>User signed out successfully<br/>User changed first time password of User Successfully<br/>Tenant User with Email ID is created successfully<br/>User signed out successfully</div></td></tr></table><p class="totop"><a href="#summary">back to summary</a></p>
<h3 id="m74">com.ae.qa.testcasesUserAdmin.TenantUsersPageTestUA#validateCreateUserWithoutEmailUATest</h3><table class="result"><tr class="param"><th>Parameter #1</th></tr><tr class="param stripe"><td>public void com.ae.qa.testcasesUserAdmin.TenantUsersPageTestUA.validateCreateUserWithoutEmailUATest(java.lang.reflect.Method) throws java.lang.Exception</td></tr><tr><th>Messages</th></tr><tr><td><div class="messages">User log in Successfully<br/>started creating new User Admin<br/>User Admin is created successfully<br/>User Admin created successfully<br/>User signed out successfully<br/>User changed first time password of User Successfully<br/>User admin without Email ID is created successfully<br/>User signed out successfully</div></td></tr></table><p class="totop"><a href="#summary">back to summary</a></p>
<h3 id="m75">com.ae.qa.testcasesUserAdmin.TenantUsersPageTestUA#validateEditUserUATest</h3><table class="result"><tr class="param"><th>Parameter #1</th></tr><tr class="param stripe"><td>public void com.ae.qa.testcasesUserAdmin.TenantUsersPageTestUA.validateEditUserUATest(java.lang.reflect.Method) throws java.lang.Exception</td></tr><tr><th>Messages</th></tr><tr><td><div class="messages">User Admin signed in successfully<br/>Users tab is clicked<br/>Tenant Users tab is clicked<br/>Save Button is clicked<br/>Tenant User details got edited.<br/>User signed out successfully<br/>User admin role is changed to Tenant user role successfully<br/>User signed out successfully</div></td></tr></table><p class="totop"><a href="#summary">back to summary</a></p>
<h3 id="m76">com.ae.qa.testcasesUserAdmin.UserGroupsPageTestUA#addMultipleUserToGroupUATest</h3><table class="result"><tr class="param"><th>Parameter #1</th></tr><tr class="param stripe"><td>public void com.ae.qa.testcasesUserAdmin.UserGroupsPageTestUA.addMultipleUserToGroupUATest(java.lang.reflect.Method) throws java.lang.Exception</td></tr><tr><th>Messages</th></tr><tr><td><div class="messages">User logged in successfully<br/>Users Tab clicked<br/>UsersGroup Tab clicked<br/>Show Member button is clicked<br/>assigning user1<br/>Actual Username:User(s) added to the group successfully<br/>Expected Username:User(s) added to the group successfully<br/>User1 assigned and validated<br/>Validation of no.of users<br/>Multiple user added to the group<br/>User signed out successfully</div></td></tr></table><p class="totop"><a href="#summary">back to summary</a></p>
<h3 id="m77">com.ae.qa.testcasesUserAdmin.UserGroupsPageTestUA#validateAddUserToGroupUATest</h3><table class="result"><tr class="param"><th>Parameter #1</th></tr><tr class="param stripe"><td>public void com.ae.qa.testcasesUserAdmin.UserGroupsPageTestUA.validateAddUserToGroupUATest(java.lang.reflect.Method) throws java.lang.Exception</td></tr><tr><th>Messages</th></tr><tr><td><div class="messages">User logged in successfully<br/>Users Tab clicked<br/>UsersGroup Tab clicked<br/>Show Member button is clicked<br/>assigning user1<br/>Actual Username:User(s) added to the group successfully<br/>Expected Username:User(s) added to the group successfully<br/>User1 assigned and validated<br/>User signed out successfully</div></td></tr></table><p class="totop"><a href="#summary">back to summary</a></p>
<h3 id="m78">com.ae.qa.testcasesUserAdmin.UserGroupsPageTestUA#validateCreateUserGroupUATest</h3><table class="result"><tr class="param"><th>Parameter #1</th></tr><tr class="param stripe"><td>public void com.ae.qa.testcasesUserAdmin.UserGroupsPageTestUA.validateCreateUserGroupUATest(java.lang.reflect.Method) throws java.lang.Exception</td></tr><tr><th>Messages</th></tr><tr><td><div class="messages">User logged in successfully<br/>started creating new User Group<br/>Actual Username:User group created successfully<br/>Expected Username:User group created successfully<br/>New user group is created<br/>User signed out successfully</div></td></tr></table><p class="totop"><a href="#summary">back to summary</a></p>
<h3 id="m79">com.ae.qa.testcasesUserAdmin.UserGroupsPageTestUA#validateDeleteUserGroupUATest</h3><table class="result"><tr class="param"><th>Parameter #1</th></tr><tr class="param stripe"><td>public void com.ae.qa.testcasesUserAdmin.UserGroupsPageTestUA.validateDeleteUserGroupUATest(java.lang.reflect.Method) throws java.lang.Exception</td></tr><tr><th>Messages</th></tr><tr><td><div class="messages">User logged in successfully<br/>Users tab clicked<br/>Users group tab clicked<br/>Delete button is clicked<br/>Actual Username:User group deleted successfully<br/>Expected Username:User group deleted successfully<br/>User group deleted<br/>User signed out successfully</div></td></tr></table><p class="totop"><a href="#summary">back to summary</a></p>
<h3 id="m80">com.ae.qa.testcasesUserAdmin.UserGroupsPageTestUA#validateEditUserGroupUATest</h3><table class="result"><tr class="param"><th>Parameter #1</th></tr><tr class="param stripe"><td>public void com.ae.qa.testcasesUserAdmin.UserGroupsPageTestUA.validateEditUserGroupUATest(java.lang.reflect.Method) throws java.lang.Exception</td></tr><tr><th>Messages</th></tr><tr><td><div class="messages">User logged in successfully<br/>Edit button is clicked<br/>Description of user group updated<br/>Actual Username:Changes saved to user group<br/>Expected Username:Changes saved to user group<br/>User group got edited successfully<br/>User signed out successfully</div></td></tr></table><p class="totop"><a href="#summary">back to summary</a></p>
<h3 id="m81">com.ae.qa.testcasesUserAdmin.UserGroupsPageTestUA#validateRemoveUserFromGroupUATest</h3><table class="result"><tr class="param"><th>Parameter #1</th></tr><tr class="param stripe"><td>public void com.ae.qa.testcasesUserAdmin.UserGroupsPageTestUA.validateRemoveUserFromGroupUATest(java.lang.reflect.Method) throws java.lang.Exception</td></tr><tr><th>Messages</th></tr><tr><td><div class="messages">User logged in successfully<br/>Users tab clicked<br/>Users group tab clicked<br/>Show Member button is clicked<br/>Removing user1<br/>Actual Username:User(s) removed from the group successfully<br/>Expected Username:User(s) removed from the group successfully<br/>User1 removed<br/>User signed out successfully</div></td></tr></table><p class="totop"><a href="#summary">back to summary</a></p>
<h3 id="m82">com.ae.qa.testcasesWorkflowAdmin.AgentListPageTestWA#validateAssistedAgentDownloadWATest</h3><table class="result"><tr class="param"><th>Parameter #1</th></tr><tr class="param stripe"><td>public void com.ae.qa.testcasesWorkflowAdmin.AgentListPageTestWA.validateAssistedAgentDownloadWATest(java.lang.reflect.Method) throws java.lang.Exception</td></tr><tr><th>Messages</th></tr><tr><td><div class="messages">User LogIn Succesfully<br/>User navigated to Agents Tab<br/>User navigated to Assisted Agents Tab<br/>User navigated to Assign To User Tab<br/>User signed out successfully<br/>User LogIn Succesfully<br/>User navigated to Agent List Tab<br/>Agent download started<br/>File unzipped properly<br/>User signed out successfully</div></td></tr></table><p class="totop"><a href="#summary">back to summary</a></p>
<h3 id="m83">com.ae.qa.testcasesWorkflowAdmin.AgentListPageTestWA#validateCheckAgentStatusWATest</h3><table class="result"><tr class="param"><th>Parameter #1</th></tr><tr class="param stripe"><td>public void com.ae.qa.testcasesWorkflowAdmin.AgentListPageTestWA.validateCheckAgentStatusWATest(java.lang.reflect.Method) throws java.lang.Exception</td></tr><tr><th>Messages</th></tr><tr><td><div class="messages">User LogIn Succesfully<br/>User navigated to Agents Tab<br/>User navigated to Agent List Tab<br/>Current status of Assisted Agent is: Stopped<br/>Current status of Assisted Agent is: Updating<br/>Current status of Assisted Agent is: Updating<br/>Current status of Assisted Agent is: Updating<br/>Assisted Agent is in running mode<br/>User signed out successfully</div></td></tr></table><p class="totop"><a href="#summary">back to summary</a></p>
<h3 id="m84">com.ae.qa.testcasesWorkflowAdmin.CataloguePageTestWA#validateSubmitReqCustomCategoryWATest</h3><table class="result"><tr class="param"><th>Parameter #1</th></tr><tr class="param stripe"><td>public void com.ae.qa.testcasesWorkflowAdmin.CataloguePageTestWA.validateSubmitReqCustomCategoryWATest(java.lang.reflect.Method) throws java.lang.Exception</td></tr><tr><th>Messages</th></tr><tr><td><div class="messages">User logged in successfully<br/>Workflows Tab is clicked<br/>Import button clicked<br/>assisted Workflow is selected<br/>assisted Workflow is unselected<br/>Create Button is clicked<br/>Priority is set<br/>Expected Completion Time in Seconds is set<br/>Maximum Completion Time in Seconds is set<br/>Cleanup Requests older than Hours fields is set<br/>Manual Execution Time is set<br/>Manual Execution time unit is set<br/>Save button is clicked<br/>Workflow updated<br/>Workflow is enabled successfully<br/>User signed out successfully<br/>User logged in successfully<br/>Catalogue Tab is clicked<br/>Workflow whose request needs to be send is selected<br/>Submit request button is clicked<br/>Actual Popup Box:- Success!<br/>Expected Popup Box:- Success!<br/>OK button is clicked<br/>Request is submitted successfully<br/>User signed out successfully</div></td></tr></table><p class="totop"><a href="#summary">back to summary</a></p>
<h3 id="m85">com.ae.qa.testcasesWorkflowAdmin.CataloguePageTestWA#validateSubmitReqDefaultCategoryWATest</h3><table class="result"><tr class="param"><th>Parameter #1</th></tr><tr class="param stripe"><td>public void com.ae.qa.testcasesWorkflowAdmin.CataloguePageTestWA.validateSubmitReqDefaultCategoryWATest(java.lang.reflect.Method) throws java.lang.Exception</td></tr><tr><th>Messages</th></tr><tr><td><div class="messages">User logged in successfully<br/>Catalogue Tab is clicked<br/>Workflow whose request needs to be send is selected<br/>Submit request button is clicked<br/>Actual Popup Box:- Success!<br/>Expected Popup Box:- Success!<br/>OK button is clicked<br/>Request is submitted successfully<br/>User signed out successfully</div></td></tr></table><p class="totop"><a href="#summary">back to summary</a></p>
<h3 id="m86">com.ae.qa.testcasesWorkflowAdmin.CategoriesPageTestWA#ValidateAssignWFToCategoryWATest</h3><table class="result"><tr class="param"><th>Parameter #1</th></tr><tr class="param stripe"><td>public void com.ae.qa.testcasesWorkflowAdmin.CategoriesPageTestWA.ValidateAssignWFToCategoryWATest(java.lang.reflect.Method) throws java.lang.Exception</td></tr><tr><th>Messages</th></tr><tr><td><div class="messages">User LogIn Succesfully<br/>Categories tab clicked<br/>Workflow which needs to move is checked<br/>category in which wf needs to move is selected from dropdown<br/>Actual message is :Workflow(s) category changed successfully<br/>Expected message is :Workflow(s) category changed successfully<br/>Workflow assigned to category succesfully<br/>User signed out successfully</div></td></tr></table><p class="totop"><a href="#summary">back to summary</a></p>
<h3 id="m87">com.ae.qa.testcasesWorkflowAdmin.CategoriesPageTestWA#ValidateCreateCategoryWATest</h3><table class="result"><tr class="param"><th>Parameter #1</th></tr><tr class="param stripe"><td>public void com.ae.qa.testcasesWorkflowAdmin.CategoriesPageTestWA.ValidateCreateCategoryWATest(java.lang.reflect.Method) throws java.lang.Exception</td></tr><tr><th>Messages</th></tr><tr><td><div class="messages">User LogIn Succesfully<br/>Categories tab clicked<br/>Category name is entered which is only mandatory field<br/>Actual Category created message is :Workflow category created successfully<br/>Expected Category created message is :Workflow category created successfully<br/>Category created succesfully<br/>User signed out successfully</div></td></tr></table><p class="totop"><a href="#summary">back to summary</a></p>
<h3 id="m88">com.ae.qa.testcasesWorkflowAdmin.CategoriesPageTestWA#ValidateEditCategoryWATest</h3><table class="result"><tr class="param"><th>Parameter #1</th></tr><tr class="param stripe"><td>public void com.ae.qa.testcasesWorkflowAdmin.CategoriesPageTestWA.ValidateEditCategoryWATest(java.lang.reflect.Method) throws java.lang.Exception</td></tr><tr><th>Messages</th></tr><tr><td><div class="messages">User LogIn Succesfully<br/>Categories tab clicked<br/>Edit Button corresponding to required category is clicked<br/>Category Description is entered<br/>Actual Category edited message is :Workflow category updated successfully<br/>Expected Category edited message is :Workflow category updated successfully<br/>Category edited succesfully<br/>User signed out successfully</div></td></tr></table><p class="totop"><a href="#summary">back to summary</a></p>
<h3 id="m89">com.ae.qa.testcasesWorkflowAdmin.CategoriesPageTestWA#ValidateRemoveWFFromCategoryWATest</h3><table class="result"><tr class="param"><th>Parameter #1</th></tr><tr class="param stripe"><td>public void com.ae.qa.testcasesWorkflowAdmin.CategoriesPageTestWA.ValidateRemoveWFFromCategoryWATest(java.lang.reflect.Method) throws java.lang.Exception</td></tr><tr><th>Messages</th></tr><tr><td><div class="messages">User LogIn Succesfully<br/>Categories tab clicked<br/>Category from which wf needs to remove is selected<br/>Workflow assigned to category is removed<br/>Actual message is :Workflow removed from this category successfully<br/>Expected message is :Workflow removed from this category successfully<br/>Workflow removed from category succesfully<br/>User signed out successfully</div></td></tr></table><p class="totop"><a href="#summary">back to summary</a></p>
<h3 id="m90">com.ae.qa.testcasesWorkflowAdmin.CredentialsPageTestWA#ValidateDeleteCredentialPoolWATest</h3><table class="result"><tr class="param"><th>Parameter #1</th></tr><tr class="param stripe"><td>public void com.ae.qa.testcasesWorkflowAdmin.CredentialsPageTestWA.ValidateDeleteCredentialPoolWATest(java.lang.reflect.Method) throws java.lang.Exception</td></tr><tr><th>Messages</th></tr><tr><td><div class="messages">User LogIn Succesfully<br/>Credentials tab clicked<br/>Delete button on popup is confirmed<br/>Actual message is :Credential pool [AE2] deleted successfully<br/>Expected message is :Credential pool [AE2] deleted successfully<br/>Credential pool deleted successfully<br/>User signed out successfully</div></td></tr></table><p class="totop"><a href="#summary">back to summary</a></p>
<h3 id="m91">com.ae.qa.testcasesWorkflowAdmin.CredentialsPageTestWA#ValidateDeleteCredentialWATest</h3><table class="result"><tr class="param"><th>Parameter #1</th></tr><tr class="param stripe"><td>public void com.ae.qa.testcasesWorkflowAdmin.CredentialsPageTestWA.ValidateDeleteCredentialWATest(java.lang.reflect.Method) throws java.lang.Exception</td></tr><tr><th>Messages</th></tr><tr><td><div class="messages">User LogIn Succesfully<br/>Credentials tab clicked<br/>Delete button on popup is confirmed<br/>Actual message is :Credential [KG_PrivateWA] deleted successfully<br/>Expected message is :Credential [KG_PrivateWA] deleted successfully<br/>Credential deleted successfully<br/>User signed out successfully</div></td></tr></table><p class="totop"><a href="#summary">back to summary</a></p>
<h3 id="m92">com.ae.qa.testcasesWorkflowAdmin.CredentialsPageTestWA#ValidateEditCredentialsWATest</h3><table class="result"><tr class="param"><th>Parameter #1</th></tr><tr class="param stripe"><td>public void com.ae.qa.testcasesWorkflowAdmin.CredentialsPageTestWA.ValidateEditCredentialsWATest(java.lang.reflect.Method) throws java.lang.Exception</td></tr><tr><th>Messages</th></tr><tr><td><div class="messages">User LogIn Succesfully<br/>Credentials tab clicked<br/>Edit button corresponding to credentials clicked<br/>Year selected from Calender<br/>Month selected from Calender<br/>Expiry Date selected from Calender<br/>Update button is clicked<br/>Credentials edited succesfully with all fields<br/>User signed out successfully</div></td></tr></table><p class="totop"><a href="#summary">back to summary</a></p>
<h3 id="m93">com.ae.qa.testcasesWorkflowAdmin.CredentialsPageTestWA#ValidateMoveCredentialToPoolWATest</h3><table class="result"><tr class="param"><th>Parameter #1</th></tr><tr class="param stripe"><td>public void com.ae.qa.testcasesWorkflowAdmin.CredentialsPageTestWA.ValidateMoveCredentialToPoolWATest(java.lang.reflect.Method) throws java.lang.Exception</td></tr><tr><th>Messages</th></tr><tr><td><div class="messages">User LogIn Succesfully<br/>Credentials tab clicked<br/>Credential Pool button is clicked<br/>Create button is clicked<br/>Record for AE2 credential Pool found in table<br/>Credential Pool created succesfully<br/>User signed out successfully<br/>User LogIn Succesfully<br/>Credentials tab clicked<br/>Credential which needs to add in crenetial pool is selcted<br/>Credential pool in which redential needs to move is selected from dropdown<br/>Move Button is clicked<br/>Actual message is :Credential(s) moved successfully<br/>Expected message is :Credential(s) moved successfully<br/>Credential moved to credential pool successfully<br/>User signed out successfully</div></td></tr></table><p class="totop"><a href="#summary">back to summary</a></p>
<h3 id="m94">com.ae.qa.testcasesWorkflowAdmin.DashboardsPageTestWA#validateDashboardNoneWATest</h3><table class="result"><tr class="param"><th>Parameter #1</th></tr><tr class="param stripe"><td>public void com.ae.qa.testcasesWorkflowAdmin.DashboardsPageTestWA.validateDashboardNoneWATest(java.lang.reflect.Method) throws java.lang.Exception</td></tr><tr><th>Messages</th></tr><tr><td><div class="messages">User logged in successfully<br/>Reports Tab is clicked<br/>New Dashboard button is clicked<br/>Dashboard level is already selcted<br/>Dashboard duration None selected<br/>Actual Success Msg:Dashboard created successfully<br/>Expected Success Msg:Dashboard created successfully<br/>Dashboard at None level created successfully<br/>User signed out successfully</div></td></tr></table><p class="totop"><a href="#summary">back to summary</a></p>
<h3 id="m95">com.ae.qa.testcasesWorkflowAdmin.DashboardsPageTestWA#validateDashboardRelativeWATest</h3><table class="result"><tr class="param"><th>Parameter #1</th></tr><tr class="param stripe"><td>public void com.ae.qa.testcasesWorkflowAdmin.DashboardsPageTestWA.validateDashboardRelativeWATest(java.lang.reflect.Method) throws java.lang.Exception</td></tr><tr><th>Messages</th></tr><tr><td><div class="messages">User logged in successfully<br/>Reports Tab is clicked<br/>New Dashboard button is clicked<br/>Dashboard level is already selcted<br/>Dashboard duration Relative selected<br/>Create Button clicked successfully<br/>Actual Success Msg:Dashboard created successfully<br/>Expected Success Msg:Dashboard created successfully<br/>Dashboard at None level created successfully<br/>User signed out successfully</div></td></tr></table><p class="totop"><a href="#summary">back to summary</a></p>
<h3 id="m96">com.ae.qa.testcasesWorkflowAdmin.DashboardsPageTestWA#validateDashboardTodayWATest</h3><table class="result"><tr class="param"><th>Parameter #1</th></tr><tr class="param stripe"><td>public void com.ae.qa.testcasesWorkflowAdmin.DashboardsPageTestWA.validateDashboardTodayWATest(java.lang.reflect.Method) throws java.lang.Exception</td></tr><tr><th>Messages</th></tr><tr><td><div class="messages">User logged in successfully<br/>Reports Tab is clicked<br/>New Dashboard button is clicked<br/>Dashboard level is already selcted<br/>Dashboard duration Today selected<br/>Actual Success Msg:Dashboard created successfully<br/>Expected Success Msg:Dashboard created successfully<br/>Dashboard at None level created successfully<br/>User signed out successfully</div></td></tr></table><p class="totop"><a href="#summary">back to summary</a></p>
<h3 id="m97">com.ae.qa.testcasesWorkflowAdmin.DashboardsPageTestWA#validateDeleteDashboardWithReportWATest</h3><table class="result"><tr class="param"><th>Parameter #1</th></tr><tr class="param stripe"><td>public void com.ae.qa.testcasesWorkflowAdmin.DashboardsPageTestWA.validateDeleteDashboardWithReportWATest(java.lang.reflect.Method) throws java.lang.Exception</td></tr><tr><th>Messages</th></tr><tr><td><div class="messages">User logged in successfully<br/>Reports Tab is clicked<br/>Dashboard chosed successfully<br/>Delete Dashboard option clicked<br/>Delete button clicked on popup<br/>After deleting dashboard with report, actual message get is: Dashboard Deleted successfully<br/>Dashboard with report deleted successfully<br/>User signed out successfully</div></td></tr></table><p class="totop"><a href="#summary">back to summary</a></p>
<h3 id="m98">com.ae.qa.testcasesWorkflowAdmin.DashboardsPageTestWA#validateEditDashboardToCustomWATest</h3><table class="result"><tr class="param"><th>Parameter #1</th></tr><tr class="param stripe"><td>public void com.ae.qa.testcasesWorkflowAdmin.DashboardsPageTestWA.validateEditDashboardToCustomWATest(java.lang.reflect.Method) throws java.lang.Exception</td></tr><tr><th>Messages</th></tr><tr><td><div class="messages">User logged in successfully<br/>Reports Tab is clicked<br/>Dashboard chosed successfully<br/>Edit report is clicked<br/>Dashboard duration Custom selected<br/>Update Button clicked successfully<br/>Actual Success Msg:Dashboard Saved Successfully<br/>Expected Success Msg:Dashboard Saved Successfully<br/>Dashboard at Custom level updated successfully<br/>User signed out successfully</div></td></tr></table><p class="totop"><a href="#summary">back to summary</a></p>
<h3 id="m99">com.ae.qa.testcasesWorkflowAdmin.DashboardsPageTestWA#validateReportCustomWATest</h3><table class="result"><tr class="param"><th>Parameter #1</th></tr><tr class="param stripe"><td>public void com.ae.qa.testcasesWorkflowAdmin.DashboardsPageTestWA.validateReportCustomWATest(java.lang.reflect.Method) throws java.lang.Exception</td></tr><tr><th>Messages</th></tr><tr><td><div class="messages">User logged in successfully<br/>Reports Tab is clicked<br/>Dashboard chosed successfully<br/>Add report is clicked<br/>Report Type selected successfully<br/>Generate on Worklfows radio button already selected<br/>one workflow is selected<br/>Generate button selected successfully<br/>Report added as a Table<br/>Report saved on screen<br/>Report Custom Report KG displayed on screen successfully<br/>User signed out successfully</div></td></tr></table><p class="totop"><a href="#summary">back to summary</a></p>
<h3 id="m100">com.ae.qa.testcasesWorkflowAdmin.DashboardsPageTestWA#validateReportNoneMultipleWFWATest</h3><table class="result"><tr class="param"><th>Parameter #1</th></tr><tr class="param stripe"><td>public void com.ae.qa.testcasesWorkflowAdmin.DashboardsPageTestWA.validateReportNoneMultipleWFWATest(java.lang.reflect.Method) throws java.lang.Exception</td></tr><tr><th>Messages</th></tr><tr><td><div class="messages">User logged in successfully<br/>Reports Tab is clicked<br/>Dashboard chosed successfully<br/>Add report is clicked<br/>Report Type selected successfully<br/>Generate on Worklfows radio button already selected<br/>one workflow is selected<br/>Second workflow is selected<br/>Generate button selected successfully<br/>Report added as a chart<br/>Report saved on screen<br/>Report Workflow Execution Summary KG displayed on screen successfully<br/>User signed out successfully</div></td></tr></table><p class="totop"><a href="#summary">back to summary</a></p>
<h3 id="m101">com.ae.qa.testcasesWorkflowAdmin.DashboardsPageTestWA#validateSetAsDefaultReportWATest</h3><table class="result"><tr class="param"><th>Parameter #1</th></tr><tr class="param stripe"><td>public void com.ae.qa.testcasesWorkflowAdmin.DashboardsPageTestWA.validateSetAsDefaultReportWATest(java.lang.reflect.Method) throws java.lang.Exception</td></tr><tr><th>Messages</th></tr><tr><td><div class="messages">User logged in successfully<br/>Reports Tab is clicked<br/>Dashboard chosed successfully<br/>Set as Default option clicked<br/>Report set as a default successfully<br/>User signed out successfully</div></td></tr></table><p class="totop"><a href="#summary">back to summary</a></p>
<h3 id="m102">com.ae.qa.testcasesWorkflowAdmin.InformationPageTestWA#validateAboutTabWATest</h3><table class="result"><tr class="param"><th>Parameter #1</th></tr><tr class="param stripe"><td>public void com.ae.qa.testcasesWorkflowAdmin.InformationPageTestWA.validateAboutTabWATest(java.lang.reflect.Method) throws java.lang.Exception</td></tr><tr><th>Messages</th></tr><tr><td><div class="messages">User log in successfully<br/>User signed out successfully</div></td></tr></table><p class="totop"><a href="#summary">back to summary</a></p>
<h3 id="m103">com.ae.qa.testcasesWorkflowAdmin.InformationPageTestWA#validateLastLoginWATest</h3><table class="result"><tr class="param"><th>Parameter #1</th></tr><tr class="param stripe"><td>public void com.ae.qa.testcasesWorkflowAdmin.InformationPageTestWA.validateLastLoginWATest(java.lang.reflect.Method) throws java.lang.Exception</td></tr><tr><th>Messages</th></tr><tr><td><div class="messages">User changed first time password of User Successfully<br/>User log in Successfully<br/>Last login time displayed successfully<br/>User signed out successfully</div></td></tr></table><p class="totop"><a href="#summary">back to summary</a></p>
<h3 id="m104">com.ae.qa.testcasesWorkflowAdmin.InformationPageTestWA#validateViewProfileWATest</h3><table class="result"><tr class="param"><th>Parameter #1</th></tr><tr class="param stripe"><td>public void com.ae.qa.testcasesWorkflowAdmin.InformationPageTestWA.validateViewProfileWATest(java.lang.reflect.Method) throws java.lang.Exception</td></tr><tr><th>Messages</th></tr><tr><td><div class="messages">User logged in successfully<br/>Profile details validation successfully.<br/>User signed out successfully</div></td></tr></table><p class="totop"><a href="#summary">back to summary</a></p>
<h3 id="m105">com.ae.qa.testcasesWorkflowAdmin.PluginsPageTestWA#validatePluginStepsWATest</h3><table class="result"><tr class="param"><th>Parameter #1</th></tr><tr class="param stripe"><td>public void com.ae.qa.testcasesWorkflowAdmin.PluginsPageTestWA.validatePluginStepsWATest(java.lang.reflect.Method) throws java.lang.Exception</td></tr><tr><th>Messages</th></tr><tr><td><div class="messages">User log in Successfully<br/>Plugins Tab is selected<br/>Advanced Search is Clicked<br/>OOTB-Plugin Plugin is searched<br/>Plugin step button is clicked<br/>Plugin Step is displayed</div></td></tr></table><p class="totop"><a href="#summary">back to summary</a></p>
<h3 id="m106">com.ae.qa.testcasesWorkflowAdmin.PluginsPageTestWA#validateWFPluginUtilizationWATest</h3><table class="result"><tr class="param"><th>Parameter #1</th></tr><tr class="param stripe"><td>public void com.ae.qa.testcasesWorkflowAdmin.PluginsPageTestWA.validateWFPluginUtilizationWATest(java.lang.reflect.Method) throws java.lang.Exception</td></tr><tr><th>Messages</th></tr><tr><td><div class="messages">User log in Successfully<br/>Plugins Tab is selected<br/>Advanced Search is Clicked<br/>OOTB-Plugin Plugin is searched<br/>Plugin Utlization button is clicked<br/>Plugin Native Utilization is displayed</div></td></tr></table><p class="totop"><a href="#summary">back to summary</a></p>
<h3 id="m107">com.ae.qa.testcasesWorkflowAdmin.RequestsPageTestWA#validateDownloadRequestWATest</h3><table class="result"><tr class="param"><th>Parameter #1</th></tr><tr class="param stripe"><td>public void com.ae.qa.testcasesWorkflowAdmin.RequestsPageTestWA.validateDownloadRequestWATest(java.lang.reflect.Method) throws java.lang.Exception</td></tr><tr><th>Messages</th></tr><tr><td><div class="messages">User logged in successfully<br/>Requests Tab is clicked<br/>Download button is clicked & request download started<br/>User signed out successfully</div></td></tr></table><p class="totop"><a href="#summary">back to summary</a></p>
<h3 id="m108">com.ae.qa.testcasesWorkflowAdmin.RequestsPageTestWA#validateRequestFailureReasonWATest</h3><table class="result"><tr class="param"><th>Parameter #1</th></tr><tr class="param stripe"><td>public void com.ae.qa.testcasesWorkflowAdmin.RequestsPageTestWA.validateRequestFailureReasonWATest(java.lang.reflect.Method) throws java.lang.Exception</td></tr><tr><th>Messages</th></tr><tr><td><div class="messages">User logged in successfully<br/>Workflows Tab is clicked<br/>Import button clicked<br/>Is Assisted Workflow checkbox is unselected<br/>Create Button is clicked<br/>Priority is set<br/>Expected Completion Time in Seconds is set<br/>Maximum Completion Time in Seconds is set<br/>Cleanup Requests older than Hours fields is set<br/>Manual Execution Time is set<br/>Manual Execution time unit is set<br/>Save button is clicked<br/>Workflow updated<br/>Workflow is enabled successfully<br/>User signed out successfully<br/>Tenant Admin signed in successfully<br/>Agents tab is clicked<br/>Workflow Assignment tab is clicked<br/>Edit button is selected<br/>Workflow is searched<br/>Required wf is selected<br/>Saved the operation<br/>Assignment confirmed<br/>Actual Wf Assignment Msg:Assignment saved successfully.<br/>Expected Wf Assignment Msg:Assignment saved successfully.<br/>Single workflow is successfully assigned to default agent<br/>User signed out successfully<br/>User logged in successfully<br/>Catalogue Tab is clicked<br/>Workflow whose request needs to be send is selected<br/>Submit request button is clicked<br/>OK button is clicked<br/>User signed out successfully<br/>User logged in successfully<br/>Requests Tab is clicked<br/>Additional status details is clicked<br/>Message after execution of wf:Error! : Could not prepare output file H:\Users\DELL\Downloads\OTF_UniqueRecords.xlsx<br/>Workflow status is:Failure<br/>User signed out successfully</div></td></tr></table><p class="totop"><a href="#summary">back to summary</a></p>
<h3 id="m109">com.ae.qa.testcasesWorkflowAdmin.RequestsPageTestWA#validateRequestStatusWATest</h3><table class="result"><tr class="param"><th>Parameter #1</th></tr><tr class="param stripe"><td>public void com.ae.qa.testcasesWorkflowAdmin.RequestsPageTestWA.validateRequestStatusWATest(java.lang.reflect.Method) throws java.lang.Exception</td></tr><tr><th>Messages</th></tr><tr><td><div class="messages">User logged in successfully<br/>Requests Tab is clicked<br/>Workflow status is:Failure<br/>User signed out successfully</div></td></tr></table><p class="totop"><a href="#summary">back to summary</a></p>
<h3 id="m110">com.ae.qa.testcasesWorkflowAdmin.RequestsPageTestWA#validateRestartRequestWATest</h3><table class="result"><tr class="param"><th>Parameter #1</th></tr><tr class="param stripe"><td>public void com.ae.qa.testcasesWorkflowAdmin.RequestsPageTestWA.validateRestartRequestWATest(java.lang.reflect.Method) throws java.lang.Exception</td></tr><tr><th>Messages</th></tr><tr><td><div class="messages">User logged in successfully<br/>Requests Tab is clicked<br/>Restart icon is clicked<br/>Request Status is Failure So Restart button is visible and clicked<br/>Request [2099] has been restarted<br/>User signed out successfully</div></td></tr></table><p class="totop"><a href="#summary">back to summary</a></p>
<h3 id="m111">com.ae.qa.testcasesWorkflowAdmin.RequestsPageTestWA#validateSpecificColumnInRequestsWATest</h3><table class="result"><tr class="param"><th>Parameter #1</th></tr><tr class="param stripe"><td>public void com.ae.qa.testcasesWorkflowAdmin.RequestsPageTestWA.validateSpecificColumnInRequestsWATest(java.lang.reflect.Method) throws java.lang.Exception</td></tr><tr><th>Messages</th></tr><tr><td><div class="messages">User logged in successfully<br/>Requests Tab is clicked<br/>Select All Checkbox is not already selected, Hence selected twice to deselect it.<br/>Field of Columns: Id<br/>Field of Columns: Workflow Name<br/>Field of Columns: Priority<br/>Field of Columns: Status<br/>Field of Columns: Completed<br/>Column Value found<br/>All columns selected found in table.<br/>User signed out successfully</div></td></tr></table><p class="totop"><a href="#summary">back to summary</a></p>
<h3 id="m112">com.ae.qa.testcasesWorkflowAdmin.RequestsPageTestWA#validateTerminateRequestWATest</h3><table class="result"><tr class="param"><th>Parameter #1</th></tr><tr class="param stripe"><td>public void com.ae.qa.testcasesWorkflowAdmin.RequestsPageTestWA.validateTerminateRequestWATest(java.lang.reflect.Method) throws java.lang.Exception</td></tr><tr><th>Messages</th></tr><tr><td><div class="messages">User logged in successfully<br/>Workflows Tab is clicked<br/>Import button clicked<br/>Is Assisted Workflow checkbox is unselected<br/>Create Button is clicked<br/>Priority is set<br/>Expected Completion Time in Seconds is set<br/>Maximum Completion Time in Seconds is set<br/>Cleanup Requests older than Hours fields is set<br/>Manual Execution Time is set<br/>Manual Execution time unit is set<br/>Config Parameter is clicked<br/>Config Parameter is entered<br/>Save button is clicked<br/>Workflow updated<br/>Workflow is enabled successfully<br/>User signed out successfully<br/>Tenant Admin signed in successfully<br/>Agents tab is clicked<br/>Workflow Assignment tab is clicked<br/>Edit button is selected<br/>Workflow is searched<br/>Required wf is selected<br/>Saved the operation<br/>Assignment confirmed<br/>Actual Wf Assignment Msg:Assignment saved successfully.<br/>Expected Wf Assignment Msg:Assignment saved successfully.<br/>Single workflow is successfully assigned to default agent<br/>User signed out successfully<br/>User logged in successfully<br/>Catalogue Tab is clicked<br/>Workflow whose request needs to be send is selected<br/>Submit request button is clicked<br/>OK button is clicked<br/>Requests Tab is clicked<br/>Request Status is ExecutionStarted So Terminate button is visible and clicked<br/>Request [2100] termination has been initiated<br/>User signed out successfully</div></td></tr></table><p class="totop"><a href="#summary">back to summary</a></p>
<h3 id="m113">com.ae.qa.testcasesWorkflowAdmin.RequestsPageTestWA#validatecheckColumnsInRequestsWATest</h3><table class="result"><tr class="param"><th>Parameter #1</th></tr><tr class="param stripe"><td>public void com.ae.qa.testcasesWorkflowAdmin.RequestsPageTestWA.validatecheckColumnsInRequestsWATest(java.lang.reflect.Method) throws java.lang.Exception</td></tr><tr><th>Messages</th></tr><tr><td><div class="messages">User logged in successfully<br/>Requests Tab is clicked<br/>All Column got displayed in records after Checking select All checkbox.<br/>User signed out successfully</div></td></tr></table><p class="totop"><a href="#summary">back to summary</a></p>
<h3 id="m114">com.ae.qa.testcasesWorkflowAdmin.RequestsPageTestWA#validatedeselectAllInRequestsWATest</h3><table class="result"><tr class="param"><th>Parameter #1</th></tr><tr class="param stripe"><td>public void com.ae.qa.testcasesWorkflowAdmin.RequestsPageTestWA.validatedeselectAllInRequestsWATest(java.lang.reflect.Method) throws java.lang.Exception</td></tr><tr><th>Messages</th></tr><tr><td><div class="messages">User logged in successfully<br/>Requests Tab is clicked<br/>Select All Checkbox is not already selected, Hence selected twice to deselect it.<br/>Selected count of No. of colums 3<br/>Total No of columns in table: 3<br/>Field of Columns: Id<br/>Field of Columns: Workflow Name<br/>Field of Columns: Status<br/>Column Value found<br/>All Options got deselected except Id,Workflow Name,Status.<br/>User signed out successfully</div></td></tr></table><p class="totop"><a href="#summary">back to summary</a></p>
<h3 id="m115">com.ae.qa.testcasesWorkflowAdmin.SchedulerPageTestWA#validateDailyScheduleWATest</h3><table class="result"><tr class="param"><th>Parameter #1</th></tr><tr class="param stripe"><td>public void com.ae.qa.testcasesWorkflowAdmin.SchedulerPageTestWA.validateDailyScheduleWATest(java.lang.reflect.Method) throws java.lang.Exception</td></tr><tr><th>Messages</th></tr><tr><td><div class="messages">Tenant Admin signed in successfully<br/>Agents tab is clicked<br/>Workflow Assignment tab is clicked<br/>Edit button is selected<br/>Workflow is searched<br/>Required wf is selected<br/>Saved the operation<br/>Assignment confirmed<br/>Actual Wf Assignment Msg:Assignment saved successfully.<br/>Expected Wf Assignment Msg:Assignment saved successfully.<br/>Single workflow is successfully assigned to default agent<br/>User signed out successfully<br/>User logged in successfully<br/>Workflows Tab is clicked<br/>Scheduler tab clicked<br/>Add new Button clicked<br/>Schedule form details started<br/>Schedule submitted<br/>Actual Success Msg:Schedule created successfully<br/>Expected Success Msg:Schedule created successfully<br/>Daily Schedule created successfully<br/>User signed out successfully</div></td></tr></table><p class="totop"><a href="#summary">back to summary</a></p>
<h3 id="m116">com.ae.qa.testcasesWorkflowAdmin.SchedulerPageTestWA#validateDeleteScheduleWATest</h3><table class="result"><tr class="param"><th>Parameter #1</th></tr><tr class="param stripe"><td>public void com.ae.qa.testcasesWorkflowAdmin.SchedulerPageTestWA.validateDeleteScheduleWATest(java.lang.reflect.Method) throws java.lang.Exception</td></tr><tr><th>Messages</th></tr><tr><td><div class="messages">User logged in successfully<br/>Workflows Tab is clicked<br/>Scheduler tab clicked<br/>Schedule got disable<br/>Delete schedule button clicked<br/>Actual Success Msg:For automation deleted successfully<br/>Expected Success Msg:For automation deleted successfully<br/>Schedule deleted successfully<br/>User signed out successfully</div></td></tr></table><p class="totop"><a href="#summary">back to summary</a></p>
<h3 id="m117">com.ae.qa.testcasesWorkflowAdmin.SchedulerPageTestWA#validateEditDailyScheduleWATest</h3><table class="result"><tr class="param"><th>Parameter #1</th></tr><tr class="param stripe"><td>public void com.ae.qa.testcasesWorkflowAdmin.SchedulerPageTestWA.validateEditDailyScheduleWATest(java.lang.reflect.Method) throws java.lang.Exception</td></tr><tr><th>Messages</th></tr><tr><td><div class="messages">User logged in successfully<br/>Workflows Tab is clicked<br/>Scheduler tab clicked<br/>End date changed<br/>Repeat Every checkbox is selected<br/>Repeat time is selcted<br/>End Time is selected<br/>Submit button clicked<br/>Actual Success Msg:Schedule Edited successfully<br/>Expected Success Msg:Schedule Edited successfully<br/>Schedule edited successfully<br/>User signed out successfully</div></td></tr></table><p class="totop"><a href="#summary">back to summary</a></p>
<h3 id="m118">com.ae.qa.testcasesWorkflowAdmin.SchedulerPageTestWA#validateEditMonthlyScheduleWATest</h3><table class="result"><tr class="param"><th>Parameter #1</th></tr><tr class="param stripe"><td>public void com.ae.qa.testcasesWorkflowAdmin.SchedulerPageTestWA.validateEditMonthlyScheduleWATest(java.lang.reflect.Method) throws java.lang.Exception</td></tr><tr><th>Messages</th></tr><tr><td><div class="messages">User logged in successfully<br/>Workflows Tab is clicked<br/>Scheduler tab clicked<br/>Edit button is clicked<br/>Submit button clicked<br/>Actual Success Msg:Schedule Edited successfully<br/>Expected Success Msg:Schedule Edited successfully<br/>Schedule edited successfully<br/>User signed out successfully</div></td></tr></table><p class="totop"><a href="#summary">back to summary</a></p>
<h3 id="m119">com.ae.qa.testcasesWorkflowAdmin.SchedulerPageTestWA#validateEditScheduleCreateTATest</h3><table class="result"><tr class="param"><th>Parameter #1</th></tr><tr class="param stripe"><td>public void com.ae.qa.testcasesWorkflowAdmin.SchedulerPageTestWA.validateEditScheduleCreateTATest(java.lang.reflect.Method) throws java.lang.Exception</td></tr><tr><th>Messages</th></tr><tr><td><div class="messages">User logged in successfully<br/>Workflows Tab is clicked<br/>Scheduler tab clicked<br/>Add new Button clicked<br/>Schedule form details started<br/>Schedule submitted<br/>Actual Success Msg:Schedule created successfully<br/>Expected Success Msg:Schedule created successfully<br/>Daily Schedule created successfully<br/>User signed out successfully<br/>User logged in successfully<br/>Workflows Tab is clicked<br/>Scheduler tab clicked<br/>End date changed<br/>Repeat Every checkbox is selected<br/>Repeat time is selcted<br/>End Time is selected<br/>Submit button clicked<br/>Actual Success Msg:Schedule Edited successfully<br/>Expected Success Msg:Schedule Edited successfully<br/>Schedule edited successfully<br/>User signed out successfully</div></td></tr></table><p class="totop"><a href="#summary">back to summary</a></p>
<h3 id="m120">com.ae.qa.testcasesWorkflowAdmin.SchedulerPageTestWA#validateEditWeeklyScheduleWATest</h3><table class="result"><tr class="param"><th>Parameter #1</th></tr><tr class="param stripe"><td>public void com.ae.qa.testcasesWorkflowAdmin.SchedulerPageTestWA.validateEditWeeklyScheduleWATest(java.lang.reflect.Method) throws java.lang.Exception</td></tr><tr><th>Messages</th></tr><tr><td><div class="messages">User logged in successfully<br/>Workflows Tab is clicked<br/>Scheduler tab clicked<br/>Repeat time is selcted<br/>Submit button clicked<br/>Actual Success Msg:Schedule Edited successfully<br/>Expected Success Msg:Schedule Edited successfully<br/>Schedule edited successfully<br/>User signed out successfully</div></td></tr></table><p class="totop"><a href="#summary">back to summary</a></p>
<h3 id="m121">com.ae.qa.testcasesWorkflowAdmin.SchedulerPageTestWA#validateInactiveScheduleCreateTATest</h3><table class="result"><tr class="param"><th>Parameter #1</th></tr><tr class="param stripe"><td>public void com.ae.qa.testcasesWorkflowAdmin.SchedulerPageTestWA.validateInactiveScheduleCreateTATest(java.lang.reflect.Method) throws java.lang.Exception</td></tr><tr><th>Messages</th></tr><tr><td><div class="messages">User logged in successfully<br/>Workflows Tab is clicked<br/>Scheduler tab clicked<br/>Status Slider bar is clicked<br/>Schedule created by Tenant admin is made Inactive successfully<br/>User signed out successfully</div></td></tr></table><p class="totop"><a href="#summary">back to summary</a></p>
<h3 id="m122">com.ae.qa.testcasesWorkflowAdmin.SchedulerPageTestWA#validateInfineScheduleWATest</h3><table class="result"><tr class="param"><th>Parameter #1</th></tr><tr class="param stripe"><td>public void com.ae.qa.testcasesWorkflowAdmin.SchedulerPageTestWA.validateInfineScheduleWATest(java.lang.reflect.Method) throws java.lang.Exception</td></tr><tr><th>Messages</th></tr><tr><td><div class="messages">User logged in successfully<br/>Workflows Tab is clicked<br/>Scheduler tab clicked<br/>Add new Button clicked<br/>Schedule form details started<br/>Run Schedule Infinitely checbox selected<br/>Repeat Every checkbox is selected<br/>Repeat time is selcted<br/>Schedule submitted<br/>Actual Success Msg:Schedule created successfully<br/>Expected Success Msg:Schedule created successfully<br/>Infinite Weekly Schedule created successfully<br/>User signed out successfully</div></td></tr></table><p class="totop"><a href="#summary">back to summary</a></p>
<h3 id="m123">com.ae.qa.testcasesWorkflowAdmin.SchedulerPageTestWA#validateMonthlyScheduleWATest</h3><table class="result"><tr class="param"><th>Parameter #1</th></tr><tr class="param stripe"><td>public void com.ae.qa.testcasesWorkflowAdmin.SchedulerPageTestWA.validateMonthlyScheduleWATest(java.lang.reflect.Method) throws java.lang.Exception</td></tr><tr><th>Messages</th></tr><tr><td><div class="messages">User logged in successfully<br/>Workflows Tab is clicked<br/>Scheduler tab clicked<br/>Add new Button clicked<br/>Schedule form details started<br/>Repeat Every checkbox is selected<br/>Repeat time is selcted<br/>End Time is selected<br/>Schedule submitted<br/>Actual Success Msg:Schedule created successfully<br/>Expected Success Msg:Schedule created successfully<br/>Weekly Schedule created successfully<br/>User signed out successfully</div></td></tr></table><p class="totop"><a href="#summary">back to summary</a></p>
<h3 id="m124">com.ae.qa.testcasesWorkflowAdmin.SchedulerPageTestWA#validateWeeklyScheduleWATest</h3><table class="result"><tr class="param"><th>Parameter #1</th></tr><tr class="param stripe"><td>public void com.ae.qa.testcasesWorkflowAdmin.SchedulerPageTestWA.validateWeeklyScheduleWATest(java.lang.reflect.Method) throws java.lang.Exception</td></tr><tr><th>Messages</th></tr><tr><td><div class="messages">User logged in successfully<br/>Workflows Tab is clicked<br/>Scheduler tab clicked<br/>Add new Button clicked<br/>Schedule form details started<br/>Start day selected<br/>End day selected<br/>Schedule type selected<br/>Repeat Every checkbox is selected<br/>Repeat time is selcted<br/>End Time is selected<br/>Schedule submitted<br/>Actual Success Msg:Schedule created successfully<br/>Expected Success Msg:Schedule created successfully<br/>Weekly Schedule created successfully<br/>User signed out successfully</div></td></tr></table><p class="totop"><a href="#summary">back to summary</a></p>
<h3 id="m125">com.ae.qa.testcasesWorkflowAdmin.WorkflowListPageTestWA#validateEditWFWATest</h3><table class="result"><tr class="param"><th>Parameter #1</th></tr><tr class="param stripe"><td>public void com.ae.qa.testcasesWorkflowAdmin.WorkflowListPageTestWA.validateEditWFWATest(java.lang.reflect.Method) throws java.lang.Exception</td></tr><tr><th>Messages</th></tr><tr><td><div class="messages">User LogIn Succesfully<br/>workflowList  tab clicked<br/>Edit button is clicked<br/>Priority is set<br/>Cleanup Requests older than Hours fields is set<br/>Save button is clicked<br/>Workflow updated<br/>User signed out successfully</div></td></tr></table><p class="totop"><a href="#summary">back to summary</a></p>
<h3 id="m126">com.ae.qa.testcasesWorkflowAdmin.WorkflowListPageTestWA#validateExportWFVerifiedWATest</h3><table class="result"><tr class="param"><th>Parameter #1</th></tr><tr class="param stripe"><td>public void com.ae.qa.testcasesWorkflowAdmin.WorkflowListPageTestWA.validateExportWFVerifiedWATest(java.lang.reflect.Method) throws java.lang.Exception</td></tr><tr><th>Messages</th></tr><tr><td><div class="messages">User LogIn Succesfully<br/>workflowList  tab clicked<br/>Clicked the Dropdown button<br/>Clicked the Export option from dropdown<br/>Clicked the Workflows dropdown <br/>Clicked on search bar<br/>Multiple Workflow are exported successfully<br/>User signed out successfully</div></td></tr></table><p class="totop"><a href="#summary">back to summary</a></p>
<h3 id="m127">com.ae.qa.testcasesWorkflowAdmin.WorkflowListPageTestWA#validateImportWFConfigParamWATest</h3><table class="result"><tr class="param"><th>Parameter #1</th></tr><tr class="param stripe"><td>public void com.ae.qa.testcasesWorkflowAdmin.WorkflowListPageTestWA.validateImportWFConfigParamWATest(java.lang.reflect.Method) throws java.lang.Exception</td></tr><tr><th>Messages</th></tr><tr><td><div class="messages">User logged in successfully<br/>Workflows Tab is clicked<br/>Import button clicked<br/>Is Assisted Workflow checkbox is unselected<br/>Create Button is clicked<br/>Priority is set<br/>Expected Completion Time in Seconds is set<br/>Maximum Completion Time in Seconds is set<br/>Cleanup Requests older than Hours fields is set<br/>Manual Execution Time is set<br/>Manual Execution time unit is set<br/>Config Parameter is clicked<br/>Config Parameter is entered<br/>Save button is clicked<br/>Workflow updated<br/>Workflow is enabled successfully<br/>User signed out successfully</div></td></tr></table><p class="totop"><a href="#summary">back to summary</a></p>
<h3 id="m128">com.ae.qa.testcasesWorkflowAdmin.WorkflowListPageTestWA#validateUpdateWFConfigParamCreatedByTAdminWATest</h3><table class="result"><tr class="param"><th>Parameter #1</th></tr><tr class="param stripe"><td>public void com.ae.qa.testcasesWorkflowAdmin.WorkflowListPageTestWA.validateUpdateWFConfigParamCreatedByTAdminWATest(java.lang.reflect.Method) throws java.lang.Exception</td></tr><tr><th>Messages</th></tr><tr><td><div class="messages">User logged in successfully<br/>Workflows Tab is clicked<br/>Import button clicked<br/>Is Assisted Workflow checkbox is unselected<br/>Create Button is clicked<br/>Priority is set<br/>Expected Completion Time in Seconds is set<br/>Maximum Completion Time in Seconds is set<br/>Cleanup Requests older than Hours fields is set<br/>Manual Execution Time is set<br/>Manual Execution time unit is set<br/>Save button is clicked<br/>Workflow updated<br/>Workflow is enabled successfully<br/>User signed out successfully<br/>Workflows Tab is clicked<br/>Import Dropdown is clicked<br/>Update Button is Clicked<br/>Workflow is been selected<br/>Updated workflow file is choosed<br/>Save button is clicked<br/>Configuration Parameters dropdown is clicked<br/>Save button is clicked<br/>Workflow updated<br/>Workflow is enabled successfully<br/>User signed out successfully<br/>Tenant Admin signed in successfully<br/>Agents tab is clicked<br/>Workflow Assignment tab is clicked<br/>Edit button is selected<br/>Workflow is searched<br/>Required wf is selected<br/>Saved the operation<br/>Assignment confirmed<br/>Actual Wf Assignment Msg:Assignment saved successfully.<br/>Expected Wf Assignment Msg:Assignment saved successfully.<br/>Single workflow is successfully assigned to default agent<br/>User signed out successfully<br/>Catalogue Tab is clicked<br/>Workflow whose request needs to be send is selected<br/>Run Parameter are displayed and entered<br/>Submit request button is clicked<br/>OK button is clicked<br/>User signed out successfully</div></td></tr></table><p class="totop"><a href="#summary">back to summary</a></p>
</body>
</html>
