<?xml version="1.0" encoding="UTF-8"?>
<!-- Generated by org.testng.reporters.JUnitReportReporter -->
<testsuite hostname="aedbserver" failures="0" tests="32" name="com.ae.qa.testcases.AuditLogsPageTest" time="116.140" errors="2" timestamp="2023-04-12T15:55:05 IST" skipped="28">
  <testcase classname="com.ae.qa.testcases.AuditLogsPageTest" name="getResult" time="18.971">
    <error message="no such window: target window already closed
from unknown error: web view not found
  (Session info: MicrosoftEdge=112.0.1722.34)
Build info: version: &#039;3.141.59&#039;, revision: &#039;e82be7d358&#039;, time: &#039;2018-11-14T08:17:03&#039;
System info: host: &#039;AEDBSERVER&#039;, ip: &#039;10.41.5.163&#039;, os.name: &#039;Windows 10&#039;, os.arch: &#039;amd64&#039;, os.version: &#039;10.0&#039;, java.version: &#039;17.0.6&#039;
Driver info: org.openqa.selenium.edge.EdgeDriver
Capabilities {acceptInsecureCerts: false, browserName: msedge, browserVersion: 112.0.1722.34, javascriptEnabled: true, ms:edgeOptions: {debuggerAddress: localhost:57475}, msedge: {msedgedriverVersion: 112.0.1722.39 (e40a520f851f..., userDataDir: C:\Program Files\scoped_dir...}, networkConnectionEnabled: false, pageLoadStrategy: normal, platform: WINDOWS, platformName: WINDOWS, proxy: Proxy(), setWindowRect: true, strictFileInteractability: false, timeouts: {implicit: 0, pageLoad: 300000, script: 30000}, unhandledPromptBehavior: dismiss and notify, webauthn:extension:credBlob: true, webauthn:extension:largeBlob: true, webauthn:extension:minPinLength: true, webauthn:extension:prf: true, webauthn:virtualAuthenticators: true}
Session ID: 6cdd73af5ec16f32e9a5642be095de6f" type="org.openqa.selenium.NoSuchWindowException">
      <![CDATA[org.openqa.selenium.NoSuchWindowException: no such window: target window already closed
from unknown error: web view not found
  (Session info: MicrosoftEdge=112.0.1722.34)
Build info: version: '3.141.59', revision: 'e82be7d358', time: '2018-11-14T08:17:03'
System info: host: 'AEDBSERVER', ip: '10.41.5.163', os.name: 'Windows 10', os.arch: 'amd64', os.version: '10.0', java.version: '17.0.6'
Driver info: org.openqa.selenium.edge.EdgeDriver
Capabilities {acceptInsecureCerts: false, browserName: msedge, browserVersion: 112.0.1722.34, javascriptEnabled: true, ms:edgeOptions: {debuggerAddress: localhost:57475}, msedge: {msedgedriverVersion: 112.0.1722.39 (e40a520f851f..., userDataDir: C:\Program Files\scoped_dir...}, networkConnectionEnabled: false, pageLoadStrategy: normal, platform: WINDOWS, platformName: WINDOWS, proxy: Proxy(), setWindowRect: true, strictFileInteractability: false, timeouts: {implicit: 0, pageLoad: 300000, script: 30000}, unhandledPromptBehavior: dismiss and notify, webauthn:extension:credBlob: true, webauthn:extension:largeBlob: true, webauthn:extension:minPinLength: true, webauthn:extension:prf: true, webauthn:virtualAuthenticators: true}
Session ID: 6cdd73af5ec16f32e9a5642be095de6f
at java.base/jdk.internal.reflect.NativeConstructorAccessorImpl.newInstance0(Native Method)
at java.base/jdk.internal.reflect.NativeConstructorAccessorImpl.newInstance(NativeConstructorAccessorImpl.java:77)
at java.base/jdk.internal.reflect.DelegatingConstructorAccessorImpl.newInstance(DelegatingConstructorAccessorImpl.java:45)
at java.base/java.lang.reflect.Constructor.newInstanceWithCaller(Constructor.java:499)
at java.base/java.lang.reflect.Constructor.newInstance(Constructor.java:480)
at org.openqa.selenium.remote.http.W3CHttpResponseCodec.createException(W3CHttpResponseCodec.java:187)
at org.openqa.selenium.remote.http.W3CHttpResponseCodec.decode(W3CHttpResponseCodec.java:122)
at org.openqa.selenium.remote.http.W3CHttpResponseCodec.decode(W3CHttpResponseCodec.java:49)
at org.openqa.selenium.remote.HttpCommandExecutor.execute(HttpCommandExecutor.java:158)
at org.openqa.selenium.remote.service.DriverCommandExecutor.execute(DriverCommandExecutor.java:83)
at org.openqa.selenium.remote.RemoteWebDriver.execute(RemoteWebDriver.java:552)
at org.openqa.selenium.remote.RemoteWebDriver.execute(RemoteWebDriver.java:609)
at org.openqa.selenium.remote.RemoteWebDriver.getScreenshotAs(RemoteWebDriver.java:295)
at com.ae.qa.base.TestBase.getScreenShot(TestBase.java:112)
at com.ae.qa.base.TestBase.getResult(TestBase.java:202)
at java.base/jdk.internal.reflect.NativeMethodAccessorImpl.invoke0(Native Method)
at java.base/jdk.internal.reflect.NativeMethodAccessorImpl.invoke(NativeMethodAccessorImpl.java:77)
at java.base/jdk.internal.reflect.DelegatingMethodAccessorImpl.invoke(DelegatingMethodAccessorImpl.java:43)
at java.base/java.lang.reflect.Method.invoke(Method.java:568)
at org.testng.internal.invokers.MethodInvocationHelper.invokeMethod(MethodInvocationHelper.java:139)
at org.testng.internal.invokers.MethodInvocationHelper.invokeMethodConsideringTimeout(MethodInvocationHelper.java:69)
at org.testng.internal.invokers.ConfigInvoker.invokeConfigurationMethod(ConfigInvoker.java:361)
at org.testng.internal.invokers.ConfigInvoker.invokeConfigurations(ConfigInvoker.java:296)
at org.testng.internal.invokers.TestInvoker.runConfigMethods(TestInvoker.java:816)
at org.testng.internal.invokers.TestInvoker.runAfterConfigurations(TestInvoker.java:785)
at org.testng.internal.invokers.TestInvoker.invokeMethod(TestInvoker.java:761)
at org.testng.internal.invokers.TestInvoker.invokeTestMethod(TestInvoker.java:221)
at org.testng.internal.invokers.MethodRunner.runInSequence(MethodRunner.java:50)
at org.testng.internal.invokers.TestInvoker$MethodInvocationAgent.invoke(TestInvoker.java:962)
at org.testng.internal.invokers.TestInvoker.invokeTestMethods(TestInvoker.java:194)
at org.testng.internal.invokers.TestMethodWorker.invokeTestMethods(TestMethodWorker.java:148)
at org.testng.internal.invokers.TestMethodWorker.run(TestMethodWorker.java:128)
at java.base/java.util.ArrayList.forEach(ArrayList.java:1511)
at org.testng.TestRunner.privateRun(TestRunner.java:806)
at org.testng.TestRunner.run(TestRunner.java:601)
at org.testng.SuiteRunner.runTest(SuiteRunner.java:433)
at org.testng.SuiteRunner.runSequentially(SuiteRunner.java:427)
at org.testng.SuiteRunner.privateRun(SuiteRunner.java:387)
at org.testng.SuiteRunner.run(SuiteRunner.java:330)
at org.testng.SuiteRunnerWorker.runSuite(SuiteRunnerWorker.java:52)
at org.testng.SuiteRunnerWorker.run(SuiteRunnerWorker.java:95)
at org.testng.TestNG.runSuitesSequentially(TestNG.java:1256)
at org.testng.TestNG.runSuitesLocally(TestNG.java:1176)
at org.testng.TestNG.runSuites(TestNG.java:1099)
at org.testng.TestNG.run(TestNG.java:1067)
at org.testng.remote.AbstractRemoteTestNG.run(AbstractRemoteTestNG.java:115)
at org.testng.remote.RemoteTestNG.initAndRun(RemoteTestNG.java:251)
at org.testng.remote.RemoteTestNG.main(RemoteTestNG.java:77)
]]>
    </error>
  </testcase> <!-- getResult -->
  <system-out/>
  <testcase classname="com.ae.qa.testcases.AuditLogsPageTest" name="validatedownloadingAuditLogs" time="39.770"/>
  <system-out>
    <![CDATA[User logged in successfully
Clicked on logs tab
Clicked on audit logs tab
Clicked the download button
Audit logs download started Successfully]]>
  </system-out>
  <testcase classname="com.ae.qa.testcases.AuditLogsPageTest" name="validatecheckColumnsInAuditLogs" time="42.303"/>
  <system-out>
    <![CDATA[User logged in successfully
Clicked on audit logs tab
All Column got displayed in records after Checking select All checkbox.]]>
  </system-out>
  <testcase classname="com.ae.qa.testcases.AuditLogsPageTest" name="validatedeselectAllInAuditLogs" time="15.094">
    <error message="no such window: target window already closed
from unknown error: web view not found
  (Session info: MicrosoftEdge=112.0.1722.34)
Build info: version: &#039;3.141.59&#039;, revision: &#039;e82be7d358&#039;, time: &#039;2018-11-14T08:17:03&#039;
System info: host: &#039;AEDBSERVER&#039;, ip: &#039;10.41.5.163&#039;, os.name: &#039;Windows 10&#039;, os.arch: &#039;amd64&#039;, os.version: &#039;10.0&#039;, java.version: &#039;17.0.6&#039;
Driver info: org.openqa.selenium.edge.EdgeDriver
Capabilities {acceptInsecureCerts: false, browserName: msedge, browserVersion: 112.0.1722.34, javascriptEnabled: true, ms:edgeOptions: {debuggerAddress: localhost:57475}, msedge: {msedgedriverVersion: 112.0.1722.39 (e40a520f851f..., userDataDir: C:\Program Files\scoped_dir...}, networkConnectionEnabled: false, pageLoadStrategy: normal, platform: WINDOWS, platformName: WINDOWS, proxy: Proxy(), setWindowRect: true, strictFileInteractability: false, timeouts: {implicit: 0, pageLoad: 300000, script: 30000}, unhandledPromptBehavior: dismiss and notify, webauthn:extension:credBlob: true, webauthn:extension:largeBlob: true, webauthn:extension:minPinLength: true, webauthn:extension:prf: true, webauthn:virtualAuthenticators: true}
Session ID: 6cdd73af5ec16f32e9a5642be095de6f
*** Element info: {Using=xpath, value=//span[@class=&#039;mul-checkmark&#039;]}" type="org.openqa.selenium.NoSuchWindowException">
      <![CDATA[org.openqa.selenium.NoSuchWindowException: no such window: target window already closed
from unknown error: web view not found
  (Session info: MicrosoftEdge=112.0.1722.34)
Build info: version: '3.141.59', revision: 'e82be7d358', time: '2018-11-14T08:17:03'
System info: host: 'AEDBSERVER', ip: '10.41.5.163', os.name: 'Windows 10', os.arch: 'amd64', os.version: '10.0', java.version: '17.0.6'
Driver info: org.openqa.selenium.edge.EdgeDriver
Capabilities {acceptInsecureCerts: false, browserName: msedge, browserVersion: 112.0.1722.34, javascriptEnabled: true, ms:edgeOptions: {debuggerAddress: localhost:57475}, msedge: {msedgedriverVersion: 112.0.1722.39 (e40a520f851f..., userDataDir: C:\Program Files\scoped_dir...}, networkConnectionEnabled: false, pageLoadStrategy: normal, platform: WINDOWS, platformName: WINDOWS, proxy: Proxy(), setWindowRect: true, strictFileInteractability: false, timeouts: {implicit: 0, pageLoad: 300000, script: 30000}, unhandledPromptBehavior: dismiss and notify, webauthn:extension:credBlob: true, webauthn:extension:largeBlob: true, webauthn:extension:minPinLength: true, webauthn:extension:prf: true, webauthn:virtualAuthenticators: true}
Session ID: 6cdd73af5ec16f32e9a5642be095de6f
*** Element info: {Using=xpath, value=//span[@class='mul-checkmark']}
at java.base/jdk.internal.reflect.NativeConstructorAccessorImpl.newInstance0(Native Method)
at java.base/jdk.internal.reflect.NativeConstructorAccessorImpl.newInstance(NativeConstructorAccessorImpl.java:77)
at java.base/jdk.internal.reflect.DelegatingConstructorAccessorImpl.newInstance(DelegatingConstructorAccessorImpl.java:45)
at java.base/java.lang.reflect.Constructor.newInstanceWithCaller(Constructor.java:499)
at java.base/java.lang.reflect.Constructor.newInstance(Constructor.java:480)
at org.openqa.selenium.remote.http.W3CHttpResponseCodec.createException(W3CHttpResponseCodec.java:187)
at org.openqa.selenium.remote.http.W3CHttpResponseCodec.decode(W3CHttpResponseCodec.java:122)
at org.openqa.selenium.remote.http.W3CHttpResponseCodec.decode(W3CHttpResponseCodec.java:49)
at org.openqa.selenium.remote.HttpCommandExecutor.execute(HttpCommandExecutor.java:158)
at org.openqa.selenium.remote.service.DriverCommandExecutor.execute(DriverCommandExecutor.java:83)
at org.openqa.selenium.remote.RemoteWebDriver.execute(RemoteWebDriver.java:552)
at org.openqa.selenium.remote.RemoteWebDriver.findElement(RemoteWebDriver.java:323)
at org.openqa.selenium.remote.RemoteWebDriver.findElementByXPath(RemoteWebDriver.java:428)
at org.openqa.selenium.By$ByXPath.findElement(By.java:353)
at org.openqa.selenium.remote.RemoteWebDriver.findElement(RemoteWebDriver.java:315)
at org.openqa.selenium.support.pagefactory.DefaultElementLocator.findElement(DefaultElementLocator.java:69)
at org.openqa.selenium.support.pagefactory.internal.LocatingElementHandler.invoke(LocatingElementHandler.java:38)
at jdk.proxy2/jdk.proxy2.$Proxy30.isSelected(Unknown Source)
at com.ae.qa.pages.AuditLogsPage.deselectAllInAuditLogs(AuditLogsPage.java:123)
at com.ae.qa.testcases.AuditLogsPageTest.validatedeselectAllInAuditLogs(AuditLogsPageTest.java:48)
at java.base/jdk.internal.reflect.NativeMethodAccessorImpl.invoke0(Native Method)
at java.base/jdk.internal.reflect.NativeMethodAccessorImpl.invoke(NativeMethodAccessorImpl.java:77)
at java.base/jdk.internal.reflect.DelegatingMethodAccessorImpl.invoke(DelegatingMethodAccessorImpl.java:43)
at java.base/java.lang.reflect.Method.invoke(Method.java:568)
at org.testng.internal.invokers.MethodInvocationHelper.invokeMethod(MethodInvocationHelper.java:139)
at org.testng.internal.invokers.TestInvoker.invokeMethod(TestInvoker.java:677)
at org.testng.internal.invokers.TestInvoker.invokeTestMethod(TestInvoker.java:221)
at org.testng.internal.invokers.MethodRunner.runInSequence(MethodRunner.java:50)
at org.testng.internal.invokers.TestInvoker$MethodInvocationAgent.invoke(TestInvoker.java:962)
at org.testng.internal.invokers.TestInvoker.invokeTestMethods(TestInvoker.java:194)
at org.testng.internal.invokers.TestMethodWorker.invokeTestMethods(TestMethodWorker.java:148)
at org.testng.internal.invokers.TestMethodWorker.run(TestMethodWorker.java:128)
at java.base/java.util.ArrayList.forEach(ArrayList.java:1511)
at org.testng.TestRunner.privateRun(TestRunner.java:806)
at org.testng.TestRunner.run(TestRunner.java:601)
at org.testng.SuiteRunner.runTest(SuiteRunner.java:433)
at org.testng.SuiteRunner.runSequentially(SuiteRunner.java:427)
at org.testng.SuiteRunner.privateRun(SuiteRunner.java:387)
at org.testng.SuiteRunner.run(SuiteRunner.java:330)
at org.testng.SuiteRunnerWorker.runSuite(SuiteRunnerWorker.java:52)
at org.testng.SuiteRunnerWorker.run(SuiteRunnerWorker.java:95)
at org.testng.TestNG.runSuitesSequentially(TestNG.java:1256)
at org.testng.TestNG.runSuitesLocally(TestNG.java:1176)
at org.testng.TestNG.runSuites(TestNG.java:1099)
at org.testng.TestNG.run(TestNG.java:1067)
at org.testng.remote.AbstractRemoteTestNG.run(AbstractRemoteTestNG.java:115)
at org.testng.remote.RemoteTestNG.initAndRun(RemoteTestNG.java:251)
at org.testng.remote.RemoteTestNG.main(RemoteTestNG.java:77)
]]>
    </error>
  </testcase> <!-- validatedeselectAllInAuditLogs -->
  <system-out>
    <![CDATA[User logged in successfully
Clicked on audit logs tab]]>
  </system-out>
  <testcase classname="com.ae.qa.testcases.AuditLogsPageTest" name="verifySpecificColumnTest" time="0.000">
    <skipped/>
  </testcase> <!-- verifySpecificColumnTest -->
  <system-out/>
  <testcase classname="com.ae.qa.testcases.AuditLogsPageTest" name="verifycheckLogsTest" time="0.000">
    <skipped/>
  </testcase> <!-- verifycheckLogsTest -->
  <system-out/>
  <testcase classname="com.ae.qa.testcases.AuditLogsPageTest" name="validateLogsPageTest" time="0.000">
    <skipped/>
  </testcase> <!-- validateLogsPageTest -->
  <system-out/>
  <testcase classname="com.ae.qa.testcases.AuditLogsPageTest" name="validateEntityDropdownEqualToAuditLogsPageTest" time="0.000">
    <skipped/>
  </testcase> <!-- validateEntityDropdownEqualToAuditLogsPageTest -->
  <system-out/>
  <testcase classname="com.ae.qa.testcases.AuditLogsPageTest" name="validateEntityDropdownNotEqualToAuditLogsPageTest" time="0.000">
    <skipped/>
  </testcase> <!-- validateEntityDropdownNotEqualToAuditLogsPageTest -->
  <system-out/>
  <testcase classname="com.ae.qa.testcases.AuditLogsPageTest" name="validateSourceDropdownEqualToAuditLogsPageTest" time="0.000">
    <skipped/>
  </testcase> <!-- validateSourceDropdownEqualToAuditLogsPageTest -->
  <system-out/>
  <testcase classname="com.ae.qa.testcases.AuditLogsPageTest" name="validateSourceDropdownNotEqualToAuditLogsPageTest" time="0.000">
    <skipped/>
  </testcase> <!-- validateSourceDropdownNotEqualToAuditLogsPageTest -->
  <system-out/>
  <testcase classname="com.ae.qa.testcases.AuditLogsPageTest" name="validateAdvSearchForUserNameEqualToAuditLogsPageTest" time="0.000">
    <skipped/>
  </testcase> <!-- validateAdvSearchForUserNameEqualToAuditLogsPageTest -->
  <system-out/>
  <testcase classname="com.ae.qa.testcases.AuditLogsPageTest" name="validateAdvSearchForUserNameNotEqualToAuditLogsPageTest" time="0.000">
    <skipped/>
  </testcase> <!-- validateAdvSearchForUserNameNotEqualToAuditLogsPageTest -->
  <system-out/>
  <testcase classname="com.ae.qa.testcases.AuditLogsPageTest" name="validateAdvSearchForUserNameIsLikeAuditLogsPageTest" time="0.000">
    <skipped/>
  </testcase> <!-- validateAdvSearchForUserNameIsLikeAuditLogsPageTest -->
  <system-out/>
  <testcase classname="com.ae.qa.testcases.AuditLogsPageTest" name="validateAdvSearchForUserNameBeginsWithAuditLogsPageTest" time="0.000">
    <skipped/>
  </testcase> <!-- validateAdvSearchForUserNameBeginsWithAuditLogsPageTest -->
  <system-out/>
  <testcase classname="com.ae.qa.testcases.AuditLogsPageTest" name="validateAdvSearchForUserNameEndsWithAuditLogsPageTest" time="0.000">
    <skipped/>
  </testcase> <!-- validateAdvSearchForUserNameEndsWithAuditLogsPageTest -->
  <system-out/>
  <testcase classname="com.ae.qa.testcases.AuditLogsPageTest" name="validateAdvSearchForSourceIPEqualToAuditLogsPageTest" time="0.000">
    <skipped/>
  </testcase> <!-- validateAdvSearchForSourceIPEqualToAuditLogsPageTest -->
  <system-out/>
  <testcase classname="com.ae.qa.testcases.AuditLogsPageTest" name="validateAdvSearchForSourceIPNotEqualToAuditLogsPageTest" time="0.000">
    <skipped/>
  </testcase> <!-- validateAdvSearchForSourceIPNotEqualToAuditLogsPageTest -->
  <system-out/>
  <testcase classname="com.ae.qa.testcases.AuditLogsPageTest" name="validateAdvSearchForSourceIPIsLikeAuditLogsPageTest" time="0.000">
    <skipped/>
  </testcase> <!-- validateAdvSearchForSourceIPIsLikeAuditLogsPageTest -->
  <system-out/>
  <testcase classname="com.ae.qa.testcases.AuditLogsPageTest" name="validateAdvSearchForSourceIPBeginsWithAuditLogsPageTest" time="0.000">
    <skipped/>
  </testcase> <!-- validateAdvSearchForSourceIPBeginsWithAuditLogsPageTest -->
  <system-out/>
  <testcase classname="com.ae.qa.testcases.AuditLogsPageTest" name="validateAdvSearchForSourceIPEndsWithAuditLogsPageTest" time="0.000">
    <skipped/>
  </testcase> <!-- validateAdvSearchForSourceIPEndsWithAuditLogsPageTest -->
  <system-out/>
  <testcase classname="com.ae.qa.testcases.AuditLogsPageTest" name="validateOperationDropdownEqualToAuditLogsPageTest" time="0.000">
    <skipped/>
  </testcase> <!-- validateOperationDropdownEqualToAuditLogsPageTest -->
  <system-out/>
  <testcase classname="com.ae.qa.testcases.AuditLogsPageTest" name="validateOperationDropdownNotEqualToAuditLogsPageTest" time="0.000">
    <skipped/>
  </testcase> <!-- validateOperationDropdownNotEqualToAuditLogsPageTest -->
  <system-out/>
  <testcase classname="com.ae.qa.testcases.AuditLogsPageTest" name="validateCreatedEqualToAuditLogsPageTest" time="0.001">
    <skipped/>
  </testcase> <!-- validateCreatedEqualToAuditLogsPageTest -->
  <system-out/>
  <testcase classname="com.ae.qa.testcases.AuditLogsPageTest" name="validateCreatedBeforeAuditLogsPageTest" time="0.000">
    <skipped/>
  </testcase> <!-- validateCreatedBeforeAuditLogsPageTest -->
  <system-out/>
  <testcase classname="com.ae.qa.testcases.AuditLogsPageTest" name="validateCreatedAfterAuditLogsPageTest" time="0.000">
    <skipped/>
  </testcase> <!-- validateCreatedAfterAuditLogsPageTest -->
  <system-out/>
  <testcase classname="com.ae.qa.testcases.AuditLogsPageTest" name="validateCreatedInBetweenAuditLogsPageTest" time="0.001">
    <skipped/>
  </testcase> <!-- validateCreatedInBetweenAuditLogsPageTest -->
  <system-out/>
  <testcase classname="com.ae.qa.testcases.AuditLogsPageTest" name="validateCreatedNotInBetweenAuditLogsPageTest" time="0.000">
    <skipped/>
  </testcase> <!-- validateCreatedNotInBetweenAuditLogsPageTest -->
  <system-out/>
  <testcase classname="com.ae.qa.testcases.AuditLogsPageTest" name="validateStatusDropdownEqualToAuditLogsPageTest" time="0.000">
    <skipped/>
  </testcase> <!-- validateStatusDropdownEqualToAuditLogsPageTest -->
  <system-out/>
  <testcase classname="com.ae.qa.testcases.AuditLogsPageTest" name="validateStatusDropdownNotEqualToAuditLogsPageTest" time="0.000">
    <skipped/>
  </testcase> <!-- validateStatusDropdownNotEqualToAuditLogsPageTest -->
  <system-out/>
  <testcase classname="com.ae.qa.testcases.AuditLogsPageTest" name="validateLogLevelDropdownEqualToAuditLogsPageTest" time="0.000">
    <skipped/>
  </testcase> <!-- validateLogLevelDropdownEqualToAuditLogsPageTest -->
  <system-out/>
  <testcase classname="com.ae.qa.testcases.AuditLogsPageTest" name="validateLogLevelDropdownNotEqualToAuditLogsPageTest" time="0.000">
    <skipped/>
  </testcase> <!-- validateLogLevelDropdownNotEqualToAuditLogsPageTest -->
  <system-out/>
</testsuite> <!-- com.ae.qa.testcases.AuditLogsPageTest -->
