<?xml version="1.0" encoding="UTF-8"?>
<!-- Generated by org.testng.reporters.JUnitReportReporter -->
<testsuite hostname="aedbserver" failures="2" tests="7" name="com.ae.qa.testcasesActivityMonitor.DashboardsPageTestAM" time="427.605" errors="0" timestamp="2023-04-18T18:17:43 IST" skipped="0">
  <testcase classname="com.ae.qa.testcasesActivityMonitor.DashboardsPageTestAM" name="validateDashboardNoneAMTest" time="42.419"/>
  <system-out>
    <![CDATA[User logged in successfully
Reports Tab is clicked
New Dashboard button is clicked
Dashboard level is already selcted
Dashboard duration None selected
Actual Success Msg:Dashboard created successfully
Expected Success Msg:Dashboard created successfully
Dashboard at None level created successfully
User signed out successfully]]>
  </system-out>
  <testcase classname="com.ae.qa.testcasesActivityMonitor.DashboardsPageTestAM" name="validateReportNoneMultipleWFAMTest" time="71.210">
    <failure message="Report doesn&#039;t displayed on screen successfully expected [Workflow Execution Summary KG] but found [Workflow Execution Summary KG (Time Unit: Seconds)]" type="java.lang.AssertionError">
      <![CDATA[java.lang.AssertionError: Report doesn't displayed on screen successfully expected [Workflow Execution Summary KG] but found [Workflow Execution Summary KG (Time Unit: Seconds)]
at org.testng.Assert.fail(Assert.java:110)
at org.testng.Assert.failNotEquals(Assert.java:1413)
at org.testng.Assert.assertEqualsImpl(Assert.java:149)
at org.testng.Assert.assertEquals(Assert.java:131)
at org.testng.Assert.assertEquals(Assert.java:655)
at com.ae.qa.pages.ActivityMonitor.DashboardsPageAM.createdReportValidationAM(DashboardsPageAM.java:225)
at com.ae.qa.pages.ActivityMonitor.DashboardsPageAM.validateReportNoneMultipleWFAM(DashboardsPageAM.java:249)
at com.ae.qa.testcasesActivityMonitor.DashboardsPageTestAM.validateReportNoneMultipleWFAMTest(DashboardsPageTestAM.java:34)
at java.base/jdk.internal.reflect.NativeMethodAccessorImpl.invoke0(Native Method)
at java.base/jdk.internal.reflect.NativeMethodAccessorImpl.invoke(NativeMethodAccessorImpl.java:62)
at java.base/jdk.internal.reflect.DelegatingMethodAccessorImpl.invoke(DelegatingMethodAccessorImpl.java:43)
at java.base/java.lang.reflect.Method.invoke(Method.java:566)
at org.testng.internal.invokers.MethodInvocationHelper.invokeMethod(MethodInvocationHelper.java:139)
at org.testng.internal.invokers.TestInvoker.invokeMethod(TestInvoker.java:677)
at org.testng.internal.invokers.TestInvoker.invokeTestMethod(TestInvoker.java:221)
at org.testng.internal.invokers.MethodRunner.runInSequence(MethodRunner.java:50)
at org.testng.internal.invokers.TestInvoker$MethodInvocationAgent.invoke(TestInvoker.java:962)
at org.testng.internal.invokers.TestInvoker.invokeTestMethods(TestInvoker.java:194)
at org.testng.internal.invokers.TestMethodWorker.invokeTestMethods(TestMethodWorker.java:148)
at org.testng.internal.invokers.TestMethodWorker.run(TestMethodWorker.java:128)
at java.base/java.util.concurrent.ThreadPoolExecutor.runWorker(ThreadPoolExecutor.java:1128)
at java.base/java.util.concurrent.ThreadPoolExecutor$Worker.run(ThreadPoolExecutor.java:628)
at java.base/java.lang.Thread.run(Thread.java:834)
]]>
    </failure>
  </testcase> <!-- validateReportNoneMultipleWFAMTest -->
  <system-out>
    <![CDATA[User logged in successfully
Reports Tab is clicked
Dashboard chosed successfully
Add report is clicked
Report Type selected successfully
Generate on Worklfows radio button already selected
one workflow is selected
Second workflow is selected
Generate button selected successfully
Report added as a chart
Report saved on screen]]>
  </system-out>
  <testcase classname="com.ae.qa.testcasesActivityMonitor.DashboardsPageTestAM" name="validateDashboardRelativeAMTest" time="49.768"/>
  <system-out>
    <![CDATA[User logged in successfully
Reports Tab is clicked
New Dashboard button is clicked
Dashboard level is already selcted
Dashboard duration Relative selected
Create Button clicked successfully
Actual Success Msg:Dashboard created successfully
Expected Success Msg:Dashboard created successfully
Dashboard at None level created successfully
User signed out successfully]]>
  </system-out>
  <testcase classname="com.ae.qa.testcasesActivityMonitor.DashboardsPageTestAM" name="validateEditDashboardToCustomAMTest" time="72.584"/>
  <system-out>
    <![CDATA[User logged in successfully
Reports Tab is clicked
Dashboard chosed successfully
Edit report is clicked
Dashboard duration Custom selected
Update Button clicked successfully
Actual Success Msg:Dashboard Saved Successfully
Expected Success Msg:Dashboard Saved Successfully
Dashboard at Custom level updated successfully
User signed out successfully]]>
  </system-out>
  <testcase classname="com.ae.qa.testcasesActivityMonitor.DashboardsPageTestAM" name="validateSetAsDefaultReportAMTest" time="28.581"/>
  <system-out>
    <![CDATA[User logged in successfully
Reports Tab is clicked
Dashboard chosed successfully
Set as Default option clicked
Report set as a default successfully
User signed out successfully]]>
  </system-out>
  <testcase classname="com.ae.qa.testcasesActivityMonitor.DashboardsPageTestAM" name="validateDashboardTodayAMTest" time="97.427"/>
  <system-out>
    <![CDATA[User logged in successfully
Reports Tab is clicked
New Dashboard button is clicked
Dashboard level is already selcted
Dashboard duration Today selected
Actual Success Msg:Dashboard created successfully
Expected Success Msg:Dashboard created successfully
Dashboard at None level created successfully
User signed out successfully]]>
  </system-out>
  <testcase classname="com.ae.qa.testcasesActivityMonitor.DashboardsPageTestAM" name="validateReportCustomAMTest" time="65.616">
    <failure message="Report doesn&#039;t displayed on screen successfully expected [Custom Report KG] but found [Custom Report KG (Time Unit: Minutes)]" type="java.lang.AssertionError">
      <![CDATA[java.lang.AssertionError: Report doesn't displayed on screen successfully expected [Custom Report KG] but found [Custom Report KG (Time Unit: Minutes)]
at org.testng.Assert.fail(Assert.java:110)
at org.testng.Assert.failNotEquals(Assert.java:1413)
at org.testng.Assert.assertEqualsImpl(Assert.java:149)
at org.testng.Assert.assertEquals(Assert.java:131)
at org.testng.Assert.assertEquals(Assert.java:655)
at com.ae.qa.pages.ActivityMonitor.DashboardsPageAM.validateReportCustom(DashboardsPageAM.java:366)
at com.ae.qa.testcasesActivityMonitor.DashboardsPageTestAM.validateReportCustomAMTest(DashboardsPageTestAM.java:86)
at java.base/jdk.internal.reflect.NativeMethodAccessorImpl.invoke0(Native Method)
at java.base/jdk.internal.reflect.NativeMethodAccessorImpl.invoke(NativeMethodAccessorImpl.java:62)
at java.base/jdk.internal.reflect.DelegatingMethodAccessorImpl.invoke(DelegatingMethodAccessorImpl.java:43)
at java.base/java.lang.reflect.Method.invoke(Method.java:566)
at org.testng.internal.invokers.MethodInvocationHelper.invokeMethod(MethodInvocationHelper.java:139)
at org.testng.internal.invokers.TestInvoker.invokeMethod(TestInvoker.java:677)
at org.testng.internal.invokers.TestInvoker.invokeTestMethod(TestInvoker.java:221)
at org.testng.internal.invokers.MethodRunner.runInSequence(MethodRunner.java:50)
at org.testng.internal.invokers.TestInvoker$MethodInvocationAgent.invoke(TestInvoker.java:962)
at org.testng.internal.invokers.TestInvoker.invokeTestMethods(TestInvoker.java:194)
at org.testng.internal.invokers.TestMethodWorker.invokeTestMethods(TestMethodWorker.java:148)
at org.testng.internal.invokers.TestMethodWorker.run(TestMethodWorker.java:128)
at java.base/java.util.concurrent.ThreadPoolExecutor.runWorker(ThreadPoolExecutor.java:1128)
at java.base/java.util.concurrent.ThreadPoolExecutor$Worker.run(ThreadPoolExecutor.java:628)
at java.base/java.lang.Thread.run(Thread.java:834)
]]>
    </failure>
  </testcase> <!-- validateReportCustomAMTest -->
  <system-out>
    <![CDATA[User logged in successfully
Reports Tab is clicked
Dashboard chosed successfully
Add report is clicked
Report Type selected successfully
Generate on Worklfows radio button already selected
one workflow is selected
Generate button selected successfully
Report added as a Table
Report saved on screen]]>
  </system-out>
</testsuite> <!-- com.ae.qa.testcasesActivityMonitor.DashboardsPageTestAM -->
