<?xml version="1.0" encoding="UTF-8"?>
<!-- Generated by org.testng.reporters.JUnitReportReporter -->
<testsuite hostname="DESKTOP-5VHKQUJ" failures="1" tests="5" name="com.ae.qa.testcasesActivityMonitor.RequestsPageTestAM" time="155.040" errors="0" timestamp="06 Feb 2023 07:57:12 GMT" skipped="0">
  <testcase classname="com.ae.qa.testcasesActivityMonitor.RequestsPageTestAM" name="validateCheckColumnInRequestAMTest" time="27.160"/>
  <testcase classname="com.ae.qa.testcasesActivityMonitor.RequestsPageTestAM" name="validateUncheckColumnInRequestAMTest" time="25.606"/>
  <testcase classname="com.ae.qa.testcasesActivityMonitor.RequestsPageTestAM" name="validateSpecificColumnInRequestAMTest" time="31.569"/>
  <testcase classname="com.ae.qa.testcasesActivityMonitor.RequestsPageTestAM" name="validateDownloadRequestAMTest" time="29.280"/>
  <testcase classname="com.ae.qa.testcasesActivityMonitor.RequestsPageTestAM" name="validateRequestStatusAMTest" time="41.425">
    <failure message="expected [true] but found [false]" type="java.lang.AssertionError">
      <![CDATA[java.lang.AssertionError: expected [true] but found [false]
at org.testng.Assert.fail(Assert.java:96)
at org.testng.Assert.failNotEquals(Assert.java:776)
at org.testng.Assert.assertTrue(Assert.java:44)
at org.testng.Assert.assertTrue(Assert.java:54)
at com.ae.qa.pages.ActivityMonitor.RequestsPageAM.validateRequestStatusAM(RequestsPageAM.java:235)
at com.ae.qa.testcasesActivityMonitor.RequestsPageTestAM.validateRequestStatusAMTest(RequestsPageTestAM.java:61)
at java.base/jdk.internal.reflect.NativeMethodAccessorImpl.invoke0(Native Method)
at java.base/jdk.internal.reflect.NativeMethodAccessorImpl.invoke(NativeMethodAccessorImpl.java:78)
at java.base/jdk.internal.reflect.DelegatingMethodAccessorImpl.invoke(DelegatingMethodAccessorImpl.java:43)
at java.base/java.lang.reflect.Method.invoke(Method.java:567)
at org.testng.internal.MethodInvocationHelper.invokeMethod(MethodInvocationHelper.java:124)
at org.testng.internal.Invoker.invokeMethod(Invoker.java:583)
at org.testng.internal.Invoker.invokeTestMethod(Invoker.java:719)
at org.testng.internal.Invoker.invokeTestMethods(Invoker.java:989)
at org.testng.internal.TestMethodWorker.invokeTestMethods(TestMethodWorker.java:125)
at org.testng.internal.TestMethodWorker.run(TestMethodWorker.java:109)
at java.base/java.util.concurrent.ThreadPoolExecutor.runWorker(ThreadPoolExecutor.java:1130)
at java.base/java.util.concurrent.ThreadPoolExecutor$Worker.run(ThreadPoolExecutor.java:630)
at java.base/java.lang.Thread.run(Thread.java:831)
]]>
    </failure>
  </testcase> <!-- validateRequestStatusAMTest -->
</testsuite> <!-- com.ae.qa.testcasesActivityMonitor.RequestsPageTestAM -->
