<?xml version="1.0" encoding="UTF-8"?>
<!-- Generated by org.testng.reporters.JUnitReportReporter -->
<testsuite hostname="aedbserver" failures="0" tests="17" name="com.ae.qa.testcasesTenantAdmin.TenantUsersPageTestTA" time="1606.980" errors="1" timestamp="2023-04-27T19:48:53 IST" skipped="0">
  <testcase classname="com.ae.qa.testcasesTenantAdmin.TenantUsersPageTestTA" name="ValidateCreatingWorkflowAdminTest" time="57.585"/>
  <system-out>
    <![CDATA[User log in Successfully
started creating new Workflow Admin
Workflow Admin is created successfully
Workflow Admin created successfully
User signed out successfully]]>
  </system-out>
  <testcase classname="com.ae.qa.testcasesTenantAdmin.TenantUsersPageTestTA" name="ValidateCreatingTenantAdminTest" time="56.948"/>
  <system-out>
    <![CDATA[User log in Successfully
started creating new Tenant Admin
Tenant Admin is created successfully
Tenant Admin created successfully
User signed out successfully]]>
  </system-out>
  <testcase classname="com.ae.qa.testcasesTenantAdmin.TenantUsersPageTestTA" name="ValidateCreatingUserAdminTest" time="56.956"/>
  <system-out>
    <![CDATA[User log in Successfully
started creating new User Admin
User Admin is created successfully
User Admin created successfully
User signed out successfully]]>
  </system-out>
  <testcase classname="com.ae.qa.testcasesTenantAdmin.TenantUsersPageTestTA" name="ValidateCreatingTenantUserTest" time="65.817"/>
  <system-out>
    <![CDATA[User log in Successfully
started creating new Tenant
User is created successfully
Tenant User created successfully
User signed out successfully]]>
  </system-out>
  <testcase classname="com.ae.qa.testcasesTenantAdmin.TenantUsersPageTestTA" name="ValidateUnverifiedStatusTest" time="70.506"/>
  <system-out>
    <![CDATA[User log in Successfully
started creating new Tenant
User is created successfully
Tenant User created successfully
User signed out successfully
User log in Successfully
Actual Status of New Tenant user is :UNVERIFIED
Expected Status of New Tenant user is :UNVERIFIED
Status of newly created user is UNVERIFIED, verified successfully
User signed out successfully]]>
  </system-out>
  <testcase classname="com.ae.qa.testcasesTenantAdmin.TenantUsersPageTestTA" name="ValidateActiveStatusTest" time="50.876"/>
  <system-out>
    <![CDATA[User changed first time password of User Successfully
User log in Successfully
User signed out successfully
Login into TA to verify status
Actual Status of Tenant user after changing password is :ACTIVE
Expected Status of Tenant user after changing password is :ACTIVE
Status of user whose First time password changed is ACTIVE, verified successfully
User signed out successfully]]>
  </system-out>
  <testcase classname="com.ae.qa.testcasesTenantAdmin.TenantUsersPageTestTA" name="valiateEnableLockedUserTest" time="50.751"/>
  <system-out>
    <![CDATA[User log in Successfully
Locked button clicked
Action is selected to UNLOCK user and next button is clicked
MadhuRani1enabled successfully
User signed out successfully]]>
  </system-out>
  <testcase classname="com.ae.qa.testcasesTenantAdmin.TenantUsersPageTestTA" name="ValidateBulkUserUploadWithEmailTest" time="95.721"/>
  <system-out>
    <![CDATA[Tenant Admin signed in successfully
Users tab is clicked
Tenant Users tab is clicked
Dropdown Selector button is selected
Native Users is Selected
Bulk User file is uploaded
Rohil
Omkar
Bulk User file is uploaded
Users tab is clicked
User signed out successfully
User changed first time password of User Successfully
User signed out successfully]]>
  </system-out>
  <testcase classname="com.ae.qa.testcasesTenantAdmin.TenantUsersPageTestTA" name="ValidateBulkUserUploadWithoutEmailTest" time="96.084"/>
  <system-out>
    <![CDATA[Tenant Admin signed in successfully
Users tab is clicked
Tenant Users tab is clicked
Dropdown Selector button is selected
Native Users is Selected
Bulk User file is uploaded
Suyash
Jitin
Bulk User file is uploaded
Users tab is clicked
User signed out successfully
User changed first time password of User Successfully
User signed out successfully]]>
  </system-out>
  <testcase classname="com.ae.qa.testcasesTenantAdmin.TenantUsersPageTestTA" name="ValidateUnlockUserAccessApplicationTest" time="32.094"/>
  <system-out>
    <![CDATA[User changed first time password of User Successfully
User is able to access the application as per his role
User signed out successfully]]>
  </system-out>
  <testcase classname="com.ae.qa.testcasesTenantAdmin.TenantUsersPageTestTA" name="ValidateEnableUser" time="171.370"/>
  <system-out>
    <![CDATA[User log in Successfully
started creating new Tenant User
Tenant User is created successfully
Tenant User created successfully
User signed out successfully
Tenant Admin signed in successfully
Users tab is clicked
Tenant Users tab is clicked
User signed out successfully
User changed first time password of User Successfully
Tenant User signed in successfully
User signed out successfully
Tenant Admin signed in successfully
Users tab is clicked
Tenant Users tab is clicked
Active button is clicked
Disabled button is clicked
User signed out successfully
Actual Message on screen is: Your account is inaccessible . Please contact your Administrator. and Expected message is: Your account is inaccessible . Please contact your Administrator.
User is disabled so cannot login and appropriate message is been displayed
Tenant Admin signed in successfully
Users tab is clicked
Tenant Users tab is clicked
Enabled button is clicked
User signed out successfully
Tenant User signed in successfully after been Enabled
User signed out successfully]]>
  </system-out>
  <testcase classname="com.ae.qa.testcasesTenantAdmin.TenantUsersPageTestTA" name="ValidateDisabledUserTuserTest" time="109.726"/>
  <system-out>
    <![CDATA[User log in Successfully
started creating new Tenant
User is created successfully
Tenant User created successfully
User signed out successfully
User changed first time password of User Successfully
User signed out successfully
Tenant Admin signed in successfully
Users tab is clicked
Tenant Users tab is clicked
Active button is clicked
Disabled button is clicked
User signed out successfully]]>
  </system-out>
  <testcase classname="com.ae.qa.testcasesTenantAdmin.TenantUsersPageTestTA" name="validateDisabledDeleteTuserTest" time="331.175">
    <error message="Expected condition failed: waiting for visibility of Proxy element for: DefaultElementLocator &#039;By.xpath: //div/p[@class=&#039;alert-message-text&#039;]&#039; (tried for 200 second(s) with 500 milliseconds interval)" type="org.openqa.selenium.TimeoutException">
      <![CDATA[org.openqa.selenium.TimeoutException: Expected condition failed: waiting for visibility of Proxy element for: DefaultElementLocator 'By.xpath: //div/p[@class='alert-message-text']' (tried for 200 second(s) with 500 milliseconds interval)
at org.openqa.selenium.support.ui.WebDriverWait.timeoutException(WebDriverWait.java:95)
at org.openqa.selenium.support.ui.FluentWait.until(FluentWait.java:272)
at com.ae.qa.pagesTenantAdmin.TenantUsersPageTA.validateDisabledDeleteTsuer(TenantUsersPageTA.java:669)
at com.ae.qa.testcasesTenantAdmin.TenantUsersPageTestTA.validateDisabledDeleteTuserTest(TenantUsersPageTestTA.java:169)
at java.base/jdk.internal.reflect.NativeMethodAccessorImpl.invoke0(Native Method)
at java.base/jdk.internal.reflect.NativeMethodAccessorImpl.invoke(NativeMethodAccessorImpl.java:77)
at java.base/jdk.internal.reflect.DelegatingMethodAccessorImpl.invoke(DelegatingMethodAccessorImpl.java:43)
at java.base/java.lang.reflect.Method.invoke(Method.java:568)
at org.testng.internal.invokers.MethodInvocationHelper.invokeMethod(MethodInvocationHelper.java:139)
at org.testng.internal.invokers.TestInvoker.invokeMethod(TestInvoker.java:677)
at org.testng.internal.invokers.TestInvoker.invokeTestMethod(TestInvoker.java:221)
at org.testng.internal.invokers.MethodRunner.runInSequence(MethodRunner.java:50)
at org.testng.internal.invokers.TestInvoker$MethodInvocationAgent.invoke(TestInvoker.java:962)
at org.testng.internal.invokers.TestInvoker.invokeTestMethods(TestInvoker.java:194)
at org.testng.internal.invokers.TestMethodWorker.invokeTestMethods(TestMethodWorker.java:148)
at org.testng.internal.invokers.TestMethodWorker.run(TestMethodWorker.java:128)
at java.base/java.util.concurrent.ThreadPoolExecutor.runWorker(ThreadPoolExecutor.java:1136)
at java.base/java.util.concurrent.ThreadPoolExecutor$Worker.run(ThreadPoolExecutor.java:635)
at java.base/java.lang.Thread.run(Thread.java:833)
Caused by: org.openqa.selenium.NoSuchElementException: no such element: Unable to locate element: {"method":"xpath","selector":"//div/p[@class='alert-message-text']"}
  (Session info: chrome=112.0.5615.138)
For documentation on this error, please visit: https://www.seleniumhq.org/exceptions/no_such_element.html
Build info: version: '3.141.59', revision: 'e82be7d358', time: '2018-11-14T08:17:03'
System info: host: 'AEDBSERVER', ip: '10.41.5.163', os.name: 'Windows 10', os.arch: 'amd64', os.version: '10.0', java.version: '17.0.6'
Driver info: org.openqa.selenium.chrome.ChromeDriver
Capabilities {acceptInsecureCerts: false, browserName: chrome, browserVersion: 112.0.5615.138, chrome: {chromedriverVersion: 112.0.5615.49 (bd2a7bcb881c..., userDataDir: C:\Program Files (x86)\scop...}, goog:chromeOptions: {debuggerAddress: localhost:61686}, javascriptEnabled: true, networkConnectionEnabled: false, pageLoadStrategy: normal, platform: WINDOWS, platformName: WINDOWS, proxy: Proxy(), setWindowRect: true, strictFileInteractability: false, timeouts: {implicit: 0, pageLoad: 300000, script: 30000}, unhandledPromptBehavior: dismiss and notify, webauthn:extension:credBlob: true, webauthn:extension:largeBlob: true, webauthn:extension:minPinLength: true, webauthn:extension:prf: true, webauthn:virtualAuthenticators: true}
Session ID: f8487119158f61aecb55d490394c0b71
*** Element info: {Using=xpath, value=//div/p[@class='alert-message-text']}
at jdk.internal.reflect.GeneratedConstructorAccessor88.newInstance(Unknown Source)
at java.base/jdk.internal.reflect.DelegatingConstructorAccessorImpl.newInstance(DelegatingConstructorAccessorImpl.java:45)
at java.base/java.lang.reflect.Constructor.newInstanceWithCaller(Constructor.java:499)
at java.base/java.lang.reflect.Constructor.newInstance(Constructor.java:480)
at org.openqa.selenium.remote.http.W3CHttpResponseCodec.createException(W3CHttpResponseCodec.java:187)
at org.openqa.selenium.remote.http.W3CHttpResponseCodec.decode(W3CHttpResponseCodec.java:122)
at org.openqa.selenium.remote.http.W3CHttpResponseCodec.decode(W3CHttpResponseCodec.java:49)
at org.openqa.selenium.remote.HttpCommandExecutor.execute(HttpCommandExecutor.java:158)
at org.openqa.selenium.remote.service.DriverCommandExecutor.execute(DriverCommandExecutor.java:83)
at org.openqa.selenium.remote.RemoteWebDriver.execute(RemoteWebDriver.java:552)
at org.openqa.selenium.remote.RemoteWebDriver.findElement(RemoteWebDriver.java:323)
at org.openqa.selenium.remote.RemoteWebDriver.findElementByXPath(RemoteWebDriver.java:428)
at org.openqa.selenium.By$ByXPath.findElement(By.java:353)
at org.openqa.selenium.remote.RemoteWebDriver.findElement(RemoteWebDriver.java:315)
at org.openqa.selenium.support.pagefactory.DefaultElementLocator.findElement(DefaultElementLocator.java:69)
at org.openqa.selenium.support.pagefactory.internal.LocatingElementHandler.invoke(LocatingElementHandler.java:38)
at jdk.proxy2/jdk.proxy2.$Proxy28.isDisplayed(Unknown Source)
at org.openqa.selenium.support.ui.ExpectedConditions.elementIfVisible(ExpectedConditions.java:314)
at org.openqa.selenium.support.ui.ExpectedConditions.access$000(ExpectedConditions.java:43)
at org.openqa.selenium.support.ui.ExpectedConditions$10.apply(ExpectedConditions.java:300)
at org.openqa.selenium.support.ui.ExpectedConditions$10.apply(ExpectedConditions.java:297)
at org.openqa.selenium.support.ui.FluentWait.until(FluentWait.java:249)
... 17 more
]]>
    </error>
  </testcase> <!-- validateDisabledDeleteTuserTest -->
  <system-out>
    <![CDATA[Tenant Admin signed in successfully
Users tab is clicked
Tenant Users tab is clicked
Delete this user checkbox is selected]]>
  </system-out>
  <testcase classname="com.ae.qa.testcasesTenantAdmin.TenantUsersPageTestTA" name="validateEditTenantUserTest" time="121.064"/>
  <system-out>
    <![CDATA[User log in Successfully
started creating new Workflow Admin
Workflow Admin is created successfully
Workflow Admin created successfully
User signed out successfully
User changed first time password of User Successfully
Current Tenant Role is Workflow Admin
User signed out successfully
User log in Successfully
Users Tab is Clicked
TenantUsers Tab is Clicked
Edit Button is clicked
Email Id is edited successfully
New Role is edited successfully
Save Button is clicked
Tenant User details got edited.
User signed out successfully
Actual user type after edit Role:- Tenant UserExpected user type after edit Role:- Tenant User
User is edited successfully
User signed out successfully]]>
  </system-out>
  <testcase classname="com.ae.qa.testcasesTenantAdmin.TenantUsersPageTestTA" name="validateCreateActivityMonitorSpaceInUsernameTest" time="80.177"/>
  <system-out>
    <![CDATA[User log in Successfully
started creating new Activity Monitor
Activity Monitor is created successfully
Activity Monitor created successfully
User signed out successfully
User changed first time password of User Successfully
Activity Monitor role with space in username is created successfully
User signed out successfully]]>
  </system-out>
  <testcase classname="com.ae.qa.testcasesTenantAdmin.TenantUsersPageTestTA" name="validateCreateAgentAdminApostropheLastnameTest" time="82.051"/>
  <system-out>
    <![CDATA[User log in Successfully
started creating new Agent Admin
Agent Admin is created successfully
Agent Admin created successfully
User signed out successfully
User changed first time password of User Successfully
Agent admin role with Apostrophe in last name is created successfully
User signed out successfully]]>
  </system-out>
  <testcase classname="com.ae.qa.testcasesTenantAdmin.TenantUsersPageTestTA" name="validateCreateUserAdminEmailidUsernameTest" time="78.079"/>
  <system-out>
    <![CDATA[User log in Successfully
started creating new User Admin
User Admin is created successfully
User Admin created successfully
User signed out successfully
User changed first time password of User Successfully
User admin role with Email id in username is created successfully
User signed out successfully]]>
  </system-out>
</testsuite> <!-- com.ae.qa.testcasesTenantAdmin.TenantUsersPageTestTA -->
