<?xml version="1.0" encoding="UTF-8"?>
<!-- Generated by org.testng.reporters.JUnitReportReporter -->
<testsuite hostname="aedbserver" failures="1" tests="4" name="com.ae.qa.testcasesUserAdmin.TenantUsersPageTestUA" time="326.279" errors="0" timestamp="2023-04-21T15:47:22 IST" skipped="0">
  <testcase classname="com.ae.qa.testcasesUserAdmin.TenantUsersPageTestUA" name="validateCreateUserWithoutEmailUATest" time="78.930"/>
  <system-out>
    <![CDATA[User log in Successfully
started creating new User Admin
User Admin is created successfully
User Admin created successfully
User signed out successfully
User changed first time password of User Successfully
User admin without Email ID is created successfully
User signed out successfully]]>
  </system-out>
  <testcase classname="com.ae.qa.testcasesUserAdmin.TenantUsersPageTestUA" name="validateCreateUserWithEmailUATest" time="103.101"/>
  <system-out>
    <![CDATA[User log in Successfully
started creating new Tenant User
Tenant User is created successfully
Tenant User created successfully
User signed out successfully
User changed first time password of User Successfully
Tenant User with Email ID is created successfully
User signed out successfully]]>
  </system-out>
  <testcase classname="com.ae.qa.testcasesUserAdmin.TenantUsersPageTestUA" name="validateEditUserUATest" time="40.754">
    <failure message="Tenant User details not edited successfully expected [User updated successfully] but found []" type="java.lang.AssertionError">
      <![CDATA[java.lang.AssertionError: Tenant User details not edited successfully expected [User updated successfully] but found []
at org.testng.Assert.fail(Assert.java:110)
at org.testng.Assert.failNotEquals(Assert.java:1413)
at org.testng.Assert.assertEqualsImpl(Assert.java:149)
at org.testng.Assert.assertEquals(Assert.java:131)
at org.testng.Assert.assertEquals(Assert.java:655)
at com.ae.qa.pages.UserAdmin.TenantUsersPageUA.validateEditUserUA(TenantUsersPageUA.java:441)
at com.ae.qa.testcasesUserAdmin.TenantUsersPageTestUA.validateEditUserUATest(TenantUsersPageTestUA.java:48)
at java.base/jdk.internal.reflect.NativeMethodAccessorImpl.invoke0(Native Method)
at java.base/jdk.internal.reflect.NativeMethodAccessorImpl.invoke(NativeMethodAccessorImpl.java:77)
at java.base/jdk.internal.reflect.DelegatingMethodAccessorImpl.invoke(DelegatingMethodAccessorImpl.java:43)
at java.base/java.lang.reflect.Method.invoke(Method.java:568)
at org.testng.internal.invokers.MethodInvocationHelper.invokeMethod(MethodInvocationHelper.java:139)
at org.testng.internal.invokers.TestInvoker.invokeMethod(TestInvoker.java:677)
at org.testng.internal.invokers.TestInvoker.invokeTestMethod(TestInvoker.java:221)
at org.testng.internal.invokers.MethodRunner.runInSequence(MethodRunner.java:50)
at org.testng.internal.invokers.TestInvoker$MethodInvocationAgent.invoke(TestInvoker.java:962)
at org.testng.internal.invokers.TestInvoker.invokeTestMethods(TestInvoker.java:194)
at org.testng.internal.invokers.TestMethodWorker.invokeTestMethods(TestMethodWorker.java:148)
at org.testng.internal.invokers.TestMethodWorker.run(TestMethodWorker.java:128)
at java.base/java.util.concurrent.ThreadPoolExecutor.runWorker(ThreadPoolExecutor.java:1136)
at java.base/java.util.concurrent.ThreadPoolExecutor$Worker.run(ThreadPoolExecutor.java:635)
at java.base/java.lang.Thread.run(Thread.java:833)
]]>
    </failure>
  </testcase> <!-- validateEditUserUATest -->
  <system-out>
    <![CDATA[User Admin signed in successfully
Users tab is clicked
Tenant Users tab is clicked
Save Button is clicked]]>
  </system-out>
  <testcase classname="com.ae.qa.testcasesUserAdmin.TenantUsersPageTestUA" name="validateBulkUserUploadWithEmailUATest" time="103.494"/>
  <system-out>
    <![CDATA[Tenant Admin signed in successfully
Users tab is clicked
Tenant Users tab is clicked
Dropdown Selector button is selected
Native Users is Selected
Bulk User file is uploaded
Pune
Nashik
Bulk User file is uploaded
Users tab is clicked
User signed out successfully
User changed first time password of User Successfully
User signed out successfully]]>
  </system-out>
</testsuite> <!-- com.ae.qa.testcasesUserAdmin.TenantUsersPageTestUA -->
