<?xml version="1.0" encoding="UTF-8"?>
<!-- Generated by org.testng.reporters.JUnitReportReporter -->
<testsuite hostname="aedbserver" failures="1" tests="4" name="com.ae.qa.testcases.SysadminPolicyPageTest" time="408.454" errors="0" timestamp="2023-04-19T00:32:14 IST" skipped="0">
  <testcase classname="com.ae.qa.testcases.SysadminPolicyPageTest" name="validatePswdComplexityTest" time="58.990"/>
  <system-out>
    <![CDATA[User log in Successfully]]>
  </system-out>
  <testcase classname="com.ae.qa.testcases.SysadminPolicyPageTest" name="validatePasswordHistoryTest" time="127.826"/>
  <system-out>
    <![CDATA[User changed first time password of sysadmin Successfully
User log in Successfully
Below validation validates number of password to be checked is equal to what user set in confirm Policy pop-up
Password policy updated
Password History of sysadmin validated successfully]]>
  </system-out>
  <testcase classname="com.ae.qa.testcases.SysadminPolicyPageTest" name="validateNoOfAttemptsTest" time="185.997">
    <failure message="expected [Your account is inaccessible . Please contact your Administrator.] but found []" type="java.lang.AssertionError">
      <![CDATA[java.lang.AssertionError: expected [Your account is inaccessible . Please contact your Administrator.] but found []
at org.testng.Assert.fail(Assert.java:110)
at org.testng.Assert.failNotEquals(Assert.java:1413)
at org.testng.Assert.assertEqualsImpl(Assert.java:149)
at org.testng.Assert.assertEquals(Assert.java:131)
at org.testng.Assert.assertEquals(Assert.java:655)
at org.testng.Assert.assertEquals(Assert.java:665)
at com.ae.qa.pages.SysadminPolicyPage.validateNoOfAttempts(SysadminPolicyPage.java:375)
at com.ae.qa.testcases.SysadminPolicyPageTest.validateNoOfAttemptsTest(SysadminPolicyPageTest.java:51)
at java.base/jdk.internal.reflect.NativeMethodAccessorImpl.invoke0(Native Method)
at java.base/jdk.internal.reflect.NativeMethodAccessorImpl.invoke(NativeMethodAccessorImpl.java:77)
at java.base/jdk.internal.reflect.DelegatingMethodAccessorImpl.invoke(DelegatingMethodAccessorImpl.java:43)
at java.base/java.lang.reflect.Method.invoke(Method.java:568)
at org.testng.internal.invokers.MethodInvocationHelper.invokeMethod(MethodInvocationHelper.java:139)
at org.testng.internal.invokers.TestInvoker.invokeMethod(TestInvoker.java:677)
at org.testng.internal.invokers.TestInvoker.invokeTestMethod(TestInvoker.java:221)
at org.testng.internal.invokers.MethodRunner.runInSequence(MethodRunner.java:50)
at org.testng.internal.invokers.TestInvoker$MethodInvocationAgent.invoke(TestInvoker.java:962)
at org.testng.internal.invokers.TestInvoker.invokeTestMethods(TestInvoker.java:194)
at org.testng.internal.invokers.TestMethodWorker.invokeTestMethods(TestMethodWorker.java:148)
at org.testng.internal.invokers.TestMethodWorker.run(TestMethodWorker.java:128)
at java.base/java.util.concurrent.ThreadPoolExecutor.runWorker(ThreadPoolExecutor.java:1136)
at java.base/java.util.concurrent.ThreadPoolExecutor$Worker.run(ThreadPoolExecutor.java:635)
at java.base/java.lang.Thread.run(Thread.java:833)
]]>
    </failure>
  </testcase> <!-- validateNoOfAttemptsTest -->
  <system-out>
    <![CDATA[User log in Successfully
Security questions set successfully
User log in Successfully
Sysadmin Policy tab clicked
Below validation validates no.of attempts for wrong password is equal to what user set in confirm Policy pop-up]]>
  </system-out>
  <testcase classname="com.ae.qa.testcases.SysadminPolicyPageTest" name="validateSysadminPolicyPageTest" time="35.641"/>
  <system-out>
    <![CDATA[User log in Successfully
Actual page title displayed on screen is: Sysadmin Policy and Expected page title is: Sysadmin Policy
Respective Page is clicked and appropriate page is loaded properly]]>
  </system-out>
</testsuite> <!-- com.ae.qa.testcases.SysadminPolicyPageTest -->
