<?xml version="1.0" encoding="UTF-8"?>
<!-- Generated by org.testng.reporters.JUnitReportReporter -->
<testsuite hostname="aedbserver" failures="1" tests="6" name="com.ae.qa.testcases.AuditLogsPageTest" time="318.972" errors="0" timestamp="2023-04-27T19:48:53 IST" skipped="0">
  <testcase classname="com.ae.qa.testcases.AuditLogsPageTest" name="validatedownloadingAuditLogs" time="33.223"/>
  <system-out>
    <![CDATA[User logged in successfully
Clicked on logs tab
Clicked on audit logs tab
Clicked the download button
Audit logs download started Successfully]]>
  </system-out>
  <testcase classname="com.ae.qa.testcases.AuditLogsPageTest" name="validatecheckColumnsInAuditLogs" time="33.726"/>
  <system-out>
    <![CDATA[User logged in successfully
Clicked on audit logs tab
All Column got displayed in records after Checking select All checkbox.]]>
  </system-out>
  <testcase classname="com.ae.qa.testcases.AuditLogsPageTest" name="validatedeselectAllInAuditLogs" time="33.887"/>
  <system-out>
    <![CDATA[User logged in successfully
Clicked on audit logs tab
Select All Checkbox is not already selected, Hence selected twice to deselect it.
Selected count of No. of colums 2
Total No of columns in table: 2
Field of Columns: Entity
Field of Columns: Object Id
Column Value found
All Options got deselected except Entity and ObjectId.]]>
  </system-out>
  <testcase classname="com.ae.qa.testcases.AuditLogsPageTest" name="verifySpecificColumnTest" time="47.050"/>
  <system-out>
    <![CDATA[User logged in successfully
Clicked on audit logs tab
Select All Checkbox is not already selected, Hence selected twice to deselect it.
Field of Columns: Entity
Field of Columns: Object Id
Field of Columns: Description
Field of Columns: Source
Column Value found
All columns selected found in table with Entity and ObjectId.]]>
  </system-out>
  <testcase classname="com.ae.qa.testcases.AuditLogsPageTest" name="verifycheckLogsTest" time="132.471">
    <failure message="Operation in audit logs not validated in table expected [true] but found [false]" type="java.lang.AssertionError">
      <![CDATA[java.lang.AssertionError: Operation in audit logs not validated in table expected [true] but found [false]
at org.testng.Assert.fail(Assert.java:110)
at org.testng.Assert.failNotEquals(Assert.java:1413)
at org.testng.Assert.assertTrue(Assert.java:56)
at com.ae.qa.pages.AuditLogsPage.checkLogs(AuditLogsPage.java:233)
at com.ae.qa.testcases.AuditLogsPageTest.verifycheckLogsTest(AuditLogsPageTest.java:68)
at java.base/jdk.internal.reflect.NativeMethodAccessorImpl.invoke0(Native Method)
at java.base/jdk.internal.reflect.NativeMethodAccessorImpl.invoke(NativeMethodAccessorImpl.java:77)
at java.base/jdk.internal.reflect.DelegatingMethodAccessorImpl.invoke(DelegatingMethodAccessorImpl.java:43)
at java.base/java.lang.reflect.Method.invoke(Method.java:568)
at org.testng.internal.invokers.MethodInvocationHelper.invokeMethod(MethodInvocationHelper.java:139)
at org.testng.internal.invokers.TestInvoker.invokeMethod(TestInvoker.java:677)
at org.testng.internal.invokers.TestInvoker.invokeTestMethod(TestInvoker.java:221)
at org.testng.internal.invokers.MethodRunner.runInSequence(MethodRunner.java:50)
at org.testng.internal.invokers.TestInvoker$MethodInvocationAgent.invoke(TestInvoker.java:962)
at org.testng.internal.invokers.TestInvoker.invokeTestMethods(TestInvoker.java:194)
at org.testng.internal.invokers.TestMethodWorker.invokeTestMethods(TestMethodWorker.java:148)
at org.testng.internal.invokers.TestMethodWorker.run(TestMethodWorker.java:128)
at java.base/java.util.concurrent.ThreadPoolExecutor.runWorker(ThreadPoolExecutor.java:1136)
at java.base/java.util.concurrent.ThreadPoolExecutor$Worker.run(ThreadPoolExecutor.java:635)
at java.base/java.lang.Thread.run(Thread.java:833)
]]>
    </failure>
  </testcase> <!-- verifycheckLogsTest -->
  <system-out>
    <![CDATA[User logged in successfully
configure button is clicked
Started configuring server url
Server URL field edited Successfully
Clean Up Requests Hours field edited Successfully
Verify button is clicked
System Settings saved
User logged in successfully
Clicked on audit logs tab
LOGOUT
CREATE
AUTHENTICATE]]>
  </system-out>
  <testcase classname="com.ae.qa.testcases.AuditLogsPageTest" name="validateLogsPageTest" time="38.615"/>
  <system-out>
    <![CDATA[User log in Successfully
Clicked on audit logs tab
Actual page title displayed on screen is: Audit Logs and Expected page title is: Audit Logs
Respective Page is clicked and appropriate page is loaded properly]]>
  </system-out>
</testsuite> <!-- com.ae.qa.testcases.AuditLogsPageTest -->
