<?xml version="1.0" encoding="UTF-8"?>
<!-- Generated by org.testng.reporters.JUnitXMLReporter -->
<testsuite ignored="0" hostname="aedbserver" failures="1" tests="3" name="AESanity" time="142.477" errors="0" timestamp="2023-04-18T18:40:02 IST">
  <testcase classname="com.ae.qa.testcasesActivityMonitor.InformationPageTestAM" name="validateLastLoginAMTest" time="45.441">
    <failure type="java.lang.AssertionError" message="User not created. expected [User created successfully] but found [The username [AMRani1] is taken. Please try another username]">
      <![CDATA[java.lang.AssertionError: User not created. expected [User created successfully] but found [The username [AMRani1] is taken. Please try another username]
at com.ae.qa.pagesTenantAdmin.TenantUsersPageTA.valiateCreatingTenantUser(TenantUsersPageTA.java:275)
at com.ae.qa.pages.ActivityMonitor.InformationPageAM.validateLastLoginAM(InformationPageAM.java:65)
at com.ae.qa.testcasesActivityMonitor.InformationPageTestAM.validateLastLoginAMTest(InformationPageTestAM.java:26)
at java.base/java.util.concurrent.ThreadPoolExecutor.runWorker(ThreadPoolExecutor.java:1136)
at java.base/java.util.concurrent.ThreadPoolExecutor$Worker.run(ThreadPoolExecutor.java:635)
at java.base/java.lang.Thread.run(Thread.java:833)
... Removed 17 stack frames]]>
    </failure>
  </testcase> <!-- validateLastLoginAMTest -->
  <testcase classname="com.ae.qa.testcasesActivityMonitor.InformationPageTestAM" name="validateViewProfileAMTest" time="44.234"/>
  <testcase classname="com.ae.qa.testcasesActivityMonitor.InformationPageTestAM" name="validateAboutTabAMTest" time="25.607"/>
</testsuite> <!-- AESanity -->
